CRITICAL - 2023-03-30 02:16:22 --> Undefined array key "nis"
in APPPATH\Views\form\bayar_spp.php on line 23.
 1 APPPATH\Views\form\bayar_spp.php(23): CodeIgniter\Debug\Exceptions->errorHandler(2, 'Undefined array key "nis"', 'APPPATH\\Views\\form\\bayar_spp.php', 23)
 2 SYSTEMPATH\View\View.php(213): include('APPPATH\\Views\\form\\bayar_spp.php')
 3 SYSTEMPATH\View\View.php(216): CodeIgniter\View\View->CodeIgniter\View\{closure}()
 4 SYSTEMPATH\Common.php(1135): CodeIgniter\View\View->render('/form/bayar_spp', [], true)
 5 APPPATH\Controllers\tunggakan.php(51): view('/form/bayar_spp', [...])
 6 SYSTEMPATH\CodeIgniter.php(898): App\Controllers\tunggakan->bayar_spp()
 7 SYSTEMPATH\CodeIgniter.php(468): CodeIgniter\CodeIgniter->runController(Object(App\Controllers\tunggakan))
 8 SYSTEMPATH\CodeIgniter.php(351): CodeIgniter\CodeIgniter->handleRequest(null, Object(Config\Cache), false)
 9 FCPATH\index.php(55): CodeIgniter\CodeIgniter->run()
10 SYSTEMPATH\Commands\Server\rewrite.php(43): require_once('FCPATH\\index.php')
CRITICAL - 2023-03-30 02:17:08 --> Undefined array key "nm_siswa"
in APPPATH\Views\form\bayar_spp.php on line 23.
 1 APPPATH\Views\form\bayar_spp.php(23): CodeIgniter\Debug\Exceptions->errorHandler(2, 'Undefined array key "nm_siswa"', 'APPPATH\\Views\\form\\bayar_spp.php', 23)
 2 SYSTEMPATH\View\View.php(213): include('APPPATH\\Views\\form\\bayar_spp.php')
 3 SYSTEMPATH\View\View.php(216): CodeIgniter\View\View->CodeIgniter\View\{closure}()
 4 SYSTEMPATH\Common.php(1135): CodeIgniter\View\View->render('/form/bayar_spp', [], true)
 5 APPPATH\Controllers\tunggakan.php(51): view('/form/bayar_spp', [...])
 6 SYSTEMPATH\CodeIgniter.php(898): App\Controllers\tunggakan->bayar_spp()
 7 SYSTEMPATH\CodeIgniter.php(468): CodeIgniter\CodeIgniter->runController(Object(App\Controllers\tunggakan))
 8 SYSTEMPATH\CodeIgniter.php(351): CodeIgniter\CodeIgniter->handleRequest(null, Object(Config\Cache), false)
 9 FCPATH\index.php(55): CodeIgniter\CodeIgniter->run()
10 SYSTEMPATH\Commands\Server\rewrite.php(43): require_once('FCPATH\\index.php')
CRITICAL - 2023-03-30 02:17:19 --> Undefined array key "nm_siswa"
in APPPATH\Views\form\bayar_spp.php on line 23.
 1 APPPATH\Views\form\bayar_spp.php(23): CodeIgniter\Debug\Exceptions->errorHandler(2, 'Undefined array key "nm_siswa"', 'APPPATH\\Views\\form\\bayar_spp.php', 23)
 2 SYSTEMPATH\View\View.php(213): include('APPPATH\\Views\\form\\bayar_spp.php')
 3 SYSTEMPATH\View\View.php(216): CodeIgniter\View\View->CodeIgniter\View\{closure}()
 4 SYSTEMPATH\Common.php(1135): CodeIgniter\View\View->render('/form/bayar_spp', [], true)
 5 APPPATH\Controllers\tunggakan.php(51): view('/form/bayar_spp', [...])
 6 SYSTEMPATH\CodeIgniter.php(898): App\Controllers\tunggakan->bayar_spp()
 7 SYSTEMPATH\CodeIgniter.php(468): CodeIgniter\CodeIgniter->runController(Object(App\Controllers\tunggakan))
 8 SYSTEMPATH\CodeIgniter.php(351): CodeIgniter\CodeIgniter->handleRequest(null, Object(Config\Cache), false)
 9 FCPATH\index.php(55): CodeIgniter\CodeIgniter->run()
10 SYSTEMPATH\Commands\Server\rewrite.php(43): require_once('FCPATH\\index.php')
CRITICAL - 2023-03-30 02:18:13 --> Undefined array key "nm_siswa"
in APPPATH\Views\form\bayar_spp.php on line 23.
 1 APPPATH\Views\form\bayar_spp.php(23): CodeIgniter\Debug\Exceptions->errorHandler(2, 'Undefined array key "nm_siswa"', 'APPPATH\\Views\\form\\bayar_spp.php', 23)
 2 SYSTEMPATH\View\View.php(213): include('APPPATH\\Views\\form\\bayar_spp.php')
 3 SYSTEMPATH\View\View.php(216): CodeIgniter\View\View->CodeIgniter\View\{closure}()
 4 SYSTEMPATH\Common.php(1135): CodeIgniter\View\View->render('/form/bayar_spp', [], true)
 5 APPPATH\Controllers\tunggakan.php(51): view('/form/bayar_spp', [...])
 6 SYSTEMPATH\CodeIgniter.php(898): App\Controllers\tunggakan->bayar_spp()
 7 SYSTEMPATH\CodeIgniter.php(468): CodeIgniter\CodeIgniter->runController(Object(App\Controllers\tunggakan))
 8 SYSTEMPATH\CodeIgniter.php(351): CodeIgniter\CodeIgniter->handleRequest(null, Object(Config\Cache), false)
 9 FCPATH\index.php(55): CodeIgniter\CodeIgniter->run()
10 SYSTEMPATH\Commands\Server\rewrite.php(43): require_once('FCPATH\\index.php')
CRITICAL - 2023-03-30 02:18:18 --> Undefined array key "nm_siswa"
in APPPATH\Views\form\bayar_spp.php on line 23.
 1 APPPATH\Views\form\bayar_spp.php(23): CodeIgniter\Debug\Exceptions->errorHandler(2, 'Undefined array key "nm_siswa"', 'APPPATH\\Views\\form\\bayar_spp.php', 23)
 2 SYSTEMPATH\View\View.php(213): include('APPPATH\\Views\\form\\bayar_spp.php')
 3 SYSTEMPATH\View\View.php(216): CodeIgniter\View\View->CodeIgniter\View\{closure}()
 4 SYSTEMPATH\Common.php(1135): CodeIgniter\View\View->render('/form/bayar_spp', [], true)
 5 APPPATH\Controllers\tunggakan.php(51): view('/form/bayar_spp', [...])
 6 SYSTEMPATH\CodeIgniter.php(898): App\Controllers\tunggakan->bayar_spp()
 7 SYSTEMPATH\CodeIgniter.php(468): CodeIgniter\CodeIgniter->runController(Object(App\Controllers\tunggakan))
 8 SYSTEMPATH\CodeIgniter.php(351): CodeIgniter\CodeIgniter->handleRequest(null, Object(Config\Cache), false)
 9 FCPATH\index.php(55): CodeIgniter\CodeIgniter->run()
10 SYSTEMPATH\Commands\Server\rewrite.php(43): require_once('FCPATH\\index.php')
CRITICAL - 2023-03-30 02:19:20 --> Undefined array key "nominal"
in APPPATH\Views\form\bayar_spp.php on line 23.
 1 APPPATH\Views\form\bayar_spp.php(23): CodeIgniter\Debug\Exceptions->errorHandler(2, 'Undefined array key "nominal"', 'APPPATH\\Views\\form\\bayar_spp.php', 23)
 2 SYSTEMPATH\View\View.php(213): include('APPPATH\\Views\\form\\bayar_spp.php')
 3 SYSTEMPATH\View\View.php(216): CodeIgniter\View\View->CodeIgniter\View\{closure}()
 4 SYSTEMPATH\Common.php(1135): CodeIgniter\View\View->render('/form/bayar_spp', [], true)
 5 APPPATH\Controllers\tunggakan.php(51): view('/form/bayar_spp', [...])
 6 SYSTEMPATH\CodeIgniter.php(898): App\Controllers\tunggakan->bayar_spp()
 7 SYSTEMPATH\CodeIgniter.php(468): CodeIgniter\CodeIgniter->runController(Object(App\Controllers\tunggakan))
 8 SYSTEMPATH\CodeIgniter.php(351): CodeIgniter\CodeIgniter->handleRequest(null, Object(Config\Cache), false)
 9 FCPATH\index.php(55): CodeIgniter\CodeIgniter->run()
10 SYSTEMPATH\Commands\Server\rewrite.php(43): require_once('FCPATH\\index.php')
CRITICAL - 2023-03-30 02:19:44 --> Undefined array key "nis"
in APPPATH\Views\form\bayar_spp.php on line 23.
 1 APPPATH\Views\form\bayar_spp.php(23): CodeIgniter\Debug\Exceptions->errorHandler(2, 'Undefined array key "nis"', 'APPPATH\\Views\\form\\bayar_spp.php', 23)
 2 SYSTEMPATH\View\View.php(213): include('APPPATH\\Views\\form\\bayar_spp.php')
 3 SYSTEMPATH\View\View.php(216): CodeIgniter\View\View->CodeIgniter\View\{closure}()
 4 SYSTEMPATH\Common.php(1135): CodeIgniter\View\View->render('/form/bayar_spp', [], true)
 5 APPPATH\Controllers\tunggakan.php(51): view('/form/bayar_spp', [...])
 6 SYSTEMPATH\CodeIgniter.php(898): App\Controllers\tunggakan->bayar_spp()
 7 SYSTEMPATH\CodeIgniter.php(468): CodeIgniter\CodeIgniter->runController(Object(App\Controllers\tunggakan))
 8 SYSTEMPATH\CodeIgniter.php(351): CodeIgniter\CodeIgniter->handleRequest(null, Object(Config\Cache), false)
 9 FCPATH\index.php(55): CodeIgniter\CodeIgniter->run()
10 SYSTEMPATH\Commands\Server\rewrite.php(43): require_once('FCPATH\\index.php')
CRITICAL - 2023-03-30 02:22:17 --> Call to undefined method App\Models\Tunggakan_Model::getPost
in SYSTEMPATH\Model.php on line 773.
 1 APPPATH\Controllers\tunggakan.php(50): CodeIgniter\Model->__call('getPost', [...])
 2 SYSTEMPATH\CodeIgniter.php(898): App\Controllers\tunggakan->bayar_spp()
 3 SYSTEMPATH\CodeIgniter.php(468): CodeIgniter\CodeIgniter->runController(Object(App\Controllers\tunggakan))
 4 SYSTEMPATH\CodeIgniter.php(351): CodeIgniter\CodeIgniter->handleRequest(null, Object(Config\Cache), false)
 5 FCPATH\index.php(55): CodeIgniter\CodeIgniter->run()
 6 SYSTEMPATH\Commands\Server\rewrite.php(43): require_once('FCPATH\\index.php')
CRITICAL - 2023-03-30 02:23:04 --> Call to a member function getPost() on null
in APPPATH\Controllers\tunggakan.php on line 50.
 1 SYSTEMPATH\CodeIgniter.php(898): App\Controllers\tunggakan->bayar_spp()
 2 SYSTEMPATH\CodeIgniter.php(468): CodeIgniter\CodeIgniter->runController(Object(App\Controllers\tunggakan))
 3 SYSTEMPATH\CodeIgniter.php(351): CodeIgniter\CodeIgniter->handleRequest(null, Object(Config\Cache), false)
 4 FCPATH\index.php(55): CodeIgniter\CodeIgniter->run()
 5 SYSTEMPATH\Commands\Server\rewrite.php(43): require_once('FCPATH\\index.php')
CRITICAL - 2023-03-30 02:23:56 --> Undefined property: CodeIgniter\HTTP\IncomingRequest::$Tunggakan_Model
in APPPATH\Controllers\tunggakan.php on line 50.
 1 APPPATH\Controllers\tunggakan.php(50): CodeIgniter\Debug\Exceptions->errorHandler(2, 'Undefined property: CodeIgniter\\HTTP\\IncomingRequest::$Tunggakan_Model', 'APPPATH\\Controllers\\tunggakan.php', 50)
 2 SYSTEMPATH\CodeIgniter.php(898): App\Controllers\tunggakan->bayar_spp()
 3 SYSTEMPATH\CodeIgniter.php(468): CodeIgniter\CodeIgniter->runController(Object(App\Controllers\tunggakan))
 4 SYSTEMPATH\CodeIgniter.php(351): CodeIgniter\CodeIgniter->handleRequest(null, Object(Config\Cache), false)
 5 FCPATH\index.php(55): CodeIgniter\CodeIgniter->run()
 6 SYSTEMPATH\Commands\Server\rewrite.php(43): require_once('FCPATH\\index.php')
CRITICAL - 2023-03-30 02:24:54 --> Undefined variable $nis
in APPPATH\Views\form\bayar_spp.php on line 23.
 1 APPPATH\Views\form\bayar_spp.php(23): CodeIgniter\Debug\Exceptions->errorHandler(2, 'Undefined variable $nis', 'APPPATH\\Views\\form\\bayar_spp.php', 23)
 2 SYSTEMPATH\View\View.php(213): include('APPPATH\\Views\\form\\bayar_spp.php')
 3 SYSTEMPATH\View\View.php(216): CodeIgniter\View\View->CodeIgniter\View\{closure}()
 4 SYSTEMPATH\Common.php(1135): CodeIgniter\View\View->render('/form/bayar_spp', [], true)
 5 APPPATH\Controllers\tunggakan.php(52): view('/form/bayar_spp', [...])
 6 SYSTEMPATH\CodeIgniter.php(898): App\Controllers\tunggakan->bayar_spp()
 7 SYSTEMPATH\CodeIgniter.php(468): CodeIgniter\CodeIgniter->runController(Object(App\Controllers\tunggakan))
 8 SYSTEMPATH\CodeIgniter.php(351): CodeIgniter\CodeIgniter->handleRequest(null, Object(Config\Cache), false)
 9 FCPATH\index.php(55): CodeIgniter\CodeIgniter->run()
10 SYSTEMPATH\Commands\Server\rewrite.php(43): require_once('FCPATH\\index.php')
CRITICAL - 2023-03-30 02:25:43 --> Undefined property: CodeIgniter\HTTP\IncomingRequest::$getPost
in APPPATH\Controllers\tunggakan.php on line 50.
 1 APPPATH\Controllers\tunggakan.php(50): CodeIgniter\Debug\Exceptions->errorHandler(2, 'Undefined property: CodeIgniter\\HTTP\\IncomingRequest::$getPost', 'APPPATH\\Controllers\\tunggakan.php', 50)
 2 SYSTEMPATH\CodeIgniter.php(898): App\Controllers\tunggakan->bayar_spp()
 3 SYSTEMPATH\CodeIgniter.php(468): CodeIgniter\CodeIgniter->runController(Object(App\Controllers\tunggakan))
 4 SYSTEMPATH\CodeIgniter.php(351): CodeIgniter\CodeIgniter->handleRequest(null, Object(Config\Cache), false)
 5 FCPATH\index.php(55): CodeIgniter\CodeIgniter->run()
 6 SYSTEMPATH\Commands\Server\rewrite.php(43): require_once('FCPATH\\index.php')
CRITICAL - 2023-03-30 02:26:41 --> Undefined property: CodeIgniter\HTTP\IncomingRequest::$Tunggakan_Model
in APPPATH\Controllers\tunggakan.php on line 50.
 1 APPPATH\Controllers\tunggakan.php(50): CodeIgniter\Debug\Exceptions->errorHandler(2, 'Undefined property: CodeIgniter\\HTTP\\IncomingRequest::$Tunggakan_Model', 'APPPATH\\Controllers\\tunggakan.php', 50)
 2 SYSTEMPATH\CodeIgniter.php(898): App\Controllers\tunggakan->bayar_spp()
 3 SYSTEMPATH\CodeIgniter.php(468): CodeIgniter\CodeIgniter->runController(Object(App\Controllers\tunggakan))
 4 SYSTEMPATH\CodeIgniter.php(351): CodeIgniter\CodeIgniter->handleRequest(null, Object(Config\Cache), false)
 5 FCPATH\index.php(55): CodeIgniter\CodeIgniter->run()
 6 SYSTEMPATH\Commands\Server\rewrite.php(43): require_once('FCPATH\\index.php')
CRITICAL - 2023-03-30 02:27:36 --> Undefined variable $nis
in APPPATH\Views\form\bayar_spp.php on line 23.
 1 APPPATH\Views\form\bayar_spp.php(23): CodeIgniter\Debug\Exceptions->errorHandler(2, 'Undefined variable $nis', 'APPPATH\\Views\\form\\bayar_spp.php', 23)
 2 SYSTEMPATH\View\View.php(213): include('APPPATH\\Views\\form\\bayar_spp.php')
 3 SYSTEMPATH\View\View.php(216): CodeIgniter\View\View->CodeIgniter\View\{closure}()
 4 SYSTEMPATH\Common.php(1135): CodeIgniter\View\View->render('/form/bayar_spp', [], true)
 5 APPPATH\Controllers\tunggakan.php(52): view('/form/bayar_spp', [...])
 6 SYSTEMPATH\CodeIgniter.php(898): App\Controllers\tunggakan->bayar_spp()
 7 SYSTEMPATH\CodeIgniter.php(468): CodeIgniter\CodeIgniter->runController(Object(App\Controllers\tunggakan))
 8 SYSTEMPATH\CodeIgniter.php(351): CodeIgniter\CodeIgniter->handleRequest(null, Object(Config\Cache), false)
 9 FCPATH\index.php(55): CodeIgniter\CodeIgniter->run()
10 SYSTEMPATH\Commands\Server\rewrite.php(43): require_once('FCPATH\\index.php')
ERROR - 2023-03-30 02:33:26 --> Cannot add or update a child row: a foreign key constraint fails (`sispp`.`tunggakan`, CONSTRAINT `tunggakan_ibfk_2` FOREIGN KEY (`id_kelas`) REFERENCES `kelas` (`id_kelas`) ON DELETE CASCADE ON UPDATE CASCADE)
CRITICAL - 2023-03-30 02:33:26 --> Cannot add or update a child row: a foreign key constraint fails (`sispp`.`tunggakan`, CONSTRAINT `tunggakan_ibfk_2` FOREIGN KEY (`id_kelas`) REFERENCES `kelas` (`id_kelas`) ON DELETE CASCADE ON UPDATE CASCADE)
in SYSTEMPATH\Database\MySQLi\Connection.php on line 292.
 1 SYSTEMPATH\Database\MySQLi\Connection.php(292): mysqli->query('INSERT INTO `tunggakan` (`tgl_bayar`) VALUES (\'23-03-30\')', 0)
 2 SYSTEMPATH\Database\BaseConnection.php(678): CodeIgniter\Database\MySQLi\Connection->execute('INSERT INTO `tunggakan` (`tgl_bayar`) VALUES (\'23-03-30\')')
 3 SYSTEMPATH\Database\BaseConnection.php(606): CodeIgniter\Database\BaseConnection->simpleQuery('INSERT INTO `tunggakan` (`tgl_bayar`) VALUES (\'23-03-30\')')
 4 SYSTEMPATH\Database\BaseBuilder.php(1904): CodeIgniter\Database\BaseConnection->query('INSERT INTO `tunggakan` (`tgl_bayar`) VALUES (:tgl_bayar:)', [...], false)
 5 SYSTEMPATH\Model.php(278): CodeIgniter\Database\BaseBuilder->insert()
 6 SYSTEMPATH\BaseModel.php(738): CodeIgniter\Model->doInsert([...])
 7 SYSTEMPATH\Model.php(666): CodeIgniter\BaseModel->insert([...], false)
 8 SYSTEMPATH\BaseModel.php(658): CodeIgniter\Model->insert([...], false)
 9 APPPATH\Controllers\tunggakan.php(42): CodeIgniter\BaseModel->save([...])
10 SYSTEMPATH\CodeIgniter.php(898): App\Controllers\tunggakan->save()
11 SYSTEMPATH\CodeIgniter.php(468): CodeIgniter\CodeIgniter->runController(Object(App\Controllers\tunggakan))
12 SYSTEMPATH\CodeIgniter.php(351): CodeIgniter\CodeIgniter->handleRequest(null, Object(Config\Cache), false)
13 FCPATH\index.php(55): CodeIgniter\CodeIgniter->run()
14 SYSTEMPATH\Commands\Server\rewrite.php(43): require_once('FCPATH\\index.php')
ERROR - 2023-03-30 02:34:19 --> Cannot add or update a child row: a foreign key constraint fails (`sispp`.`tunggakan`, CONSTRAINT `tunggakan_ibfk_3` FOREIGN KEY (`id_spp`) REFERENCES `spp` (`id_spp`) ON DELETE CASCADE ON UPDATE CASCADE)
CRITICAL - 2023-03-30 02:34:19 --> Cannot add or update a child row: a foreign key constraint fails (`sispp`.`tunggakan`, CONSTRAINT `tunggakan_ibfk_3` FOREIGN KEY (`id_spp`) REFERENCES `spp` (`id_spp`) ON DELETE CASCADE ON UPDATE CASCADE)
in SYSTEMPATH\Database\MySQLi\Connection.php on line 292.
 1 SYSTEMPATH\Database\MySQLi\Connection.php(292): mysqli->query('INSERT INTO `tunggakan` (`tgl_bayar`) VALUES (\'23-03-30\')', 0)
 2 SYSTEMPATH\Database\BaseConnection.php(678): CodeIgniter\Database\MySQLi\Connection->execute('INSERT INTO `tunggakan` (`tgl_bayar`) VALUES (\'23-03-30\')')
 3 SYSTEMPATH\Database\BaseConnection.php(606): CodeIgniter\Database\BaseConnection->simpleQuery('INSERT INTO `tunggakan` (`tgl_bayar`) VALUES (\'23-03-30\')')
 4 SYSTEMPATH\Database\BaseBuilder.php(1904): CodeIgniter\Database\BaseConnection->query('INSERT INTO `tunggakan` (`tgl_bayar`) VALUES (:tgl_bayar:)', [...], false)
 5 SYSTEMPATH\Model.php(278): CodeIgniter\Database\BaseBuilder->insert()
 6 SYSTEMPATH\BaseModel.php(738): CodeIgniter\Model->doInsert([...])
 7 SYSTEMPATH\Model.php(666): CodeIgniter\BaseModel->insert([...], false)
 8 SYSTEMPATH\BaseModel.php(658): CodeIgniter\Model->insert([...], false)
 9 APPPATH\Controllers\tunggakan.php(42): CodeIgniter\BaseModel->save([...])
10 SYSTEMPATH\CodeIgniter.php(898): App\Controllers\tunggakan->save()
11 SYSTEMPATH\CodeIgniter.php(468): CodeIgniter\CodeIgniter->runController(Object(App\Controllers\tunggakan))
12 SYSTEMPATH\CodeIgniter.php(351): CodeIgniter\CodeIgniter->handleRequest(null, Object(Config\Cache), false)
13 FCPATH\index.php(55): CodeIgniter\CodeIgniter->run()
14 SYSTEMPATH\Commands\Server\rewrite.php(43): require_once('FCPATH\\index.php')
CRITICAL - 2023-03-30 02:36:43 --> Undefined array key "id_tunggakan"
in APPPATH\Views\form\bayar_spp.php on line 68.
 1 APPPATH\Views\form\bayar_spp.php(68): CodeIgniter\Debug\Exceptions->errorHandler(2, 'Undefined array key "id_tunggakan"', 'APPPATH\\Views\\form\\bayar_spp.php', 68)
 2 SYSTEMPATH\View\View.php(213): include('APPPATH\\Views\\form\\bayar_spp.php')
 3 SYSTEMPATH\View\View.php(216): CodeIgniter\View\View->CodeIgniter\View\{closure}()
 4 SYSTEMPATH\Common.php(1135): CodeIgniter\View\View->render('/form/bayar_spp', [], true)
 5 APPPATH\Controllers\tunggakan.php(54): view('/form/bayar_spp', [...])
 6 SYSTEMPATH\CodeIgniter.php(898): App\Controllers\tunggakan->bayar_spp()
 7 SYSTEMPATH\CodeIgniter.php(468): CodeIgniter\CodeIgniter->runController(Object(App\Controllers\tunggakan))
 8 SYSTEMPATH\CodeIgniter.php(351): CodeIgniter\CodeIgniter->handleRequest(null, Object(Config\Cache), false)
 9 FCPATH\index.php(55): CodeIgniter\CodeIgniter->run()
10 SYSTEMPATH\Commands\Server\rewrite.php(43): require_once('FCPATH\\index.php')
ERROR - 2023-03-30 02:37:09 --> Unknown column 'tunggakan.id' in 'where clause'
CRITICAL - 2023-03-30 02:37:09 --> Unknown column 'tunggakan.id' in 'where clause'
in SYSTEMPATH\Database\MySQLi\Connection.php on line 292.
 1 SYSTEMPATH\Database\MySQLi\Connection.php(292): mysqli->query('UPDATE `tunggakan` SET `tgl_bayar` = \'23-03-30\'
WHERE `tunggakan`.`id` IN (\'13\')', 0)
 2 SYSTEMPATH\Database\BaseConnection.php(678): CodeIgniter\Database\MySQLi\Connection->execute('UPDATE `tunggakan` SET `tgl_bayar` = \'23-03-30\'
WHERE `tunggakan`.`id` IN (\'13\')')
 3 SYSTEMPATH\Database\BaseConnection.php(606): CodeIgniter\Database\BaseConnection->simpleQuery('UPDATE `tunggakan` SET `tgl_bayar` = \'23-03-30\'
WHERE `tunggakan`.`id` IN (\'13\')')
 4 SYSTEMPATH\Database\BaseBuilder.php(2046): CodeIgniter\Database\BaseConnection->query('UPDATE `tunggakan` SET `tgl_bayar` = :tgl_bayar:
WHERE `tunggakan`.`id` IN :tunggakan.id:', [...], false)
 5 SYSTEMPATH\Model.php(337): CodeIgniter\Database\BaseBuilder->update()
 6 SYSTEMPATH\BaseModel.php(865): CodeIgniter\Model->doUpdate([...], [...])
 7 SYSTEMPATH\Model.php(692): CodeIgniter\BaseModel->update([...], [...])
 8 APPPATH\Controllers\tunggakan.php(42): CodeIgniter\Model->update('13', [...])
 9 SYSTEMPATH\CodeIgniter.php(898): App\Controllers\tunggakan->save('13')
10 SYSTEMPATH\CodeIgniter.php(468): CodeIgniter\CodeIgniter->runController(Object(App\Controllers\tunggakan))
11 SYSTEMPATH\CodeIgniter.php(351): CodeIgniter\CodeIgniter->handleRequest(null, Object(Config\Cache), false)
12 FCPATH\index.php(55): CodeIgniter\CodeIgniter->run()
13 SYSTEMPATH\Commands\Server\rewrite.php(43): require_once('FCPATH\\index.php')
ERROR - 2023-03-30 02:37:47 --> Unknown column 'tunggakan.id' in 'where clause'
CRITICAL - 2023-03-30 02:37:47 --> Unknown column 'tunggakan.id' in 'where clause'
in SYSTEMPATH\Database\MySQLi\Connection.php on line 292.
 1 SYSTEMPATH\Database\MySQLi\Connection.php(292): mysqli->query('UPDATE `tunggakan` SET `tgl_bayar` = \'23-03-30\'
WHERE `tunggakan`.`id` IN (\'13\')', 0)
 2 SYSTEMPATH\Database\BaseConnection.php(678): CodeIgniter\Database\MySQLi\Connection->execute('UPDATE `tunggakan` SET `tgl_bayar` = \'23-03-30\'
WHERE `tunggakan`.`id` IN (\'13\')')
 3 SYSTEMPATH\Database\BaseConnection.php(606): CodeIgniter\Database\BaseConnection->simpleQuery('UPDATE `tunggakan` SET `tgl_bayar` = \'23-03-30\'
WHERE `tunggakan`.`id` IN (\'13\')')
 4 SYSTEMPATH\Database\BaseBuilder.php(2046): CodeIgniter\Database\BaseConnection->query('UPDATE `tunggakan` SET `tgl_bayar` = :tgl_bayar:
WHERE `tunggakan`.`id` IN :tunggakan.id:', [...], false)
 5 SYSTEMPATH\Model.php(337): CodeIgniter\Database\BaseBuilder->update()
 6 SYSTEMPATH\BaseModel.php(865): CodeIgniter\Model->doUpdate([...], [...])
 7 SYSTEMPATH\Model.php(692): CodeIgniter\BaseModel->update([...], [...])
 8 APPPATH\Controllers\tunggakan.php(42): CodeIgniter\Model->update('13', [...])
 9 SYSTEMPATH\CodeIgniter.php(898): App\Controllers\tunggakan->save('13')
10 SYSTEMPATH\CodeIgniter.php(468): CodeIgniter\CodeIgniter->runController(Object(App\Controllers\tunggakan))
11 SYSTEMPATH\CodeIgniter.php(351): CodeIgniter\CodeIgniter->handleRequest(null, Object(Config\Cache), false)
12 FCPATH\index.php(55): CodeIgniter\CodeIgniter->run()
13 SYSTEMPATH\Commands\Server\rewrite.php(43): require_once('FCPATH\\index.php')
CRITICAL - 2023-03-30 02:38:12 --> CodeIgniter\BaseModel::transformDataToArray(): Return value must be of type array, string returned
in SYSTEMPATH\BaseModel.php on line 1598.
 1 SYSTEMPATH\BaseModel.php(704): CodeIgniter\BaseModel->transformDataToArray('13', 'insert')
 2 SYSTEMPATH\Model.php(666): CodeIgniter\BaseModel->insert('13', false)
 3 SYSTEMPATH\BaseModel.php(658): CodeIgniter\Model->insert('13', false)
 4 APPPATH\Controllers\tunggakan.php(42): CodeIgniter\BaseModel->save('13', [...])
 5 SYSTEMPATH\CodeIgniter.php(898): App\Controllers\tunggakan->save('13')
 6 SYSTEMPATH\CodeIgniter.php(468): CodeIgniter\CodeIgniter->runController(Object(App\Controllers\tunggakan))
 7 SYSTEMPATH\CodeIgniter.php(351): CodeIgniter\CodeIgniter->handleRequest(null, Object(Config\Cache), false)
 8 FCPATH\index.php(55): CodeIgniter\CodeIgniter->run()
 9 SYSTEMPATH\Commands\Server\rewrite.php(43): require_once('FCPATH\\index.php')
CRITICAL - 2023-03-30 02:38:37 --> CodeIgniter\BaseModel::transformDataToArray(): Return value must be of type array, string returned
in SYSTEMPATH\BaseModel.php on line 1598.
 1 SYSTEMPATH\BaseModel.php(704): CodeIgniter\BaseModel->transformDataToArray('13', 'insert')
 2 SYSTEMPATH\Model.php(666): CodeIgniter\BaseModel->insert('13', false)
 3 SYSTEMPATH\BaseModel.php(658): CodeIgniter\Model->insert('13', false)
 4 APPPATH\Controllers\tunggakan.php(42): CodeIgniter\BaseModel->save('13', [...])
 5 SYSTEMPATH\CodeIgniter.php(898): App\Controllers\tunggakan->save('13')
 6 SYSTEMPATH\CodeIgniter.php(468): CodeIgniter\CodeIgniter->runController(Object(App\Controllers\tunggakan))
 7 SYSTEMPATH\CodeIgniter.php(351): CodeIgniter\CodeIgniter->handleRequest(null, Object(Config\Cache), false)
 8 FCPATH\index.php(55): CodeIgniter\CodeIgniter->run()
 9 SYSTEMPATH\Commands\Server\rewrite.php(43): require_once('FCPATH\\index.php')
CRITICAL - 2023-03-30 02:39:17 --> CodeIgniter\BaseModel::transformDataToArray(): Return value must be of type array, string returned
in SYSTEMPATH\BaseModel.php on line 1598.
 1 SYSTEMPATH\BaseModel.php(704): CodeIgniter\BaseModel->transformDataToArray('13', 'insert')
 2 SYSTEMPATH\Model.php(666): CodeIgniter\BaseModel->insert('13', false)
 3 SYSTEMPATH\BaseModel.php(658): CodeIgniter\Model->insert('13', false)
 4 APPPATH\Controllers\tunggakan.php(39): CodeIgniter\BaseModel->save('13', [...])
 5 SYSTEMPATH\CodeIgniter.php(898): App\Controllers\tunggakan->save('13')
 6 SYSTEMPATH\CodeIgniter.php(468): CodeIgniter\CodeIgniter->runController(Object(App\Controllers\tunggakan))
 7 SYSTEMPATH\CodeIgniter.php(351): CodeIgniter\CodeIgniter->handleRequest(null, Object(Config\Cache), false)
 8 FCPATH\index.php(55): CodeIgniter\CodeIgniter->run()
 9 SYSTEMPATH\Commands\Server\rewrite.php(43): require_once('FCPATH\\index.php')
CRITICAL - 2023-03-30 02:39:28 --> CodeIgniter\BaseModel::transformDataToArray(): Return value must be of type array, string returned
in SYSTEMPATH\BaseModel.php on line 1598.
 1 SYSTEMPATH\BaseModel.php(704): CodeIgniter\BaseModel->transformDataToArray('13', 'insert')
 2 SYSTEMPATH\Model.php(666): CodeIgniter\BaseModel->insert('13', false)
 3 SYSTEMPATH\BaseModel.php(658): CodeIgniter\Model->insert('13', false)
 4 APPPATH\Controllers\tunggakan.php(39): CodeIgniter\BaseModel->save('13', [...])
 5 SYSTEMPATH\CodeIgniter.php(898): App\Controllers\tunggakan->save('13')
 6 SYSTEMPATH\CodeIgniter.php(468): CodeIgniter\CodeIgniter->runController(Object(App\Controllers\tunggakan))
 7 SYSTEMPATH\CodeIgniter.php(351): CodeIgniter\CodeIgniter->handleRequest(null, Object(Config\Cache), false)
 8 FCPATH\index.php(55): CodeIgniter\CodeIgniter->run()
 9 SYSTEMPATH\Commands\Server\rewrite.php(43): require_once('FCPATH\\index.php')
CRITICAL - 2023-03-30 02:39:49 --> CodeIgniter\BaseModel::transformDataToArray(): Return value must be of type array, string returned
in SYSTEMPATH\BaseModel.php on line 1598.
 1 SYSTEMPATH\BaseModel.php(704): CodeIgniter\BaseModel->transformDataToArray('13', 'insert')
 2 SYSTEMPATH\Model.php(666): CodeIgniter\BaseModel->insert('13', false)
 3 SYSTEMPATH\BaseModel.php(658): CodeIgniter\Model->insert('13', false)
 4 APPPATH\Controllers\tunggakan.php(39): CodeIgniter\BaseModel->save('13', [...])
 5 SYSTEMPATH\CodeIgniter.php(898): App\Controllers\tunggakan->save('13')
 6 SYSTEMPATH\CodeIgniter.php(468): CodeIgniter\CodeIgniter->runController(Object(App\Controllers\tunggakan))
 7 SYSTEMPATH\CodeIgniter.php(351): CodeIgniter\CodeIgniter->handleRequest(null, Object(Config\Cache), false)
 8 FCPATH\index.php(55): CodeIgniter\CodeIgniter->run()
 9 SYSTEMPATH\Commands\Server\rewrite.php(43): require_once('FCPATH\\index.php')
CRITICAL - 2023-03-30 02:42:00 --> CodeIgniter\BaseModel::transformDataToArray(): Return value must be of type array, string returned
in SYSTEMPATH\BaseModel.php on line 1598.
 1 SYSTEMPATH\BaseModel.php(704): CodeIgniter\BaseModel->transformDataToArray('13', 'insert')
 2 SYSTEMPATH\Model.php(666): CodeIgniter\BaseModel->insert('13', false)
 3 SYSTEMPATH\BaseModel.php(658): CodeIgniter\Model->insert('13', false)
 4 APPPATH\Controllers\tunggakan.php(42): CodeIgniter\BaseModel->save('13', [...])
 5 SYSTEMPATH\CodeIgniter.php(898): App\Controllers\tunggakan->save('13')
 6 SYSTEMPATH\CodeIgniter.php(468): CodeIgniter\CodeIgniter->runController(Object(App\Controllers\tunggakan))
 7 SYSTEMPATH\CodeIgniter.php(351): CodeIgniter\CodeIgniter->handleRequest(null, Object(Config\Cache), false)
 8 FCPATH\index.php(55): CodeIgniter\CodeIgniter->run()
 9 SYSTEMPATH\Commands\Server\rewrite.php(43): require_once('FCPATH\\index.php')
CRITICAL - 2023-03-30 02:42:18 --> CodeIgniter\BaseModel::transformDataToArray(): Return value must be of type array, string returned
in SYSTEMPATH\BaseModel.php on line 1598.
 1 SYSTEMPATH\BaseModel.php(704): CodeIgniter\BaseModel->transformDataToArray('13', 'insert')
 2 SYSTEMPATH\Model.php(666): CodeIgniter\BaseModel->insert('13', false)
 3 SYSTEMPATH\BaseModel.php(658): CodeIgniter\Model->insert('13', false)
 4 APPPATH\Controllers\tunggakan.php(42): CodeIgniter\BaseModel->save('13', [...])
 5 SYSTEMPATH\CodeIgniter.php(898): App\Controllers\tunggakan->save('13')
 6 SYSTEMPATH\CodeIgniter.php(468): CodeIgniter\CodeIgniter->runController(Object(App\Controllers\tunggakan))
 7 SYSTEMPATH\CodeIgniter.php(351): CodeIgniter\CodeIgniter->handleRequest(null, Object(Config\Cache), false)
 8 FCPATH\index.php(55): CodeIgniter\CodeIgniter->run()
 9 SYSTEMPATH\Commands\Server\rewrite.php(43): require_once('FCPATH\\index.php')
CRITICAL - 2023-03-30 02:43:34 --> CodeIgniter\BaseModel::transformDataToArray(): Return value must be of type array, string returned
in SYSTEMPATH\BaseModel.php on line 1598.
 1 SYSTEMPATH\BaseModel.php(704): CodeIgniter\BaseModel->transformDataToArray('13', 'insert')
 2 SYSTEMPATH\Model.php(666): CodeIgniter\BaseModel->insert('13', false)
 3 SYSTEMPATH\BaseModel.php(658): CodeIgniter\Model->insert('13', false)
 4 APPPATH\Controllers\tunggakan.php(39): CodeIgniter\BaseModel->save('13', [...])
 5 SYSTEMPATH\CodeIgniter.php(898): App\Controllers\tunggakan->save('13')
 6 SYSTEMPATH\CodeIgniter.php(468): CodeIgniter\CodeIgniter->runController(Object(App\Controllers\tunggakan))
 7 SYSTEMPATH\CodeIgniter.php(351): CodeIgniter\CodeIgniter->handleRequest(null, Object(Config\Cache), false)
 8 FCPATH\index.php(55): CodeIgniter\CodeIgniter->run()
 9 SYSTEMPATH\Commands\Server\rewrite.php(43): require_once('FCPATH\\index.php')
CRITICAL - 2023-03-30 02:43:51 --> CodeIgniter\BaseModel::transformDataToArray(): Return value must be of type array, string returned
in SYSTEMPATH\BaseModel.php on line 1598.
 1 SYSTEMPATH\BaseModel.php(704): CodeIgniter\BaseModel->transformDataToArray('24', 'insert')
 2 SYSTEMPATH\Model.php(666): CodeIgniter\BaseModel->insert('24', false)
 3 SYSTEMPATH\BaseModel.php(658): CodeIgniter\Model->insert('24', false)
 4 APPPATH\Controllers\tunggakan.php(39): CodeIgniter\BaseModel->save('24', [...])
 5 SYSTEMPATH\CodeIgniter.php(898): App\Controllers\tunggakan->save('24')
 6 SYSTEMPATH\CodeIgniter.php(468): CodeIgniter\CodeIgniter->runController(Object(App\Controllers\tunggakan))
 7 SYSTEMPATH\CodeIgniter.php(351): CodeIgniter\CodeIgniter->handleRequest(null, Object(Config\Cache), false)
 8 FCPATH\index.php(55): CodeIgniter\CodeIgniter->run()
 9 SYSTEMPATH\Commands\Server\rewrite.php(43): require_once('FCPATH\\index.php')
ERROR - 2023-03-30 02:44:23 --> Unknown column 'tunggakan.id' in 'where clause'
CRITICAL - 2023-03-30 02:44:23 --> Unknown column 'tunggakan.id' in 'where clause'
in SYSTEMPATH\Database\MySQLi\Connection.php on line 292.
 1 SYSTEMPATH\Database\MySQLi\Connection.php(292): mysqli->query('UPDATE `tunggakan` SET `tgl_bayar` = \'23-03-30\'
WHERE `tunggakan`.`id` IN (\'24\')', 0)
 2 SYSTEMPATH\Database\BaseConnection.php(678): CodeIgniter\Database\MySQLi\Connection->execute('UPDATE `tunggakan` SET `tgl_bayar` = \'23-03-30\'
WHERE `tunggakan`.`id` IN (\'24\')')
 3 SYSTEMPATH\Database\BaseConnection.php(606): CodeIgniter\Database\BaseConnection->simpleQuery('UPDATE `tunggakan` SET `tgl_bayar` = \'23-03-30\'
WHERE `tunggakan`.`id` IN (\'24\')')
 4 SYSTEMPATH\Database\BaseBuilder.php(2046): CodeIgniter\Database\BaseConnection->query('UPDATE `tunggakan` SET `tgl_bayar` = :tgl_bayar:
WHERE `tunggakan`.`id` IN :tunggakan.id:', [...], false)
 5 SYSTEMPATH\Model.php(337): CodeIgniter\Database\BaseBuilder->update()
 6 SYSTEMPATH\BaseModel.php(865): CodeIgniter\Model->doUpdate([...], [...])
 7 SYSTEMPATH\Model.php(692): CodeIgniter\BaseModel->update([...], [...])
 8 APPPATH\Controllers\tunggakan.php(39): CodeIgniter\Model->update('24', [...])
 9 SYSTEMPATH\CodeIgniter.php(898): App\Controllers\tunggakan->save('24')
10 SYSTEMPATH\CodeIgniter.php(468): CodeIgniter\CodeIgniter->runController(Object(App\Controllers\tunggakan))
11 SYSTEMPATH\CodeIgniter.php(351): CodeIgniter\CodeIgniter->handleRequest(null, Object(Config\Cache), false)
12 FCPATH\index.php(55): CodeIgniter\CodeIgniter->run()
13 SYSTEMPATH\Commands\Server\rewrite.php(43): require_once('FCPATH\\index.php')
CRITICAL - 2023-03-30 03:01:02 --> Undefined variable $keyword
in APPPATH\Views\content\bayar.php on line 12.
 1 APPPATH\Views\content\bayar.php(12): CodeIgniter\Debug\Exceptions->errorHandler(2, 'Undefined variable $keyword', 'APPPATH\\Views\\content\\bayar.php', 12)
 2 SYSTEMPATH\View\View.php(213): include('APPPATH\\Views\\content\\bayar.php')
 3 SYSTEMPATH\View\View.php(216): CodeIgniter\View\View->CodeIgniter\View\{closure}()
 4 SYSTEMPATH\Common.php(1135): CodeIgniter\View\View->render('content/bayar', [], true)
 5 APPPATH\Controllers\bayar.php(26): view('content/bayar', [...])
 6 SYSTEMPATH\CodeIgniter.php(898): App\Controllers\bayar->index()
 7 SYSTEMPATH\CodeIgniter.php(468): CodeIgniter\CodeIgniter->runController(Object(App\Controllers\bayar))
 8 SYSTEMPATH\CodeIgniter.php(351): CodeIgniter\CodeIgniter->handleRequest(null, Object(Config\Cache), false)
 9 FCPATH\index.php(55): CodeIgniter\CodeIgniter->run()
10 SYSTEMPATH\Commands\Server\rewrite.php(43): require_once('FCPATH\\index.php')
CRITICAL - 2023-03-30 03:04:28 --> Undefined array key "nis"
in APPPATH\Views\form\bayar_spp.php on line 23.
 1 APPPATH\Views\form\bayar_spp.php(23): CodeIgniter\Debug\Exceptions->errorHandler(2, 'Undefined array key "nis"', 'APPPATH\\Views\\form\\bayar_spp.php', 23)
 2 SYSTEMPATH\View\View.php(213): include('APPPATH\\Views\\form\\bayar_spp.php')
 3 SYSTEMPATH\View\View.php(216): CodeIgniter\View\View->CodeIgniter\View\{closure}()
 4 SYSTEMPATH\Common.php(1135): CodeIgniter\View\View->render('/form/bayar_spp', [], true)
 5 APPPATH\Controllers\tunggakan.php(45): view('/form/bayar_spp', [...])
 6 SYSTEMPATH\CodeIgniter.php(898): App\Controllers\tunggakan->bayar_spp()
 7 SYSTEMPATH\CodeIgniter.php(468): CodeIgniter\CodeIgniter->runController(Object(App\Controllers\tunggakan))
 8 SYSTEMPATH\CodeIgniter.php(351): CodeIgniter\CodeIgniter->handleRequest(null, Object(Config\Cache), false)
 9 FCPATH\index.php(55): CodeIgniter\CodeIgniter->run()
10 SYSTEMPATH\Commands\Server\rewrite.php(43): require_once('FCPATH\\index.php')
CRITICAL - 2023-03-30 03:05:13 --> Undefined variable $Beasiswa
in APPPATH\Views\content\bayar.php on line 58.
 1 APPPATH\Views\content\bayar.php(58): CodeIgniter\Debug\Exceptions->errorHandler(2, 'Undefined variable $Beasiswa', 'APPPATH\\Views\\content\\bayar.php', 58)
 2 SYSTEMPATH\View\View.php(213): include('APPPATH\\Views\\content\\bayar.php')
 3 SYSTEMPATH\View\View.php(216): CodeIgniter\View\View->CodeIgniter\View\{closure}()
 4 SYSTEMPATH\Common.php(1135): CodeIgniter\View\View->render('content/bayar', [], true)
 5 APPPATH\Controllers\bayar.php(26): view('content/bayar', [...])
 6 SYSTEMPATH\CodeIgniter.php(898): App\Controllers\bayar->index()
 7 SYSTEMPATH\CodeIgniter.php(468): CodeIgniter\CodeIgniter->runController(Object(App\Controllers\bayar))
 8 SYSTEMPATH\CodeIgniter.php(351): CodeIgniter\CodeIgniter->handleRequest(null, Object(Config\Cache), false)
 9 FCPATH\index.php(55): CodeIgniter\CodeIgniter->run()
10 SYSTEMPATH\Commands\Server\rewrite.php(43): require_once('FCPATH\\index.php')
CRITICAL - 2023-03-30 03:05:35 --> Undefined variable $Beasiswa
in APPPATH\Views\content\bayar.php on line 58.
 1 APPPATH\Views\content\bayar.php(58): CodeIgniter\Debug\Exceptions->errorHandler(2, 'Undefined variable $Beasiswa', 'APPPATH\\Views\\content\\bayar.php', 58)
 2 SYSTEMPATH\View\View.php(213): include('APPPATH\\Views\\content\\bayar.php')
 3 SYSTEMPATH\View\View.php(216): CodeIgniter\View\View->CodeIgniter\View\{closure}()
 4 SYSTEMPATH\Common.php(1135): CodeIgniter\View\View->render('content/bayar', [], true)
 5 APPPATH\Controllers\bayar.php(26): view('content/bayar', [...])
 6 SYSTEMPATH\CodeIgniter.php(898): App\Controllers\bayar->index()
 7 SYSTEMPATH\CodeIgniter.php(468): CodeIgniter\CodeIgniter->runController(Object(App\Controllers\bayar))
 8 SYSTEMPATH\CodeIgniter.php(351): CodeIgniter\CodeIgniter->handleRequest(null, Object(Config\Cache), false)
 9 FCPATH\index.php(55): CodeIgniter\CodeIgniter->run()
10 SYSTEMPATH\Commands\Server\rewrite.php(43): require_once('FCPATH\\index.php')
CRITICAL - 2023-03-30 03:05:37 --> Undefined variable $Beasiswa
in APPPATH\Views\content\bayar.php on line 58.
 1 APPPATH\Views\content\bayar.php(58): CodeIgniter\Debug\Exceptions->errorHandler(2, 'Undefined variable $Beasiswa', 'APPPATH\\Views\\content\\bayar.php', 58)
 2 SYSTEMPATH\View\View.php(213): include('APPPATH\\Views\\content\\bayar.php')
 3 SYSTEMPATH\View\View.php(216): CodeIgniter\View\View->CodeIgniter\View\{closure}()
 4 SYSTEMPATH\Common.php(1135): CodeIgniter\View\View->render('content/bayar', [], true)
 5 APPPATH\Controllers\bayar.php(26): view('content/bayar', [...])
 6 SYSTEMPATH\CodeIgniter.php(898): App\Controllers\bayar->index()
 7 SYSTEMPATH\CodeIgniter.php(468): CodeIgniter\CodeIgniter->runController(Object(App\Controllers\bayar))
 8 SYSTEMPATH\CodeIgniter.php(351): CodeIgniter\CodeIgniter->handleRequest(null, Object(Config\Cache), false)
 9 FCPATH\index.php(55): CodeIgniter\CodeIgniter->run()
10 SYSTEMPATH\Commands\Server\rewrite.php(43): require_once('FCPATH\\index.php')
CRITICAL - 2023-03-30 03:05:44 --> Undefined variable $Beasiswa
in APPPATH\Views\content\bayar.php on line 58.
 1 APPPATH\Views\content\bayar.php(58): CodeIgniter\Debug\Exceptions->errorHandler(2, 'Undefined variable $Beasiswa', 'APPPATH\\Views\\content\\bayar.php', 58)
 2 SYSTEMPATH\View\View.php(213): include('APPPATH\\Views\\content\\bayar.php')
 3 SYSTEMPATH\View\View.php(216): CodeIgniter\View\View->CodeIgniter\View\{closure}()
 4 SYSTEMPATH\Common.php(1135): CodeIgniter\View\View->render('content/bayar', [], true)
 5 APPPATH\Controllers\bayar.php(26): view('content/bayar', [...])
 6 SYSTEMPATH\CodeIgniter.php(898): App\Controllers\bayar->index()
 7 SYSTEMPATH\CodeIgniter.php(468): CodeIgniter\CodeIgniter->runController(Object(App\Controllers\bayar))
 8 SYSTEMPATH\CodeIgniter.php(351): CodeIgniter\CodeIgniter->handleRequest(null, Object(Config\Cache), false)
 9 FCPATH\index.php(55): CodeIgniter\CodeIgniter->run()
10 SYSTEMPATH\Commands\Server\rewrite.php(43): require_once('FCPATH\\index.php')
CRITICAL - 2023-03-30 03:06:10 --> Undefined variable $Beasiswa
in APPPATH\Views\content\bayar.php on line 58.
 1 APPPATH\Views\content\bayar.php(58): CodeIgniter\Debug\Exceptions->errorHandler(2, 'Undefined variable $Beasiswa', 'APPPATH\\Views\\content\\bayar.php', 58)
 2 SYSTEMPATH\View\View.php(213): include('APPPATH\\Views\\content\\bayar.php')
 3 SYSTEMPATH\View\View.php(216): CodeIgniter\View\View->CodeIgniter\View\{closure}()
 4 SYSTEMPATH\Common.php(1135): CodeIgniter\View\View->render('content/bayar', [], true)
 5 APPPATH\Controllers\bayar.php(26): view('content/bayar', [...])
 6 SYSTEMPATH\CodeIgniter.php(898): App\Controllers\bayar->index()
 7 SYSTEMPATH\CodeIgniter.php(468): CodeIgniter\CodeIgniter->runController(Object(App\Controllers\bayar))
 8 SYSTEMPATH\CodeIgniter.php(351): CodeIgniter\CodeIgniter->handleRequest(null, Object(Config\Cache), false)
 9 FCPATH\index.php(55): CodeIgniter\CodeIgniter->run()
10 SYSTEMPATH\Commands\Server\rewrite.php(43): require_once('FCPATH\\index.php')
CRITICAL - 2023-03-30 03:06:21 --> Undefined variable $Beasiswa
in APPPATH\Views\content\bayar.php on line 58.
 1 APPPATH\Views\content\bayar.php(58): CodeIgniter\Debug\Exceptions->errorHandler(2, 'Undefined variable $Beasiswa', 'APPPATH\\Views\\content\\bayar.php', 58)
 2 SYSTEMPATH\View\View.php(213): include('APPPATH\\Views\\content\\bayar.php')
 3 SYSTEMPATH\View\View.php(216): CodeIgniter\View\View->CodeIgniter\View\{closure}()
 4 SYSTEMPATH\Common.php(1135): CodeIgniter\View\View->render('content/bayar', [], true)
 5 APPPATH\Controllers\bayar.php(26): view('content/bayar', [...])
 6 SYSTEMPATH\CodeIgniter.php(898): App\Controllers\bayar->index()
 7 SYSTEMPATH\CodeIgniter.php(468): CodeIgniter\CodeIgniter->runController(Object(App\Controllers\bayar))
 8 SYSTEMPATH\CodeIgniter.php(351): CodeIgniter\CodeIgniter->handleRequest(null, Object(Config\Cache), false)
 9 FCPATH\index.php(55): CodeIgniter\CodeIgniter->run()
10 SYSTEMPATH\Commands\Server\rewrite.php(43): require_once('FCPATH\\index.php')
CRITICAL - 2023-03-30 03:06:39 --> Undefined variable $Beasiswa
in APPPATH\Views\content\bayar.php on line 58.
 1 APPPATH\Views\content\bayar.php(58): CodeIgniter\Debug\Exceptions->errorHandler(2, 'Undefined variable $Beasiswa', 'APPPATH\\Views\\content\\bayar.php', 58)
 2 SYSTEMPATH\View\View.php(213): include('APPPATH\\Views\\content\\bayar.php')
 3 SYSTEMPATH\View\View.php(216): CodeIgniter\View\View->CodeIgniter\View\{closure}()
 4 SYSTEMPATH\Common.php(1135): CodeIgniter\View\View->render('content/bayar', [], true)
 5 APPPATH\Controllers\bayar.php(26): view('content/bayar', [...])
 6 SYSTEMPATH\CodeIgniter.php(898): App\Controllers\bayar->index()
 7 SYSTEMPATH\CodeIgniter.php(468): CodeIgniter\CodeIgniter->runController(Object(App\Controllers\bayar))
 8 SYSTEMPATH\CodeIgniter.php(351): CodeIgniter\CodeIgniter->handleRequest(null, Object(Config\Cache), false)
 9 FCPATH\index.php(55): CodeIgniter\CodeIgniter->run()
10 SYSTEMPATH\Commands\Server\rewrite.php(43): require_once('FCPATH\\index.php')
CRITICAL - 2023-03-30 03:06:48 --> Undefined variable $Beasiswa
in APPPATH\Views\content\bayar.php on line 58.
 1 APPPATH\Views\content\bayar.php(58): CodeIgniter\Debug\Exceptions->errorHandler(2, 'Undefined variable $Beasiswa', 'APPPATH\\Views\\content\\bayar.php', 58)
 2 SYSTEMPATH\View\View.php(213): include('APPPATH\\Views\\content\\bayar.php')
 3 SYSTEMPATH\View\View.php(216): CodeIgniter\View\View->CodeIgniter\View\{closure}()
 4 SYSTEMPATH\Common.php(1135): CodeIgniter\View\View->render('content/bayar', [], true)
 5 APPPATH\Controllers\bayar.php(26): view('content/bayar', [...])
 6 SYSTEMPATH\CodeIgniter.php(898): App\Controllers\bayar->index()
 7 SYSTEMPATH\CodeIgniter.php(468): CodeIgniter\CodeIgniter->runController(Object(App\Controllers\bayar))
 8 SYSTEMPATH\CodeIgniter.php(351): CodeIgniter\CodeIgniter->handleRequest(null, Object(Config\Cache), false)
 9 FCPATH\index.php(55): CodeIgniter\CodeIgniter->run()
10 SYSTEMPATH\Commands\Server\rewrite.php(43): require_once('FCPATH\\index.php')
ERROR - 2023-03-30 03:19:26 --> Unknown column 'select * from' in 'field list'
CRITICAL - 2023-03-30 03:19:26 --> Unknown column 'select * from' in 'field list'
in SYSTEMPATH\Database\MySQLi\Connection.php on line 292.
 1 SYSTEMPATH\Database\MySQLi\Connection.php(292): mysqli->query('SELECT `select * from` `siswa`
FROM `tunggakan`
JOIN `kelas` ON `kelas`.`id_kelas`=`tunggakan`.`id_kelas`
JOIN `spp` ON `spp`.`id_spp`=`tunggakan`.`id_spp`
WHERE `nis` IS NULL', 0)
 2 SYSTEMPATH\Database\BaseConnection.php(678): CodeIgniter\Database\MySQLi\Connection->execute('SELECT `select * from` `siswa`
FROM `tunggakan`
JOIN `kelas` ON `kelas`.`id_kelas`=`tunggakan`.`id_kelas`
JOIN `spp` ON `spp`.`id_spp`=`tunggakan`.`id_spp`
WHERE `nis` IS NULL')
 3 SYSTEMPATH\Database\BaseConnection.php(606): CodeIgniter\Database\BaseConnection->simpleQuery('SELECT `select * from` `siswa`
FROM `tunggakan`
JOIN `kelas` ON `kelas`.`id_kelas`=`tunggakan`.`id_kelas`
JOIN `spp` ON `spp`.`id_spp`=`tunggakan`.`id_spp`
WHERE `nis` IS NULL')
 4 SYSTEMPATH\Database\BaseBuilder.php(1585): CodeIgniter\Database\BaseConnection->query('SELECT `select * from` `siswa`
FROM `tunggakan`
JOIN `kelas` ON `kelas`.`id_kelas`=`tunggakan`.`id_kelas`
JOIN `spp` ON `spp`.`id_spp`=`tunggakan`.`id_spp`
WHERE `nis` IS NULL', [], false)
 5 APPPATH\Models\Tunggakan_Model.php(31): CodeIgniter\Database\BaseBuilder->get()
 6 APPPATH\Controllers\tunggakan.php(42): App\Models\Tunggakan_Model->getsiswa(null)
 7 SYSTEMPATH\CodeIgniter.php(898): App\Controllers\tunggakan->bayar_spp()
 8 SYSTEMPATH\CodeIgniter.php(468): CodeIgniter\CodeIgniter->runController(Object(App\Controllers\tunggakan))
 9 SYSTEMPATH\CodeIgniter.php(351): CodeIgniter\CodeIgniter->handleRequest(null, Object(Config\Cache), false)
10 FCPATH\index.php(55): CodeIgniter\CodeIgniter->run()
11 SYSTEMPATH\Commands\Server\rewrite.php(43): require_once('FCPATH\\index.php')
ERROR - 2023-03-30 03:19:41 --> Unknown column 'siswa' in 'field list'
CRITICAL - 2023-03-30 03:19:41 --> Unknown column 'siswa' in 'field list'
in SYSTEMPATH\Database\MySQLi\Connection.php on line 292.
 1 SYSTEMPATH\Database\MySQLi\Connection.php(292): mysqli->query('SELECT `siswa`
FROM `tunggakan`
JOIN `kelas` ON `kelas`.`id_kelas`=`tunggakan`.`id_kelas`
JOIN `spp` ON `spp`.`id_spp`=`tunggakan`.`id_spp`
WHERE `nis` IS NULL', 0)
 2 SYSTEMPATH\Database\BaseConnection.php(678): CodeIgniter\Database\MySQLi\Connection->execute('SELECT `siswa`
FROM `tunggakan`
JOIN `kelas` ON `kelas`.`id_kelas`=`tunggakan`.`id_kelas`
JOIN `spp` ON `spp`.`id_spp`=`tunggakan`.`id_spp`
WHERE `nis` IS NULL')
 3 SYSTEMPATH\Database\BaseConnection.php(606): CodeIgniter\Database\BaseConnection->simpleQuery('SELECT `siswa`
FROM `tunggakan`
JOIN `kelas` ON `kelas`.`id_kelas`=`tunggakan`.`id_kelas`
JOIN `spp` ON `spp`.`id_spp`=`tunggakan`.`id_spp`
WHERE `nis` IS NULL')
 4 SYSTEMPATH\Database\BaseBuilder.php(1585): CodeIgniter\Database\BaseConnection->query('SELECT `siswa`
FROM `tunggakan`
JOIN `kelas` ON `kelas`.`id_kelas`=`tunggakan`.`id_kelas`
JOIN `spp` ON `spp`.`id_spp`=`tunggakan`.`id_spp`
WHERE `nis` IS NULL', [], false)
 5 APPPATH\Models\Tunggakan_Model.php(31): CodeIgniter\Database\BaseBuilder->get()
 6 APPPATH\Controllers\tunggakan.php(42): App\Models\Tunggakan_Model->getsiswa(null)
 7 SYSTEMPATH\CodeIgniter.php(898): App\Controllers\tunggakan->bayar_spp()
 8 SYSTEMPATH\CodeIgniter.php(468): CodeIgniter\CodeIgniter->runController(Object(App\Controllers\tunggakan))
 9 SYSTEMPATH\CodeIgniter.php(351): CodeIgniter\CodeIgniter->handleRequest(null, Object(Config\Cache), false)
10 FCPATH\index.php(55): CodeIgniter\CodeIgniter->run()
11 SYSTEMPATH\Commands\Server\rewrite.php(43): require_once('FCPATH\\index.php')
ERROR - 2023-03-30 03:19:56 --> Unknown column 'siswa.nis' in 'field list'
CRITICAL - 2023-03-30 03:19:56 --> Unknown column 'siswa.nis' in 'field list'
in SYSTEMPATH\Database\MySQLi\Connection.php on line 292.
 1 SYSTEMPATH\Database\MySQLi\Connection.php(292): mysqli->query('SELECT `siswa`.`nis`
FROM `tunggakan`
JOIN `kelas` ON `kelas`.`id_kelas`=`tunggakan`.`id_kelas`
JOIN `spp` ON `spp`.`id_spp`=`tunggakan`.`id_spp`
WHERE `nis` IS NULL', 0)
 2 SYSTEMPATH\Database\BaseConnection.php(678): CodeIgniter\Database\MySQLi\Connection->execute('SELECT `siswa`.`nis`
FROM `tunggakan`
JOIN `kelas` ON `kelas`.`id_kelas`=`tunggakan`.`id_kelas`
JOIN `spp` ON `spp`.`id_spp`=`tunggakan`.`id_spp`
WHERE `nis` IS NULL')
 3 SYSTEMPATH\Database\BaseConnection.php(606): CodeIgniter\Database\BaseConnection->simpleQuery('SELECT `siswa`.`nis`
FROM `tunggakan`
JOIN `kelas` ON `kelas`.`id_kelas`=`tunggakan`.`id_kelas`
JOIN `spp` ON `spp`.`id_spp`=`tunggakan`.`id_spp`
WHERE `nis` IS NULL')
 4 SYSTEMPATH\Database\BaseBuilder.php(1585): CodeIgniter\Database\BaseConnection->query('SELECT `siswa`.`nis`
FROM `tunggakan`
JOIN `kelas` ON `kelas`.`id_kelas`=`tunggakan`.`id_kelas`
JOIN `spp` ON `spp`.`id_spp`=`tunggakan`.`id_spp`
WHERE `nis` IS NULL', [], false)
 5 APPPATH\Models\Tunggakan_Model.php(31): CodeIgniter\Database\BaseBuilder->get()
 6 APPPATH\Controllers\tunggakan.php(42): App\Models\Tunggakan_Model->getsiswa(null)
 7 SYSTEMPATH\CodeIgniter.php(898): App\Controllers\tunggakan->bayar_spp()
 8 SYSTEMPATH\CodeIgniter.php(468): CodeIgniter\CodeIgniter->runController(Object(App\Controllers\tunggakan))
 9 SYSTEMPATH\CodeIgniter.php(351): CodeIgniter\CodeIgniter->handleRequest(null, Object(Config\Cache), false)
10 FCPATH\index.php(55): CodeIgniter\CodeIgniter->run()
11 SYSTEMPATH\Commands\Server\rewrite.php(43): require_once('FCPATH\\index.php')
CRITICAL - 2023-03-30 03:36:23 --> Trying to access array offset on value of type null
in APPPATH\Views\form\edit_siswa.php on line 23.
 1 APPPATH\Views\form\edit_siswa.php(23): CodeIgniter\Debug\Exceptions->errorHandler(2, 'Trying to access array offset on value of type null', 'APPPATH\\Views\\form\\edit_siswa.php', 23)
 2 SYSTEMPATH\View\View.php(213): include('APPPATH\\Views\\form\\edit_siswa.php')
 3 SYSTEMPATH\View\View.php(216): CodeIgniter\View\View->CodeIgniter\View\{closure}()
 4 SYSTEMPATH\Common.php(1135): CodeIgniter\View\View->render('/form/edit_siswa', [], true)
 5 APPPATH\Controllers\siswa.php(92): view('/form/edit_siswa', [...])
 6 SYSTEMPATH\CodeIgniter.php(898): App\Controllers\siswa->edit('FCPATH\\css', 'style.css')
 7 SYSTEMPATH\CodeIgniter.php(468): CodeIgniter\CodeIgniter->runController(Object(App\Controllers\siswa))
 8 SYSTEMPATH\CodeIgniter.php(351): CodeIgniter\CodeIgniter->handleRequest(null, Object(Config\Cache), false)
 9 FCPATH\index.php(55): CodeIgniter\CodeIgniter->run()
10 SYSTEMPATH\Commands\Server\rewrite.php(43): require_once('FCPATH\\index.php')
CRITICAL - 2023-03-30 03:36:24 --> Trying to access array offset on value of type null
in APPPATH\Views\form\edit_siswa.php on line 23.
 1 APPPATH\Views\form\edit_siswa.php(23): CodeIgniter\Debug\Exceptions->errorHandler(2, 'Trying to access array offset on value of type null', 'APPPATH\\Views\\form\\edit_siswa.php', 23)
 2 SYSTEMPATH\View\View.php(213): include('APPPATH\\Views\\form\\edit_siswa.php')
 3 SYSTEMPATH\View\View.php(216): CodeIgniter\View\View->CodeIgniter\View\{closure}()
 4 SYSTEMPATH\Common.php(1135): CodeIgniter\View\View->render('/form/edit_siswa', [], true)
 5 APPPATH\Controllers\siswa.php(92): view('/form/edit_siswa', [...])
 6 SYSTEMPATH\CodeIgniter.php(898): App\Controllers\siswa->edit('FCPATH\\asset', 'demo', 'chart-area-demo.js')
 7 SYSTEMPATH\CodeIgniter.php(468): CodeIgniter\CodeIgniter->runController(Object(App\Controllers\siswa))
 8 SYSTEMPATH\CodeIgniter.php(351): CodeIgniter\CodeIgniter->handleRequest(null, Object(Config\Cache), false)
 9 FCPATH\index.php(55): CodeIgniter\CodeIgniter->run()
10 SYSTEMPATH\Commands\Server\rewrite.php(43): require_once('FCPATH\\index.php')
CRITICAL - 2023-03-30 03:36:24 --> Trying to access array offset on value of type null
in APPPATH\Views\form\edit_siswa.php on line 23.
 1 APPPATH\Views\form\edit_siswa.php(23): CodeIgniter\Debug\Exceptions->errorHandler(2, 'Trying to access array offset on value of type null', 'APPPATH\\Views\\form\\edit_siswa.php', 23)
 2 SYSTEMPATH\View\View.php(213): include('APPPATH\\Views\\form\\edit_siswa.php')
 3 SYSTEMPATH\View\View.php(216): CodeIgniter\View\View->CodeIgniter\View\{closure}()
 4 SYSTEMPATH\Common.php(1135): CodeIgniter\View\View->render('/form/edit_siswa', [], true)
 5 APPPATH\Controllers\siswa.php(92): view('/form/edit_siswa', [...])
 6 SYSTEMPATH\CodeIgniter.php(898): App\Controllers\siswa->edit('FCPATH\\asset', 'demo', 'chart-bar-demo.js')
 7 SYSTEMPATH\CodeIgniter.php(468): CodeIgniter\CodeIgniter->runController(Object(App\Controllers\siswa))
 8 SYSTEMPATH\CodeIgniter.php(351): CodeIgniter\CodeIgniter->handleRequest(null, Object(Config\Cache), false)
 9 FCPATH\index.php(55): CodeIgniter\CodeIgniter->run()
10 SYSTEMPATH\Commands\Server\rewrite.php(43): require_once('FCPATH\\index.php')
CRITICAL - 2023-03-30 04:35:51 --> Undefined array key "nm_siswa"
in APPPATH\Views\form\bayar_spp.php on line 64.
 1 APPPATH\Views\form\bayar_spp.php(64): CodeIgniter\Debug\Exceptions->errorHandler(2, 'Undefined array key "nm_siswa"', 'APPPATH\\Views\\form\\bayar_spp.php', 64)
 2 SYSTEMPATH\View\View.php(213): include('APPPATH\\Views\\form\\bayar_spp.php')
 3 SYSTEMPATH\View\View.php(216): CodeIgniter\View\View->CodeIgniter\View\{closure}()
 4 SYSTEMPATH\Common.php(1135): CodeIgniter\View\View->render('/form/bayar_spp', [], true)
 5 APPPATH\Controllers\tunggakan.php(45): view('/form/bayar_spp', [...])
 6 SYSTEMPATH\CodeIgniter.php(898): App\Controllers\tunggakan->bayar_spp()
 7 SYSTEMPATH\CodeIgniter.php(468): CodeIgniter\CodeIgniter->runController(Object(App\Controllers\tunggakan))
 8 SYSTEMPATH\CodeIgniter.php(351): CodeIgniter\CodeIgniter->handleRequest(null, Object(Config\Cache), false)
 9 FCPATH\index.php(55): CodeIgniter\CodeIgniter->run()
10 SYSTEMPATH\Commands\Server\rewrite.php(43): require_once('FCPATH\\index.php')
CRITICAL - 2023-03-30 04:36:29 --> Undefined array key "nm_siswa"
in APPPATH\Views\form\bayar_spp.php on line 64.
 1 APPPATH\Views\form\bayar_spp.php(64): CodeIgniter\Debug\Exceptions->errorHandler(2, 'Undefined array key "nm_siswa"', 'APPPATH\\Views\\form\\bayar_spp.php', 64)
 2 SYSTEMPATH\View\View.php(213): include('APPPATH\\Views\\form\\bayar_spp.php')
 3 SYSTEMPATH\View\View.php(216): CodeIgniter\View\View->CodeIgniter\View\{closure}()
 4 SYSTEMPATH\Common.php(1135): CodeIgniter\View\View->render('/form/bayar_spp', [], true)
 5 APPPATH\Controllers\tunggakan.php(45): view('/form/bayar_spp', [...])
 6 SYSTEMPATH\CodeIgniter.php(898): App\Controllers\tunggakan->bayar_spp()
 7 SYSTEMPATH\CodeIgniter.php(468): CodeIgniter\CodeIgniter->runController(Object(App\Controllers\tunggakan))
 8 SYSTEMPATH\CodeIgniter.php(351): CodeIgniter\CodeIgniter->handleRequest(null, Object(Config\Cache), false)
 9 FCPATH\index.php(55): CodeIgniter\CodeIgniter->run()
10 SYSTEMPATH\Commands\Server\rewrite.php(43): require_once('FCPATH\\index.php')
CRITICAL - 2023-03-30 04:36:56 --> Undefined array key "nm_siswa"
in APPPATH\Views\form\bayar_spp.php on line 64.
 1 APPPATH\Views\form\bayar_spp.php(64): CodeIgniter\Debug\Exceptions->errorHandler(2, 'Undefined array key "nm_siswa"', 'APPPATH\\Views\\form\\bayar_spp.php', 64)
 2 SYSTEMPATH\View\View.php(213): include('APPPATH\\Views\\form\\bayar_spp.php')
 3 SYSTEMPATH\View\View.php(216): CodeIgniter\View\View->CodeIgniter\View\{closure}()
 4 SYSTEMPATH\Common.php(1135): CodeIgniter\View\View->render('/form/bayar_spp', [], true)
 5 APPPATH\Controllers\tunggakan.php(45): view('/form/bayar_spp', [...])
 6 SYSTEMPATH\CodeIgniter.php(898): App\Controllers\tunggakan->bayar_spp()
 7 SYSTEMPATH\CodeIgniter.php(468): CodeIgniter\CodeIgniter->runController(Object(App\Controllers\tunggakan))
 8 SYSTEMPATH\CodeIgniter.php(351): CodeIgniter\CodeIgniter->handleRequest(null, Object(Config\Cache), false)
 9 FCPATH\index.php(55): CodeIgniter\CodeIgniter->run()
10 SYSTEMPATH\Commands\Server\rewrite.php(43): require_once('FCPATH\\index.php')
CRITICAL - 2023-03-30 04:37:28 --> Undefined array key "nm_siswa"
in APPPATH\Views\form\bayar_spp.php on line 64.
 1 APPPATH\Views\form\bayar_spp.php(64): CodeIgniter\Debug\Exceptions->errorHandler(2, 'Undefined array key "nm_siswa"', 'APPPATH\\Views\\form\\bayar_spp.php', 64)
 2 SYSTEMPATH\View\View.php(213): include('APPPATH\\Views\\form\\bayar_spp.php')
 3 SYSTEMPATH\View\View.php(216): CodeIgniter\View\View->CodeIgniter\View\{closure}()
 4 SYSTEMPATH\Common.php(1135): CodeIgniter\View\View->render('/form/bayar_spp', [], true)
 5 APPPATH\Controllers\tunggakan.php(45): view('/form/bayar_spp', [...])
 6 SYSTEMPATH\CodeIgniter.php(898): App\Controllers\tunggakan->bayar_spp()
 7 SYSTEMPATH\CodeIgniter.php(468): CodeIgniter\CodeIgniter->runController(Object(App\Controllers\tunggakan))
 8 SYSTEMPATH\CodeIgniter.php(351): CodeIgniter\CodeIgniter->handleRequest(null, Object(Config\Cache), false)
 9 FCPATH\index.php(55): CodeIgniter\CodeIgniter->run()
10 SYSTEMPATH\Commands\Server\rewrite.php(43): require_once('FCPATH\\index.php')
ERROR - 2023-03-30 04:43:42 --> Unknown column 'tunggakan.id' in 'where clause'
CRITICAL - 2023-03-30 04:43:42 --> Unknown column 'tunggakan.id' in 'where clause'
in SYSTEMPATH\Database\MySQLi\Connection.php on line 292.
 1 SYSTEMPATH\Database\MySQLi\Connection.php(292): mysqli->query('UPDATE `tunggakan` SET `tgl_bayar` = \'23-03-30\'
WHERE `tunggakan`.`id` IN (\'39\')', 0)
 2 SYSTEMPATH\Database\BaseConnection.php(678): CodeIgniter\Database\MySQLi\Connection->execute('UPDATE `tunggakan` SET `tgl_bayar` = \'23-03-30\'
WHERE `tunggakan`.`id` IN (\'39\')')
 3 SYSTEMPATH\Database\BaseConnection.php(606): CodeIgniter\Database\BaseConnection->simpleQuery('UPDATE `tunggakan` SET `tgl_bayar` = \'23-03-30\'
WHERE `tunggakan`.`id` IN (\'39\')')
 4 SYSTEMPATH\Database\BaseBuilder.php(2046): CodeIgniter\Database\BaseConnection->query('UPDATE `tunggakan` SET `tgl_bayar` = :tgl_bayar:
WHERE `tunggakan`.`id` IN :tunggakan.id:', [...], false)
 5 SYSTEMPATH\Model.php(337): CodeIgniter\Database\BaseBuilder->update()
 6 SYSTEMPATH\BaseModel.php(865): CodeIgniter\Model->doUpdate([...], [...])
 7 SYSTEMPATH\Model.php(692): CodeIgniter\BaseModel->update([...], [...])
 8 APPPATH\Controllers\tunggakan.php(51): CodeIgniter\Model->update('39', [...])
 9 SYSTEMPATH\CodeIgniter.php(898): App\Controllers\tunggakan->bayar('39')
10 SYSTEMPATH\CodeIgniter.php(468): CodeIgniter\CodeIgniter->runController(Object(App\Controllers\tunggakan))
11 SYSTEMPATH\CodeIgniter.php(351): CodeIgniter\CodeIgniter->handleRequest(null, Object(Config\Cache), false)
12 FCPATH\index.php(55): CodeIgniter\CodeIgniter->run()
13 SYSTEMPATH\Commands\Server\rewrite.php(43): require_once('FCPATH\\index.php')
ERROR - 2023-03-30 19:53:15 --> Unknown column 'nominal' in 'field list'
CRITICAL - 2023-03-30 19:53:15 --> Unknown column 'nominal' in 'field list'
in SYSTEMPATH\Database\MySQLi\Connection.php on line 292.
 1 SYSTEMPATH\Database\MySQLi\Connection.php(292): mysqli->query('SELECT SUM(`nominal`) AS `nominal`
FROM `tunggakan`', 0)
 2 SYSTEMPATH\Database\BaseConnection.php(678): CodeIgniter\Database\MySQLi\Connection->execute('SELECT SUM(`nominal`) AS `nominal`
FROM `tunggakan`')
 3 SYSTEMPATH\Database\BaseConnection.php(606): CodeIgniter\Database\BaseConnection->simpleQuery('SELECT SUM(`nominal`) AS `nominal`
FROM `tunggakan`')
 4 SYSTEMPATH\Database\BaseBuilder.php(1585): CodeIgniter\Database\BaseConnection->query('SELECT SUM(`nominal`) AS `nominal`
FROM `tunggakan`', [], false)
 5 APPPATH\Models\Home_Model.php(32): CodeIgniter\Database\BaseBuilder->get()
 6 APPPATH\Controllers\Home.php(22): App\Models\Home_Model->tot_tunggakan()
 7 SYSTEMPATH\CodeIgniter.php(898): App\Controllers\Home->index()
 8 SYSTEMPATH\CodeIgniter.php(468): CodeIgniter\CodeIgniter->runController(Object(App\Controllers\Home))
 9 SYSTEMPATH\CodeIgniter.php(351): CodeIgniter\CodeIgniter->handleRequest(null, Object(Config\Cache), false)
10 FCPATH\index.php(55): CodeIgniter\CodeIgniter->run()
11 SYSTEMPATH\Commands\Server\rewrite.php(43): require_once('FCPATH\\index.php')
ERROR - 2023-03-30 19:53:38 --> Unknown column 'nominal' in 'field list'
CRITICAL - 2023-03-30 19:53:38 --> Unknown column 'nominal' in 'field list'
in SYSTEMPATH\Database\MySQLi\Connection.php on line 292.
 1 SYSTEMPATH\Database\MySQLi\Connection.php(292): mysqli->query('SELECT SUM(`nominal`) AS `nominal`
FROM `tunggakan`', 0)
 2 SYSTEMPATH\Database\BaseConnection.php(678): CodeIgniter\Database\MySQLi\Connection->execute('SELECT SUM(`nominal`) AS `nominal`
FROM `tunggakan`')
 3 SYSTEMPATH\Database\BaseConnection.php(606): CodeIgniter\Database\BaseConnection->simpleQuery('SELECT SUM(`nominal`) AS `nominal`
FROM `tunggakan`')
 4 SYSTEMPATH\Database\BaseBuilder.php(1585): CodeIgniter\Database\BaseConnection->query('SELECT SUM(`nominal`) AS `nominal`
FROM `tunggakan`', [], false)
 5 APPPATH\Models\Home_Model.php(32): CodeIgniter\Database\BaseBuilder->get()
 6 APPPATH\Controllers\Home.php(22): App\Models\Home_Model->tot_tunggakan()
 7 SYSTEMPATH\CodeIgniter.php(898): App\Controllers\Home->index()
 8 SYSTEMPATH\CodeIgniter.php(468): CodeIgniter\CodeIgniter->runController(Object(App\Controllers\Home))
 9 SYSTEMPATH\CodeIgniter.php(351): CodeIgniter\CodeIgniter->handleRequest(null, Object(Config\Cache), false)
10 FCPATH\index.php(55): CodeIgniter\CodeIgniter->run()
11 SYSTEMPATH\Commands\Server\rewrite.php(43): require_once('FCPATH\\index.php')
CRITICAL - 2023-03-30 19:55:35 --> Undefined property: stdClass::$nominal
in APPPATH\Models\Home_Model.php on line 33.
 1 APPPATH\Models\Home_Model.php(33): CodeIgniter\Debug\Exceptions->errorHandler(2, 'Undefined property: stdClass::$nominal', 'APPPATH\\Models\\Home_Model.php', 33)
 2 APPPATH\Controllers\Home.php(22): App\Models\Home_Model->tot_tunggakan()
 3 SYSTEMPATH\CodeIgniter.php(898): App\Controllers\Home->index()
 4 SYSTEMPATH\CodeIgniter.php(468): CodeIgniter\CodeIgniter->runController(Object(App\Controllers\Home))
 5 SYSTEMPATH\CodeIgniter.php(351): CodeIgniter\CodeIgniter->handleRequest(null, Object(Config\Cache), false)
 6 FCPATH\index.php(55): CodeIgniter\CodeIgniter->run()
 7 SYSTEMPATH\Commands\Server\rewrite.php(43): require_once('FCPATH\\index.php')
CRITICAL - 2023-03-30 20:05:43 --> Undefined variable $total
in APPPATH\Views\form\bayar_spp.php on line 69.
 1 APPPATH\Views\form\bayar_spp.php(69): CodeIgniter\Debug\Exceptions->errorHandler(2, 'Undefined variable $total', 'APPPATH\\Views\\form\\bayar_spp.php', 69)
 2 SYSTEMPATH\View\View.php(213): include('APPPATH\\Views\\form\\bayar_spp.php')
 3 SYSTEMPATH\View\View.php(216): CodeIgniter\View\View->CodeIgniter\View\{closure}()
 4 SYSTEMPATH\Common.php(1135): CodeIgniter\View\View->render('/form/bayar_spp', [], true)
 5 APPPATH\Controllers\tunggakan.php(45): view('/form/bayar_spp', [...])
 6 SYSTEMPATH\CodeIgniter.php(898): App\Controllers\tunggakan->bayar_spp()
 7 SYSTEMPATH\CodeIgniter.php(468): CodeIgniter\CodeIgniter->runController(Object(App\Controllers\tunggakan))
 8 SYSTEMPATH\CodeIgniter.php(351): CodeIgniter\CodeIgniter->handleRequest(null, Object(Config\Cache), false)
 9 FCPATH\index.php(55): CodeIgniter\CodeIgniter->run()
10 SYSTEMPATH\Commands\Server\rewrite.php(43): require_once('FCPATH\\index.php')
ERROR - 2023-03-30 20:25:49 --> Unknown column 'tunggakan.id' in 'where clause'
CRITICAL - 2023-03-30 20:25:49 --> Unknown column 'tunggakan.id' in 'where clause'
in SYSTEMPATH\Database\MySQLi\Connection.php on line 292.
 1 SYSTEMPATH\Database\MySQLi\Connection.php(292): mysqli->query('UPDATE `tunggakan` SET `tgl_bayar` = \'23-03-30\'
WHERE `tunggakan`.`id` IN (\'39\')', 0)
 2 SYSTEMPATH\Database\BaseConnection.php(678): CodeIgniter\Database\MySQLi\Connection->execute('UPDATE `tunggakan` SET `tgl_bayar` = \'23-03-30\'
WHERE `tunggakan`.`id` IN (\'39\')')
 3 SYSTEMPATH\Database\BaseConnection.php(606): CodeIgniter\Database\BaseConnection->simpleQuery('UPDATE `tunggakan` SET `tgl_bayar` = \'23-03-30\'
WHERE `tunggakan`.`id` IN (\'39\')')
 4 SYSTEMPATH\Database\BaseBuilder.php(2046): CodeIgniter\Database\BaseConnection->query('UPDATE `tunggakan` SET `tgl_bayar` = :tgl_bayar:
WHERE `tunggakan`.`id` IN :tunggakan.id:', [...], false)
 5 SYSTEMPATH\Model.php(337): CodeIgniter\Database\BaseBuilder->update()
 6 SYSTEMPATH\BaseModel.php(865): CodeIgniter\Model->doUpdate([...], [...])
 7 SYSTEMPATH\Model.php(692): CodeIgniter\BaseModel->update([...], [...])
 8 APPPATH\Controllers\tunggakan.php(51): CodeIgniter\Model->update('39', [...])
 9 SYSTEMPATH\CodeIgniter.php(898): App\Controllers\tunggakan->bayar('39')
10 SYSTEMPATH\CodeIgniter.php(468): CodeIgniter\CodeIgniter->runController(Object(App\Controllers\tunggakan))
11 SYSTEMPATH\CodeIgniter.php(351): CodeIgniter\CodeIgniter->handleRequest(null, Object(Config\Cache), false)
12 FCPATH\index.php(55): CodeIgniter\CodeIgniter->run()
13 SYSTEMPATH\Commands\Server\rewrite.php(43): require_once('FCPATH\\index.php')
ERROR - 2023-03-30 20:27:29 --> Unknown column 'tunggakan.id' in 'where clause'
CRITICAL - 2023-03-30 20:27:29 --> Unknown column 'tunggakan.id' in 'where clause'
in SYSTEMPATH\Database\MySQLi\Connection.php on line 292.
 1 SYSTEMPATH\Database\MySQLi\Connection.php(292): mysqli->query('UPDATE `tunggakan` SET `tgl_bayar` = \'23-03-30\'
WHERE `tunggakan`.`id` IN (\'39\')', 0)
 2 SYSTEMPATH\Database\BaseConnection.php(678): CodeIgniter\Database\MySQLi\Connection->execute('UPDATE `tunggakan` SET `tgl_bayar` = \'23-03-30\'
WHERE `tunggakan`.`id` IN (\'39\')')
 3 SYSTEMPATH\Database\BaseConnection.php(606): CodeIgniter\Database\BaseConnection->simpleQuery('UPDATE `tunggakan` SET `tgl_bayar` = \'23-03-30\'
WHERE `tunggakan`.`id` IN (\'39\')')
 4 SYSTEMPATH\Database\BaseBuilder.php(2046): CodeIgniter\Database\BaseConnection->query('UPDATE `tunggakan` SET `tgl_bayar` = :tgl_bayar:
WHERE `tunggakan`.`id` IN :tunggakan.id:', [...], false)
 5 SYSTEMPATH\Model.php(337): CodeIgniter\Database\BaseBuilder->update()
 6 SYSTEMPATH\BaseModel.php(865): CodeIgniter\Model->doUpdate([...], [...])
 7 SYSTEMPATH\Model.php(692): CodeIgniter\BaseModel->update([...], [...])
 8 APPPATH\Controllers\tunggakan.php(51): CodeIgniter\Model->update('39', [...])
 9 SYSTEMPATH\CodeIgniter.php(898): App\Controllers\tunggakan->bayar('39')
10 SYSTEMPATH\CodeIgniter.php(468): CodeIgniter\CodeIgniter->runController(Object(App\Controllers\tunggakan))
11 SYSTEMPATH\CodeIgniter.php(351): CodeIgniter\CodeIgniter->handleRequest(null, Object(Config\Cache), false)
12 FCPATH\index.php(55): CodeIgniter\CodeIgniter->run()
13 SYSTEMPATH\Commands\Server\rewrite.php(43): require_once('FCPATH\\index.php')
ERROR - 2023-03-30 21:34:58 --> Unknown column 'tunggakan.id' in 'where clause'
CRITICAL - 2023-03-30 21:34:58 --> Unknown column 'tunggakan.id' in 'where clause'
in SYSTEMPATH\Database\MySQLi\Connection.php on line 292.
 1 SYSTEMPATH\Database\MySQLi\Connection.php(292): mysqli->query('UPDATE `tunggakan` SET `tgl_bayar` = \'23-03-30\'
WHERE `tunggakan`.`id` IN (\'74\')', 0)
 2 SYSTEMPATH\Database\BaseConnection.php(678): CodeIgniter\Database\MySQLi\Connection->execute('UPDATE `tunggakan` SET `tgl_bayar` = \'23-03-30\'
WHERE `tunggakan`.`id` IN (\'74\')')
 3 SYSTEMPATH\Database\BaseConnection.php(606): CodeIgniter\Database\BaseConnection->simpleQuery('UPDATE `tunggakan` SET `tgl_bayar` = \'23-03-30\'
WHERE `tunggakan`.`id` IN (\'74\')')
 4 SYSTEMPATH\Database\BaseBuilder.php(2046): CodeIgniter\Database\BaseConnection->query('UPDATE `tunggakan` SET `tgl_bayar` = :tgl_bayar:
WHERE `tunggakan`.`id` IN :tunggakan.id:', [...], false)
 5 SYSTEMPATH\Model.php(337): CodeIgniter\Database\BaseBuilder->update()
 6 SYSTEMPATH\BaseModel.php(865): CodeIgniter\Model->doUpdate([...], [...])
 7 SYSTEMPATH\Model.php(692): CodeIgniter\BaseModel->update([...], [...])
 8 APPPATH\Controllers\tunggakan.php(51): CodeIgniter\Model->update('74', [...])
 9 SYSTEMPATH\CodeIgniter.php(898): App\Controllers\tunggakan->bayar('74')
10 SYSTEMPATH\CodeIgniter.php(468): CodeIgniter\CodeIgniter->runController(Object(App\Controllers\tunggakan))
11 SYSTEMPATH\CodeIgniter.php(351): CodeIgniter\CodeIgniter->handleRequest(null, Object(Config\Cache), false)
12 FCPATH\index.php(55): CodeIgniter\CodeIgniter->run()
13 SYSTEMPATH\Commands\Server\rewrite.php(43): require_once('FCPATH\\index.php')
