CRITICAL - 2023-03-17 02:37:17 --> Call to undefined method CodeIgniter\View\View::session()
in APPPATH\Views\form\input_siswa.php on line 21.
 1 SYSTEMPATH\View\View.php(213): include()
 2 SYSTEMPATH\View\View.php(216): CodeIgniter\View\View->CodeIgniter\View\{closure}()
 3 SYSTEMPATH\Common.php(1135): CodeIgniter\View\View->render('/form/input_siswa', [], true)
 4 APPPATH\Controllers\siswa.php(32): view('/form/input_siswa', [...])
 5 SYSTEMPATH\CodeIgniter.php(898): App\Controllers\siswa->input_siswa()
 6 SYSTEMPATH\CodeIgniter.php(468): CodeIgniter\CodeIgniter->runController(Object(App\Controllers\siswa))
 7 SYSTEMPATH\CodeIgniter.php(351): CodeIgniter\CodeIgniter->handleRequest(null, Object(Config\Cache), false)
 8 FCPATH\index.php(55): CodeIgniter\CodeIgniter->run()
 9 SYSTEMPATH\Commands\Server\rewrite.php(43): require_once('FCPATH\\index.php')
CRITICAL - 2023-03-17 03:05:34 --> Trying to access array offset on value of type null
in APPPATH\Views\form\edit_siswa.php on line 23.
 1 APPPATH\Views\form\edit_siswa.php(23): CodeIgniter\Debug\Exceptions->errorHandler(2, 'Trying to access array offset on value of type null', 'APPPATH\\Views\\form\\edit_siswa.php', 23)
 2 SYSTEMPATH\View\View.php(213): include('APPPATH\\Views\\form\\edit_siswa.php')
 3 SYSTEMPATH\View\View.php(216): CodeIgniter\View\View->CodeIgniter\View\{closure}()
 4 SYSTEMPATH\Common.php(1135): CodeIgniter\View\View->render('/form/edit_siswa', [], true)
 5 APPPATH\Controllers\siswa.php(80): view('/form/edit_siswa', [...])
 6 SYSTEMPATH\CodeIgniter.php(898): App\Controllers\siswa->edit('FCPATH\\asset', 'demo', 'chart-area-demo.js')
 7 SYSTEMPATH\CodeIgniter.php(468): CodeIgniter\CodeIgniter->runController(Object(App\Controllers\siswa))
 8 SYSTEMPATH\CodeIgniter.php(351): CodeIgniter\CodeIgniter->handleRequest(null, Object(Config\Cache), false)
 9 FCPATH\index.php(55): CodeIgniter\CodeIgniter->run()
10 SYSTEMPATH\Commands\Server\rewrite.php(43): require_once('FCPATH\\index.php')
CRITICAL - 2023-03-17 03:05:35 --> Trying to access array offset on value of type null
in APPPATH\Views\form\edit_siswa.php on line 23.
 1 APPPATH\Views\form\edit_siswa.php(23): CodeIgniter\Debug\Exceptions->errorHandler(2, 'Trying to access array offset on value of type null', 'APPPATH\\Views\\form\\edit_siswa.php', 23)
 2 SYSTEMPATH\View\View.php(213): include('APPPATH\\Views\\form\\edit_siswa.php')
 3 SYSTEMPATH\View\View.php(216): CodeIgniter\View\View->CodeIgniter\View\{closure}()
 4 SYSTEMPATH\Common.php(1135): CodeIgniter\View\View->render('/form/edit_siswa', [], true)
 5 APPPATH\Controllers\siswa.php(80): view('/form/edit_siswa', [...])
 6 SYSTEMPATH\CodeIgniter.php(898): App\Controllers\siswa->edit('FCPATH\\asset', 'demo', 'chart-bar-demo.js')
 7 SYSTEMPATH\CodeIgniter.php(468): CodeIgniter\CodeIgniter->runController(Object(App\Controllers\siswa))
 8 SYSTEMPATH\CodeIgniter.php(351): CodeIgniter\CodeIgniter->handleRequest(null, Object(Config\Cache), false)
 9 FCPATH\index.php(55): CodeIgniter\CodeIgniter->run()
10 SYSTEMPATH\Commands\Server\rewrite.php(43): require_once('FCPATH\\index.php')
CRITICAL - 2023-03-17 05:59:46 --> Trying to access array offset on value of type null
in APPPATH\Views\form\edit_siswa.php on line 23.
 1 APPPATH\Views\form\edit_siswa.php(23): CodeIgniter\Debug\Exceptions->errorHandler(2, 'Trying to access array offset on value of type null', 'APPPATH\\Views\\form\\edit_siswa.php', 23)
 2 SYSTEMPATH\View\View.php(213): include('APPPATH\\Views\\form\\edit_siswa.php')
 3 SYSTEMPATH\View\View.php(216): CodeIgniter\View\View->CodeIgniter\View\{closure}()
 4 SYSTEMPATH\Common.php(1135): CodeIgniter\View\View->render('/form/edit_siswa', [], true)
 5 APPPATH\Controllers\siswa.php(80): view('/form/edit_siswa', [...])
 6 SYSTEMPATH\CodeIgniter.php(898): App\Controllers\siswa->edit('FCPATH\\asset', 'demo', 'chart-area-demo.js')
 7 SYSTEMPATH\CodeIgniter.php(468): CodeIgniter\CodeIgniter->runController(Object(App\Controllers\siswa))
 8 SYSTEMPATH\CodeIgniter.php(351): CodeIgniter\CodeIgniter->handleRequest(null, Object(Config\Cache), false)
 9 FCPATH\index.php(55): CodeIgniter\CodeIgniter->run()
10 SYSTEMPATH\Commands\Server\rewrite.php(43): require_once('FCPATH\\index.php')
CRITICAL - 2023-03-17 05:59:46 --> Trying to access array offset on value of type null
in APPPATH\Views\form\edit_siswa.php on line 23.
 1 APPPATH\Views\form\edit_siswa.php(23): CodeIgniter\Debug\Exceptions->errorHandler(2, 'Trying to access array offset on value of type null', 'APPPATH\\Views\\form\\edit_siswa.php', 23)
 2 SYSTEMPATH\View\View.php(213): include('APPPATH\\Views\\form\\edit_siswa.php')
 3 SYSTEMPATH\View\View.php(216): CodeIgniter\View\View->CodeIgniter\View\{closure}()
 4 SYSTEMPATH\Common.php(1135): CodeIgniter\View\View->render('/form/edit_siswa', [], true)
 5 APPPATH\Controllers\siswa.php(80): view('/form/edit_siswa', [...])
 6 SYSTEMPATH\CodeIgniter.php(898): App\Controllers\siswa->edit('FCPATH\\asset', 'demo', 'chart-bar-demo.js')
 7 SYSTEMPATH\CodeIgniter.php(468): CodeIgniter\CodeIgniter->runController(Object(App\Controllers\siswa))
 8 SYSTEMPATH\CodeIgniter.php(351): CodeIgniter\CodeIgniter->handleRequest(null, Object(Config\Cache), false)
 9 FCPATH\index.php(55): CodeIgniter\CodeIgniter->run()
10 SYSTEMPATH\Commands\Server\rewrite.php(43): require_once('FCPATH\\index.php')
CRITICAL - 2023-03-17 05:59:56 --> Trying to access array offset on value of type null
in APPPATH\Views\form\edit_siswa.php on line 23.
 1 APPPATH\Views\form\edit_siswa.php(23): CodeIgniter\Debug\Exceptions->errorHandler(2, 'Trying to access array offset on value of type null', 'APPPATH\\Views\\form\\edit_siswa.php', 23)
 2 SYSTEMPATH\View\View.php(213): include('APPPATH\\Views\\form\\edit_siswa.php')
 3 SYSTEMPATH\View\View.php(216): CodeIgniter\View\View->CodeIgniter\View\{closure}()
 4 SYSTEMPATH\Common.php(1135): CodeIgniter\View\View->render('/form/edit_siswa', [], true)
 5 APPPATH\Controllers\siswa.php(80): view('/form/edit_siswa', [...])
 6 SYSTEMPATH\CodeIgniter.php(898): App\Controllers\siswa->edit('FCPATH\\asset', 'demo', 'chart-area-demo.js')
 7 SYSTEMPATH\CodeIgniter.php(468): CodeIgniter\CodeIgniter->runController(Object(App\Controllers\siswa))
 8 SYSTEMPATH\CodeIgniter.php(351): CodeIgniter\CodeIgniter->handleRequest(null, Object(Config\Cache), false)
 9 FCPATH\index.php(55): CodeIgniter\CodeIgniter->run()
10 SYSTEMPATH\Commands\Server\rewrite.php(43): require_once('FCPATH\\index.php')
CRITICAL - 2023-03-17 05:59:57 --> Trying to access array offset on value of type null
in APPPATH\Views\form\edit_siswa.php on line 23.
 1 APPPATH\Views\form\edit_siswa.php(23): CodeIgniter\Debug\Exceptions->errorHandler(2, 'Trying to access array offset on value of type null', 'APPPATH\\Views\\form\\edit_siswa.php', 23)
 2 SYSTEMPATH\View\View.php(213): include('APPPATH\\Views\\form\\edit_siswa.php')
 3 SYSTEMPATH\View\View.php(216): CodeIgniter\View\View->CodeIgniter\View\{closure}()
 4 SYSTEMPATH\Common.php(1135): CodeIgniter\View\View->render('/form/edit_siswa', [], true)
 5 APPPATH\Controllers\siswa.php(80): view('/form/edit_siswa', [...])
 6 SYSTEMPATH\CodeIgniter.php(898): App\Controllers\siswa->edit('FCPATH\\asset', 'demo', 'chart-bar-demo.js')
 7 SYSTEMPATH\CodeIgniter.php(468): CodeIgniter\CodeIgniter->runController(Object(App\Controllers\siswa))
 8 SYSTEMPATH\CodeIgniter.php(351): CodeIgniter\CodeIgniter->handleRequest(null, Object(Config\Cache), false)
 9 FCPATH\index.php(55): CodeIgniter\CodeIgniter->run()
10 SYSTEMPATH\Commands\Server\rewrite.php(43): require_once('FCPATH\\index.php')
CRITICAL - 2023-03-17 06:01:32 --> Trying to access array offset on value of type null
in APPPATH\Views\form\edit_siswa.php on line 23.
 1 APPPATH\Views\form\edit_siswa.php(23): CodeIgniter\Debug\Exceptions->errorHandler(2, 'Trying to access array offset on value of type null', 'APPPATH\\Views\\form\\edit_siswa.php', 23)
 2 SYSTEMPATH\View\View.php(213): include('APPPATH\\Views\\form\\edit_siswa.php')
 3 SYSTEMPATH\View\View.php(216): CodeIgniter\View\View->CodeIgniter\View\{closure}()
 4 SYSTEMPATH\Common.php(1135): CodeIgniter\View\View->render('/form/edit_siswa', [], true)
 5 APPPATH\Controllers\siswa.php(80): view('/form/edit_siswa', [...])
 6 SYSTEMPATH\CodeIgniter.php(898): App\Controllers\siswa->edit('FCPATH\\asset', 'demo', 'chart-area-demo.js')
 7 SYSTEMPATH\CodeIgniter.php(468): CodeIgniter\CodeIgniter->runController(Object(App\Controllers\siswa))
 8 SYSTEMPATH\CodeIgniter.php(351): CodeIgniter\CodeIgniter->handleRequest(null, Object(Config\Cache), false)
 9 FCPATH\index.php(55): CodeIgniter\CodeIgniter->run()
10 SYSTEMPATH\Commands\Server\rewrite.php(43): require_once('FCPATH\\index.php')
CRITICAL - 2023-03-17 06:01:33 --> Trying to access array offset on value of type null
in APPPATH\Views\form\edit_siswa.php on line 23.
 1 APPPATH\Views\form\edit_siswa.php(23): CodeIgniter\Debug\Exceptions->errorHandler(2, 'Trying to access array offset on value of type null', 'APPPATH\\Views\\form\\edit_siswa.php', 23)
 2 SYSTEMPATH\View\View.php(213): include('APPPATH\\Views\\form\\edit_siswa.php')
 3 SYSTEMPATH\View\View.php(216): CodeIgniter\View\View->CodeIgniter\View\{closure}()
 4 SYSTEMPATH\Common.php(1135): CodeIgniter\View\View->render('/form/edit_siswa', [], true)
 5 APPPATH\Controllers\siswa.php(80): view('/form/edit_siswa', [...])
 6 SYSTEMPATH\CodeIgniter.php(898): App\Controllers\siswa->edit('FCPATH\\asset', 'demo', 'chart-bar-demo.js')
 7 SYSTEMPATH\CodeIgniter.php(468): CodeIgniter\CodeIgniter->runController(Object(App\Controllers\siswa))
 8 SYSTEMPATH\CodeIgniter.php(351): CodeIgniter\CodeIgniter->handleRequest(null, Object(Config\Cache), false)
 9 FCPATH\index.php(55): CodeIgniter\CodeIgniter->run()
10 SYSTEMPATH\Commands\Server\rewrite.php(43): require_once('FCPATH\\index.php')
CRITICAL - 2023-03-17 06:01:36 --> Trying to access array offset on value of type null
in APPPATH\Views\form\edit_siswa.php on line 23.
 1 APPPATH\Views\form\edit_siswa.php(23): CodeIgniter\Debug\Exceptions->errorHandler(2, 'Trying to access array offset on value of type null', 'APPPATH\\Views\\form\\edit_siswa.php', 23)
 2 SYSTEMPATH\View\View.php(213): include('APPPATH\\Views\\form\\edit_siswa.php')
 3 SYSTEMPATH\View\View.php(216): CodeIgniter\View\View->CodeIgniter\View\{closure}()
 4 SYSTEMPATH\Common.php(1135): CodeIgniter\View\View->render('/form/edit_siswa', [], true)
 5 APPPATH\Controllers\siswa.php(80): view('/form/edit_siswa', [...])
 6 SYSTEMPATH\CodeIgniter.php(898): App\Controllers\siswa->edit('FCPATH\\asset', 'demo', 'chart-area-demo.js')
 7 SYSTEMPATH\CodeIgniter.php(468): CodeIgniter\CodeIgniter->runController(Object(App\Controllers\siswa))
 8 SYSTEMPATH\CodeIgniter.php(351): CodeIgniter\CodeIgniter->handleRequest(null, Object(Config\Cache), false)
 9 FCPATH\index.php(55): CodeIgniter\CodeIgniter->run()
10 SYSTEMPATH\Commands\Server\rewrite.php(43): require_once('FCPATH\\index.php')
CRITICAL - 2023-03-17 06:01:36 --> Trying to access array offset on value of type null
in APPPATH\Views\form\edit_siswa.php on line 23.
 1 APPPATH\Views\form\edit_siswa.php(23): CodeIgniter\Debug\Exceptions->errorHandler(2, 'Trying to access array offset on value of type null', 'APPPATH\\Views\\form\\edit_siswa.php', 23)
 2 SYSTEMPATH\View\View.php(213): include('APPPATH\\Views\\form\\edit_siswa.php')
 3 SYSTEMPATH\View\View.php(216): CodeIgniter\View\View->CodeIgniter\View\{closure}()
 4 SYSTEMPATH\Common.php(1135): CodeIgniter\View\View->render('/form/edit_siswa', [], true)
 5 APPPATH\Controllers\siswa.php(80): view('/form/edit_siswa', [...])
 6 SYSTEMPATH\CodeIgniter.php(898): App\Controllers\siswa->edit('FCPATH\\asset', 'demo', 'chart-bar-demo.js')
 7 SYSTEMPATH\CodeIgniter.php(468): CodeIgniter\CodeIgniter->runController(Object(App\Controllers\siswa))
 8 SYSTEMPATH\CodeIgniter.php(351): CodeIgniter\CodeIgniter->handleRequest(null, Object(Config\Cache), false)
 9 FCPATH\index.php(55): CodeIgniter\CodeIgniter->run()
10 SYSTEMPATH\Commands\Server\rewrite.php(43): require_once('FCPATH\\index.php')
CRITICAL - 2023-03-17 06:01:44 --> Trying to access array offset on value of type null
in APPPATH\Views\form\edit_siswa.php on line 23.
 1 APPPATH\Views\form\edit_siswa.php(23): CodeIgniter\Debug\Exceptions->errorHandler(2, 'Trying to access array offset on value of type null', 'APPPATH\\Views\\form\\edit_siswa.php', 23)
 2 SYSTEMPATH\View\View.php(213): include('APPPATH\\Views\\form\\edit_siswa.php')
 3 SYSTEMPATH\View\View.php(216): CodeIgniter\View\View->CodeIgniter\View\{closure}()
 4 SYSTEMPATH\Common.php(1135): CodeIgniter\View\View->render('/form/edit_siswa', [], true)
 5 APPPATH\Controllers\siswa.php(80): view('/form/edit_siswa', [...])
 6 SYSTEMPATH\CodeIgniter.php(898): App\Controllers\siswa->edit('FCPATH\\asset', 'demo', 'chart-area-demo.js')
 7 SYSTEMPATH\CodeIgniter.php(468): CodeIgniter\CodeIgniter->runController(Object(App\Controllers\siswa))
 8 SYSTEMPATH\CodeIgniter.php(351): CodeIgniter\CodeIgniter->handleRequest(null, Object(Config\Cache), false)
 9 FCPATH\index.php(55): CodeIgniter\CodeIgniter->run()
10 SYSTEMPATH\Commands\Server\rewrite.php(43): require_once('FCPATH\\index.php')
CRITICAL - 2023-03-17 06:01:44 --> Trying to access array offset on value of type null
in APPPATH\Views\form\edit_siswa.php on line 23.
 1 APPPATH\Views\form\edit_siswa.php(23): CodeIgniter\Debug\Exceptions->errorHandler(2, 'Trying to access array offset on value of type null', 'APPPATH\\Views\\form\\edit_siswa.php', 23)
 2 SYSTEMPATH\View\View.php(213): include('APPPATH\\Views\\form\\edit_siswa.php')
 3 SYSTEMPATH\View\View.php(216): CodeIgniter\View\View->CodeIgniter\View\{closure}()
 4 SYSTEMPATH\Common.php(1135): CodeIgniter\View\View->render('/form/edit_siswa', [], true)
 5 APPPATH\Controllers\siswa.php(80): view('/form/edit_siswa', [...])
 6 SYSTEMPATH\CodeIgniter.php(898): App\Controllers\siswa->edit('FCPATH\\asset', 'demo', 'chart-bar-demo.js')
 7 SYSTEMPATH\CodeIgniter.php(468): CodeIgniter\CodeIgniter->runController(Object(App\Controllers\siswa))
 8 SYSTEMPATH\CodeIgniter.php(351): CodeIgniter\CodeIgniter->handleRequest(null, Object(Config\Cache), false)
 9 FCPATH\index.php(55): CodeIgniter\CodeIgniter->run()
10 SYSTEMPATH\Commands\Server\rewrite.php(43): require_once('FCPATH\\index.php')
CRITICAL - 2023-03-17 06:03:41 --> Trying to access array offset on value of type null
in APPPATH\Views\form\edit_siswa.php on line 23.
 1 APPPATH\Views\form\edit_siswa.php(23): CodeIgniter\Debug\Exceptions->errorHandler(2, 'Trying to access array offset on value of type null', 'APPPATH\\Views\\form\\edit_siswa.php', 23)
 2 SYSTEMPATH\View\View.php(213): include('APPPATH\\Views\\form\\edit_siswa.php')
 3 SYSTEMPATH\View\View.php(216): CodeIgniter\View\View->CodeIgniter\View\{closure}()
 4 SYSTEMPATH\Common.php(1135): CodeIgniter\View\View->render('/form/edit_siswa', [], true)
 5 APPPATH\Controllers\siswa.php(80): view('/form/edit_siswa', [...])
 6 SYSTEMPATH\CodeIgniter.php(898): App\Controllers\siswa->edit('FCPATH\\asset', 'demo', 'chart-area-demo.js')
 7 SYSTEMPATH\CodeIgniter.php(468): CodeIgniter\CodeIgniter->runController(Object(App\Controllers\siswa))
 8 SYSTEMPATH\CodeIgniter.php(351): CodeIgniter\CodeIgniter->handleRequest(null, Object(Config\Cache), false)
 9 FCPATH\index.php(55): CodeIgniter\CodeIgniter->run()
10 SYSTEMPATH\Commands\Server\rewrite.php(43): require_once('FCPATH\\index.php')
CRITICAL - 2023-03-17 06:03:41 --> Trying to access array offset on value of type null
in APPPATH\Views\form\edit_siswa.php on line 23.
 1 APPPATH\Views\form\edit_siswa.php(23): CodeIgniter\Debug\Exceptions->errorHandler(2, 'Trying to access array offset on value of type null', 'APPPATH\\Views\\form\\edit_siswa.php', 23)
 2 SYSTEMPATH\View\View.php(213): include('APPPATH\\Views\\form\\edit_siswa.php')
 3 SYSTEMPATH\View\View.php(216): CodeIgniter\View\View->CodeIgniter\View\{closure}()
 4 SYSTEMPATH\Common.php(1135): CodeIgniter\View\View->render('/form/edit_siswa', [], true)
 5 APPPATH\Controllers\siswa.php(80): view('/form/edit_siswa', [...])
 6 SYSTEMPATH\CodeIgniter.php(898): App\Controllers\siswa->edit('FCPATH\\asset', 'demo', 'chart-bar-demo.js')
 7 SYSTEMPATH\CodeIgniter.php(468): CodeIgniter\CodeIgniter->runController(Object(App\Controllers\siswa))
 8 SYSTEMPATH\CodeIgniter.php(351): CodeIgniter\CodeIgniter->handleRequest(null, Object(Config\Cache), false)
 9 FCPATH\index.php(55): CodeIgniter\CodeIgniter->run()
10 SYSTEMPATH\Commands\Server\rewrite.php(43): require_once('FCPATH\\index.php')
CRITICAL - 2023-03-17 06:05:49 --> Trying to access array offset on value of type null
in APPPATH\Views\form\edit_siswa.php on line 23.
 1 APPPATH\Views\form\edit_siswa.php(23): CodeIgniter\Debug\Exceptions->errorHandler(2, 'Trying to access array offset on value of type null', 'APPPATH\\Views\\form\\edit_siswa.php', 23)
 2 SYSTEMPATH\View\View.php(213): include('APPPATH\\Views\\form\\edit_siswa.php')
 3 SYSTEMPATH\View\View.php(216): CodeIgniter\View\View->CodeIgniter\View\{closure}()
 4 SYSTEMPATH\Common.php(1135): CodeIgniter\View\View->render('/form/edit_siswa', [], true)
 5 APPPATH\Controllers\siswa.php(80): view('/form/edit_siswa', [...])
 6 SYSTEMPATH\CodeIgniter.php(898): App\Controllers\siswa->edit('FCPATH\\asset', 'demo', 'chart-area-demo.js')
 7 SYSTEMPATH\CodeIgniter.php(468): CodeIgniter\CodeIgniter->runController(Object(App\Controllers\siswa))
 8 SYSTEMPATH\CodeIgniter.php(351): CodeIgniter\CodeIgniter->handleRequest(null, Object(Config\Cache), false)
 9 FCPATH\index.php(55): CodeIgniter\CodeIgniter->run()
10 SYSTEMPATH\Commands\Server\rewrite.php(43): require_once('FCPATH\\index.php')
CRITICAL - 2023-03-17 06:05:50 --> Trying to access array offset on value of type null
in APPPATH\Views\form\edit_siswa.php on line 23.
 1 APPPATH\Views\form\edit_siswa.php(23): CodeIgniter\Debug\Exceptions->errorHandler(2, 'Trying to access array offset on value of type null', 'APPPATH\\Views\\form\\edit_siswa.php', 23)
 2 SYSTEMPATH\View\View.php(213): include('APPPATH\\Views\\form\\edit_siswa.php')
 3 SYSTEMPATH\View\View.php(216): CodeIgniter\View\View->CodeIgniter\View\{closure}()
 4 SYSTEMPATH\Common.php(1135): CodeIgniter\View\View->render('/form/edit_siswa', [], true)
 5 APPPATH\Controllers\siswa.php(80): view('/form/edit_siswa', [...])
 6 SYSTEMPATH\CodeIgniter.php(898): App\Controllers\siswa->edit('FCPATH\\asset', 'demo', 'chart-bar-demo.js')
 7 SYSTEMPATH\CodeIgniter.php(468): CodeIgniter\CodeIgniter->runController(Object(App\Controllers\siswa))
 8 SYSTEMPATH\CodeIgniter.php(351): CodeIgniter\CodeIgniter->handleRequest(null, Object(Config\Cache), false)
 9 FCPATH\index.php(55): CodeIgniter\CodeIgniter->run()
10 SYSTEMPATH\Commands\Server\rewrite.php(43): require_once('FCPATH\\index.php')
CRITICAL - 2023-03-17 06:06:02 --> Trying to access array offset on value of type null
in APPPATH\Views\form\edit_siswa.php on line 23.
 1 APPPATH\Views\form\edit_siswa.php(23): CodeIgniter\Debug\Exceptions->errorHandler(2, 'Trying to access array offset on value of type null', 'APPPATH\\Views\\form\\edit_siswa.php', 23)
 2 SYSTEMPATH\View\View.php(213): include('APPPATH\\Views\\form\\edit_siswa.php')
 3 SYSTEMPATH\View\View.php(216): CodeIgniter\View\View->CodeIgniter\View\{closure}()
 4 SYSTEMPATH\Common.php(1135): CodeIgniter\View\View->render('/form/edit_siswa', [], true)
 5 APPPATH\Controllers\siswa.php(80): view('/form/edit_siswa', [...])
 6 SYSTEMPATH\CodeIgniter.php(898): App\Controllers\siswa->edit('FCPATH\\asset', 'demo', 'chart-area-demo.js')
 7 SYSTEMPATH\CodeIgniter.php(468): CodeIgniter\CodeIgniter->runController(Object(App\Controllers\siswa))
 8 SYSTEMPATH\CodeIgniter.php(351): CodeIgniter\CodeIgniter->handleRequest(null, Object(Config\Cache), false)
 9 FCPATH\index.php(55): CodeIgniter\CodeIgniter->run()
10 SYSTEMPATH\Commands\Server\rewrite.php(43): require_once('FCPATH\\index.php')
CRITICAL - 2023-03-17 06:06:03 --> Trying to access array offset on value of type null
in APPPATH\Views\form\edit_siswa.php on line 23.
 1 APPPATH\Views\form\edit_siswa.php(23): CodeIgniter\Debug\Exceptions->errorHandler(2, 'Trying to access array offset on value of type null', 'APPPATH\\Views\\form\\edit_siswa.php', 23)
 2 SYSTEMPATH\View\View.php(213): include('APPPATH\\Views\\form\\edit_siswa.php')
 3 SYSTEMPATH\View\View.php(216): CodeIgniter\View\View->CodeIgniter\View\{closure}()
 4 SYSTEMPATH\Common.php(1135): CodeIgniter\View\View->render('/form/edit_siswa', [], true)
 5 APPPATH\Controllers\siswa.php(80): view('/form/edit_siswa', [...])
 6 SYSTEMPATH\CodeIgniter.php(898): App\Controllers\siswa->edit('FCPATH\\asset', 'demo', 'chart-bar-demo.js')
 7 SYSTEMPATH\CodeIgniter.php(468): CodeIgniter\CodeIgniter->runController(Object(App\Controllers\siswa))
 8 SYSTEMPATH\CodeIgniter.php(351): CodeIgniter\CodeIgniter->handleRequest(null, Object(Config\Cache), false)
 9 FCPATH\index.php(55): CodeIgniter\CodeIgniter->run()
10 SYSTEMPATH\Commands\Server\rewrite.php(43): require_once('FCPATH\\index.php')
CRITICAL - 2023-03-17 06:11:15 --> Trying to access array offset on value of type null
in APPPATH\Views\form\edit_siswa.php on line 23.
 1 APPPATH\Views\form\edit_siswa.php(23): CodeIgniter\Debug\Exceptions->errorHandler(2, 'Trying to access array offset on value of type null', 'APPPATH\\Views\\form\\edit_siswa.php', 23)
 2 SYSTEMPATH\View\View.php(213): include('APPPATH\\Views\\form\\edit_siswa.php')
 3 SYSTEMPATH\View\View.php(216): CodeIgniter\View\View->CodeIgniter\View\{closure}()
 4 SYSTEMPATH\Common.php(1135): CodeIgniter\View\View->render('/form/edit_siswa', [], true)
 5 APPPATH\Controllers\siswa.php(80): view('/form/edit_siswa', [...])
 6 SYSTEMPATH\CodeIgniter.php(898): App\Controllers\siswa->edit('FCPATH\\asset', 'demo', 'chart-area-demo.js')
 7 SYSTEMPATH\CodeIgniter.php(468): CodeIgniter\CodeIgniter->runController(Object(App\Controllers\siswa))
 8 SYSTEMPATH\CodeIgniter.php(351): CodeIgniter\CodeIgniter->handleRequest(null, Object(Config\Cache), false)
 9 FCPATH\index.php(55): CodeIgniter\CodeIgniter->run()
10 SYSTEMPATH\Commands\Server\rewrite.php(43): require_once('FCPATH\\index.php')
CRITICAL - 2023-03-17 06:11:16 --> Trying to access array offset on value of type null
in APPPATH\Views\form\edit_siswa.php on line 23.
 1 APPPATH\Views\form\edit_siswa.php(23): CodeIgniter\Debug\Exceptions->errorHandler(2, 'Trying to access array offset on value of type null', 'APPPATH\\Views\\form\\edit_siswa.php', 23)
 2 SYSTEMPATH\View\View.php(213): include('APPPATH\\Views\\form\\edit_siswa.php')
 3 SYSTEMPATH\View\View.php(216): CodeIgniter\View\View->CodeIgniter\View\{closure}()
 4 SYSTEMPATH\Common.php(1135): CodeIgniter\View\View->render('/form/edit_siswa', [], true)
 5 APPPATH\Controllers\siswa.php(80): view('/form/edit_siswa', [...])
 6 SYSTEMPATH\CodeIgniter.php(898): App\Controllers\siswa->edit('FCPATH\\asset', 'demo', 'chart-bar-demo.js')
 7 SYSTEMPATH\CodeIgniter.php(468): CodeIgniter\CodeIgniter->runController(Object(App\Controllers\siswa))
 8 SYSTEMPATH\CodeIgniter.php(351): CodeIgniter\CodeIgniter->handleRequest(null, Object(Config\Cache), false)
 9 FCPATH\index.php(55): CodeIgniter\CodeIgniter->run()
10 SYSTEMPATH\Commands\Server\rewrite.php(43): require_once('FCPATH\\index.php')
CRITICAL - 2023-03-17 06:11:19 --> Trying to access array offset on value of type null
in APPPATH\Views\form\edit_siswa.php on line 23.
 1 APPPATH\Views\form\edit_siswa.php(23): CodeIgniter\Debug\Exceptions->errorHandler(2, 'Trying to access array offset on value of type null', 'APPPATH\\Views\\form\\edit_siswa.php', 23)
 2 SYSTEMPATH\View\View.php(213): include('APPPATH\\Views\\form\\edit_siswa.php')
 3 SYSTEMPATH\View\View.php(216): CodeIgniter\View\View->CodeIgniter\View\{closure}()
 4 SYSTEMPATH\Common.php(1135): CodeIgniter\View\View->render('/form/edit_siswa', [], true)
 5 APPPATH\Controllers\siswa.php(80): view('/form/edit_siswa', [...])
 6 SYSTEMPATH\CodeIgniter.php(898): App\Controllers\siswa->edit('FCPATH\\asset', 'demo', 'chart-area-demo.js')
 7 SYSTEMPATH\CodeIgniter.php(468): CodeIgniter\CodeIgniter->runController(Object(App\Controllers\siswa))
 8 SYSTEMPATH\CodeIgniter.php(351): CodeIgniter\CodeIgniter->handleRequest(null, Object(Config\Cache), false)
 9 FCPATH\index.php(55): CodeIgniter\CodeIgniter->run()
10 SYSTEMPATH\Commands\Server\rewrite.php(43): require_once('FCPATH\\index.php')
CRITICAL - 2023-03-17 06:11:19 --> Trying to access array offset on value of type null
in APPPATH\Views\form\edit_siswa.php on line 23.
 1 APPPATH\Views\form\edit_siswa.php(23): CodeIgniter\Debug\Exceptions->errorHandler(2, 'Trying to access array offset on value of type null', 'APPPATH\\Views\\form\\edit_siswa.php', 23)
 2 SYSTEMPATH\View\View.php(213): include('APPPATH\\Views\\form\\edit_siswa.php')
 3 SYSTEMPATH\View\View.php(216): CodeIgniter\View\View->CodeIgniter\View\{closure}()
 4 SYSTEMPATH\Common.php(1135): CodeIgniter\View\View->render('/form/edit_siswa', [], true)
 5 APPPATH\Controllers\siswa.php(80): view('/form/edit_siswa', [...])
 6 SYSTEMPATH\CodeIgniter.php(898): App\Controllers\siswa->edit('FCPATH\\asset', 'demo', 'chart-bar-demo.js')
 7 SYSTEMPATH\CodeIgniter.php(468): CodeIgniter\CodeIgniter->runController(Object(App\Controllers\siswa))
 8 SYSTEMPATH\CodeIgniter.php(351): CodeIgniter\CodeIgniter->handleRequest(null, Object(Config\Cache), false)
 9 FCPATH\index.php(55): CodeIgniter\CodeIgniter->run()
10 SYSTEMPATH\Commands\Server\rewrite.php(43): require_once('FCPATH\\index.php')
CRITICAL - 2023-03-17 06:12:59 --> Trying to access array offset on value of type null
in APPPATH\Views\form\edit_siswa.php on line 23.
 1 APPPATH\Views\form\edit_siswa.php(23): CodeIgniter\Debug\Exceptions->errorHandler(2, 'Trying to access array offset on value of type null', 'APPPATH\\Views\\form\\edit_siswa.php', 23)
 2 SYSTEMPATH\View\View.php(213): include('APPPATH\\Views\\form\\edit_siswa.php')
 3 SYSTEMPATH\View\View.php(216): CodeIgniter\View\View->CodeIgniter\View\{closure}()
 4 SYSTEMPATH\Common.php(1135): CodeIgniter\View\View->render('/form/edit_siswa', [], true)
 5 APPPATH\Controllers\siswa.php(80): view('/form/edit_siswa', [...])
 6 SYSTEMPATH\CodeIgniter.php(898): App\Controllers\siswa->edit('FCPATH\\asset', 'demo', 'chart-area-demo.js')
 7 SYSTEMPATH\CodeIgniter.php(468): CodeIgniter\CodeIgniter->runController(Object(App\Controllers\siswa))
 8 SYSTEMPATH\CodeIgniter.php(351): CodeIgniter\CodeIgniter->handleRequest(null, Object(Config\Cache), false)
 9 FCPATH\index.php(55): CodeIgniter\CodeIgniter->run()
10 SYSTEMPATH\Commands\Server\rewrite.php(43): require_once('FCPATH\\index.php')
CRITICAL - 2023-03-17 06:12:59 --> Trying to access array offset on value of type null
in APPPATH\Views\form\edit_siswa.php on line 23.
 1 APPPATH\Views\form\edit_siswa.php(23): CodeIgniter\Debug\Exceptions->errorHandler(2, 'Trying to access array offset on value of type null', 'APPPATH\\Views\\form\\edit_siswa.php', 23)
 2 SYSTEMPATH\View\View.php(213): include('APPPATH\\Views\\form\\edit_siswa.php')
 3 SYSTEMPATH\View\View.php(216): CodeIgniter\View\View->CodeIgniter\View\{closure}()
 4 SYSTEMPATH\Common.php(1135): CodeIgniter\View\View->render('/form/edit_siswa', [], true)
 5 APPPATH\Controllers\siswa.php(80): view('/form/edit_siswa', [...])
 6 SYSTEMPATH\CodeIgniter.php(898): App\Controllers\siswa->edit('FCPATH\\asset', 'demo', 'chart-bar-demo.js')
 7 SYSTEMPATH\CodeIgniter.php(468): CodeIgniter\CodeIgniter->runController(Object(App\Controllers\siswa))
 8 SYSTEMPATH\CodeIgniter.php(351): CodeIgniter\CodeIgniter->handleRequest(null, Object(Config\Cache), false)
 9 FCPATH\index.php(55): CodeIgniter\CodeIgniter->run()
10 SYSTEMPATH\Commands\Server\rewrite.php(43): require_once('FCPATH\\index.php')
CRITICAL - 2023-03-17 06:16:12 --> Trying to access array offset on value of type null
in APPPATH\Views\form\edit_siswa.php on line 23.
 1 APPPATH\Views\form\edit_siswa.php(23): CodeIgniter\Debug\Exceptions->errorHandler(2, 'Trying to access array offset on value of type null', 'APPPATH\\Views\\form\\edit_siswa.php', 23)
 2 SYSTEMPATH\View\View.php(213): include('APPPATH\\Views\\form\\edit_siswa.php')
 3 SYSTEMPATH\View\View.php(216): CodeIgniter\View\View->CodeIgniter\View\{closure}()
 4 SYSTEMPATH\Common.php(1135): CodeIgniter\View\View->render('/form/edit_siswa', [], true)
 5 APPPATH\Controllers\siswa.php(80): view('/form/edit_siswa', [...])
 6 SYSTEMPATH\CodeIgniter.php(898): App\Controllers\siswa->edit('FCPATH\\asset', 'demo', 'chart-area-demo.js')
 7 SYSTEMPATH\CodeIgniter.php(468): CodeIgniter\CodeIgniter->runController(Object(App\Controllers\siswa))
 8 SYSTEMPATH\CodeIgniter.php(351): CodeIgniter\CodeIgniter->handleRequest(null, Object(Config\Cache), false)
 9 FCPATH\index.php(55): CodeIgniter\CodeIgniter->run()
10 SYSTEMPATH\Commands\Server\rewrite.php(43): require_once('FCPATH\\index.php')
CRITICAL - 2023-03-17 06:16:12 --> Trying to access array offset on value of type null
in APPPATH\Views\form\edit_siswa.php on line 23.
 1 APPPATH\Views\form\edit_siswa.php(23): CodeIgniter\Debug\Exceptions->errorHandler(2, 'Trying to access array offset on value of type null', 'APPPATH\\Views\\form\\edit_siswa.php', 23)
 2 SYSTEMPATH\View\View.php(213): include('APPPATH\\Views\\form\\edit_siswa.php')
 3 SYSTEMPATH\View\View.php(216): CodeIgniter\View\View->CodeIgniter\View\{closure}()
 4 SYSTEMPATH\Common.php(1135): CodeIgniter\View\View->render('/form/edit_siswa', [], true)
 5 APPPATH\Controllers\siswa.php(80): view('/form/edit_siswa', [...])
 6 SYSTEMPATH\CodeIgniter.php(898): App\Controllers\siswa->edit('FCPATH\\asset', 'demo', 'chart-bar-demo.js')
 7 SYSTEMPATH\CodeIgniter.php(468): CodeIgniter\CodeIgniter->runController(Object(App\Controllers\siswa))
 8 SYSTEMPATH\CodeIgniter.php(351): CodeIgniter\CodeIgniter->handleRequest(null, Object(Config\Cache), false)
 9 FCPATH\index.php(55): CodeIgniter\CodeIgniter->run()
10 SYSTEMPATH\Commands\Server\rewrite.php(43): require_once('FCPATH\\index.php')
CRITICAL - 2023-03-17 06:28:57 --> Trying to access array offset on value of type null
in APPPATH\Views\form\edit_siswa.php on line 23.
 1 APPPATH\Views\form\edit_siswa.php(23): CodeIgniter\Debug\Exceptions->errorHandler(2, 'Trying to access array offset on value of type null', 'APPPATH\\Views\\form\\edit_siswa.php', 23)
 2 SYSTEMPATH\View\View.php(213): include('APPPATH\\Views\\form\\edit_siswa.php')
 3 SYSTEMPATH\View\View.php(216): CodeIgniter\View\View->CodeIgniter\View\{closure}()
 4 SYSTEMPATH\Common.php(1135): CodeIgniter\View\View->render('/form/edit_siswa', [], true)
 5 APPPATH\Controllers\siswa.php(80): view('/form/edit_siswa', [...])
 6 SYSTEMPATH\CodeIgniter.php(898): App\Controllers\siswa->edit('FCPATH\\asset', 'demo', 'chart-area-demo.js')
 7 SYSTEMPATH\CodeIgniter.php(468): CodeIgniter\CodeIgniter->runController(Object(App\Controllers\siswa))
 8 SYSTEMPATH\CodeIgniter.php(351): CodeIgniter\CodeIgniter->handleRequest(null, Object(Config\Cache), false)
 9 FCPATH\index.php(55): CodeIgniter\CodeIgniter->run()
10 SYSTEMPATH\Commands\Server\rewrite.php(43): require_once('FCPATH\\index.php')
CRITICAL - 2023-03-17 06:28:58 --> Trying to access array offset on value of type null
in APPPATH\Views\form\edit_siswa.php on line 23.
 1 APPPATH\Views\form\edit_siswa.php(23): CodeIgniter\Debug\Exceptions->errorHandler(2, 'Trying to access array offset on value of type null', 'APPPATH\\Views\\form\\edit_siswa.php', 23)
 2 SYSTEMPATH\View\View.php(213): include('APPPATH\\Views\\form\\edit_siswa.php')
 3 SYSTEMPATH\View\View.php(216): CodeIgniter\View\View->CodeIgniter\View\{closure}()
 4 SYSTEMPATH\Common.php(1135): CodeIgniter\View\View->render('/form/edit_siswa', [], true)
 5 APPPATH\Controllers\siswa.php(80): view('/form/edit_siswa', [...])
 6 SYSTEMPATH\CodeIgniter.php(898): App\Controllers\siswa->edit('FCPATH\\asset', 'demo', 'chart-bar-demo.js')
 7 SYSTEMPATH\CodeIgniter.php(468): CodeIgniter\CodeIgniter->runController(Object(App\Controllers\siswa))
 8 SYSTEMPATH\CodeIgniter.php(351): CodeIgniter\CodeIgniter->handleRequest(null, Object(Config\Cache), false)
 9 FCPATH\index.php(55): CodeIgniter\CodeIgniter->run()
10 SYSTEMPATH\Commands\Server\rewrite.php(43): require_once('FCPATH\\index.php')
CRITICAL - 2023-03-17 06:36:02 --> Trying to access array offset on value of type null
in APPPATH\Views\form\edit_siswa.php on line 23.
 1 APPPATH\Views\form\edit_siswa.php(23): CodeIgniter\Debug\Exceptions->errorHandler(2, 'Trying to access array offset on value of type null', 'APPPATH\\Views\\form\\edit_siswa.php', 23)
 2 SYSTEMPATH\View\View.php(213): include('APPPATH\\Views\\form\\edit_siswa.php')
 3 SYSTEMPATH\View\View.php(216): CodeIgniter\View\View->CodeIgniter\View\{closure}()
 4 SYSTEMPATH\Common.php(1135): CodeIgniter\View\View->render('/form/edit_siswa', [], true)
 5 APPPATH\Controllers\siswa.php(80): view('/form/edit_siswa', [...])
 6 SYSTEMPATH\CodeIgniter.php(898): App\Controllers\siswa->edit('FCPATH\\asset', 'demo', 'chart-area-demo.js')
 7 SYSTEMPATH\CodeIgniter.php(468): CodeIgniter\CodeIgniter->runController(Object(App\Controllers\siswa))
 8 SYSTEMPATH\CodeIgniter.php(351): CodeIgniter\CodeIgniter->handleRequest(null, Object(Config\Cache), false)
 9 FCPATH\index.php(55): CodeIgniter\CodeIgniter->run()
10 SYSTEMPATH\Commands\Server\rewrite.php(43): require_once('FCPATH\\index.php')
CRITICAL - 2023-03-17 06:36:02 --> Trying to access array offset on value of type null
in APPPATH\Views\form\edit_siswa.php on line 23.
 1 APPPATH\Views\form\edit_siswa.php(23): CodeIgniter\Debug\Exceptions->errorHandler(2, 'Trying to access array offset on value of type null', 'APPPATH\\Views\\form\\edit_siswa.php', 23)
 2 SYSTEMPATH\View\View.php(213): include('APPPATH\\Views\\form\\edit_siswa.php')
 3 SYSTEMPATH\View\View.php(216): CodeIgniter\View\View->CodeIgniter\View\{closure}()
 4 SYSTEMPATH\Common.php(1135): CodeIgniter\View\View->render('/form/edit_siswa', [], true)
 5 APPPATH\Controllers\siswa.php(80): view('/form/edit_siswa', [...])
 6 SYSTEMPATH\CodeIgniter.php(898): App\Controllers\siswa->edit('FCPATH\\asset', 'demo', 'chart-bar-demo.js')
 7 SYSTEMPATH\CodeIgniter.php(468): CodeIgniter\CodeIgniter->runController(Object(App\Controllers\siswa))
 8 SYSTEMPATH\CodeIgniter.php(351): CodeIgniter\CodeIgniter->handleRequest(null, Object(Config\Cache), false)
 9 FCPATH\index.php(55): CodeIgniter\CodeIgniter->run()
10 SYSTEMPATH\Commands\Server\rewrite.php(43): require_once('FCPATH\\index.php')
CRITICAL - 2023-03-17 06:37:50 --> Trying to access array offset on value of type null
in APPPATH\Views\form\edit_siswa.php on line 23.
 1 APPPATH\Views\form\edit_siswa.php(23): CodeIgniter\Debug\Exceptions->errorHandler(2, 'Trying to access array offset on value of type null', 'APPPATH\\Views\\form\\edit_siswa.php', 23)
 2 SYSTEMPATH\View\View.php(213): include('APPPATH\\Views\\form\\edit_siswa.php')
 3 SYSTEMPATH\View\View.php(216): CodeIgniter\View\View->CodeIgniter\View\{closure}()
 4 SYSTEMPATH\Common.php(1135): CodeIgniter\View\View->render('/form/edit_siswa', [], true)
 5 APPPATH\Controllers\siswa.php(80): view('/form/edit_siswa', [...])
 6 SYSTEMPATH\CodeIgniter.php(898): App\Controllers\siswa->edit('FCPATH\\asset', 'demo', 'chart-area-demo.js')
 7 SYSTEMPATH\CodeIgniter.php(468): CodeIgniter\CodeIgniter->runController(Object(App\Controllers\siswa))
 8 SYSTEMPATH\CodeIgniter.php(351): CodeIgniter\CodeIgniter->handleRequest(null, Object(Config\Cache), false)
 9 FCPATH\index.php(55): CodeIgniter\CodeIgniter->run()
10 SYSTEMPATH\Commands\Server\rewrite.php(43): require_once('FCPATH\\index.php')
CRITICAL - 2023-03-17 06:37:51 --> Trying to access array offset on value of type null
in APPPATH\Views\form\edit_siswa.php on line 23.
 1 APPPATH\Views\form\edit_siswa.php(23): CodeIgniter\Debug\Exceptions->errorHandler(2, 'Trying to access array offset on value of type null', 'APPPATH\\Views\\form\\edit_siswa.php', 23)
 2 SYSTEMPATH\View\View.php(213): include('APPPATH\\Views\\form\\edit_siswa.php')
 3 SYSTEMPATH\View\View.php(216): CodeIgniter\View\View->CodeIgniter\View\{closure}()
 4 SYSTEMPATH\Common.php(1135): CodeIgniter\View\View->render('/form/edit_siswa', [], true)
 5 APPPATH\Controllers\siswa.php(80): view('/form/edit_siswa', [...])
 6 SYSTEMPATH\CodeIgniter.php(898): App\Controllers\siswa->edit('FCPATH\\asset', 'demo', 'chart-bar-demo.js')
 7 SYSTEMPATH\CodeIgniter.php(468): CodeIgniter\CodeIgniter->runController(Object(App\Controllers\siswa))
 8 SYSTEMPATH\CodeIgniter.php(351): CodeIgniter\CodeIgniter->handleRequest(null, Object(Config\Cache), false)
 9 FCPATH\index.php(55): CodeIgniter\CodeIgniter->run()
10 SYSTEMPATH\Commands\Server\rewrite.php(43): require_once('FCPATH\\index.php')
CRITICAL - 2023-03-17 06:40:28 --> Trying to access array offset on value of type null
in APPPATH\Views\form\edit_siswa.php on line 23.
 1 APPPATH\Views\form\edit_siswa.php(23): CodeIgniter\Debug\Exceptions->errorHandler(2, 'Trying to access array offset on value of type null', 'APPPATH\\Views\\form\\edit_siswa.php', 23)
 2 SYSTEMPATH\View\View.php(213): include('APPPATH\\Views\\form\\edit_siswa.php')
 3 SYSTEMPATH\View\View.php(216): CodeIgniter\View\View->CodeIgniter\View\{closure}()
 4 SYSTEMPATH\Common.php(1135): CodeIgniter\View\View->render('/form/edit_siswa', [], true)
 5 APPPATH\Controllers\siswa.php(80): view('/form/edit_siswa', [...])
 6 SYSTEMPATH\CodeIgniter.php(898): App\Controllers\siswa->edit('FCPATH\\asset', 'demo', 'chart-area-demo.js')
 7 SYSTEMPATH\CodeIgniter.php(468): CodeIgniter\CodeIgniter->runController(Object(App\Controllers\siswa))
 8 SYSTEMPATH\CodeIgniter.php(351): CodeIgniter\CodeIgniter->handleRequest(null, Object(Config\Cache), false)
 9 FCPATH\index.php(55): CodeIgniter\CodeIgniter->run()
10 SYSTEMPATH\Commands\Server\rewrite.php(43): require_once('FCPATH\\index.php')
CRITICAL - 2023-03-17 06:40:29 --> Trying to access array offset on value of type null
in APPPATH\Views\form\edit_siswa.php on line 23.
 1 APPPATH\Views\form\edit_siswa.php(23): CodeIgniter\Debug\Exceptions->errorHandler(2, 'Trying to access array offset on value of type null', 'APPPATH\\Views\\form\\edit_siswa.php', 23)
 2 SYSTEMPATH\View\View.php(213): include('APPPATH\\Views\\form\\edit_siswa.php')
 3 SYSTEMPATH\View\View.php(216): CodeIgniter\View\View->CodeIgniter\View\{closure}()
 4 SYSTEMPATH\Common.php(1135): CodeIgniter\View\View->render('/form/edit_siswa', [], true)
 5 APPPATH\Controllers\siswa.php(80): view('/form/edit_siswa', [...])
 6 SYSTEMPATH\CodeIgniter.php(898): App\Controllers\siswa->edit('FCPATH\\asset', 'demo', 'chart-bar-demo.js')
 7 SYSTEMPATH\CodeIgniter.php(468): CodeIgniter\CodeIgniter->runController(Object(App\Controllers\siswa))
 8 SYSTEMPATH\CodeIgniter.php(351): CodeIgniter\CodeIgniter->handleRequest(null, Object(Config\Cache), false)
 9 FCPATH\index.php(55): CodeIgniter\CodeIgniter->run()
10 SYSTEMPATH\Commands\Server\rewrite.php(43): require_once('FCPATH\\index.php')
CRITICAL - 2023-03-17 06:41:34 --> Trying to access array offset on value of type null
in APPPATH\Views\form\edit_siswa.php on line 23.
 1 APPPATH\Views\form\edit_siswa.php(23): CodeIgniter\Debug\Exceptions->errorHandler(2, 'Trying to access array offset on value of type null', 'APPPATH\\Views\\form\\edit_siswa.php', 23)
 2 SYSTEMPATH\View\View.php(213): include('APPPATH\\Views\\form\\edit_siswa.php')
 3 SYSTEMPATH\View\View.php(216): CodeIgniter\View\View->CodeIgniter\View\{closure}()
 4 SYSTEMPATH\Common.php(1135): CodeIgniter\View\View->render('/form/edit_siswa', [], true)
 5 APPPATH\Controllers\siswa.php(80): view('/form/edit_siswa', [...])
 6 SYSTEMPATH\CodeIgniter.php(898): App\Controllers\siswa->edit('FCPATH\\asset', 'demo', 'chart-area-demo.js')
 7 SYSTEMPATH\CodeIgniter.php(468): CodeIgniter\CodeIgniter->runController(Object(App\Controllers\siswa))
 8 SYSTEMPATH\CodeIgniter.php(351): CodeIgniter\CodeIgniter->handleRequest(null, Object(Config\Cache), false)
 9 FCPATH\index.php(55): CodeIgniter\CodeIgniter->run()
10 SYSTEMPATH\Commands\Server\rewrite.php(43): require_once('FCPATH\\index.php')
CRITICAL - 2023-03-17 06:41:34 --> Trying to access array offset on value of type null
in APPPATH\Views\form\edit_siswa.php on line 23.
 1 APPPATH\Views\form\edit_siswa.php(23): CodeIgniter\Debug\Exceptions->errorHandler(2, 'Trying to access array offset on value of type null', 'APPPATH\\Views\\form\\edit_siswa.php', 23)
 2 SYSTEMPATH\View\View.php(213): include('APPPATH\\Views\\form\\edit_siswa.php')
 3 SYSTEMPATH\View\View.php(216): CodeIgniter\View\View->CodeIgniter\View\{closure}()
 4 SYSTEMPATH\Common.php(1135): CodeIgniter\View\View->render('/form/edit_siswa', [], true)
 5 APPPATH\Controllers\siswa.php(80): view('/form/edit_siswa', [...])
 6 SYSTEMPATH\CodeIgniter.php(898): App\Controllers\siswa->edit('FCPATH\\asset', 'demo', 'chart-bar-demo.js')
 7 SYSTEMPATH\CodeIgniter.php(468): CodeIgniter\CodeIgniter->runController(Object(App\Controllers\siswa))
 8 SYSTEMPATH\CodeIgniter.php(351): CodeIgniter\CodeIgniter->handleRequest(null, Object(Config\Cache), false)
 9 FCPATH\index.php(55): CodeIgniter\CodeIgniter->run()
10 SYSTEMPATH\Commands\Server\rewrite.php(43): require_once('FCPATH\\index.php')
CRITICAL - 2023-03-17 06:42:44 --> Trying to access array offset on value of type null
in APPPATH\Views\form\edit_siswa.php on line 23.
 1 APPPATH\Views\form\edit_siswa.php(23): CodeIgniter\Debug\Exceptions->errorHandler(2, 'Trying to access array offset on value of type null', 'APPPATH\\Views\\form\\edit_siswa.php', 23)
 2 SYSTEMPATH\View\View.php(213): include('APPPATH\\Views\\form\\edit_siswa.php')
 3 SYSTEMPATH\View\View.php(216): CodeIgniter\View\View->CodeIgniter\View\{closure}()
 4 SYSTEMPATH\Common.php(1135): CodeIgniter\View\View->render('/form/edit_siswa', [], true)
 5 APPPATH\Controllers\siswa.php(80): view('/form/edit_siswa', [...])
 6 SYSTEMPATH\CodeIgniter.php(898): App\Controllers\siswa->edit('FCPATH\\asset', 'demo', 'chart-area-demo.js')
 7 SYSTEMPATH\CodeIgniter.php(468): CodeIgniter\CodeIgniter->runController(Object(App\Controllers\siswa))
 8 SYSTEMPATH\CodeIgniter.php(351): CodeIgniter\CodeIgniter->handleRequest(null, Object(Config\Cache), false)
 9 FCPATH\index.php(55): CodeIgniter\CodeIgniter->run()
10 SYSTEMPATH\Commands\Server\rewrite.php(43): require_once('FCPATH\\index.php')
CRITICAL - 2023-03-17 06:42:44 --> Trying to access array offset on value of type null
in APPPATH\Views\form\edit_siswa.php on line 23.
 1 APPPATH\Views\form\edit_siswa.php(23): CodeIgniter\Debug\Exceptions->errorHandler(2, 'Trying to access array offset on value of type null', 'APPPATH\\Views\\form\\edit_siswa.php', 23)
 2 SYSTEMPATH\View\View.php(213): include('APPPATH\\Views\\form\\edit_siswa.php')
 3 SYSTEMPATH\View\View.php(216): CodeIgniter\View\View->CodeIgniter\View\{closure}()
 4 SYSTEMPATH\Common.php(1135): CodeIgniter\View\View->render('/form/edit_siswa', [], true)
 5 APPPATH\Controllers\siswa.php(80): view('/form/edit_siswa', [...])
 6 SYSTEMPATH\CodeIgniter.php(898): App\Controllers\siswa->edit('FCPATH\\asset', 'demo', 'chart-bar-demo.js')
 7 SYSTEMPATH\CodeIgniter.php(468): CodeIgniter\CodeIgniter->runController(Object(App\Controllers\siswa))
 8 SYSTEMPATH\CodeIgniter.php(351): CodeIgniter\CodeIgniter->handleRequest(null, Object(Config\Cache), false)
 9 FCPATH\index.php(55): CodeIgniter\CodeIgniter->run()
10 SYSTEMPATH\Commands\Server\rewrite.php(43): require_once('FCPATH\\index.php')
CRITICAL - 2023-03-17 06:43:09 --> Trying to access array offset on value of type null
in APPPATH\Views\form\edit_siswa.php on line 23.
 1 APPPATH\Views\form\edit_siswa.php(23): CodeIgniter\Debug\Exceptions->errorHandler(2, 'Trying to access array offset on value of type null', 'APPPATH\\Views\\form\\edit_siswa.php', 23)
 2 SYSTEMPATH\View\View.php(213): include('APPPATH\\Views\\form\\edit_siswa.php')
 3 SYSTEMPATH\View\View.php(216): CodeIgniter\View\View->CodeIgniter\View\{closure}()
 4 SYSTEMPATH\Common.php(1135): CodeIgniter\View\View->render('/form/edit_siswa', [], true)
 5 APPPATH\Controllers\siswa.php(80): view('/form/edit_siswa', [...])
 6 SYSTEMPATH\CodeIgniter.php(898): App\Controllers\siswa->edit('FCPATH\\asset', 'demo', 'chart-area-demo.js')
 7 SYSTEMPATH\CodeIgniter.php(468): CodeIgniter\CodeIgniter->runController(Object(App\Controllers\siswa))
 8 SYSTEMPATH\CodeIgniter.php(351): CodeIgniter\CodeIgniter->handleRequest(null, Object(Config\Cache), false)
 9 FCPATH\index.php(55): CodeIgniter\CodeIgniter->run()
10 SYSTEMPATH\Commands\Server\rewrite.php(43): require_once('FCPATH\\index.php')
CRITICAL - 2023-03-17 06:43:09 --> Trying to access array offset on value of type null
in APPPATH\Views\form\edit_siswa.php on line 23.
 1 APPPATH\Views\form\edit_siswa.php(23): CodeIgniter\Debug\Exceptions->errorHandler(2, 'Trying to access array offset on value of type null', 'APPPATH\\Views\\form\\edit_siswa.php', 23)
 2 SYSTEMPATH\View\View.php(213): include('APPPATH\\Views\\form\\edit_siswa.php')
 3 SYSTEMPATH\View\View.php(216): CodeIgniter\View\View->CodeIgniter\View\{closure}()
 4 SYSTEMPATH\Common.php(1135): CodeIgniter\View\View->render('/form/edit_siswa', [], true)
 5 APPPATH\Controllers\siswa.php(80): view('/form/edit_siswa', [...])
 6 SYSTEMPATH\CodeIgniter.php(898): App\Controllers\siswa->edit('FCPATH\\asset', 'demo', 'chart-bar-demo.js')
 7 SYSTEMPATH\CodeIgniter.php(468): CodeIgniter\CodeIgniter->runController(Object(App\Controllers\siswa))
 8 SYSTEMPATH\CodeIgniter.php(351): CodeIgniter\CodeIgniter->handleRequest(null, Object(Config\Cache), false)
 9 FCPATH\index.php(55): CodeIgniter\CodeIgniter->run()
10 SYSTEMPATH\Commands\Server\rewrite.php(43): require_once('FCPATH\\index.php')
CRITICAL - 2023-03-17 06:49:30 --> Trying to access array offset on value of type null
in APPPATH\Views\form\edit_siswa.php on line 23.
 1 APPPATH\Views\form\edit_siswa.php(23): CodeIgniter\Debug\Exceptions->errorHandler(2, 'Trying to access array offset on value of type null', 'APPPATH\\Views\\form\\edit_siswa.php', 23)
 2 SYSTEMPATH\View\View.php(213): include('APPPATH\\Views\\form\\edit_siswa.php')
 3 SYSTEMPATH\View\View.php(216): CodeIgniter\View\View->CodeIgniter\View\{closure}()
 4 SYSTEMPATH\Common.php(1135): CodeIgniter\View\View->render('/form/edit_siswa', [], true)
 5 APPPATH\Controllers\siswa.php(80): view('/form/edit_siswa', [...])
 6 SYSTEMPATH\CodeIgniter.php(898): App\Controllers\siswa->edit('FCPATH\\asset', 'demo', 'chart-area-demo.js')
 7 SYSTEMPATH\CodeIgniter.php(468): CodeIgniter\CodeIgniter->runController(Object(App\Controllers\siswa))
 8 SYSTEMPATH\CodeIgniter.php(351): CodeIgniter\CodeIgniter->handleRequest(null, Object(Config\Cache), false)
 9 FCPATH\index.php(55): CodeIgniter\CodeIgniter->run()
10 SYSTEMPATH\Commands\Server\rewrite.php(43): require_once('FCPATH\\index.php')
CRITICAL - 2023-03-17 06:49:30 --> Trying to access array offset on value of type null
in APPPATH\Views\form\edit_siswa.php on line 23.
 1 APPPATH\Views\form\edit_siswa.php(23): CodeIgniter\Debug\Exceptions->errorHandler(2, 'Trying to access array offset on value of type null', 'APPPATH\\Views\\form\\edit_siswa.php', 23)
 2 SYSTEMPATH\View\View.php(213): include('APPPATH\\Views\\form\\edit_siswa.php')
 3 SYSTEMPATH\View\View.php(216): CodeIgniter\View\View->CodeIgniter\View\{closure}()
 4 SYSTEMPATH\Common.php(1135): CodeIgniter\View\View->render('/form/edit_siswa', [], true)
 5 APPPATH\Controllers\siswa.php(80): view('/form/edit_siswa', [...])
 6 SYSTEMPATH\CodeIgniter.php(898): App\Controllers\siswa->edit('FCPATH\\asset', 'demo', 'chart-bar-demo.js')
 7 SYSTEMPATH\CodeIgniter.php(468): CodeIgniter\CodeIgniter->runController(Object(App\Controllers\siswa))
 8 SYSTEMPATH\CodeIgniter.php(351): CodeIgniter\CodeIgniter->handleRequest(null, Object(Config\Cache), false)
 9 FCPATH\index.php(55): CodeIgniter\CodeIgniter->run()
10 SYSTEMPATH\Commands\Server\rewrite.php(43): require_once('FCPATH\\index.php')
CRITICAL - 2023-03-17 07:04:31 --> Trying to access array offset on value of type null
in APPPATH\Views\form\edit_siswa.php on line 23.
 1 APPPATH\Views\form\edit_siswa.php(23): CodeIgniter\Debug\Exceptions->errorHandler(2, 'Trying to access array offset on value of type null', 'APPPATH\\Views\\form\\edit_siswa.php', 23)
 2 SYSTEMPATH\View\View.php(213): include('APPPATH\\Views\\form\\edit_siswa.php')
 3 SYSTEMPATH\View\View.php(216): CodeIgniter\View\View->CodeIgniter\View\{closure}()
 4 SYSTEMPATH\Common.php(1135): CodeIgniter\View\View->render('/form/edit_siswa', [], true)
 5 APPPATH\Controllers\siswa.php(80): view('/form/edit_siswa', [...])
 6 SYSTEMPATH\CodeIgniter.php(898): App\Controllers\siswa->edit('FCPATH\\asset', 'demo', 'chart-area-demo.js')
 7 SYSTEMPATH\CodeIgniter.php(468): CodeIgniter\CodeIgniter->runController(Object(App\Controllers\siswa))
 8 SYSTEMPATH\CodeIgniter.php(351): CodeIgniter\CodeIgniter->handleRequest(null, Object(Config\Cache), false)
 9 FCPATH\index.php(55): CodeIgniter\CodeIgniter->run()
10 SYSTEMPATH\Commands\Server\rewrite.php(43): require_once('FCPATH\\index.php')
CRITICAL - 2023-03-17 07:04:31 --> Trying to access array offset on value of type null
in APPPATH\Views\form\edit_siswa.php on line 23.
 1 APPPATH\Views\form\edit_siswa.php(23): CodeIgniter\Debug\Exceptions->errorHandler(2, 'Trying to access array offset on value of type null', 'APPPATH\\Views\\form\\edit_siswa.php', 23)
 2 SYSTEMPATH\View\View.php(213): include('APPPATH\\Views\\form\\edit_siswa.php')
 3 SYSTEMPATH\View\View.php(216): CodeIgniter\View\View->CodeIgniter\View\{closure}()
 4 SYSTEMPATH\Common.php(1135): CodeIgniter\View\View->render('/form/edit_siswa', [], true)
 5 APPPATH\Controllers\siswa.php(80): view('/form/edit_siswa', [...])
 6 SYSTEMPATH\CodeIgniter.php(898): App\Controllers\siswa->edit('FCPATH\\asset', 'demo', 'chart-bar-demo.js')
 7 SYSTEMPATH\CodeIgniter.php(468): CodeIgniter\CodeIgniter->runController(Object(App\Controllers\siswa))
 8 SYSTEMPATH\CodeIgniter.php(351): CodeIgniter\CodeIgniter->handleRequest(null, Object(Config\Cache), false)
 9 FCPATH\index.php(55): CodeIgniter\CodeIgniter->run()
10 SYSTEMPATH\Commands\Server\rewrite.php(43): require_once('FCPATH\\index.php')
CRITICAL - 2023-03-17 07:07:14 --> Trying to access array offset on value of type null
in APPPATH\Views\form\input_tunggakan.php on line 33.
 1 APPPATH\Views\form\input_tunggakan.php(33): CodeIgniter\Debug\Exceptions->errorHandler(2, 'Trying to access array offset on value of type null', 'APPPATH\\Views\\form\\input_tunggakan.php', 33)
 2 SYSTEMPATH\View\View.php(213): include('APPPATH\\Views\\form\\input_tunggakan.php')
 3 SYSTEMPATH\View\View.php(216): CodeIgniter\View\View->CodeIgniter\View\{closure}()
 4 SYSTEMPATH\Common.php(1135): CodeIgniter\View\View->render('/form/input_tunggakan', [], true)
 5 APPPATH\Controllers\siswa.php(102): view('/form/input_tunggakan', [...])
 6 SYSTEMPATH\CodeIgniter.php(898): App\Controllers\siswa->input_tunggakan('FCPATH\\asset', 'demo', 'chart-area-demo.js')
 7 SYSTEMPATH\CodeIgniter.php(468): CodeIgniter\CodeIgniter->runController(Object(App\Controllers\siswa))
 8 SYSTEMPATH\CodeIgniter.php(351): CodeIgniter\CodeIgniter->handleRequest(null, Object(Config\Cache), false)
 9 FCPATH\index.php(55): CodeIgniter\CodeIgniter->run()
10 SYSTEMPATH\Commands\Server\rewrite.php(43): require_once('FCPATH\\index.php')
CRITICAL - 2023-03-17 07:07:14 --> Trying to access array offset on value of type null
in APPPATH\Views\form\input_tunggakan.php on line 33.
 1 APPPATH\Views\form\input_tunggakan.php(33): CodeIgniter\Debug\Exceptions->errorHandler(2, 'Trying to access array offset on value of type null', 'APPPATH\\Views\\form\\input_tunggakan.php', 33)
 2 SYSTEMPATH\View\View.php(213): include('APPPATH\\Views\\form\\input_tunggakan.php')
 3 SYSTEMPATH\View\View.php(216): CodeIgniter\View\View->CodeIgniter\View\{closure}()
 4 SYSTEMPATH\Common.php(1135): CodeIgniter\View\View->render('/form/input_tunggakan', [], true)
 5 APPPATH\Controllers\siswa.php(102): view('/form/input_tunggakan', [...])
 6 SYSTEMPATH\CodeIgniter.php(898): App\Controllers\siswa->input_tunggakan('FCPATH\\asset', 'demo', 'chart-bar-demo.js')
 7 SYSTEMPATH\CodeIgniter.php(468): CodeIgniter\CodeIgniter->runController(Object(App\Controllers\siswa))
 8 SYSTEMPATH\CodeIgniter.php(351): CodeIgniter\CodeIgniter->handleRequest(null, Object(Config\Cache), false)
 9 FCPATH\index.php(55): CodeIgniter\CodeIgniter->run()
10 SYSTEMPATH\Commands\Server\rewrite.php(43): require_once('FCPATH\\index.php')
ERROR - 2023-03-17 07:07:19 --> Column 'nis' cannot be null
CRITICAL - 2023-03-17 07:07:19 --> Column 'nis' cannot be null
in SYSTEMPATH\Database\MySQLi\Connection.php on line 292.
 1 SYSTEMPATH\Database\MySQLi\Connection.php(292): mysqli->query('INSERT INTO `tunggakan` (`nis`, `nm_siswa`, `id_spp`, `nominal`) VALUES (NULL, NULL, NULL, NULL)', 0)
 2 SYSTEMPATH\Database\BaseConnection.php(678): CodeIgniter\Database\MySQLi\Connection->execute('INSERT INTO `tunggakan` (`nis`, `nm_siswa`, `id_spp`, `nominal`) VALUES (NULL, NULL, NULL, NULL)')
 3 SYSTEMPATH\Database\BaseConnection.php(606): CodeIgniter\Database\BaseConnection->simpleQuery('INSERT INTO `tunggakan` (`nis`, `nm_siswa`, `id_spp`, `nominal`) VALUES (NULL, NULL, NULL, NULL)')
 4 SYSTEMPATH\Database\BaseBuilder.php(1904): CodeIgniter\Database\BaseConnection->query('INSERT INTO `tunggakan` (`nis`, `nm_siswa`, `id_spp`, `nominal`) VALUES (:nis:, :nm_siswa:, :id_spp:, :nominal:)', [...], false)
 5 SYSTEMPATH\Model.php(278): CodeIgniter\Database\BaseBuilder->insert()
 6 SYSTEMPATH\BaseModel.php(738): CodeIgniter\Model->doInsert([...])
 7 SYSTEMPATH\Model.php(666): CodeIgniter\BaseModel->insert([...], false)
 8 SYSTEMPATH\BaseModel.php(658): CodeIgniter\Model->insert([...], false)
 9 APPPATH\Controllers\tunggakan.php(45): CodeIgniter\BaseModel->save([...])
10 SYSTEMPATH\CodeIgniter.php(898): App\Controllers\tunggakan->save('FCPATH\\asset', 'demo', 'chart-area-demo.js')
11 SYSTEMPATH\CodeIgniter.php(468): CodeIgniter\CodeIgniter->runController(Object(App\Controllers\tunggakan))
12 SYSTEMPATH\CodeIgniter.php(351): CodeIgniter\CodeIgniter->handleRequest(null, Object(Config\Cache), false)
13 FCPATH\index.php(55): CodeIgniter\CodeIgniter->run()
14 SYSTEMPATH\Commands\Server\rewrite.php(43): require_once('FCPATH\\index.php')
ERROR - 2023-03-17 07:07:19 --> Column 'nis' cannot be null
CRITICAL - 2023-03-17 07:07:19 --> Column 'nis' cannot be null
in SYSTEMPATH\Database\MySQLi\Connection.php on line 292.
 1 SYSTEMPATH\Database\MySQLi\Connection.php(292): mysqli->query('INSERT INTO `tunggakan` (`nis`, `nm_siswa`, `id_spp`, `nominal`) VALUES (NULL, NULL, NULL, NULL)', 0)
 2 SYSTEMPATH\Database\BaseConnection.php(678): CodeIgniter\Database\MySQLi\Connection->execute('INSERT INTO `tunggakan` (`nis`, `nm_siswa`, `id_spp`, `nominal`) VALUES (NULL, NULL, NULL, NULL)')
 3 SYSTEMPATH\Database\BaseConnection.php(606): CodeIgniter\Database\BaseConnection->simpleQuery('INSERT INTO `tunggakan` (`nis`, `nm_siswa`, `id_spp`, `nominal`) VALUES (NULL, NULL, NULL, NULL)')
 4 SYSTEMPATH\Database\BaseBuilder.php(1904): CodeIgniter\Database\BaseConnection->query('INSERT INTO `tunggakan` (`nis`, `nm_siswa`, `id_spp`, `nominal`) VALUES (:nis:, :nm_siswa:, :id_spp:, :nominal:)', [...], false)
 5 SYSTEMPATH\Model.php(278): CodeIgniter\Database\BaseBuilder->insert()
 6 SYSTEMPATH\BaseModel.php(738): CodeIgniter\Model->doInsert([...])
 7 SYSTEMPATH\Model.php(666): CodeIgniter\BaseModel->insert([...], false)
 8 SYSTEMPATH\BaseModel.php(658): CodeIgniter\Model->insert([...], false)
 9 APPPATH\Controllers\tunggakan.php(45): CodeIgniter\BaseModel->save([...])
10 SYSTEMPATH\CodeIgniter.php(898): App\Controllers\tunggakan->save('FCPATH\\asset', 'demo', 'chart-bar-demo.js')
11 SYSTEMPATH\CodeIgniter.php(468): CodeIgniter\CodeIgniter->runController(Object(App\Controllers\tunggakan))
12 SYSTEMPATH\CodeIgniter.php(351): CodeIgniter\CodeIgniter->handleRequest(null, Object(Config\Cache), false)
13 FCPATH\index.php(55): CodeIgniter\CodeIgniter->run()
14 SYSTEMPATH\Commands\Server\rewrite.php(43): require_once('FCPATH\\index.php')
