CRITICAL - 2023-03-12 03:34:13 --> Undefined variable $spp
in APPPATH\Views\form\input_tunggakan.php on line 65.
 1 APPPATH\Views\form\input_tunggakan.php(65): CodeIgniter\Debug\Exceptions->errorHandler(2, 'Undefined variable $spp', 'APPPATH\\Views\\form\\input_tunggakan.php', 65)
 2 SYSTEMPATH\View\View.php(213): include('APPPATH\\Views\\form\\input_tunggakan.php')
 3 SYSTEMPATH\View\View.php(216): CodeIgniter\View\View->CodeIgniter\View\{closure}()
 4 SYSTEMPATH\Common.php(1135): CodeIgniter\View\View->render('form/input_tunggakan', [], true)
 5 APPPATH\Controllers\Input_tunggakan.php(26): view('form/input_tunggakan', [...])
 6 SYSTEMPATH\CodeIgniter.php(898): App\Controllers\Input_tunggakan->index()
 7 SYSTEMPATH\CodeIgniter.php(468): CodeIgniter\CodeIgniter->runController(Object(App\Controllers\Input_tunggakan))
 8 SYSTEMPATH\CodeIgniter.php(351): CodeIgniter\CodeIgniter->handleRequest(null, Object(Config\Cache), false)
 9 FCPATH\index.php(55): CodeIgniter\CodeIgniter->run()
10 SYSTEMPATH\Commands\Server\rewrite.php(43): require_once('FCPATH\\index.php')
CRITICAL - 2023-03-12 03:50:24 --> The namespace delimiter is a backslash (\), not a slash (/). Route handler: \App\Controllers\Api/input_tunggakan::show/$1
in SYSTEMPATH\Router\Router.php on line 466.
 1 SYSTEMPATH\Router\Router.php(466): CodeIgniter\Router\Exceptions\RouterException::forInvalidControllerName('\\App\\Controllers\\Api/input_tunggakan::show/$1')
 2 SYSTEMPATH\Router\Router.php(181): CodeIgniter\Router\Router->checkRoutes('Api/input_tunggakan/1')
 3 SYSTEMPATH\CodeIgniter.php(773): CodeIgniter\Router\Router->handle('Api/input_tunggakan/1')
 4 SYSTEMPATH\CodeIgniter.php(417): CodeIgniter\CodeIgniter->tryToRouteIt(Object(CodeIgniter\Router\RouteCollection))
 5 SYSTEMPATH\CodeIgniter.php(351): CodeIgniter\CodeIgniter->handleRequest(null, Object(Config\Cache), false)
 6 FCPATH\index.php(55): CodeIgniter\CodeIgniter->run()
 7 SYSTEMPATH\Commands\Server\rewrite.php(43): require_once('FCPATH\\index.php')
CRITICAL - 2023-03-12 03:52:40 --> The namespace delimiter is a backslash (\), not a slash (/). Route handler: \App\Controllers\Api/input_tunggakan::show/$1
in SYSTEMPATH\Router\Router.php on line 466.
 1 SYSTEMPATH\Router\Router.php(466): CodeIgniter\Router\Exceptions\RouterException::forInvalidControllerName('\\App\\Controllers\\Api/input_tunggakan::show/$1')
 2 SYSTEMPATH\Router\Router.php(181): CodeIgniter\Router\Router->checkRoutes('Api/input_tunggakan/1')
 3 SYSTEMPATH\CodeIgniter.php(773): CodeIgniter\Router\Router->handle('Api/input_tunggakan/1')
 4 SYSTEMPATH\CodeIgniter.php(417): CodeIgniter\CodeIgniter->tryToRouteIt(Object(CodeIgniter\Router\RouteCollection))
 5 SYSTEMPATH\CodeIgniter.php(351): CodeIgniter\CodeIgniter->handleRequest(null, Object(Config\Cache), false)
 6 FCPATH\index.php(55): CodeIgniter\CodeIgniter->run()
 7 SYSTEMPATH\Commands\Server\rewrite.php(43): require_once('FCPATH\\index.php')
CRITICAL - 2023-03-12 03:54:03 --> The namespace delimiter is a backslash (\), not a slash (/). Route handler: \App\Controllers\Api/input_tunggakan::show/$1
in SYSTEMPATH\Router\Router.php on line 466.
 1 SYSTEMPATH\Router\Router.php(466): CodeIgniter\Router\Exceptions\RouterException::forInvalidControllerName('\\App\\Controllers\\Api/input_tunggakan::show/$1')
 2 SYSTEMPATH\Router\Router.php(181): CodeIgniter\Router\Router->checkRoutes('Api/input_tunggakan/1')
 3 SYSTEMPATH\CodeIgniter.php(773): CodeIgniter\Router\Router->handle('Api/input_tunggakan/1')
 4 SYSTEMPATH\CodeIgniter.php(417): CodeIgniter\CodeIgniter->tryToRouteIt(Object(CodeIgniter\Router\RouteCollection))
 5 SYSTEMPATH\CodeIgniter.php(351): CodeIgniter\CodeIgniter->handleRequest(null, Object(Config\Cache), false)
 6 FCPATH\index.php(55): CodeIgniter\CodeIgniter->run()
 7 SYSTEMPATH\Commands\Server\rewrite.php(43): require_once('FCPATH\\index.php')
CRITICAL - 2023-03-12 03:55:09 --> The namespace delimiter is a backslash (\), not a slash (/). Route handler: \App\Controllers\Api/input_tunggakan::show/$1
in SYSTEMPATH\Router\Router.php on line 466.
 1 SYSTEMPATH\Router\Router.php(466): CodeIgniter\Router\Exceptions\RouterException::forInvalidControllerName('\\App\\Controllers\\Api/input_tunggakan::show/$1')
 2 SYSTEMPATH\Router\Router.php(181): CodeIgniter\Router\Router->checkRoutes('Api/input_tunggakan/1')
 3 SYSTEMPATH\CodeIgniter.php(773): CodeIgniter\Router\Router->handle('Api/input_tunggakan/1')
 4 SYSTEMPATH\CodeIgniter.php(417): CodeIgniter\CodeIgniter->tryToRouteIt(Object(CodeIgniter\Router\RouteCollection))
 5 SYSTEMPATH\CodeIgniter.php(351): CodeIgniter\CodeIgniter->handleRequest(null, Object(Config\Cache), false)
 6 FCPATH\index.php(55): CodeIgniter\CodeIgniter->run()
 7 SYSTEMPATH\Commands\Server\rewrite.php(43): require_once('FCPATH\\index.php')
CRITICAL - 2023-03-12 03:55:26 --> The namespace delimiter is a backslash (\), not a slash (/). Route handler: \App\Controllers\Api/input_tunggakan::show/$1
in SYSTEMPATH\Router\Router.php on line 466.
 1 SYSTEMPATH\Router\Router.php(466): CodeIgniter\Router\Exceptions\RouterException::forInvalidControllerName('\\App\\Controllers\\Api/input_tunggakan::show/$1')
 2 SYSTEMPATH\Router\Router.php(181): CodeIgniter\Router\Router->checkRoutes('Api/input_tunggakan/1')
 3 SYSTEMPATH\CodeIgniter.php(773): CodeIgniter\Router\Router->handle('Api/input_tunggakan/1')
 4 SYSTEMPATH\CodeIgniter.php(417): CodeIgniter\CodeIgniter->tryToRouteIt(Object(CodeIgniter\Router\RouteCollection))
 5 SYSTEMPATH\CodeIgniter.php(351): CodeIgniter\CodeIgniter->handleRequest(null, Object(Config\Cache), false)
 6 FCPATH\index.php(55): CodeIgniter\CodeIgniter->run()
 7 SYSTEMPATH\Commands\Server\rewrite.php(43): require_once('FCPATH\\index.php')
CRITICAL - 2023-03-12 03:56:33 --> The namespace delimiter is a backslash (\), not a slash (/). Route handler: \App\Controllers\Api/input_tunggakan::show/$1
in SYSTEMPATH\Router\Router.php on line 466.
 1 SYSTEMPATH\Router\Router.php(466): CodeIgniter\Router\Exceptions\RouterException::forInvalidControllerName('\\App\\Controllers\\Api/input_tunggakan::show/$1')
 2 SYSTEMPATH\Router\Router.php(181): CodeIgniter\Router\Router->checkRoutes('input_tunggakan')
 3 SYSTEMPATH\CodeIgniter.php(773): CodeIgniter\Router\Router->handle('input_tunggakan')
 4 SYSTEMPATH\CodeIgniter.php(417): CodeIgniter\CodeIgniter->tryToRouteIt(Object(CodeIgniter\Router\RouteCollection))
 5 SYSTEMPATH\CodeIgniter.php(351): CodeIgniter\CodeIgniter->handleRequest(null, Object(Config\Cache), false)
 6 FCPATH\index.php(55): CodeIgniter\CodeIgniter->run()
 7 SYSTEMPATH\Commands\Server\rewrite.php(43): require_once('FCPATH\\index.php')
CRITICAL - 2023-03-12 03:57:08 --> The namespace delimiter is a backslash (\), not a slash (/). Route handler: \App\Controllers\Api/input_tunggakan::show/$1
in SYSTEMPATH\Router\Router.php on line 466.
 1 SYSTEMPATH\Router\Router.php(466): CodeIgniter\Router\Exceptions\RouterException::forInvalidControllerName('\\App\\Controllers\\Api/input_tunggakan::show/$1')
 2 SYSTEMPATH\Router\Router.php(181): CodeIgniter\Router\Router->checkRoutes('Api/input_tunggakan/1')
 3 SYSTEMPATH\CodeIgniter.php(773): CodeIgniter\Router\Router->handle('Api/input_tunggakan/1')
 4 SYSTEMPATH\CodeIgniter.php(417): CodeIgniter\CodeIgniter->tryToRouteIt(Object(CodeIgniter\Router\RouteCollection))
 5 SYSTEMPATH\CodeIgniter.php(351): CodeIgniter\CodeIgniter->handleRequest(null, Object(Config\Cache), false)
 6 FCPATH\index.php(55): CodeIgniter\CodeIgniter->run()
 7 SYSTEMPATH\Commands\Server\rewrite.php(43): require_once('FCPATH\\index.php')
CRITICAL - 2023-03-12 03:59:41 --> Object of class App\Models\Spp_Model could not be converted to string
in APPPATH\Controllers\input_tunggakan.php on line 24.
 1 SYSTEMPATH\CodeIgniter.php(898): App\Controllers\input_tunggakan->index()
 2 SYSTEMPATH\CodeIgniter.php(468): CodeIgniter\CodeIgniter->runController(Object(App\Controllers\input_tunggakan))
 3 SYSTEMPATH\CodeIgniter.php(351): CodeIgniter\CodeIgniter->handleRequest(null, Object(Config\Cache), false)
 4 FCPATH\index.php(55): CodeIgniter\CodeIgniter->run()
 5 SYSTEMPATH\Commands\Server\rewrite.php(43): require_once('FCPATH\\index.php')
CRITICAL - 2023-03-12 04:01:00 --> Invalid file: form/input_transaksi.php
in SYSTEMPATH\Exceptions\FrameworkException.php on line 33.
 1 SYSTEMPATH\View\View.php(201): CodeIgniter\Exceptions\FrameworkException::forInvalidFile('form/input_transaksi.php')
 2 SYSTEMPATH\Common.php(1135): CodeIgniter\View\View->render('form/input_transaksi', [], true)
 3 APPPATH\Controllers\input_tunggakan.php(24): view('form/input_transaksi', [...])
 4 SYSTEMPATH\CodeIgniter.php(898): App\Controllers\input_tunggakan->index()
 5 SYSTEMPATH\CodeIgniter.php(468): CodeIgniter\CodeIgniter->runController(Object(App\Controllers\input_tunggakan))
 6 SYSTEMPATH\CodeIgniter.php(351): CodeIgniter\CodeIgniter->handleRequest(null, Object(Config\Cache), false)
 7 FCPATH\index.php(55): CodeIgniter\CodeIgniter->run()
 8 SYSTEMPATH\Commands\Server\rewrite.php(43): require_once('FCPATH\\index.php')
CRITICAL - 2023-03-12 04:01:25 --> The namespace delimiter is a backslash (\), not a slash (/). Route handler: \App\Controllers\Api/input_tunggakan::show/$1
in SYSTEMPATH\Router\Router.php on line 466.
 1 SYSTEMPATH\Router\Router.php(466): CodeIgniter\Router\Exceptions\RouterException::forInvalidControllerName('\\App\\Controllers\\Api/input_tunggakan::show/$1')
 2 SYSTEMPATH\Router\Router.php(181): CodeIgniter\Router\Router->checkRoutes('Api/input_tunggakan/1')
 3 SYSTEMPATH\CodeIgniter.php(773): CodeIgniter\Router\Router->handle('Api/input_tunggakan/1')
 4 SYSTEMPATH\CodeIgniter.php(417): CodeIgniter\CodeIgniter->tryToRouteIt(Object(CodeIgniter\Router\RouteCollection))
 5 SYSTEMPATH\CodeIgniter.php(351): CodeIgniter\CodeIgniter->handleRequest(null, Object(Config\Cache), false)
 6 FCPATH\index.php(55): CodeIgniter\CodeIgniter->run()
 7 SYSTEMPATH\Commands\Server\rewrite.php(43): require_once('FCPATH\\index.php')
CRITICAL - 2023-03-12 04:01:52 --> The namespace delimiter is a backslash (\), not a slash (/). Route handler: \App\Controllers\Api/input_tunggakan::show/$1
in SYSTEMPATH\Router\Router.php on line 466.
 1 SYSTEMPATH\Router\Router.php(466): CodeIgniter\Router\Exceptions\RouterException::forInvalidControllerName('\\App\\Controllers\\Api/input_tunggakan::show/$1')
 2 SYSTEMPATH\Router\Router.php(181): CodeIgniter\Router\Router->checkRoutes('Api/input_tunggakan/1')
 3 SYSTEMPATH\CodeIgniter.php(773): CodeIgniter\Router\Router->handle('Api/input_tunggakan/1')
 4 SYSTEMPATH\CodeIgniter.php(417): CodeIgniter\CodeIgniter->tryToRouteIt(Object(CodeIgniter\Router\RouteCollection))
 5 SYSTEMPATH\CodeIgniter.php(351): CodeIgniter\CodeIgniter->handleRequest(null, Object(Config\Cache), false)
 6 FCPATH\index.php(55): CodeIgniter\CodeIgniter->run()
 7 SYSTEMPATH\Commands\Server\rewrite.php(43): require_once('FCPATH\\index.php')
CRITICAL - 2023-03-12 04:11:56 --> Trying to access array offset on value of type null
in APPPATH\Views\form\edit_spp.php on line 23.
 1 APPPATH\Views\form\edit_spp.php(23): CodeIgniter\Debug\Exceptions->errorHandler(2, 'Trying to access array offset on value of type null', 'APPPATH\\Views\\form\\edit_spp.php', 23)
 2 SYSTEMPATH\View\View.php(213): include('APPPATH\\Views\\form\\edit_spp.php')
 3 SYSTEMPATH\View\View.php(216): CodeIgniter\View\View->CodeIgniter\View\{closure}()
 4 SYSTEMPATH\Common.php(1135): CodeIgniter\View\View->render('/form/edit_spp', [], true)
 5 APPPATH\Controllers\spp.php(79): view('/form/edit_spp', [...])
 6 SYSTEMPATH\CodeIgniter.php(898): App\Controllers\spp->edit('FCPATH\\asset', 'demo', 'chart-bar-demo.js')
 7 SYSTEMPATH\CodeIgniter.php(468): CodeIgniter\CodeIgniter->runController(Object(App\Controllers\spp))
 8 SYSTEMPATH\CodeIgniter.php(351): CodeIgniter\CodeIgniter->handleRequest(null, Object(Config\Cache), false)
 9 FCPATH\index.php(55): CodeIgniter\CodeIgniter->run()
10 SYSTEMPATH\Commands\Server\rewrite.php(43): require_once('FCPATH\\index.php')
CRITICAL - 2023-03-12 04:11:56 --> Trying to access array offset on value of type null
in APPPATH\Views\form\edit_spp.php on line 23.
 1 APPPATH\Views\form\edit_spp.php(23): CodeIgniter\Debug\Exceptions->errorHandler(2, 'Trying to access array offset on value of type null', 'APPPATH\\Views\\form\\edit_spp.php', 23)
 2 SYSTEMPATH\View\View.php(213): include('APPPATH\\Views\\form\\edit_spp.php')
 3 SYSTEMPATH\View\View.php(216): CodeIgniter\View\View->CodeIgniter\View\{closure}()
 4 SYSTEMPATH\Common.php(1135): CodeIgniter\View\View->render('/form/edit_spp', [], true)
 5 APPPATH\Controllers\spp.php(79): view('/form/edit_spp', [...])
 6 SYSTEMPATH\CodeIgniter.php(898): App\Controllers\spp->edit('FCPATH\\asset', 'demo', 'chart-area-demo.js')
 7 SYSTEMPATH\CodeIgniter.php(468): CodeIgniter\CodeIgniter->runController(Object(App\Controllers\spp))
 8 SYSTEMPATH\CodeIgniter.php(351): CodeIgniter\CodeIgniter->handleRequest(null, Object(Config\Cache), false)
 9 FCPATH\index.php(55): CodeIgniter\CodeIgniter->run()
10 SYSTEMPATH\Commands\Server\rewrite.php(43): require_once('FCPATH\\index.php')
CRITICAL - 2023-03-12 09:20:43 --> Call to undefined method App\Models\Siswa_Model::fetchAll
in SYSTEMPATH\Model.php on line 773.
 1 APPPATH\Controllers\input_tunggakan.php(30): CodeIgniter\Model->__call('fetchAll', [])
 2 SYSTEMPATH\CodeIgniter.php(898): App\Controllers\input_tunggakan->search()
 3 SYSTEMPATH\CodeIgniter.php(468): CodeIgniter\CodeIgniter->runController(Object(App\Controllers\input_tunggakan))
 4 SYSTEMPATH\CodeIgniter.php(351): CodeIgniter\CodeIgniter->handleRequest(null, Object(Config\Cache), false)
 5 FCPATH\index.php(55): CodeIgniter\CodeIgniter->run()
 6 SYSTEMPATH\Commands\Server\rewrite.php(43): require_once('FCPATH\\index.php')
CRITICAL - 2023-03-12 09:21:16 --> Undefined variable $spp
in APPPATH\Views\form\input_tunggakan.php on line 60.
 1 APPPATH\Views\form\input_tunggakan.php(60): CodeIgniter\Debug\Exceptions->errorHandler(2, 'Undefined variable $spp', 'APPPATH\\Views\\form\\input_tunggakan.php', 60)
 2 SYSTEMPATH\View\View.php(213): include('APPPATH\\Views\\form\\input_tunggakan.php')
 3 SYSTEMPATH\View\View.php(216): CodeIgniter\View\View->CodeIgniter\View\{closure}()
 4 SYSTEMPATH\Common.php(1135): CodeIgniter\View\View->render('form/input_tunggakan', [], true)
 5 APPPATH\Controllers\input_tunggakan.php(31): view('form/input_tunggakan', [...])
 6 SYSTEMPATH\CodeIgniter.php(898): App\Controllers\input_tunggakan->search()
 7 SYSTEMPATH\CodeIgniter.php(468): CodeIgniter\CodeIgniter->runController(Object(App\Controllers\input_tunggakan))
 8 SYSTEMPATH\CodeIgniter.php(351): CodeIgniter\CodeIgniter->handleRequest(null, Object(Config\Cache), false)
 9 FCPATH\index.php(55): CodeIgniter\CodeIgniter->run()
10 SYSTEMPATH\Commands\Server\rewrite.php(43): require_once('FCPATH\\index.php')
CRITICAL - 2023-03-12 09:30:48 --> Undefined variable $spp
in APPPATH\Views\form\input_tunggakan.php on line 68.
 1 APPPATH\Views\form\input_tunggakan.php(68): CodeIgniter\Debug\Exceptions->errorHandler(2, 'Undefined variable $spp', 'APPPATH\\Views\\form\\input_tunggakan.php', 68)
 2 SYSTEMPATH\View\View.php(213): include('APPPATH\\Views\\form\\input_tunggakan.php')
 3 SYSTEMPATH\View\View.php(216): CodeIgniter\View\View->CodeIgniter\View\{closure}()
 4 SYSTEMPATH\Common.php(1135): CodeIgniter\View\View->render('form/input_tunggakan', [], true)
 5 APPPATH\Controllers\input_tunggakan.php(31): view('form/input_tunggakan', [...])
 6 SYSTEMPATH\CodeIgniter.php(898): App\Controllers\input_tunggakan->search()
 7 SYSTEMPATH\CodeIgniter.php(468): CodeIgniter\CodeIgniter->runController(Object(App\Controllers\input_tunggakan))
 8 SYSTEMPATH\CodeIgniter.php(351): CodeIgniter\CodeIgniter->handleRequest(null, Object(Config\Cache), false)
 9 FCPATH\index.php(55): CodeIgniter\CodeIgniter->run()
10 SYSTEMPATH\Commands\Server\rewrite.php(43): require_once('FCPATH\\index.php')
CRITICAL - 2023-03-12 11:00:10 --> explode(): Argument #2 ($string) must be of type string, array given
in SYSTEMPATH\Router\Router.php on line 462.
 1 SYSTEMPATH\Router\Router.php(462): explode('::', [...])
 2 SYSTEMPATH\Router\Router.php(181): CodeIgniter\Router\Router->checkRoutes('tunggakan/search')
 3 SYSTEMPATH\CodeIgniter.php(773): CodeIgniter\Router\Router->handle('tunggakan/search')
 4 SYSTEMPATH\CodeIgniter.php(417): CodeIgniter\CodeIgniter->tryToRouteIt(Object(CodeIgniter\Router\RouteCollection))
 5 SYSTEMPATH\CodeIgniter.php(351): CodeIgniter\CodeIgniter->handleRequest(null, Object(Config\Cache), false)
 6 FCPATH\index.php(55): CodeIgniter\CodeIgniter->run()
 7 SYSTEMPATH\Commands\Server\rewrite.php(43): require_once('FCPATH\\index.php')
CRITICAL - 2023-03-12 11:00:33 --> explode(): Argument #2 ($string) must be of type string, array given
in SYSTEMPATH\Router\Router.php on line 462.
 1 SYSTEMPATH\Router\Router.php(462): explode('::', [...])
 2 SYSTEMPATH\Router\Router.php(181): CodeIgniter\Router\Router->checkRoutes('tunggakan/search')
 3 SYSTEMPATH\CodeIgniter.php(773): CodeIgniter\Router\Router->handle('tunggakan/search')
 4 SYSTEMPATH\CodeIgniter.php(417): CodeIgniter\CodeIgniter->tryToRouteIt(Object(CodeIgniter\Router\RouteCollection))
 5 SYSTEMPATH\CodeIgniter.php(351): CodeIgniter\CodeIgniter->handleRequest(null, Object(Config\Cache), false)
 6 FCPATH\index.php(55): CodeIgniter\CodeIgniter->run()
 7 SYSTEMPATH\Commands\Server\rewrite.php(43): require_once('FCPATH\\index.php')
CRITICAL - 2023-03-12 11:01:12 --> explode(): Argument #2 ($string) must be of type string, array given
in SYSTEMPATH\Router\Router.php on line 462.
 1 SYSTEMPATH\Router\Router.php(462): explode('::', [...])
 2 SYSTEMPATH\Router\Router.php(181): CodeIgniter\Router\Router->checkRoutes('tunggakan/search')
 3 SYSTEMPATH\CodeIgniter.php(773): CodeIgniter\Router\Router->handle('tunggakan/search')
 4 SYSTEMPATH\CodeIgniter.php(417): CodeIgniter\CodeIgniter->tryToRouteIt(Object(CodeIgniter\Router\RouteCollection))
 5 SYSTEMPATH\CodeIgniter.php(351): CodeIgniter\CodeIgniter->handleRequest(null, Object(Config\Cache), false)
 6 FCPATH\index.php(55): CodeIgniter\CodeIgniter->run()
 7 SYSTEMPATH\Commands\Server\rewrite.php(43): require_once('FCPATH\\index.php')
CRITICAL - 2023-03-12 11:01:16 --> explode(): Argument #2 ($string) must be of type string, array given
in SYSTEMPATH\Router\Router.php on line 462.
 1 SYSTEMPATH\Router\Router.php(462): explode('::', [...])
 2 SYSTEMPATH\Router\Router.php(181): CodeIgniter\Router\Router->checkRoutes('tunggakan/search')
 3 SYSTEMPATH\CodeIgniter.php(773): CodeIgniter\Router\Router->handle('tunggakan/search')
 4 SYSTEMPATH\CodeIgniter.php(417): CodeIgniter\CodeIgniter->tryToRouteIt(Object(CodeIgniter\Router\RouteCollection))
 5 SYSTEMPATH\CodeIgniter.php(351): CodeIgniter\CodeIgniter->handleRequest(null, Object(Config\Cache), false)
 6 FCPATH\index.php(55): CodeIgniter\CodeIgniter->run()
 7 SYSTEMPATH\Commands\Server\rewrite.php(43): require_once('FCPATH\\index.php')
CRITICAL - 2023-03-12 11:02:13 --> explode(): Argument #2 ($string) must be of type string, array given
in SYSTEMPATH\Router\Router.php on line 462.
 1 SYSTEMPATH\Router\Router.php(462): explode('::', [...])
 2 SYSTEMPATH\Router\Router.php(181): CodeIgniter\Router\Router->checkRoutes('tunggakan/search')
 3 SYSTEMPATH\CodeIgniter.php(773): CodeIgniter\Router\Router->handle('tunggakan/search')
 4 SYSTEMPATH\CodeIgniter.php(417): CodeIgniter\CodeIgniter->tryToRouteIt(Object(CodeIgniter\Router\RouteCollection))
 5 SYSTEMPATH\CodeIgniter.php(351): CodeIgniter\CodeIgniter->handleRequest(null, Object(Config\Cache), false)
 6 FCPATH\index.php(55): CodeIgniter\CodeIgniter->run()
 7 SYSTEMPATH\Commands\Server\rewrite.php(43): require_once('FCPATH\\index.php')
