CRITICAL - 2023-04-05 22:05:29 --> Call to undefined function spp.id_spp=tunggakan.id_spp()
in APPPATH\Models\Tunggakan_Model.php on line 45.
 1 APPPATH\Controllers\tunggakan.php(101): App\Models\Tunggakan_Model->cari('18')
 2 SYSTEMPATH\CodeIgniter.php(898): App\Controllers\tunggakan->bayar_spp()
 3 SYSTEMPATH\CodeIgniter.php(468): CodeIgniter\CodeIgniter->runController(Object(App\Controllers\tunggakan))
 4 SYSTEMPATH\CodeIgniter.php(351): CodeIgniter\CodeIgniter->handleRequest(null, Object(Config\Cache), false)
 5 FCPATH\index.php(55): CodeIgniter\CodeIgniter->run()
 6 SYSTEMPATH\Commands\Server\rewrite.php(43): require_once('FCPATH\\index.php')
CRITICAL - 2023-04-05 22:08:39 --> Undefined array key "nis"
in APPPATH\Views\form\bayar_spp.php on line 29.
 1 APPPATH\Views\form\bayar_spp.php(29): CodeIgniter\Debug\Exceptions->errorHandler(2, 'Undefined array key "nis"', 'APPPATH\\Views\\form\\bayar_spp.php', 29)
 2 SYSTEMPATH\View\View.php(213): include('APPPATH\\Views\\form\\bayar_spp.php')
 3 SYSTEMPATH\View\View.php(216): CodeIgniter\View\View->CodeIgniter\View\{closure}()
 4 SYSTEMPATH\Common.php(1135): CodeIgniter\View\View->render('/form/bayar_spp', [], true)
 5 APPPATH\Controllers\tunggakan.php(103): view('/form/bayar_spp', [...])
 6 SYSTEMPATH\CodeIgniter.php(898): App\Controllers\tunggakan->bayar_spp()
 7 SYSTEMPATH\CodeIgniter.php(468): CodeIgniter\CodeIgniter->runController(Object(App\Controllers\tunggakan))
 8 SYSTEMPATH\CodeIgniter.php(351): CodeIgniter\CodeIgniter->handleRequest(null, Object(Config\Cache), false)
 9 FCPATH\index.php(55): CodeIgniter\CodeIgniter->run()
10 SYSTEMPATH\Commands\Server\rewrite.php(43): require_once('FCPATH\\index.php')
CRITICAL - 2023-04-05 22:09:28 --> Undefined array key "nisn"
in APPPATH\Views\form\bayar_spp.php on line 29.
 1 APPPATH\Views\form\bayar_spp.php(29): CodeIgniter\Debug\Exceptions->errorHandler(2, 'Undefined array key "nisn"', 'APPPATH\\Views\\form\\bayar_spp.php', 29)
 2 SYSTEMPATH\View\View.php(213): include('APPPATH\\Views\\form\\bayar_spp.php')
 3 SYSTEMPATH\View\View.php(216): CodeIgniter\View\View->CodeIgniter\View\{closure}()
 4 SYSTEMPATH\Common.php(1135): CodeIgniter\View\View->render('/form/bayar_spp', [], true)
 5 APPPATH\Controllers\tunggakan.php(103): view('/form/bayar_spp', [...])
 6 SYSTEMPATH\CodeIgniter.php(898): App\Controllers\tunggakan->bayar_spp()
 7 SYSTEMPATH\CodeIgniter.php(468): CodeIgniter\CodeIgniter->runController(Object(App\Controllers\tunggakan))
 8 SYSTEMPATH\CodeIgniter.php(351): CodeIgniter\CodeIgniter->handleRequest(null, Object(Config\Cache), false)
 9 FCPATH\index.php(55): CodeIgniter\CodeIgniter->run()
10 SYSTEMPATH\Commands\Server\rewrite.php(43): require_once('FCPATH\\index.php')
CRITICAL - 2023-04-05 22:11:53 --> Undefined array key "nis"
in APPPATH\Views\form\bayar_spp.php on line 29.
 1 APPPATH\Views\form\bayar_spp.php(29): CodeIgniter\Debug\Exceptions->errorHandler(2, 'Undefined array key "nis"', 'APPPATH\\Views\\form\\bayar_spp.php', 29)
 2 SYSTEMPATH\View\View.php(213): include('APPPATH\\Views\\form\\bayar_spp.php')
 3 SYSTEMPATH\View\View.php(216): CodeIgniter\View\View->CodeIgniter\View\{closure}()
 4 SYSTEMPATH\Common.php(1135): CodeIgniter\View\View->render('/form/bayar_spp', [], true)
 5 APPPATH\Controllers\tunggakan.php(102): view('/form/bayar_spp', [...])
 6 SYSTEMPATH\CodeIgniter.php(898): App\Controllers\tunggakan->bayar_spp()
 7 SYSTEMPATH\CodeIgniter.php(468): CodeIgniter\CodeIgniter->runController(Object(App\Controllers\tunggakan))
 8 SYSTEMPATH\CodeIgniter.php(351): CodeIgniter\CodeIgniter->handleRequest(null, Object(Config\Cache), false)
 9 FCPATH\index.php(55): CodeIgniter\CodeIgniter->run()
10 SYSTEMPATH\Commands\Server\rewrite.php(43): require_once('FCPATH\\index.php')
CRITICAL - 2023-04-05 22:13:47 --> Undefined array key "kelas"
in APPPATH\Views\form\bayar_spp.php on line 42.
 1 APPPATH\Views\form\bayar_spp.php(42): CodeIgniter\Debug\Exceptions->errorHandler(2, 'Undefined array key "kelas"', 'APPPATH\\Views\\form\\bayar_spp.php', 42)
 2 SYSTEMPATH\View\View.php(213): include('APPPATH\\Views\\form\\bayar_spp.php')
 3 SYSTEMPATH\View\View.php(216): CodeIgniter\View\View->CodeIgniter\View\{closure}()
 4 SYSTEMPATH\Common.php(1135): CodeIgniter\View\View->render('/form/bayar_spp', [], true)
 5 APPPATH\Controllers\tunggakan.php(102): view('/form/bayar_spp', [...])
 6 SYSTEMPATH\CodeIgniter.php(898): App\Controllers\tunggakan->bayar_spp()
 7 SYSTEMPATH\CodeIgniter.php(468): CodeIgniter\CodeIgniter->runController(Object(App\Controllers\tunggakan))
 8 SYSTEMPATH\CodeIgniter.php(351): CodeIgniter\CodeIgniter->handleRequest(null, Object(Config\Cache), false)
 9 FCPATH\index.php(55): CodeIgniter\CodeIgniter->run()
10 SYSTEMPATH\Commands\Server\rewrite.php(43): require_once('FCPATH\\index.php')
CRITICAL - 2023-04-05 22:14:09 --> Cannot access offset of type string on string
in APPPATH\Views\form\bayar_spp.php on line 76.
 1 SYSTEMPATH\View\View.php(213): include()
 2 SYSTEMPATH\View\View.php(216): CodeIgniter\View\View->CodeIgniter\View\{closure}()
 3 SYSTEMPATH\Common.php(1135): CodeIgniter\View\View->render('/form/bayar_spp', [], true)
 4 APPPATH\Controllers\tunggakan.php(102): view('/form/bayar_spp', [...])
 5 SYSTEMPATH\CodeIgniter.php(898): App\Controllers\tunggakan->bayar_spp()
 6 SYSTEMPATH\CodeIgniter.php(468): CodeIgniter\CodeIgniter->runController(Object(App\Controllers\tunggakan))
 7 SYSTEMPATH\CodeIgniter.php(351): CodeIgniter\CodeIgniter->handleRequest(null, Object(Config\Cache), false)
 8 FCPATH\index.php(55): CodeIgniter\CodeIgniter->run()
 9 SYSTEMPATH\Commands\Server\rewrite.php(43): require_once('FCPATH\\index.php')
CRITICAL - 2023-04-05 22:15:27 --> Cannot access offset of type string on string
in APPPATH\Views\form\bayar_spp.php on line 79.
 1 SYSTEMPATH\View\View.php(213): include()
 2 SYSTEMPATH\View\View.php(216): CodeIgniter\View\View->CodeIgniter\View\{closure}()
 3 SYSTEMPATH\Common.php(1135): CodeIgniter\View\View->render('/form/bayar_spp', [], true)
 4 APPPATH\Controllers\tunggakan.php(102): view('/form/bayar_spp', [...])
 5 SYSTEMPATH\CodeIgniter.php(898): App\Controllers\tunggakan->bayar_spp()
 6 SYSTEMPATH\CodeIgniter.php(468): CodeIgniter\CodeIgniter->runController(Object(App\Controllers\tunggakan))
 7 SYSTEMPATH\CodeIgniter.php(351): CodeIgniter\CodeIgniter->handleRequest(null, Object(Config\Cache), false)
 8 FCPATH\index.php(55): CodeIgniter\CodeIgniter->run()
 9 SYSTEMPATH\Commands\Server\rewrite.php(43): require_once('FCPATH\\index.php')
CRITICAL - 2023-04-05 22:17:05 --> Cannot access offset of type string on string
in APPPATH\Views\form\bayar_spp.php on line 78.
 1 SYSTEMPATH\View\View.php(213): include()
 2 SYSTEMPATH\View\View.php(216): CodeIgniter\View\View->CodeIgniter\View\{closure}()
 3 SYSTEMPATH\Common.php(1135): CodeIgniter\View\View->render('/form/bayar_spp', [], true)
 4 APPPATH\Controllers\tunggakan.php(102): view('/form/bayar_spp', [...])
 5 SYSTEMPATH\CodeIgniter.php(898): App\Controllers\tunggakan->bayar_spp()
 6 SYSTEMPATH\CodeIgniter.php(468): CodeIgniter\CodeIgniter->runController(Object(App\Controllers\tunggakan))
 7 SYSTEMPATH\CodeIgniter.php(351): CodeIgniter\CodeIgniter->handleRequest(null, Object(Config\Cache), false)
 8 FCPATH\index.php(55): CodeIgniter\CodeIgniter->run()
 9 SYSTEMPATH\Commands\Server\rewrite.php(43): require_once('FCPATH\\index.php')
CRITICAL - 2023-04-05 22:17:51 --> Cannot access offset of type string on string
in APPPATH\Views\form\bayar_spp.php on line 78.
 1 SYSTEMPATH\View\View.php(213): include()
 2 SYSTEMPATH\View\View.php(216): CodeIgniter\View\View->CodeIgniter\View\{closure}()
 3 SYSTEMPATH\Common.php(1135): CodeIgniter\View\View->render('/form/bayar_spp', [], true)
 4 APPPATH\Controllers\tunggakan.php(102): view('/form/bayar_spp', [...])
 5 SYSTEMPATH\CodeIgniter.php(898): App\Controllers\tunggakan->bayar_spp()
 6 SYSTEMPATH\CodeIgniter.php(468): CodeIgniter\CodeIgniter->runController(Object(App\Controllers\tunggakan))
 7 SYSTEMPATH\CodeIgniter.php(351): CodeIgniter\CodeIgniter->handleRequest(null, Object(Config\Cache), false)
 8 FCPATH\index.php(55): CodeIgniter\CodeIgniter->run()
 9 SYSTEMPATH\Commands\Server\rewrite.php(43): require_once('FCPATH\\index.php')
CRITICAL - 2023-04-05 22:18:13 --> Cannot access offset of type string on string
in APPPATH\Views\form\bayar_spp.php on line 78.
 1 SYSTEMPATH\View\View.php(213): include()
 2 SYSTEMPATH\View\View.php(216): CodeIgniter\View\View->CodeIgniter\View\{closure}()
 3 SYSTEMPATH\Common.php(1135): CodeIgniter\View\View->render('/form/bayar_spp', [], true)
 4 APPPATH\Controllers\tunggakan.php(102): view('/form/bayar_spp', [...])
 5 SYSTEMPATH\CodeIgniter.php(898): App\Controllers\tunggakan->bayar_spp()
 6 SYSTEMPATH\CodeIgniter.php(468): CodeIgniter\CodeIgniter->runController(Object(App\Controllers\tunggakan))
 7 SYSTEMPATH\CodeIgniter.php(351): CodeIgniter\CodeIgniter->handleRequest(null, Object(Config\Cache), false)
 8 FCPATH\index.php(55): CodeIgniter\CodeIgniter->run()
 9 SYSTEMPATH\Commands\Server\rewrite.php(43): require_once('FCPATH\\index.php')
CRITICAL - 2023-04-05 22:18:54 --> Undefined variable $keterangan
in APPPATH\Views\form\bayar_spp.php on line 84.
 1 APPPATH\Views\form\bayar_spp.php(84): CodeIgniter\Debug\Exceptions->errorHandler(2, 'Undefined variable $keterangan', 'APPPATH\\Views\\form\\bayar_spp.php', 84)
 2 SYSTEMPATH\View\View.php(213): include('APPPATH\\Views\\form\\bayar_spp.php')
 3 SYSTEMPATH\View\View.php(216): CodeIgniter\View\View->CodeIgniter\View\{closure}()
 4 SYSTEMPATH\Common.php(1135): CodeIgniter\View\View->render('/form/bayar_spp', [], true)
 5 APPPATH\Controllers\tunggakan.php(102): view('/form/bayar_spp', [...])
 6 SYSTEMPATH\CodeIgniter.php(898): App\Controllers\tunggakan->bayar_spp()
 7 SYSTEMPATH\CodeIgniter.php(468): CodeIgniter\CodeIgniter->runController(Object(App\Controllers\tunggakan))
 8 SYSTEMPATH\CodeIgniter.php(351): CodeIgniter\CodeIgniter->handleRequest(null, Object(Config\Cache), false)
 9 FCPATH\index.php(55): CodeIgniter\CodeIgniter->run()
10 SYSTEMPATH\Commands\Server\rewrite.php(43): require_once('FCPATH\\index.php')
CRITICAL - 2023-04-05 22:19:28 --> Undefined array key "jumlah"
in APPPATH\Views\form\bayar_spp.php on line 91.
 1 APPPATH\Views\form\bayar_spp.php(91): CodeIgniter\Debug\Exceptions->errorHandler(2, 'Undefined array key "jumlah"', 'APPPATH\\Views\\form\\bayar_spp.php', 91)
 2 SYSTEMPATH\View\View.php(213): include('APPPATH\\Views\\form\\bayar_spp.php')
 3 SYSTEMPATH\View\View.php(216): CodeIgniter\View\View->CodeIgniter\View\{closure}()
 4 SYSTEMPATH\Common.php(1135): CodeIgniter\View\View->render('/form/bayar_spp', [], true)
 5 APPPATH\Controllers\tunggakan.php(102): view('/form/bayar_spp', [...])
 6 SYSTEMPATH\CodeIgniter.php(898): App\Controllers\tunggakan->bayar_spp()
 7 SYSTEMPATH\CodeIgniter.php(468): CodeIgniter\CodeIgniter->runController(Object(App\Controllers\tunggakan))
 8 SYSTEMPATH\CodeIgniter.php(351): CodeIgniter\CodeIgniter->handleRequest(null, Object(Config\Cache), false)
 9 FCPATH\index.php(55): CodeIgniter\CodeIgniter->run()
10 SYSTEMPATH\Commands\Server\rewrite.php(43): require_once('FCPATH\\index.php')
CRITICAL - 2023-04-05 22:19:51 --> Undefined array key "id_bayar"
in APPPATH\Views\form\bayar_spp.php on line 94.
 1 APPPATH\Views\form\bayar_spp.php(94): CodeIgniter\Debug\Exceptions->errorHandler(2, 'Undefined array key "id_bayar"', 'APPPATH\\Views\\form\\bayar_spp.php', 94)
 2 SYSTEMPATH\View\View.php(213): include('APPPATH\\Views\\form\\bayar_spp.php')
 3 SYSTEMPATH\View\View.php(216): CodeIgniter\View\View->CodeIgniter\View\{closure}()
 4 SYSTEMPATH\Common.php(1135): CodeIgniter\View\View->render('/form/bayar_spp', [], true)
 5 APPPATH\Controllers\tunggakan.php(102): view('/form/bayar_spp', [...])
 6 SYSTEMPATH\CodeIgniter.php(898): App\Controllers\tunggakan->bayar_spp()
 7 SYSTEMPATH\CodeIgniter.php(468): CodeIgniter\CodeIgniter->runController(Object(App\Controllers\tunggakan))
 8 SYSTEMPATH\CodeIgniter.php(351): CodeIgniter\CodeIgniter->handleRequest(null, Object(Config\Cache), false)
 9 FCPATH\index.php(55): CodeIgniter\CodeIgniter->run()
10 SYSTEMPATH\Commands\Server\rewrite.php(43): require_once('FCPATH\\index.php')
CRITICAL - 2023-04-05 22:21:14 --> Call to undefined function spp.id_spp=tunggakan.id_spp()
in APPPATH\Models\Tunggakan_Model.php on line 44.
 1 APPPATH\Controllers\tunggakan.php(113): App\Models\Tunggakan_Model->cari(null)
 2 SYSTEMPATH\CodeIgniter.php(898): App\Controllers\tunggakan->bayar('127')
 3 SYSTEMPATH\CodeIgniter.php(468): CodeIgniter\CodeIgniter->runController(Object(App\Controllers\tunggakan))
 4 SYSTEMPATH\CodeIgniter.php(351): CodeIgniter\CodeIgniter->handleRequest(null, Object(Config\Cache), false)
 5 FCPATH\index.php(55): CodeIgniter\CodeIgniter->run()
 6 SYSTEMPATH\Commands\Server\rewrite.php(43): require_once('FCPATH\\index.php')
CRITICAL - 2023-04-05 22:23:21 --> Undefined variable $siswa
in APPPATH\Views\form\bayar_spp.php on line 25.
 1 APPPATH\Views\form\bayar_spp.php(25): CodeIgniter\Debug\Exceptions->errorHandler(2, 'Undefined variable $siswa', 'APPPATH\\Views\\form\\bayar_spp.php', 25)
 2 SYSTEMPATH\View\View.php(213): include('APPPATH\\Views\\form\\bayar_spp.php')
 3 SYSTEMPATH\View\View.php(216): CodeIgniter\View\View->CodeIgniter\View\{closure}()
 4 SYSTEMPATH\Common.php(1135): CodeIgniter\View\View->render('/form/bayar_spp', [], true)
 5 APPPATH\Controllers\tunggakan.php(111): view('/form/bayar_spp')
 6 SYSTEMPATH\CodeIgniter.php(898): App\Controllers\tunggakan->bayar('127')
 7 SYSTEMPATH\CodeIgniter.php(468): CodeIgniter\CodeIgniter->runController(Object(App\Controllers\tunggakan))
 8 SYSTEMPATH\CodeIgniter.php(351): CodeIgniter\CodeIgniter->handleRequest(null, Object(Config\Cache), false)
 9 FCPATH\index.php(55): CodeIgniter\CodeIgniter->run()
10 SYSTEMPATH\Commands\Server\rewrite.php(43): require_once('FCPATH\\index.php')
CRITICAL - 2023-04-05 22:24:10 --> Undefined variable $siswa
in APPPATH\Views\form\bayar_spp.php on line 25.
 1 APPPATH\Views\form\bayar_spp.php(25): CodeIgniter\Debug\Exceptions->errorHandler(2, 'Undefined variable $siswa', 'APPPATH\\Views\\form\\bayar_spp.php', 25)
 2 SYSTEMPATH\View\View.php(213): include('APPPATH\\Views\\form\\bayar_spp.php')
 3 SYSTEMPATH\View\View.php(216): CodeIgniter\View\View->CodeIgniter\View\{closure}()
 4 SYSTEMPATH\Common.php(1135): CodeIgniter\View\View->render('/form/bayar_spp', [], true)
 5 APPPATH\Controllers\tunggakan.php(110): view('/form/bayar_spp')
 6 SYSTEMPATH\CodeIgniter.php(898): App\Controllers\tunggakan->bayar('128')
 7 SYSTEMPATH\CodeIgniter.php(468): CodeIgniter\CodeIgniter->runController(Object(App\Controllers\tunggakan))
 8 SYSTEMPATH\CodeIgniter.php(351): CodeIgniter\CodeIgniter->handleRequest(null, Object(Config\Cache), false)
 9 FCPATH\index.php(55): CodeIgniter\CodeIgniter->run()
10 SYSTEMPATH\Commands\Server\rewrite.php(43): require_once('FCPATH\\index.php')
CRITICAL - 2023-04-05 22:24:34 --> Undefined variable $siswa
in APPPATH\Views\form\bayar_spp.php on line 25.
 1 APPPATH\Views\form\bayar_spp.php(25): CodeIgniter\Debug\Exceptions->errorHandler(2, 'Undefined variable $siswa', 'APPPATH\\Views\\form\\bayar_spp.php', 25)
 2 SYSTEMPATH\View\View.php(213): include('APPPATH\\Views\\form\\bayar_spp.php')
 3 SYSTEMPATH\View\View.php(216): CodeIgniter\View\View->CodeIgniter\View\{closure}()
 4 SYSTEMPATH\Common.php(1135): CodeIgniter\View\View->render('/form/bayar_spp', [], true)
 5 APPPATH\Controllers\tunggakan.php(110): view('/form/bayar_spp')
 6 SYSTEMPATH\CodeIgniter.php(898): App\Controllers\tunggakan->bayar('128')
 7 SYSTEMPATH\CodeIgniter.php(468): CodeIgniter\CodeIgniter->runController(Object(App\Controllers\tunggakan))
 8 SYSTEMPATH\CodeIgniter.php(351): CodeIgniter\CodeIgniter->handleRequest(null, Object(Config\Cache), false)
 9 FCPATH\index.php(55): CodeIgniter\CodeIgniter->run()
10 SYSTEMPATH\Commands\Server\rewrite.php(43): require_once('FCPATH\\index.php')
CRITICAL - 2023-04-05 22:25:21 --> Too few arguments to function App\Controllers\tunggakan::bayar(), 0 passed in C:\xampp\htdocs\skripsi\system\CodeIgniter.php on line 898 and exactly 1 expected
in APPPATH\Controllers\tunggakan.php on line 104.
 1 SYSTEMPATH\CodeIgniter.php(898): App\Controllers\tunggakan->bayar()
 2 SYSTEMPATH\CodeIgniter.php(468): CodeIgniter\CodeIgniter->runController(Object(App\Controllers\tunggakan))
 3 SYSTEMPATH\CodeIgniter.php(351): CodeIgniter\CodeIgniter->handleRequest(null, Object(Config\Cache), false)
 4 FCPATH\index.php(55): CodeIgniter\CodeIgniter->run()
 5 SYSTEMPATH\Commands\Server\rewrite.php(43): require_once('FCPATH\\index.php')
CRITICAL - 2023-04-05 22:25:40 --> Too few arguments to function App\Controllers\tunggakan::bayar(), 0 passed in C:\xampp\htdocs\skripsi\system\CodeIgniter.php on line 898 and exactly 1 expected
in APPPATH\Controllers\tunggakan.php on line 104.
 1 SYSTEMPATH\CodeIgniter.php(898): App\Controllers\tunggakan->bayar()
 2 SYSTEMPATH\CodeIgniter.php(468): CodeIgniter\CodeIgniter->runController(Object(App\Controllers\tunggakan))
 3 SYSTEMPATH\CodeIgniter.php(351): CodeIgniter\CodeIgniter->handleRequest(null, Object(Config\Cache), false)
 4 FCPATH\index.php(55): CodeIgniter\CodeIgniter->run()
 5 SYSTEMPATH\Commands\Server\rewrite.php(43): require_once('FCPATH\\index.php')
CRITICAL - 2023-04-05 22:25:43 --> Too few arguments to function App\Controllers\tunggakan::bayar(), 0 passed in C:\xampp\htdocs\skripsi\system\CodeIgniter.php on line 898 and exactly 1 expected
in APPPATH\Controllers\tunggakan.php on line 104.
 1 SYSTEMPATH\CodeIgniter.php(898): App\Controllers\tunggakan->bayar()
 2 SYSTEMPATH\CodeIgniter.php(468): CodeIgniter\CodeIgniter->runController(Object(App\Controllers\tunggakan))
 3 SYSTEMPATH\CodeIgniter.php(351): CodeIgniter\CodeIgniter->handleRequest(null, Object(Config\Cache), false)
 4 FCPATH\index.php(55): CodeIgniter\CodeIgniter->run()
 5 SYSTEMPATH\Commands\Server\rewrite.php(43): require_once('FCPATH\\index.php')
CRITICAL - 2023-04-05 23:16:18 --> Undefined array key "jenis"
in APPPATH\Views\content\export_siswa.php on line 93.
 1 APPPATH\Views\content\export_siswa.php(93): CodeIgniter\Debug\Exceptions->errorHandler(2, 'Undefined array key "jenis"', 'APPPATH\\Views\\content\\export_siswa.php', 93)
 2 SYSTEMPATH\View\View.php(213): include('APPPATH\\Views\\content\\export_siswa.php')
 3 SYSTEMPATH\View\View.php(216): CodeIgniter\View\View->CodeIgniter\View\{closure}()
 4 SYSTEMPATH\Common.php(1135): CodeIgniter\View\View->render('content/export_siswa', [], true)
 5 APPPATH\Controllers\laporan.php(44): view('content/export_siswa', [...])
 6 SYSTEMPATH\CodeIgniter.php(898): App\Controllers\laporan->cetak_laporan_siswa('18')
 7 SYSTEMPATH\CodeIgniter.php(468): CodeIgniter\CodeIgniter->runController(Object(App\Controllers\laporan))
 8 SYSTEMPATH\CodeIgniter.php(351): CodeIgniter\CodeIgniter->handleRequest(null, Object(Config\Cache), false)
 9 FCPATH\index.php(55): CodeIgniter\CodeIgniter->run()
10 SYSTEMPATH\Commands\Server\rewrite.php(43): require_once('FCPATH\\index.php')
CRITICAL - 2023-04-05 23:38:16 --> Too few arguments to function App\Controllers\tunggakan::bayar_spp(), 0 passed in C:\xampp\htdocs\skripsi\system\CodeIgniter.php on line 898 and exactly 1 expected
in APPPATH\Controllers\tunggakan.php on line 97.
 1 SYSTEMPATH\CodeIgniter.php(898): App\Controllers\tunggakan->bayar_spp()
 2 SYSTEMPATH\CodeIgniter.php(468): CodeIgniter\CodeIgniter->runController(Object(App\Controllers\tunggakan))
 3 SYSTEMPATH\CodeIgniter.php(351): CodeIgniter\CodeIgniter->handleRequest(null, Object(Config\Cache), false)
 4 FCPATH\index.php(55): CodeIgniter\CodeIgniter->run()
 5 SYSTEMPATH\Commands\Server\rewrite.php(43): require_once('FCPATH\\index.php')
ERROR - 2023-04-05 23:41:31 --> Column 'nis' in where clause is ambiguous
CRITICAL - 2023-04-05 23:41:31 --> Column 'nis' in where clause is ambiguous
in SYSTEMPATH\Database\MySQLi\Connection.php on line 292.
 1 SYSTEMPATH\Database\MySQLi\Connection.php(292): mysqli->query('SELECT *
FROM `tunggakan`
JOIN `spp` ON `spp`.`id_spp`=`tunggakan`.`id_spp`
JOIN `siswa` ON `siswa`.`id_siswa`=`tunggakan`.`id_siswa`
JOIN `kelas` ON `kelas`.`id_kelas`=`tunggakan`.`id_kelas`
WHERE `nis` IS NULL', 0)
 2 SYSTEMPATH\Database\BaseConnection.php(678): CodeIgniter\Database\MySQLi\Connection->execute('SELECT *
FROM `tunggakan`
JOIN `spp` ON `spp`.`id_spp`=`tunggakan`.`id_spp`
JOIN `siswa` ON `siswa`.`id_siswa`=`tunggakan`.`id_siswa`
JOIN `kelas` ON `kelas`.`id_kelas`=`tunggakan`.`id_kelas`
WHERE `nis` IS NULL')
 3 SYSTEMPATH\Database\BaseConnection.php(606): CodeIgniter\Database\BaseConnection->simpleQuery('SELECT *
FROM `tunggakan`
JOIN `spp` ON `spp`.`id_spp`=`tunggakan`.`id_spp`
JOIN `siswa` ON `siswa`.`id_siswa`=`tunggakan`.`id_siswa`
JOIN `kelas` ON `kelas`.`id_kelas`=`tunggakan`.`id_kelas`
WHERE `nis` IS NULL')
 4 SYSTEMPATH\Database\BaseBuilder.php(1585): CodeIgniter\Database\BaseConnection->query('SELECT *
FROM `tunggakan`
JOIN `spp` ON `spp`.`id_spp`=`tunggakan`.`id_spp`
JOIN `siswa` ON `siswa`.`id_siswa`=`tunggakan`.`id_siswa`
JOIN `kelas` ON `kelas`.`id_kelas`=`tunggakan`.`id_kelas`
WHERE `nis` IS NULL', [], false)
 5 APPPATH\Models\Tunggakan_Model.php(40): CodeIgniter\Database\BaseBuilder->get()
 6 APPPATH\Controllers\tunggakan.php(101): App\Models\Tunggakan_Model->getsiswa(null)
 7 SYSTEMPATH\CodeIgniter.php(898): App\Controllers\tunggakan->bayar_spp()
 8 SYSTEMPATH\CodeIgniter.php(468): CodeIgniter\CodeIgniter->runController(Object(App\Controllers\tunggakan))
 9 SYSTEMPATH\CodeIgniter.php(351): CodeIgniter\CodeIgniter->handleRequest(null, Object(Config\Cache), false)
10 FCPATH\index.php(55): CodeIgniter\CodeIgniter->run()
11 SYSTEMPATH\Commands\Server\rewrite.php(43): require_once('FCPATH\\index.php')
ERROR - 2023-04-05 23:42:04 --> Column 'nis' in where clause is ambiguous
CRITICAL - 2023-04-05 23:42:04 --> Column 'nis' in where clause is ambiguous
in SYSTEMPATH\Database\MySQLi\Connection.php on line 292.
 1 SYSTEMPATH\Database\MySQLi\Connection.php(292): mysqli->query('SELECT *
FROM `tunggakan`
JOIN `siswa` ON `siswa`.`id_siswa`=`tunggakan`.`id_siswa`
JOIN `spp` ON `spp`.`id_spp`=`tunggakan`.`id_spp`
JOIN `kelas` ON `kelas`.`id_kelas`=`tunggakan`.`id_kelas`
WHERE `nis` IS NULL', 0)
 2 SYSTEMPATH\Database\BaseConnection.php(678): CodeIgniter\Database\MySQLi\Connection->execute('SELECT *
FROM `tunggakan`
JOIN `siswa` ON `siswa`.`id_siswa`=`tunggakan`.`id_siswa`
JOIN `spp` ON `spp`.`id_spp`=`tunggakan`.`id_spp`
JOIN `kelas` ON `kelas`.`id_kelas`=`tunggakan`.`id_kelas`
WHERE `nis` IS NULL')
 3 SYSTEMPATH\Database\BaseConnection.php(606): CodeIgniter\Database\BaseConnection->simpleQuery('SELECT *
FROM `tunggakan`
JOIN `siswa` ON `siswa`.`id_siswa`=`tunggakan`.`id_siswa`
JOIN `spp` ON `spp`.`id_spp`=`tunggakan`.`id_spp`
JOIN `kelas` ON `kelas`.`id_kelas`=`tunggakan`.`id_kelas`
WHERE `nis` IS NULL')
 4 SYSTEMPATH\Database\BaseBuilder.php(1585): CodeIgniter\Database\BaseConnection->query('SELECT *
FROM `tunggakan`
JOIN `siswa` ON `siswa`.`id_siswa`=`tunggakan`.`id_siswa`
JOIN `spp` ON `spp`.`id_spp`=`tunggakan`.`id_spp`
JOIN `kelas` ON `kelas`.`id_kelas`=`tunggakan`.`id_kelas`
WHERE `nis` IS NULL', [], false)
 5 APPPATH\Models\Tunggakan_Model.php(40): CodeIgniter\Database\BaseBuilder->get()
 6 APPPATH\Controllers\tunggakan.php(101): App\Models\Tunggakan_Model->getsiswa(null)
 7 SYSTEMPATH\CodeIgniter.php(898): App\Controllers\tunggakan->bayar_spp()
 8 SYSTEMPATH\CodeIgniter.php(468): CodeIgniter\CodeIgniter->runController(Object(App\Controllers\tunggakan))
 9 SYSTEMPATH\CodeIgniter.php(351): CodeIgniter\CodeIgniter->handleRequest(null, Object(Config\Cache), false)
10 FCPATH\index.php(55): CodeIgniter\CodeIgniter->run()
11 SYSTEMPATH\Commands\Server\rewrite.php(43): require_once('FCPATH\\index.php')
ERROR - 2023-04-05 23:45:22 --> Column 'nis' in where clause is ambiguous
CRITICAL - 2023-04-05 23:45:22 --> Column 'nis' in where clause is ambiguous
in SYSTEMPATH\Database\MySQLi\Connection.php on line 292.
 1 SYSTEMPATH\Database\MySQLi\Connection.php(292): mysqli->query('SELECT *
FROM `tunggakan`
JOIN `siswa` ON `siswa`.`id_siswa`=`tunggakan`.`id_siswa`
JOIN `spp` ON `spp`.`id_spp`=`tunggakan`.`id_spp`
JOIN `kelas` ON `kelas`.`id_kelas`=`tunggakan`.`id_kelas`
WHERE `nis` IS NULL', 0)
 2 SYSTEMPATH\Database\BaseConnection.php(678): CodeIgniter\Database\MySQLi\Connection->execute('SELECT *
FROM `tunggakan`
JOIN `siswa` ON `siswa`.`id_siswa`=`tunggakan`.`id_siswa`
JOIN `spp` ON `spp`.`id_spp`=`tunggakan`.`id_spp`
JOIN `kelas` ON `kelas`.`id_kelas`=`tunggakan`.`id_kelas`
WHERE `nis` IS NULL')
 3 SYSTEMPATH\Database\BaseConnection.php(606): CodeIgniter\Database\BaseConnection->simpleQuery('SELECT *
FROM `tunggakan`
JOIN `siswa` ON `siswa`.`id_siswa`=`tunggakan`.`id_siswa`
JOIN `spp` ON `spp`.`id_spp`=`tunggakan`.`id_spp`
JOIN `kelas` ON `kelas`.`id_kelas`=`tunggakan`.`id_kelas`
WHERE `nis` IS NULL')
 4 SYSTEMPATH\Database\BaseBuilder.php(1585): CodeIgniter\Database\BaseConnection->query('SELECT *
FROM `tunggakan`
JOIN `siswa` ON `siswa`.`id_siswa`=`tunggakan`.`id_siswa`
JOIN `spp` ON `spp`.`id_spp`=`tunggakan`.`id_spp`
JOIN `kelas` ON `kelas`.`id_kelas`=`tunggakan`.`id_kelas`
WHERE `nis` IS NULL', [], false)
 5 APPPATH\Models\Tunggakan_Model.php(40): CodeIgniter\Database\BaseBuilder->get()
 6 APPPATH\Controllers\tunggakan.php(101): App\Models\Tunggakan_Model->getsiswa(null)
 7 SYSTEMPATH\CodeIgniter.php(898): App\Controllers\tunggakan->bayar_spp()
 8 SYSTEMPATH\CodeIgniter.php(468): CodeIgniter\CodeIgniter->runController(Object(App\Controllers\tunggakan))
 9 SYSTEMPATH\CodeIgniter.php(351): CodeIgniter\CodeIgniter->handleRequest(null, Object(Config\Cache), false)
10 FCPATH\index.php(55): CodeIgniter\CodeIgniter->run()
11 SYSTEMPATH\Commands\Server\rewrite.php(43): require_once('FCPATH\\index.php')
CRITICAL - 2023-04-05 23:53:16 --> Call to undefined function spp.id_spp=tunggakan.id_spp()
in APPPATH\Models\Tunggakan_Model.php on line 45.
 1 APPPATH\Controllers\tunggakan.php(101): App\Models\Tunggakan_Model->cari(null)
 2 SYSTEMPATH\CodeIgniter.php(898): App\Controllers\tunggakan->bayar_spp()
 3 SYSTEMPATH\CodeIgniter.php(468): CodeIgniter\CodeIgniter->runController(Object(App\Controllers\tunggakan))
 4 SYSTEMPATH\CodeIgniter.php(351): CodeIgniter\CodeIgniter->handleRequest(null, Object(Config\Cache), false)
 5 FCPATH\index.php(55): CodeIgniter\CodeIgniter->run()
 6 SYSTEMPATH\Commands\Server\rewrite.php(43): require_once('FCPATH\\index.php')
CRITICAL - 2023-04-05 23:53:35 --> foreach() argument must be of type array|object, null given
in APPPATH\Views\form\bayar_spp.php on line 25.
 1 APPPATH\Views\form\bayar_spp.php(25): CodeIgniter\Debug\Exceptions->errorHandler(2, 'foreach() argument must be of type array|object, null given', 'APPPATH\\Views\\form\\bayar_spp.php', 25)
 2 SYSTEMPATH\View\View.php(213): include('APPPATH\\Views\\form\\bayar_spp.php')
 3 SYSTEMPATH\View\View.php(216): CodeIgniter\View\View->CodeIgniter\View\{closure}()
 4 SYSTEMPATH\Common.php(1135): CodeIgniter\View\View->render('/form/bayar_spp', [], true)
 5 APPPATH\Controllers\tunggakan.php(104): view('/form/bayar_spp', [...])
 6 SYSTEMPATH\CodeIgniter.php(898): App\Controllers\tunggakan->bayar_spp()
 7 SYSTEMPATH\CodeIgniter.php(468): CodeIgniter\CodeIgniter->runController(Object(App\Controllers\tunggakan))
 8 SYSTEMPATH\CodeIgniter.php(351): CodeIgniter\CodeIgniter->handleRequest(null, Object(Config\Cache), false)
 9 FCPATH\index.php(55): CodeIgniter\CodeIgniter->run()
10 SYSTEMPATH\Commands\Server\rewrite.php(43): require_once('FCPATH\\index.php')
CRITICAL - 2023-04-05 23:54:03 --> Call to a member function join() on null
in APPPATH\Models\Tunggakan_Model.php on line 45.
 1 APPPATH\Controllers\tunggakan.php(101): App\Models\Tunggakan_Model->cari(null)
 2 SYSTEMPATH\CodeIgniter.php(898): App\Controllers\tunggakan->bayar_spp()
 3 SYSTEMPATH\CodeIgniter.php(468): CodeIgniter\CodeIgniter->runController(Object(App\Controllers\tunggakan))
 4 SYSTEMPATH\CodeIgniter.php(351): CodeIgniter\CodeIgniter->handleRequest(null, Object(Config\Cache), false)
 5 FCPATH\index.php(55): CodeIgniter\CodeIgniter->run()
 6 SYSTEMPATH\Commands\Server\rewrite.php(43): require_once('FCPATH\\index.php')
CRITICAL - 2023-04-05 23:59:19 --> Trying to access array offset on value of type null
in APPPATH\Views\form\bayar_spp.php on line 28.
 1 APPPATH\Views\form\bayar_spp.php(28): CodeIgniter\Debug\Exceptions->errorHandler(2, 'Trying to access array offset on value of type null', 'APPPATH\\Views\\form\\bayar_spp.php', 28)
 2 SYSTEMPATH\View\View.php(213): include('APPPATH\\Views\\form\\bayar_spp.php')
 3 SYSTEMPATH\View\View.php(216): CodeIgniter\View\View->CodeIgniter\View\{closure}()
 4 SYSTEMPATH\Common.php(1135): CodeIgniter\View\View->render('/form/bayar_spp', [], true)
 5 APPPATH\Controllers\tunggakan.php(104): view('/form/bayar_spp', [...])
 6 SYSTEMPATH\CodeIgniter.php(898): App\Controllers\tunggakan->bayar_spp()
 7 SYSTEMPATH\CodeIgniter.php(468): CodeIgniter\CodeIgniter->runController(Object(App\Controllers\tunggakan))
 8 SYSTEMPATH\CodeIgniter.php(351): CodeIgniter\CodeIgniter->handleRequest(null, Object(Config\Cache), false)
 9 FCPATH\index.php(55): CodeIgniter\CodeIgniter->run()
10 SYSTEMPATH\Commands\Server\rewrite.php(43): require_once('FCPATH\\index.php')
