CRITICAL - 2023-03-09 09:45:42 --> Trying to access array offset on value of type null
in APPPATH\Views\form\edit_siswa.php on line 23.
 1 APPPATH\Views\form\edit_siswa.php(23): CodeIgniter\Debug\Exceptions->errorHandler(2, 'Trying to access array offset on value of type null', 'APPPATH\\Views\\form\\edit_siswa.php', 23)
 2 SYSTEMPATH\View\View.php(213): include('APPPATH\\Views\\form\\edit_siswa.php')
 3 SYSTEMPATH\View\View.php(216): CodeIgniter\View\View->CodeIgniter\View\{closure}()
 4 SYSTEMPATH\Common.php(1135): CodeIgniter\View\View->render('/form/edit_siswa', [], true)
 5 APPPATH\Controllers\siswa.php(75): view('/form/edit_siswa', [...])
 6 SYSTEMPATH\CodeIgniter.php(898): App\Controllers\siswa->edit('FCPATH\\asset', 'demo', 'chart-area-demo.js')
 7 SYSTEMPATH\CodeIgniter.php(468): CodeIgniter\CodeIgniter->runController(Object(App\Controllers\siswa))
 8 SYSTEMPATH\CodeIgniter.php(351): CodeIgniter\CodeIgniter->handleRequest(null, Object(Config\Cache), false)
 9 FCPATH\index.php(55): CodeIgniter\CodeIgniter->run()
10 SYSTEMPATH\Commands\Server\rewrite.php(43): require_once('FCPATH\\index.php')
CRITICAL - 2023-03-09 09:45:42 --> Trying to access array offset on value of type null
in APPPATH\Views\form\edit_siswa.php on line 23.
 1 APPPATH\Views\form\edit_siswa.php(23): CodeIgniter\Debug\Exceptions->errorHandler(2, 'Trying to access array offset on value of type null', 'APPPATH\\Views\\form\\edit_siswa.php', 23)
 2 SYSTEMPATH\View\View.php(213): include('APPPATH\\Views\\form\\edit_siswa.php')
 3 SYSTEMPATH\View\View.php(216): CodeIgniter\View\View->CodeIgniter\View\{closure}()
 4 SYSTEMPATH\Common.php(1135): CodeIgniter\View\View->render('/form/edit_siswa', [], true)
 5 APPPATH\Controllers\siswa.php(75): view('/form/edit_siswa', [...])
 6 SYSTEMPATH\CodeIgniter.php(898): App\Controllers\siswa->edit('FCPATH\\asset', 'demo', 'chart-bar-demo.js')
 7 SYSTEMPATH\CodeIgniter.php(468): CodeIgniter\CodeIgniter->runController(Object(App\Controllers\siswa))
 8 SYSTEMPATH\CodeIgniter.php(351): CodeIgniter\CodeIgniter->handleRequest(null, Object(Config\Cache), false)
 9 FCPATH\index.php(55): CodeIgniter\CodeIgniter->run()
10 SYSTEMPATH\Commands\Server\rewrite.php(43): require_once('FCPATH\\index.php')
CRITICAL - 2023-03-09 09:46:14 --> Trying to access array offset on value of type null
in APPPATH\Views\form\edit_siswa.php on line 23.
 1 APPPATH\Views\form\edit_siswa.php(23): CodeIgniter\Debug\Exceptions->errorHandler(2, 'Trying to access array offset on value of type null', 'APPPATH\\Views\\form\\edit_siswa.php', 23)
 2 SYSTEMPATH\View\View.php(213): include('APPPATH\\Views\\form\\edit_siswa.php')
 3 SYSTEMPATH\View\View.php(216): CodeIgniter\View\View->CodeIgniter\View\{closure}()
 4 SYSTEMPATH\Common.php(1135): CodeIgniter\View\View->render('/form/edit_siswa', [], true)
 5 APPPATH\Controllers\siswa.php(75): view('/form/edit_siswa', [...])
 6 SYSTEMPATH\CodeIgniter.php(898): App\Controllers\siswa->edit('FCPATH\\asset', 'demo', 'chart-area-demo.js')
 7 SYSTEMPATH\CodeIgniter.php(468): CodeIgniter\CodeIgniter->runController(Object(App\Controllers\siswa))
 8 SYSTEMPATH\CodeIgniter.php(351): CodeIgniter\CodeIgniter->handleRequest(null, Object(Config\Cache), false)
 9 FCPATH\index.php(55): CodeIgniter\CodeIgniter->run()
10 SYSTEMPATH\Commands\Server\rewrite.php(43): require_once('FCPATH\\index.php')
CRITICAL - 2023-03-09 09:46:14 --> Trying to access array offset on value of type null
in APPPATH\Views\form\edit_siswa.php on line 23.
 1 APPPATH\Views\form\edit_siswa.php(23): CodeIgniter\Debug\Exceptions->errorHandler(2, 'Trying to access array offset on value of type null', 'APPPATH\\Views\\form\\edit_siswa.php', 23)
 2 SYSTEMPATH\View\View.php(213): include('APPPATH\\Views\\form\\edit_siswa.php')
 3 SYSTEMPATH\View\View.php(216): CodeIgniter\View\View->CodeIgniter\View\{closure}()
 4 SYSTEMPATH\Common.php(1135): CodeIgniter\View\View->render('/form/edit_siswa', [], true)
 5 APPPATH\Controllers\siswa.php(75): view('/form/edit_siswa', [...])
 6 SYSTEMPATH\CodeIgniter.php(898): App\Controllers\siswa->edit('FCPATH\\asset', 'demo', 'chart-bar-demo.js')
 7 SYSTEMPATH\CodeIgniter.php(468): CodeIgniter\CodeIgniter->runController(Object(App\Controllers\siswa))
 8 SYSTEMPATH\CodeIgniter.php(351): CodeIgniter\CodeIgniter->handleRequest(null, Object(Config\Cache), false)
 9 FCPATH\index.php(55): CodeIgniter\CodeIgniter->run()
10 SYSTEMPATH\Commands\Server\rewrite.php(43): require_once('FCPATH\\index.php')
CRITICAL - 2023-03-09 21:10:33 --> Trying to access array offset on value of type null
in APPPATH\Views\form\edit_siswa.php on line 23.
 1 APPPATH\Views\form\edit_siswa.php(23): CodeIgniter\Debug\Exceptions->errorHandler(2, 'Trying to access array offset on value of type null', 'APPPATH\\Views\\form\\edit_siswa.php', 23)
 2 SYSTEMPATH\View\View.php(213): include('APPPATH\\Views\\form\\edit_siswa.php')
 3 SYSTEMPATH\View\View.php(216): CodeIgniter\View\View->CodeIgniter\View\{closure}()
 4 SYSTEMPATH\Common.php(1135): CodeIgniter\View\View->render('/form/edit_siswa', [], true)
 5 APPPATH\Controllers\siswa.php(75): view('/form/edit_siswa', [...])
 6 SYSTEMPATH\CodeIgniter.php(898): App\Controllers\siswa->edit('FCPATH\\asset', 'demo', 'chart-area-demo.js')
 7 SYSTEMPATH\CodeIgniter.php(468): CodeIgniter\CodeIgniter->runController(Object(App\Controllers\siswa))
 8 SYSTEMPATH\CodeIgniter.php(351): CodeIgniter\CodeIgniter->handleRequest(null, Object(Config\Cache), false)
 9 FCPATH\index.php(55): CodeIgniter\CodeIgniter->run()
10 SYSTEMPATH\Commands\Server\rewrite.php(43): require_once('FCPATH\\index.php')
CRITICAL - 2023-03-09 21:10:34 --> Trying to access array offset on value of type null
in APPPATH\Views\form\edit_siswa.php on line 23.
 1 APPPATH\Views\form\edit_siswa.php(23): CodeIgniter\Debug\Exceptions->errorHandler(2, 'Trying to access array offset on value of type null', 'APPPATH\\Views\\form\\edit_siswa.php', 23)
 2 SYSTEMPATH\View\View.php(213): include('APPPATH\\Views\\form\\edit_siswa.php')
 3 SYSTEMPATH\View\View.php(216): CodeIgniter\View\View->CodeIgniter\View\{closure}()
 4 SYSTEMPATH\Common.php(1135): CodeIgniter\View\View->render('/form/edit_siswa', [], true)
 5 APPPATH\Controllers\siswa.php(75): view('/form/edit_siswa', [...])
 6 SYSTEMPATH\CodeIgniter.php(898): App\Controllers\siswa->edit('FCPATH\\asset', 'demo', 'chart-bar-demo.js')
 7 SYSTEMPATH\CodeIgniter.php(468): CodeIgniter\CodeIgniter->runController(Object(App\Controllers\siswa))
 8 SYSTEMPATH\CodeIgniter.php(351): CodeIgniter\CodeIgniter->handleRequest(null, Object(Config\Cache), false)
 9 FCPATH\index.php(55): CodeIgniter\CodeIgniter->run()
10 SYSTEMPATH\Commands\Server\rewrite.php(43): require_once('FCPATH\\index.php')
CRITICAL - 2023-03-09 21:10:42 --> Trying to access array offset on value of type null
in APPPATH\Views\form\edit_siswa.php on line 23.
 1 APPPATH\Views\form\edit_siswa.php(23): CodeIgniter\Debug\Exceptions->errorHandler(2, 'Trying to access array offset on value of type null', 'APPPATH\\Views\\form\\edit_siswa.php', 23)
 2 SYSTEMPATH\View\View.php(213): include('APPPATH\\Views\\form\\edit_siswa.php')
 3 SYSTEMPATH\View\View.php(216): CodeIgniter\View\View->CodeIgniter\View\{closure}()
 4 SYSTEMPATH\Common.php(1135): CodeIgniter\View\View->render('/form/edit_siswa', [], true)
 5 APPPATH\Controllers\siswa.php(75): view('/form/edit_siswa', [...])
 6 SYSTEMPATH\CodeIgniter.php(898): App\Controllers\siswa->edit('FCPATH\\asset', 'demo', 'chart-area-demo.js')
 7 SYSTEMPATH\CodeIgniter.php(468): CodeIgniter\CodeIgniter->runController(Object(App\Controllers\siswa))
 8 SYSTEMPATH\CodeIgniter.php(351): CodeIgniter\CodeIgniter->handleRequest(null, Object(Config\Cache), false)
 9 FCPATH\index.php(55): CodeIgniter\CodeIgniter->run()
10 SYSTEMPATH\Commands\Server\rewrite.php(43): require_once('FCPATH\\index.php')
CRITICAL - 2023-03-09 21:10:42 --> Trying to access array offset on value of type null
in APPPATH\Views\form\edit_siswa.php on line 23.
 1 APPPATH\Views\form\edit_siswa.php(23): CodeIgniter\Debug\Exceptions->errorHandler(2, 'Trying to access array offset on value of type null', 'APPPATH\\Views\\form\\edit_siswa.php', 23)
 2 SYSTEMPATH\View\View.php(213): include('APPPATH\\Views\\form\\edit_siswa.php')
 3 SYSTEMPATH\View\View.php(216): CodeIgniter\View\View->CodeIgniter\View\{closure}()
 4 SYSTEMPATH\Common.php(1135): CodeIgniter\View\View->render('/form/edit_siswa', [], true)
 5 APPPATH\Controllers\siswa.php(75): view('/form/edit_siswa', [...])
 6 SYSTEMPATH\CodeIgniter.php(898): App\Controllers\siswa->edit('FCPATH\\asset', 'demo', 'chart-bar-demo.js')
 7 SYSTEMPATH\CodeIgniter.php(468): CodeIgniter\CodeIgniter->runController(Object(App\Controllers\siswa))
 8 SYSTEMPATH\CodeIgniter.php(351): CodeIgniter\CodeIgniter->handleRequest(null, Object(Config\Cache), false)
 9 FCPATH\index.php(55): CodeIgniter\CodeIgniter->run()
10 SYSTEMPATH\Commands\Server\rewrite.php(43): require_once('FCPATH\\index.php')
CRITICAL - 2023-03-09 21:11:06 --> Trying to access array offset on value of type null
in APPPATH\Views\form\edit_kelas.php on line 18.
 1 APPPATH\Views\form\edit_kelas.php(18): CodeIgniter\Debug\Exceptions->errorHandler(2, 'Trying to access array offset on value of type null', 'APPPATH\\Views\\form\\edit_kelas.php', 18)
 2 SYSTEMPATH\View\View.php(213): include('APPPATH\\Views\\form\\edit_kelas.php')
 3 SYSTEMPATH\View\View.php(216): CodeIgniter\View\View->CodeIgniter\View\{closure}()
 4 SYSTEMPATH\Common.php(1135): CodeIgniter\View\View->render('/form/edit_kelas', [], true)
 5 APPPATH\Controllers\kelas.php(70): view('/form/edit_kelas', [...])
 6 SYSTEMPATH\CodeIgniter.php(898): App\Controllers\kelas->edit('FCPATH\\asset', 'demo', 'chart-area-demo.js')
 7 SYSTEMPATH\CodeIgniter.php(468): CodeIgniter\CodeIgniter->runController(Object(App\Controllers\kelas))
 8 SYSTEMPATH\CodeIgniter.php(351): CodeIgniter\CodeIgniter->handleRequest(null, Object(Config\Cache), false)
 9 FCPATH\index.php(55): CodeIgniter\CodeIgniter->run()
10 SYSTEMPATH\Commands\Server\rewrite.php(43): require_once('FCPATH\\index.php')
CRITICAL - 2023-03-09 21:11:06 --> Trying to access array offset on value of type null
in APPPATH\Views\form\edit_kelas.php on line 18.
 1 APPPATH\Views\form\edit_kelas.php(18): CodeIgniter\Debug\Exceptions->errorHandler(2, 'Trying to access array offset on value of type null', 'APPPATH\\Views\\form\\edit_kelas.php', 18)
 2 SYSTEMPATH\View\View.php(213): include('APPPATH\\Views\\form\\edit_kelas.php')
 3 SYSTEMPATH\View\View.php(216): CodeIgniter\View\View->CodeIgniter\View\{closure}()
 4 SYSTEMPATH\Common.php(1135): CodeIgniter\View\View->render('/form/edit_kelas', [], true)
 5 APPPATH\Controllers\kelas.php(70): view('/form/edit_kelas', [...])
 6 SYSTEMPATH\CodeIgniter.php(898): App\Controllers\kelas->edit('FCPATH\\asset', 'demo', 'chart-bar-demo.js')
 7 SYSTEMPATH\CodeIgniter.php(468): CodeIgniter\CodeIgniter->runController(Object(App\Controllers\kelas))
 8 SYSTEMPATH\CodeIgniter.php(351): CodeIgniter\CodeIgniter->handleRequest(null, Object(Config\Cache), false)
 9 FCPATH\index.php(55): CodeIgniter\CodeIgniter->run()
10 SYSTEMPATH\Commands\Server\rewrite.php(43): require_once('FCPATH\\index.php')
CRITICAL - 2023-03-09 21:12:09 --> Trying to access array offset on value of type null
in APPPATH\Views\form\edit_kelas.php on line 18.
 1 APPPATH\Views\form\edit_kelas.php(18): CodeIgniter\Debug\Exceptions->errorHandler(2, 'Trying to access array offset on value of type null', 'APPPATH\\Views\\form\\edit_kelas.php', 18)
 2 SYSTEMPATH\View\View.php(213): include('APPPATH\\Views\\form\\edit_kelas.php')
 3 SYSTEMPATH\View\View.php(216): CodeIgniter\View\View->CodeIgniter\View\{closure}()
 4 SYSTEMPATH\Common.php(1135): CodeIgniter\View\View->render('/form/edit_kelas', [], true)
 5 APPPATH\Controllers\kelas.php(70): view('/form/edit_kelas', [...])
 6 SYSTEMPATH\CodeIgniter.php(898): App\Controllers\kelas->edit('FCPATH\\asset', 'demo', 'chart-area-demo.js')
 7 SYSTEMPATH\CodeIgniter.php(468): CodeIgniter\CodeIgniter->runController(Object(App\Controllers\kelas))
 8 SYSTEMPATH\CodeIgniter.php(351): CodeIgniter\CodeIgniter->handleRequest(null, Object(Config\Cache), false)
 9 FCPATH\index.php(55): CodeIgniter\CodeIgniter->run()
10 SYSTEMPATH\Commands\Server\rewrite.php(43): require_once('FCPATH\\index.php')
CRITICAL - 2023-03-09 21:12:09 --> Trying to access array offset on value of type null
in APPPATH\Views\form\edit_kelas.php on line 18.
 1 APPPATH\Views\form\edit_kelas.php(18): CodeIgniter\Debug\Exceptions->errorHandler(2, 'Trying to access array offset on value of type null', 'APPPATH\\Views\\form\\edit_kelas.php', 18)
 2 SYSTEMPATH\View\View.php(213): include('APPPATH\\Views\\form\\edit_kelas.php')
 3 SYSTEMPATH\View\View.php(216): CodeIgniter\View\View->CodeIgniter\View\{closure}()
 4 SYSTEMPATH\Common.php(1135): CodeIgniter\View\View->render('/form/edit_kelas', [], true)
 5 APPPATH\Controllers\kelas.php(70): view('/form/edit_kelas', [...])
 6 SYSTEMPATH\CodeIgniter.php(898): App\Controllers\kelas->edit('FCPATH\\asset', 'demo', 'chart-bar-demo.js')
 7 SYSTEMPATH\CodeIgniter.php(468): CodeIgniter\CodeIgniter->runController(Object(App\Controllers\kelas))
 8 SYSTEMPATH\CodeIgniter.php(351): CodeIgniter\CodeIgniter->handleRequest(null, Object(Config\Cache), false)
 9 FCPATH\index.php(55): CodeIgniter\CodeIgniter->run()
10 SYSTEMPATH\Commands\Server\rewrite.php(43): require_once('FCPATH\\index.php')
CRITICAL - 2023-03-09 21:12:34 --> Trying to access array offset on value of type null
in APPPATH\Views\form\edit_beasiswa.php on line 23.
 1 APPPATH\Views\form\edit_beasiswa.php(23): CodeIgniter\Debug\Exceptions->errorHandler(2, 'Trying to access array offset on value of type null', 'APPPATH\\Views\\form\\edit_beasiswa.php', 23)
 2 SYSTEMPATH\View\View.php(213): include('APPPATH\\Views\\form\\edit_beasiswa.php')
 3 SYSTEMPATH\View\View.php(216): CodeIgniter\View\View->CodeIgniter\View\{closure}()
 4 SYSTEMPATH\Common.php(1135): CodeIgniter\View\View->render('/form/edit_beasiswa', [], true)
 5 APPPATH\Controllers\beasiswa.php(79): view('/form/edit_beasiswa', [...])
 6 SYSTEMPATH\CodeIgniter.php(898): App\Controllers\beasiswa->edit('FCPATH\\asset', 'demo', 'chart-area-demo.js')
 7 SYSTEMPATH\CodeIgniter.php(468): CodeIgniter\CodeIgniter->runController(Object(App\Controllers\beasiswa))
 8 SYSTEMPATH\CodeIgniter.php(351): CodeIgniter\CodeIgniter->handleRequest(null, Object(Config\Cache), false)
 9 FCPATH\index.php(55): CodeIgniter\CodeIgniter->run()
10 SYSTEMPATH\Commands\Server\rewrite.php(43): require_once('FCPATH\\index.php')
CRITICAL - 2023-03-09 21:12:35 --> Trying to access array offset on value of type null
in APPPATH\Views\form\edit_beasiswa.php on line 23.
 1 APPPATH\Views\form\edit_beasiswa.php(23): CodeIgniter\Debug\Exceptions->errorHandler(2, 'Trying to access array offset on value of type null', 'APPPATH\\Views\\form\\edit_beasiswa.php', 23)
 2 SYSTEMPATH\View\View.php(213): include('APPPATH\\Views\\form\\edit_beasiswa.php')
 3 SYSTEMPATH\View\View.php(216): CodeIgniter\View\View->CodeIgniter\View\{closure}()
 4 SYSTEMPATH\Common.php(1135): CodeIgniter\View\View->render('/form/edit_beasiswa', [], true)
 5 APPPATH\Controllers\beasiswa.php(79): view('/form/edit_beasiswa', [...])
 6 SYSTEMPATH\CodeIgniter.php(898): App\Controllers\beasiswa->edit('FCPATH\\asset', 'demo', 'chart-bar-demo.js')
 7 SYSTEMPATH\CodeIgniter.php(468): CodeIgniter\CodeIgniter->runController(Object(App\Controllers\beasiswa))
 8 SYSTEMPATH\CodeIgniter.php(351): CodeIgniter\CodeIgniter->handleRequest(null, Object(Config\Cache), false)
 9 FCPATH\index.php(55): CodeIgniter\CodeIgniter->run()
10 SYSTEMPATH\Commands\Server\rewrite.php(43): require_once('FCPATH\\index.php')
