CRITICAL - 2023-05-08 00:34:15 --> Array to string conversion
in APPPATH\Controllers\tunggakan.php on line 122.
 1 APPPATH\Controllers\tunggakan.php(122): CodeIgniter\Debug\Exceptions->errorHandler(2, 'Array to string conversion', 'APPPATH\\Controllers\\tunggakan.php', 122)
 2 SYSTEMPATH\CodeIgniter.php(898): App\Controllers\tunggakan->bayar('169', '12')
 3 SYSTEMPATH\CodeIgniter.php(468): CodeIgniter\CodeIgniter->runController(Object(App\Controllers\tunggakan))
 4 SYSTEMPATH\CodeIgniter.php(351): CodeIgniter\CodeIgniter->handleRequest(null, Object(Config\Cache), false)
 5 FCPATH\index.php(55): CodeIgniter\CodeIgniter->run()
 6 SYSTEMPATH\Commands\Server\rewrite.php(43): require_once('FCPATH\\index.php')
CRITICAL - 2023-05-08 00:39:30 --> Undefined property: CodeIgniter\HTTP\IncomingRequest::$getVar
in APPPATH\Controllers\tunggakan.php on line 107.
 1 APPPATH\Controllers\tunggakan.php(107): CodeIgniter\Debug\Exceptions->errorHandler(2, 'Undefined property: CodeIgniter\\HTTP\\IncomingRequest::$getVar', 'APPPATH\\Controllers\\tunggakan.php', 107)
 2 SYSTEMPATH\CodeIgniter.php(898): App\Controllers\tunggakan->cari()
 3 SYSTEMPATH\CodeIgniter.php(468): CodeIgniter\CodeIgniter->runController(Object(App\Controllers\tunggakan))
 4 SYSTEMPATH\CodeIgniter.php(351): CodeIgniter\CodeIgniter->handleRequest(null, Object(Config\Cache), false)
 5 FCPATH\index.php(55): CodeIgniter\CodeIgniter->run()
 6 SYSTEMPATH\Commands\Server\rewrite.php(43): require_once('FCPATH\\index.php')
CRITICAL - 2023-05-08 00:39:35 --> Undefined property: CodeIgniter\HTTP\IncomingRequest::$getVar
in APPPATH\Controllers\tunggakan.php on line 107.
 1 APPPATH\Controllers\tunggakan.php(107): CodeIgniter\Debug\Exceptions->errorHandler(2, 'Undefined property: CodeIgniter\\HTTP\\IncomingRequest::$getVar', 'APPPATH\\Controllers\\tunggakan.php', 107)
 2 SYSTEMPATH\CodeIgniter.php(898): App\Controllers\tunggakan->cari()
 3 SYSTEMPATH\CodeIgniter.php(468): CodeIgniter\CodeIgniter->runController(Object(App\Controllers\tunggakan))
 4 SYSTEMPATH\CodeIgniter.php(351): CodeIgniter\CodeIgniter->handleRequest(null, Object(Config\Cache), false)
 5 FCPATH\index.php(55): CodeIgniter\CodeIgniter->run()
 6 SYSTEMPATH\Commands\Server\rewrite.php(43): require_once('FCPATH\\index.php')
CRITICAL - 2023-05-08 00:39:45 --> Undefined property: CodeIgniter\HTTP\IncomingRequest::$getVar
in APPPATH\Controllers\tunggakan.php on line 107.
 1 APPPATH\Controllers\tunggakan.php(107): CodeIgniter\Debug\Exceptions->errorHandler(2, 'Undefined property: CodeIgniter\\HTTP\\IncomingRequest::$getVar', 'APPPATH\\Controllers\\tunggakan.php', 107)
 2 SYSTEMPATH\CodeIgniter.php(898): App\Controllers\tunggakan->cari()
 3 SYSTEMPATH\CodeIgniter.php(468): CodeIgniter\CodeIgniter->runController(Object(App\Controllers\tunggakan))
 4 SYSTEMPATH\CodeIgniter.php(351): CodeIgniter\CodeIgniter->handleRequest(null, Object(Config\Cache), false)
 5 FCPATH\index.php(55): CodeIgniter\CodeIgniter->run()
 6 SYSTEMPATH\Commands\Server\rewrite.php(43): require_once('FCPATH\\index.php')
CRITICAL - 2023-05-08 00:40:03 --> Undefined property: CodeIgniter\HTTP\IncomingRequest::$getVar
in APPPATH\Controllers\tunggakan.php on line 107.
 1 APPPATH\Controllers\tunggakan.php(107): CodeIgniter\Debug\Exceptions->errorHandler(2, 'Undefined property: CodeIgniter\\HTTP\\IncomingRequest::$getVar', 'APPPATH\\Controllers\\tunggakan.php', 107)
 2 SYSTEMPATH\CodeIgniter.php(898): App\Controllers\tunggakan->cari()
 3 SYSTEMPATH\CodeIgniter.php(468): CodeIgniter\CodeIgniter->runController(Object(App\Controllers\tunggakan))
 4 SYSTEMPATH\CodeIgniter.php(351): CodeIgniter\CodeIgniter->handleRequest(null, Object(Config\Cache), false)
 5 FCPATH\index.php(55): CodeIgniter\CodeIgniter->run()
 6 SYSTEMPATH\Commands\Server\rewrite.php(43): require_once('FCPATH\\index.php')
CRITICAL - 2023-05-08 00:40:30 --> Undefined property: CodeIgniter\HTTP\IncomingRequest::$base64_encode
in APPPATH\Controllers\tunggakan.php on line 107.
 1 APPPATH\Controllers\tunggakan.php(107): CodeIgniter\Debug\Exceptions->errorHandler(2, 'Undefined property: CodeIgniter\\HTTP\\IncomingRequest::$base64_encode', 'APPPATH\\Controllers\\tunggakan.php', 107)
 2 SYSTEMPATH\CodeIgniter.php(898): App\Controllers\tunggakan->cari()
 3 SYSTEMPATH\CodeIgniter.php(468): CodeIgniter\CodeIgniter->runController(Object(App\Controllers\tunggakan))
 4 SYSTEMPATH\CodeIgniter.php(351): CodeIgniter\CodeIgniter->handleRequest(null, Object(Config\Cache), false)
 5 FCPATH\index.php(55): CodeIgniter\CodeIgniter->run()
 6 SYSTEMPATH\Commands\Server\rewrite.php(43): require_once('FCPATH\\index.php')
CRITICAL - 2023-05-08 00:40:54 --> Undefined property: App\Controllers\tunggakan::$base64_encode
in APPPATH\Controllers\tunggakan.php on line 107.
 1 APPPATH\Controllers\tunggakan.php(107): CodeIgniter\Debug\Exceptions->errorHandler(2, 'Undefined property: App\\Controllers\\tunggakan::$base64_encode', 'APPPATH\\Controllers\\tunggakan.php', 107)
 2 SYSTEMPATH\CodeIgniter.php(898): App\Controllers\tunggakan->cari()
 3 SYSTEMPATH\CodeIgniter.php(468): CodeIgniter\CodeIgniter->runController(Object(App\Controllers\tunggakan))
 4 SYSTEMPATH\CodeIgniter.php(351): CodeIgniter\CodeIgniter->handleRequest(null, Object(Config\Cache), false)
 5 FCPATH\index.php(55): CodeIgniter\CodeIgniter->run()
 6 SYSTEMPATH\Commands\Server\rewrite.php(43): require_once('FCPATH\\index.php')
CRITICAL - 2023-05-08 00:41:21 --> Undefined property: CodeIgniter\HTTP\IncomingRequest::$getVar
in APPPATH\Controllers\tunggakan.php on line 107.
 1 APPPATH\Controllers\tunggakan.php(107): CodeIgniter\Debug\Exceptions->errorHandler(2, 'Undefined property: CodeIgniter\\HTTP\\IncomingRequest::$getVar', 'APPPATH\\Controllers\\tunggakan.php', 107)
 2 SYSTEMPATH\CodeIgniter.php(898): App\Controllers\tunggakan->cari()
 3 SYSTEMPATH\CodeIgniter.php(468): CodeIgniter\CodeIgniter->runController(Object(App\Controllers\tunggakan))
 4 SYSTEMPATH\CodeIgniter.php(351): CodeIgniter\CodeIgniter->handleRequest(null, Object(Config\Cache), false)
 5 FCPATH\index.php(55): CodeIgniter\CodeIgniter->run()
 6 SYSTEMPATH\Commands\Server\rewrite.php(43): require_once('FCPATH\\index.php')
ERROR - 2023-05-08 00:43:40 --> Unknown column 'bmlz' in 'where clause'
CRITICAL - 2023-05-08 00:43:40 --> Unknown column 'bmlz' in 'where clause'
in SYSTEMPATH\Database\MySQLi\Connection.php on line 292.
 1 SYSTEMPATH\Database\MySQLi\Connection.php(292): mysqli->query('SELECT *
FROM `tunggakan`
JOIN `spp` ON `spp`.`id_spp`=`tunggakan`.`id_spp`
JOIN `kelas` ON `kelas`.`id_kelas`=`tunggakan`.`id_kelas`
WHERE `bmlz` = \'12\'', 0)
 2 SYSTEMPATH\Database\BaseConnection.php(678): CodeIgniter\Database\MySQLi\Connection->execute('SELECT *
FROM `tunggakan`
JOIN `spp` ON `spp`.`id_spp`=`tunggakan`.`id_spp`
JOIN `kelas` ON `kelas`.`id_kelas`=`tunggakan`.`id_kelas`
WHERE `bmlz` = \'12\'')
 3 SYSTEMPATH\Database\BaseConnection.php(606): CodeIgniter\Database\BaseConnection->simpleQuery('SELECT *
FROM `tunggakan`
JOIN `spp` ON `spp`.`id_spp`=`tunggakan`.`id_spp`
JOIN `kelas` ON `kelas`.`id_kelas`=`tunggakan`.`id_kelas`
WHERE `bmlz` = \'12\'')
 4 SYSTEMPATH\Database\BaseBuilder.php(1585): CodeIgniter\Database\BaseConnection->query('SELECT *
FROM `tunggakan`
JOIN `spp` ON `spp`.`id_spp`=`tunggakan`.`id_spp`
JOIN `kelas` ON `kelas`.`id_kelas`=`tunggakan`.`id_kelas`
WHERE `bmlz` = :bmlz:', [...], false)
 5 APPPATH\Models\Tunggakan_Model.php(40): CodeIgniter\Database\BaseBuilder->get()
 6 APPPATH\Controllers\tunggakan.php(109): App\Models\Tunggakan_Model->getsiswa('12')
 7 SYSTEMPATH\CodeIgniter.php(898): App\Controllers\tunggakan->cari()
 8 SYSTEMPATH\CodeIgniter.php(468): CodeIgniter\CodeIgniter->runController(Object(App\Controllers\tunggakan))
 9 SYSTEMPATH\CodeIgniter.php(351): CodeIgniter\CodeIgniter->handleRequest(null, Object(Config\Cache), false)
10 FCPATH\index.php(55): CodeIgniter\CodeIgniter->run()
11 SYSTEMPATH\Commands\Server\rewrite.php(43): require_once('FCPATH\\index.php')
ERROR - 2023-05-08 00:44:44 --> Unknown column 'bmlz' in 'where clause'
CRITICAL - 2023-05-08 00:44:44 --> Unknown column 'bmlz' in 'where clause'
in SYSTEMPATH\Database\MySQLi\Connection.php on line 292.
 1 SYSTEMPATH\Database\MySQLi\Connection.php(292): mysqli->query('SELECT *
FROM `tunggakan`
JOIN `spp` ON `spp`.`id_spp`=`tunggakan`.`id_spp`
JOIN `kelas` ON `kelas`.`id_kelas`=`tunggakan`.`id_kelas`
WHERE `bmlz` = \'×\'', 0)
 2 SYSTEMPATH\Database\BaseConnection.php(678): CodeIgniter\Database\MySQLi\Connection->execute('SELECT *
FROM `tunggakan`
JOIN `spp` ON `spp`.`id_spp`=`tunggakan`.`id_spp`
JOIN `kelas` ON `kelas`.`id_kelas`=`tunggakan`.`id_kelas`
WHERE `bmlz` = \'×\'')
 3 SYSTEMPATH\Database\BaseConnection.php(606): CodeIgniter\Database\BaseConnection->simpleQuery('SELECT *
FROM `tunggakan`
JOIN `spp` ON `spp`.`id_spp`=`tunggakan`.`id_spp`
JOIN `kelas` ON `kelas`.`id_kelas`=`tunggakan`.`id_kelas`
WHERE `bmlz` = \'×\'')
 4 SYSTEMPATH\Database\BaseBuilder.php(1585): CodeIgniter\Database\BaseConnection->query('SELECT *
FROM `tunggakan`
JOIN `spp` ON `spp`.`id_spp`=`tunggakan`.`id_spp`
JOIN `kelas` ON `kelas`.`id_kelas`=`tunggakan`.`id_kelas`
WHERE `bmlz` = :bmlz:', [...], false)
 5 APPPATH\Models\Tunggakan_Model.php(40): CodeIgniter\Database\BaseBuilder->get()
 6 APPPATH\Controllers\tunggakan.php(109): App\Models\Tunggakan_Model->getsiswa('12')
 7 SYSTEMPATH\CodeIgniter.php(898): App\Controllers\tunggakan->cari()
 8 SYSTEMPATH\CodeIgniter.php(468): CodeIgniter\CodeIgniter->runController(Object(App\Controllers\tunggakan))
 9 SYSTEMPATH\CodeIgniter.php(351): CodeIgniter\CodeIgniter->handleRequest(null, Object(Config\Cache), false)
10 FCPATH\index.php(55): CodeIgniter\CodeIgniter->run()
11 SYSTEMPATH\Commands\Server\rewrite.php(43): require_once('FCPATH\\index.php')
ERROR - 2023-05-08 00:44:54 --> Unknown column 'bmlz' in 'where clause'
CRITICAL - 2023-05-08 00:44:54 --> Unknown column 'bmlz' in 'where clause'
in SYSTEMPATH\Database\MySQLi\Connection.php on line 292.
 1 SYSTEMPATH\Database\MySQLi\Connection.php(292): mysqli->query('SELECT *
FROM `tunggakan`
JOIN `spp` ON `spp`.`id_spp`=`tunggakan`.`id_spp`
JOIN `kelas` ON `kelas`.`id_kelas`=`tunggakan`.`id_kelas`
WHERE `bmlz` = \'×\'', 0)
 2 SYSTEMPATH\Database\BaseConnection.php(678): CodeIgniter\Database\MySQLi\Connection->execute('SELECT *
FROM `tunggakan`
JOIN `spp` ON `spp`.`id_spp`=`tunggakan`.`id_spp`
JOIN `kelas` ON `kelas`.`id_kelas`=`tunggakan`.`id_kelas`
WHERE `bmlz` = \'×\'')
 3 SYSTEMPATH\Database\BaseConnection.php(606): CodeIgniter\Database\BaseConnection->simpleQuery('SELECT *
FROM `tunggakan`
JOIN `spp` ON `spp`.`id_spp`=`tunggakan`.`id_spp`
JOIN `kelas` ON `kelas`.`id_kelas`=`tunggakan`.`id_kelas`
WHERE `bmlz` = \'×\'')
 4 SYSTEMPATH\Database\BaseBuilder.php(1585): CodeIgniter\Database\BaseConnection->query('SELECT *
FROM `tunggakan`
JOIN `spp` ON `spp`.`id_spp`=`tunggakan`.`id_spp`
JOIN `kelas` ON `kelas`.`id_kelas`=`tunggakan`.`id_kelas`
WHERE `bmlz` = :bmlz:', [...], false)
 5 APPPATH\Models\Tunggakan_Model.php(40): CodeIgniter\Database\BaseBuilder->get()
 6 APPPATH\Controllers\tunggakan.php(109): App\Models\Tunggakan_Model->getsiswa('12')
 7 SYSTEMPATH\CodeIgniter.php(898): App\Controllers\tunggakan->cari()
 8 SYSTEMPATH\CodeIgniter.php(468): CodeIgniter\CodeIgniter->runController(Object(App\Controllers\tunggakan))
 9 SYSTEMPATH\CodeIgniter.php(351): CodeIgniter\CodeIgniter->handleRequest(null, Object(Config\Cache), false)
10 FCPATH\index.php(55): CodeIgniter\CodeIgniter->run()
11 SYSTEMPATH\Commands\Server\rewrite.php(43): require_once('FCPATH\\index.php')
CRITICAL - 2023-05-08 00:45:29 --> Undefined property: CodeIgniter\HTTP\IncomingRequest::$getVar
in APPPATH\Controllers\tunggakan.php on line 107.
 1 APPPATH\Controllers\tunggakan.php(107): CodeIgniter\Debug\Exceptions->errorHandler(2, 'Undefined property: CodeIgniter\\HTTP\\IncomingRequest::$getVar', 'APPPATH\\Controllers\\tunggakan.php', 107)
 2 SYSTEMPATH\CodeIgniter.php(898): App\Controllers\tunggakan->cari()
 3 SYSTEMPATH\CodeIgniter.php(468): CodeIgniter\CodeIgniter->runController(Object(App\Controllers\tunggakan))
 4 SYSTEMPATH\CodeIgniter.php(351): CodeIgniter\CodeIgniter->handleRequest(null, Object(Config\Cache), false)
 5 FCPATH\index.php(55): CodeIgniter\CodeIgniter->run()
 6 SYSTEMPATH\Commands\Server\rewrite.php(43): require_once('FCPATH\\index.php')
ERROR - 2023-05-08 00:46:07 --> Unknown column 'bmlz' in 'where clause'
CRITICAL - 2023-05-08 00:46:07 --> Unknown column 'bmlz' in 'where clause'
in SYSTEMPATH\Database\MySQLi\Connection.php on line 292.
 1 SYSTEMPATH\Database\MySQLi\Connection.php(292): mysqli->query('SELECT *
FROM `tunggakan`
JOIN `spp` ON `spp`.`id_spp`=`tunggakan`.`id_spp`
JOIN `kelas` ON `kelas`.`id_kelas`=`tunggakan`.`id_kelas`
WHERE `bmlz` = \'×\'', 0)
 2 SYSTEMPATH\Database\BaseConnection.php(678): CodeIgniter\Database\MySQLi\Connection->execute('SELECT *
FROM `tunggakan`
JOIN `spp` ON `spp`.`id_spp`=`tunggakan`.`id_spp`
JOIN `kelas` ON `kelas`.`id_kelas`=`tunggakan`.`id_kelas`
WHERE `bmlz` = \'×\'')
 3 SYSTEMPATH\Database\BaseConnection.php(606): CodeIgniter\Database\BaseConnection->simpleQuery('SELECT *
FROM `tunggakan`
JOIN `spp` ON `spp`.`id_spp`=`tunggakan`.`id_spp`
JOIN `kelas` ON `kelas`.`id_kelas`=`tunggakan`.`id_kelas`
WHERE `bmlz` = \'×\'')
 4 SYSTEMPATH\Database\BaseBuilder.php(1585): CodeIgniter\Database\BaseConnection->query('SELECT *
FROM `tunggakan`
JOIN `spp` ON `spp`.`id_spp`=`tunggakan`.`id_spp`
JOIN `kelas` ON `kelas`.`id_kelas`=`tunggakan`.`id_kelas`
WHERE `bmlz` = :bmlz:', [...], false)
 5 APPPATH\Models\Tunggakan_Model.php(40): CodeIgniter\Database\BaseBuilder->get()
 6 APPPATH\Controllers\tunggakan.php(109): App\Models\Tunggakan_Model->getsiswa('×')
 7 SYSTEMPATH\CodeIgniter.php(898): App\Controllers\tunggakan->cari()
 8 SYSTEMPATH\CodeIgniter.php(468): CodeIgniter\CodeIgniter->runController(Object(App\Controllers\tunggakan))
 9 SYSTEMPATH\CodeIgniter.php(351): CodeIgniter\CodeIgniter->handleRequest(null, Object(Config\Cache), false)
10 FCPATH\index.php(55): CodeIgniter\CodeIgniter->run()
11 SYSTEMPATH\Commands\Server\rewrite.php(43): require_once('FCPATH\\index.php')
ERROR - 2023-05-08 00:47:39 --> Invalid utf8 character string: '\x9E+'
CRITICAL - 2023-05-08 00:47:39 --> Invalid utf8 character string: '\x9E+'
in SYSTEMPATH\Database\MySQLi\Connection.php on line 292.
 1 SYSTEMPATH\Database\MySQLi\Connection.php(292): mysqli->query('SELECT *
FROM `tunggakan`
JOIN `spp` ON `spp`.`id_spp`=`tunggakan`.`id_spp`
JOIN `kelas` ON `kelas`.`id_kelas`=`tunggakan`.`id_kelas`
WHERE `ž+` = \'MTI=\'', 0)
 2 SYSTEMPATH\Database\BaseConnection.php(678): CodeIgniter\Database\MySQLi\Connection->execute('SELECT *
FROM `tunggakan`
JOIN `spp` ON `spp`.`id_spp`=`tunggakan`.`id_spp`
JOIN `kelas` ON `kelas`.`id_kelas`=`tunggakan`.`id_kelas`
WHERE `ž+` = \'MTI=\'')
 3 SYSTEMPATH\Database\BaseConnection.php(606): CodeIgniter\Database\BaseConnection->simpleQuery('SELECT *
FROM `tunggakan`
JOIN `spp` ON `spp`.`id_spp`=`tunggakan`.`id_spp`
JOIN `kelas` ON `kelas`.`id_kelas`=`tunggakan`.`id_kelas`
WHERE `ž+` = \'MTI=\'')
 4 SYSTEMPATH\Database\BaseBuilder.php(1585): CodeIgniter\Database\BaseConnection->query('SELECT *
FROM `tunggakan`
JOIN `spp` ON `spp`.`id_spp`=`tunggakan`.`id_spp`
JOIN `kelas` ON `kelas`.`id_kelas`=`tunggakan`.`id_kelas`
WHERE `ž+` = :ž+:', [...], false)
 5 APPPATH\Models\Tunggakan_Model.php(40): CodeIgniter\Database\BaseBuilder->get()
 6 APPPATH\Controllers\tunggakan.php(109): App\Models\Tunggakan_Model->getsiswa('MTI=')
 7 SYSTEMPATH\CodeIgniter.php(898): App\Controllers\tunggakan->cari()
 8 SYSTEMPATH\CodeIgniter.php(468): CodeIgniter\CodeIgniter->runController(Object(App\Controllers\tunggakan))
 9 SYSTEMPATH\CodeIgniter.php(351): CodeIgniter\CodeIgniter->handleRequest(null, Object(Config\Cache), false)
10 FCPATH\index.php(55): CodeIgniter\CodeIgniter->run()
11 SYSTEMPATH\Commands\Server\rewrite.php(43): require_once('FCPATH\\index.php')
ERROR - 2023-05-08 00:47:53 --> Invalid utf8 character string: '\x9E+'
CRITICAL - 2023-05-08 00:47:53 --> Invalid utf8 character string: '\x9E+'
in SYSTEMPATH\Database\MySQLi\Connection.php on line 292.
 1 SYSTEMPATH\Database\MySQLi\Connection.php(292): mysqli->query('SELECT *
FROM `tunggakan`
JOIN `spp` ON `spp`.`id_spp`=`tunggakan`.`id_spp`
JOIN `kelas` ON `kelas`.`id_kelas`=`tunggakan`.`id_kelas`
WHERE `ž+` = \'MTI=\'', 0)
 2 SYSTEMPATH\Database\BaseConnection.php(678): CodeIgniter\Database\MySQLi\Connection->execute('SELECT *
FROM `tunggakan`
JOIN `spp` ON `spp`.`id_spp`=`tunggakan`.`id_spp`
JOIN `kelas` ON `kelas`.`id_kelas`=`tunggakan`.`id_kelas`
WHERE `ž+` = \'MTI=\'')
 3 SYSTEMPATH\Database\BaseConnection.php(606): CodeIgniter\Database\BaseConnection->simpleQuery('SELECT *
FROM `tunggakan`
JOIN `spp` ON `spp`.`id_spp`=`tunggakan`.`id_spp`
JOIN `kelas` ON `kelas`.`id_kelas`=`tunggakan`.`id_kelas`
WHERE `ž+` = \'MTI=\'')
 4 SYSTEMPATH\Database\BaseBuilder.php(1585): CodeIgniter\Database\BaseConnection->query('SELECT *
FROM `tunggakan`
JOIN `spp` ON `spp`.`id_spp`=`tunggakan`.`id_spp`
JOIN `kelas` ON `kelas`.`id_kelas`=`tunggakan`.`id_kelas`
WHERE `ž+` = :ž+:', [...], false)
 5 APPPATH\Models\Tunggakan_Model.php(40): CodeIgniter\Database\BaseBuilder->get()
 6 APPPATH\Controllers\tunggakan.php(109): App\Models\Tunggakan_Model->getsiswa('MTI=')
 7 SYSTEMPATH\CodeIgniter.php(898): App\Controllers\tunggakan->cari()
 8 SYSTEMPATH\CodeIgniter.php(468): CodeIgniter\CodeIgniter->runController(Object(App\Controllers\tunggakan))
 9 SYSTEMPATH\CodeIgniter.php(351): CodeIgniter\CodeIgniter->handleRequest(null, Object(Config\Cache), false)
10 FCPATH\index.php(55): CodeIgniter\CodeIgniter->run()
11 SYSTEMPATH\Commands\Server\rewrite.php(43): require_once('FCPATH\\index.php')
ERROR - 2023-05-08 00:48:32 --> Unknown column 'bmlz' in 'where clause'
CRITICAL - 2023-05-08 00:48:32 --> Unknown column 'bmlz' in 'where clause'
in SYSTEMPATH\Database\MySQLi\Connection.php on line 292.
 1 SYSTEMPATH\Database\MySQLi\Connection.php(292): mysqli->query('SELECT *
FROM `tunggakan`
JOIN `spp` ON `spp`.`id_spp`=`tunggakan`.`id_spp`
JOIN `kelas` ON `kelas`.`id_kelas`=`tunggakan`.`id_kelas`
WHERE `bmlz` = \'×\'', 0)
 2 SYSTEMPATH\Database\BaseConnection.php(678): CodeIgniter\Database\MySQLi\Connection->execute('SELECT *
FROM `tunggakan`
JOIN `spp` ON `spp`.`id_spp`=`tunggakan`.`id_spp`
JOIN `kelas` ON `kelas`.`id_kelas`=`tunggakan`.`id_kelas`
WHERE `bmlz` = \'×\'')
 3 SYSTEMPATH\Database\BaseConnection.php(606): CodeIgniter\Database\BaseConnection->simpleQuery('SELECT *
FROM `tunggakan`
JOIN `spp` ON `spp`.`id_spp`=`tunggakan`.`id_spp`
JOIN `kelas` ON `kelas`.`id_kelas`=`tunggakan`.`id_kelas`
WHERE `bmlz` = \'×\'')
 4 SYSTEMPATH\Database\BaseBuilder.php(1585): CodeIgniter\Database\BaseConnection->query('SELECT *
FROM `tunggakan`
JOIN `spp` ON `spp`.`id_spp`=`tunggakan`.`id_spp`
JOIN `kelas` ON `kelas`.`id_kelas`=`tunggakan`.`id_kelas`
WHERE `bmlz` = :bmlz:', [...], false)
 5 APPPATH\Models\Tunggakan_Model.php(40): CodeIgniter\Database\BaseBuilder->get()
 6 APPPATH\Controllers\tunggakan.php(109): App\Models\Tunggakan_Model->getsiswa('×')
 7 SYSTEMPATH\CodeIgniter.php(898): App\Controllers\tunggakan->cari()
 8 SYSTEMPATH\CodeIgniter.php(468): CodeIgniter\CodeIgniter->runController(Object(App\Controllers\tunggakan))
 9 SYSTEMPATH\CodeIgniter.php(351): CodeIgniter\CodeIgniter->handleRequest(null, Object(Config\Cache), false)
10 FCPATH\index.php(55): CodeIgniter\CodeIgniter->run()
11 SYSTEMPATH\Commands\Server\rewrite.php(43): require_once('FCPATH\\index.php')
ERROR - 2023-05-08 00:48:43 --> Unknown column 'bmlz' in 'where clause'
CRITICAL - 2023-05-08 00:48:43 --> Unknown column 'bmlz' in 'where clause'
in SYSTEMPATH\Database\MySQLi\Connection.php on line 292.
 1 SYSTEMPATH\Database\MySQLi\Connection.php(292): mysqli->query('SELECT *
FROM `tunggakan`
JOIN `spp` ON `spp`.`id_spp`=`tunggakan`.`id_spp`
JOIN `kelas` ON `kelas`.`id_kelas`=`tunggakan`.`id_kelas`
WHERE `bmlz` = \'×\'', 0)
 2 SYSTEMPATH\Database\BaseConnection.php(678): CodeIgniter\Database\MySQLi\Connection->execute('SELECT *
FROM `tunggakan`
JOIN `spp` ON `spp`.`id_spp`=`tunggakan`.`id_spp`
JOIN `kelas` ON `kelas`.`id_kelas`=`tunggakan`.`id_kelas`
WHERE `bmlz` = \'×\'')
 3 SYSTEMPATH\Database\BaseConnection.php(606): CodeIgniter\Database\BaseConnection->simpleQuery('SELECT *
FROM `tunggakan`
JOIN `spp` ON `spp`.`id_spp`=`tunggakan`.`id_spp`
JOIN `kelas` ON `kelas`.`id_kelas`=`tunggakan`.`id_kelas`
WHERE `bmlz` = \'×\'')
 4 SYSTEMPATH\Database\BaseBuilder.php(1585): CodeIgniter\Database\BaseConnection->query('SELECT *
FROM `tunggakan`
JOIN `spp` ON `spp`.`id_spp`=`tunggakan`.`id_spp`
JOIN `kelas` ON `kelas`.`id_kelas`=`tunggakan`.`id_kelas`
WHERE `bmlz` = :bmlz:', [...], false)
 5 APPPATH\Models\Tunggakan_Model.php(40): CodeIgniter\Database\BaseBuilder->get()
 6 APPPATH\Controllers\tunggakan.php(109): App\Models\Tunggakan_Model->getsiswa('×')
 7 SYSTEMPATH\CodeIgniter.php(898): App\Controllers\tunggakan->cari()
 8 SYSTEMPATH\CodeIgniter.php(468): CodeIgniter\CodeIgniter->runController(Object(App\Controllers\tunggakan))
 9 SYSTEMPATH\CodeIgniter.php(351): CodeIgniter\CodeIgniter->handleRequest(null, Object(Config\Cache), false)
10 FCPATH\index.php(55): CodeIgniter\CodeIgniter->run()
11 SYSTEMPATH\Commands\Server\rewrite.php(43): require_once('FCPATH\\index.php')
CRITICAL - 2023-05-08 00:50:24 --> Attempt to read property "base64_decode" on string
in APPPATH\Controllers\tunggakan.php on line 107.
 1 APPPATH\Controllers\tunggakan.php(107): CodeIgniter\Debug\Exceptions->errorHandler(2, 'Attempt to read property "base64_decode" on string', 'APPPATH\\Controllers\\tunggakan.php', 107)
 2 SYSTEMPATH\CodeIgniter.php(898): App\Controllers\tunggakan->cari()
 3 SYSTEMPATH\CodeIgniter.php(468): CodeIgniter\CodeIgniter->runController(Object(App\Controllers\tunggakan))
 4 SYSTEMPATH\CodeIgniter.php(351): CodeIgniter\CodeIgniter->handleRequest(null, Object(Config\Cache), false)
 5 FCPATH\index.php(55): CodeIgniter\CodeIgniter->run()
 6 SYSTEMPATH\Commands\Server\rewrite.php(43): require_once('FCPATH\\index.php')
CRITICAL - 2023-05-08 00:50:43 --> Call to a member function base64_decode() on string
in APPPATH\Controllers\tunggakan.php on line 107.
 1 SYSTEMPATH\CodeIgniter.php(898): App\Controllers\tunggakan->cari()
 2 SYSTEMPATH\CodeIgniter.php(468): CodeIgniter\CodeIgniter->runController(Object(App\Controllers\tunggakan))
 3 SYSTEMPATH\CodeIgniter.php(351): CodeIgniter\CodeIgniter->handleRequest(null, Object(Config\Cache), false)
 4 FCPATH\index.php(55): CodeIgniter\CodeIgniter->run()
 5 SYSTEMPATH\Commands\Server\rewrite.php(43): require_once('FCPATH\\index.php')
ERROR - 2023-05-08 01:05:27 --> Unknown column 'bmlz' in 'where clause'
CRITICAL - 2023-05-08 01:05:27 --> Unknown column 'bmlz' in 'where clause'
in SYSTEMPATH\Database\MySQLi\Connection.php on line 292.
 1 SYSTEMPATH\Database\MySQLi\Connection.php(292): mysqli->query('SELECT *
FROM `tunggakan`
JOIN `spp` ON `spp`.`id_spp`=`tunggakan`.`id_spp`
JOIN `kelas` ON `kelas`.`id_kelas`=`tunggakan`.`id_kelas`
WHERE `bmlz` IS NULL', 0)
 2 SYSTEMPATH\Database\BaseConnection.php(678): CodeIgniter\Database\MySQLi\Connection->execute('SELECT *
FROM `tunggakan`
JOIN `spp` ON `spp`.`id_spp`=`tunggakan`.`id_spp`
JOIN `kelas` ON `kelas`.`id_kelas`=`tunggakan`.`id_kelas`
WHERE `bmlz` IS NULL')
 3 SYSTEMPATH\Database\BaseConnection.php(606): CodeIgniter\Database\BaseConnection->simpleQuery('SELECT *
FROM `tunggakan`
JOIN `spp` ON `spp`.`id_spp`=`tunggakan`.`id_spp`
JOIN `kelas` ON `kelas`.`id_kelas`=`tunggakan`.`id_kelas`
WHERE `bmlz` IS NULL')
 4 SYSTEMPATH\Database\BaseBuilder.php(1585): CodeIgniter\Database\BaseConnection->query('SELECT *
FROM `tunggakan`
JOIN `spp` ON `spp`.`id_spp`=`tunggakan`.`id_spp`
JOIN `kelas` ON `kelas`.`id_kelas`=`tunggakan`.`id_kelas`
WHERE `bmlz` IS NULL', [], false)
 5 APPPATH\Models\Tunggakan_Model.php(40): CodeIgniter\Database\BaseBuilder->get()
 6 APPPATH\Controllers\tunggakan.php(111): App\Models\Tunggakan_Model->getsiswa(null)
 7 SYSTEMPATH\CodeIgniter.php(898): App\Controllers\tunggakan->cari()
 8 SYSTEMPATH\CodeIgniter.php(468): CodeIgniter\CodeIgniter->runController(Object(App\Controllers\tunggakan))
 9 SYSTEMPATH\CodeIgniter.php(351): CodeIgniter\CodeIgniter->handleRequest(null, Object(Config\Cache), false)
10 FCPATH\index.php(55): CodeIgniter\CodeIgniter->run()
11 SYSTEMPATH\Commands\Server\rewrite.php(43): require_once('FCPATH\\index.php')
ERROR - 2023-05-08 01:05:46 --> Invalid utf8 character string: '\x9E+'
CRITICAL - 2023-05-08 01:05:46 --> Invalid utf8 character string: '\x9E+'
in SYSTEMPATH\Database\MySQLi\Connection.php on line 292.
 1 SYSTEMPATH\Database\MySQLi\Connection.php(292): mysqli->query('SELECT *
FROM `tunggakan`
JOIN `spp` ON `spp`.`id_spp`=`tunggakan`.`id_spp`
JOIN `kelas` ON `kelas`.`id_kelas`=`tunggakan`.`id_kelas`
WHERE `ž+` IS NULL', 0)
 2 SYSTEMPATH\Database\BaseConnection.php(678): CodeIgniter\Database\MySQLi\Connection->execute('SELECT *
FROM `tunggakan`
JOIN `spp` ON `spp`.`id_spp`=`tunggakan`.`id_spp`
JOIN `kelas` ON `kelas`.`id_kelas`=`tunggakan`.`id_kelas`
WHERE `ž+` IS NULL')
 3 SYSTEMPATH\Database\BaseConnection.php(606): CodeIgniter\Database\BaseConnection->simpleQuery('SELECT *
FROM `tunggakan`
JOIN `spp` ON `spp`.`id_spp`=`tunggakan`.`id_spp`
JOIN `kelas` ON `kelas`.`id_kelas`=`tunggakan`.`id_kelas`
WHERE `ž+` IS NULL')
 4 SYSTEMPATH\Database\BaseBuilder.php(1585): CodeIgniter\Database\BaseConnection->query('SELECT *
FROM `tunggakan`
JOIN `spp` ON `spp`.`id_spp`=`tunggakan`.`id_spp`
JOIN `kelas` ON `kelas`.`id_kelas`=`tunggakan`.`id_kelas`
WHERE `ž+` IS NULL', [], false)
 5 APPPATH\Models\Tunggakan_Model.php(40): CodeIgniter\Database\BaseBuilder->get()
 6 APPPATH\Controllers\tunggakan.php(111): App\Models\Tunggakan_Model->getsiswa(null)
 7 SYSTEMPATH\CodeIgniter.php(898): App\Controllers\tunggakan->cari()
 8 SYSTEMPATH\CodeIgniter.php(468): CodeIgniter\CodeIgniter->runController(Object(App\Controllers\tunggakan))
 9 SYSTEMPATH\CodeIgniter.php(351): CodeIgniter\CodeIgniter->handleRequest(null, Object(Config\Cache), false)
10 FCPATH\index.php(55): CodeIgniter\CodeIgniter->run()
11 SYSTEMPATH\Commands\Server\rewrite.php(43): require_once('FCPATH\\index.php')
ERROR - 2023-05-08 01:06:50 --> Invalid utf8 character string: '\x9E+'
CRITICAL - 2023-05-08 01:06:50 --> Invalid utf8 character string: '\x9E+'
in SYSTEMPATH\Database\MySQLi\Connection.php on line 292.
 1 SYSTEMPATH\Database\MySQLi\Connection.php(292): mysqli->query('SELECT *
FROM `tunggakan`
JOIN `spp` ON `spp`.`id_spp`=`tunggakan`.`id_spp`
JOIN `kelas` ON `kelas`.`id_kelas`=`tunggakan`.`id_kelas`
WHERE `ž+` = \'×\'', 0)
 2 SYSTEMPATH\Database\BaseConnection.php(678): CodeIgniter\Database\MySQLi\Connection->execute('SELECT *
FROM `tunggakan`
JOIN `spp` ON `spp`.`id_spp`=`tunggakan`.`id_spp`
JOIN `kelas` ON `kelas`.`id_kelas`=`tunggakan`.`id_kelas`
WHERE `ž+` = \'×\'')
 3 SYSTEMPATH\Database\BaseConnection.php(606): CodeIgniter\Database\BaseConnection->simpleQuery('SELECT *
FROM `tunggakan`
JOIN `spp` ON `spp`.`id_spp`=`tunggakan`.`id_spp`
JOIN `kelas` ON `kelas`.`id_kelas`=`tunggakan`.`id_kelas`
WHERE `ž+` = \'×\'')
 4 SYSTEMPATH\Database\BaseBuilder.php(1585): CodeIgniter\Database\BaseConnection->query('SELECT *
FROM `tunggakan`
JOIN `spp` ON `spp`.`id_spp`=`tunggakan`.`id_spp`
JOIN `kelas` ON `kelas`.`id_kelas`=`tunggakan`.`id_kelas`
WHERE `ž+` = :ž+:', [...], false)
 5 APPPATH\Models\Tunggakan_Model.php(40): CodeIgniter\Database\BaseBuilder->get()
 6 APPPATH\Controllers\tunggakan.php(111): App\Models\Tunggakan_Model->getsiswa('×')
 7 SYSTEMPATH\CodeIgniter.php(898): App\Controllers\tunggakan->cari()
 8 SYSTEMPATH\CodeIgniter.php(468): CodeIgniter\CodeIgniter->runController(Object(App\Controllers\tunggakan))
 9 SYSTEMPATH\CodeIgniter.php(351): CodeIgniter\CodeIgniter->handleRequest(null, Object(Config\Cache), false)
10 FCPATH\index.php(55): CodeIgniter\CodeIgniter->run()
11 SYSTEMPATH\Commands\Server\rewrite.php(43): require_once('FCPATH\\index.php')
ERROR - 2023-05-08 01:07:00 --> Invalid utf8 character string: '\x9E+'
CRITICAL - 2023-05-08 01:07:00 --> Invalid utf8 character string: '\x9E+'
in SYSTEMPATH\Database\MySQLi\Connection.php on line 292.
 1 SYSTEMPATH\Database\MySQLi\Connection.php(292): mysqli->query('SELECT *
FROM `tunggakan`
JOIN `spp` ON `spp`.`id_spp`=`tunggakan`.`id_spp`
JOIN `kelas` ON `kelas`.`id_kelas`=`tunggakan`.`id_kelas`
WHERE `ž+` = \'×\'', 0)
 2 SYSTEMPATH\Database\BaseConnection.php(678): CodeIgniter\Database\MySQLi\Connection->execute('SELECT *
FROM `tunggakan`
JOIN `spp` ON `spp`.`id_spp`=`tunggakan`.`id_spp`
JOIN `kelas` ON `kelas`.`id_kelas`=`tunggakan`.`id_kelas`
WHERE `ž+` = \'×\'')
 3 SYSTEMPATH\Database\BaseConnection.php(606): CodeIgniter\Database\BaseConnection->simpleQuery('SELECT *
FROM `tunggakan`
JOIN `spp` ON `spp`.`id_spp`=`tunggakan`.`id_spp`
JOIN `kelas` ON `kelas`.`id_kelas`=`tunggakan`.`id_kelas`
WHERE `ž+` = \'×\'')
 4 SYSTEMPATH\Database\BaseBuilder.php(1585): CodeIgniter\Database\BaseConnection->query('SELECT *
FROM `tunggakan`
JOIN `spp` ON `spp`.`id_spp`=`tunggakan`.`id_spp`
JOIN `kelas` ON `kelas`.`id_kelas`=`tunggakan`.`id_kelas`
WHERE `ž+` = :ž+:', [...], false)
 5 APPPATH\Models\Tunggakan_Model.php(40): CodeIgniter\Database\BaseBuilder->get()
 6 APPPATH\Controllers\tunggakan.php(111): App\Models\Tunggakan_Model->getsiswa('×')
 7 SYSTEMPATH\CodeIgniter.php(898): App\Controllers\tunggakan->cari()
 8 SYSTEMPATH\CodeIgniter.php(468): CodeIgniter\CodeIgniter->runController(Object(App\Controllers\tunggakan))
 9 SYSTEMPATH\CodeIgniter.php(351): CodeIgniter\CodeIgniter->handleRequest(null, Object(Config\Cache), false)
10 FCPATH\index.php(55): CodeIgniter\CodeIgniter->run()
11 SYSTEMPATH\Commands\Server\rewrite.php(43): require_once('FCPATH\\index.php')
ERROR - 2023-05-08 01:07:24 --> Unknown column 'bmlz' in 'where clause'
CRITICAL - 2023-05-08 01:07:24 --> Unknown column 'bmlz' in 'where clause'
in SYSTEMPATH\Database\MySQLi\Connection.php on line 292.
 1 SYSTEMPATH\Database\MySQLi\Connection.php(292): mysqli->query('SELECT *
FROM `tunggakan`
JOIN `spp` ON `spp`.`id_spp`=`tunggakan`.`id_spp`
JOIN `kelas` ON `kelas`.`id_kelas`=`tunggakan`.`id_kelas`
WHERE `bmlz` = \'×\'', 0)
 2 SYSTEMPATH\Database\BaseConnection.php(678): CodeIgniter\Database\MySQLi\Connection->execute('SELECT *
FROM `tunggakan`
JOIN `spp` ON `spp`.`id_spp`=`tunggakan`.`id_spp`
JOIN `kelas` ON `kelas`.`id_kelas`=`tunggakan`.`id_kelas`
WHERE `bmlz` = \'×\'')
 3 SYSTEMPATH\Database\BaseConnection.php(606): CodeIgniter\Database\BaseConnection->simpleQuery('SELECT *
FROM `tunggakan`
JOIN `spp` ON `spp`.`id_spp`=`tunggakan`.`id_spp`
JOIN `kelas` ON `kelas`.`id_kelas`=`tunggakan`.`id_kelas`
WHERE `bmlz` = \'×\'')
 4 SYSTEMPATH\Database\BaseBuilder.php(1585): CodeIgniter\Database\BaseConnection->query('SELECT *
FROM `tunggakan`
JOIN `spp` ON `spp`.`id_spp`=`tunggakan`.`id_spp`
JOIN `kelas` ON `kelas`.`id_kelas`=`tunggakan`.`id_kelas`
WHERE `bmlz` = :bmlz:', [...], false)
 5 APPPATH\Models\Tunggakan_Model.php(40): CodeIgniter\Database\BaseBuilder->get()
 6 APPPATH\Controllers\tunggakan.php(111): App\Models\Tunggakan_Model->getsiswa('×')
 7 SYSTEMPATH\CodeIgniter.php(898): App\Controllers\tunggakan->cari()
 8 SYSTEMPATH\CodeIgniter.php(468): CodeIgniter\CodeIgniter->runController(Object(App\Controllers\tunggakan))
 9 SYSTEMPATH\CodeIgniter.php(351): CodeIgniter\CodeIgniter->handleRequest(null, Object(Config\Cache), false)
10 FCPATH\index.php(55): CodeIgniter\CodeIgniter->run()
11 SYSTEMPATH\Commands\Server\rewrite.php(43): require_once('FCPATH\\index.php')
ERROR - 2023-05-08 01:09:29 --> Invalid utf8 character string: '\x9E+'
CRITICAL - 2023-05-08 01:09:29 --> Invalid utf8 character string: '\x9E+'
in SYSTEMPATH\Database\MySQLi\Connection.php on line 292.
 1 SYSTEMPATH\Database\MySQLi\Connection.php(292): mysqli->query('SELECT *
FROM `tunggakan`
JOIN `spp` ON `spp`.`id_spp`=`tunggakan`.`id_spp`
JOIN `kelas` ON `kelas`.`id_kelas`=`tunggakan`.`id_kelas`
WHERE `ž+` IS NULL', 0)
 2 SYSTEMPATH\Database\BaseConnection.php(678): CodeIgniter\Database\MySQLi\Connection->execute('SELECT *
FROM `tunggakan`
JOIN `spp` ON `spp`.`id_spp`=`tunggakan`.`id_spp`
JOIN `kelas` ON `kelas`.`id_kelas`=`tunggakan`.`id_kelas`
WHERE `ž+` IS NULL')
 3 SYSTEMPATH\Database\BaseConnection.php(606): CodeIgniter\Database\BaseConnection->simpleQuery('SELECT *
FROM `tunggakan`
JOIN `spp` ON `spp`.`id_spp`=`tunggakan`.`id_spp`
JOIN `kelas` ON `kelas`.`id_kelas`=`tunggakan`.`id_kelas`
WHERE `ž+` IS NULL')
 4 SYSTEMPATH\Database\BaseBuilder.php(1585): CodeIgniter\Database\BaseConnection->query('SELECT *
FROM `tunggakan`
JOIN `spp` ON `spp`.`id_spp`=`tunggakan`.`id_spp`
JOIN `kelas` ON `kelas`.`id_kelas`=`tunggakan`.`id_kelas`
WHERE `ž+` IS NULL', [], false)
 5 APPPATH\Models\Tunggakan_Model.php(40): CodeIgniter\Database\BaseBuilder->get()
 6 APPPATH\Controllers\tunggakan.php(111): App\Models\Tunggakan_Model->getsiswa(null)
 7 SYSTEMPATH\CodeIgniter.php(898): App\Controllers\tunggakan->cari()
 8 SYSTEMPATH\CodeIgniter.php(468): CodeIgniter\CodeIgniter->runController(Object(App\Controllers\tunggakan))
 9 SYSTEMPATH\CodeIgniter.php(351): CodeIgniter\CodeIgniter->handleRequest(null, Object(Config\Cache), false)
10 FCPATH\index.php(55): CodeIgniter\CodeIgniter->run()
11 SYSTEMPATH\Commands\Server\rewrite.php(43): require_once('FCPATH\\index.php')
ERROR - 2023-05-08 01:23:01 --> Unknown column 'bmlz' in 'where clause'
CRITICAL - 2023-05-08 01:23:01 --> Unknown column 'bmlz' in 'where clause'
in SYSTEMPATH\Database\MySQLi\Connection.php on line 292.
 1 SYSTEMPATH\Database\MySQLi\Connection.php(292): mysqli->query('SELECT *
FROM `tunggakan`
JOIN `spp` ON `spp`.`id_spp`=`tunggakan`.`id_spp`
JOIN `kelas` ON `kelas`.`id_kelas`=`tunggakan`.`id_kelas`
WHERE `bmlz` = \'×\'', 0)
 2 SYSTEMPATH\Database\BaseConnection.php(678): CodeIgniter\Database\MySQLi\Connection->execute('SELECT *
FROM `tunggakan`
JOIN `spp` ON `spp`.`id_spp`=`tunggakan`.`id_spp`
JOIN `kelas` ON `kelas`.`id_kelas`=`tunggakan`.`id_kelas`
WHERE `bmlz` = \'×\'')
 3 SYSTEMPATH\Database\BaseConnection.php(606): CodeIgniter\Database\BaseConnection->simpleQuery('SELECT *
FROM `tunggakan`
JOIN `spp` ON `spp`.`id_spp`=`tunggakan`.`id_spp`
JOIN `kelas` ON `kelas`.`id_kelas`=`tunggakan`.`id_kelas`
WHERE `bmlz` = \'×\'')
 4 SYSTEMPATH\Database\BaseBuilder.php(1585): CodeIgniter\Database\BaseConnection->query('SELECT *
FROM `tunggakan`
JOIN `spp` ON `spp`.`id_spp`=`tunggakan`.`id_spp`
JOIN `kelas` ON `kelas`.`id_kelas`=`tunggakan`.`id_kelas`
WHERE `bmlz` = :bmlz:', [...], false)
 5 APPPATH\Models\Tunggakan_Model.php(40): CodeIgniter\Database\BaseBuilder->get()
 6 APPPATH\Controllers\tunggakan.php(109): App\Models\Tunggakan_Model->getsiswa('×')
 7 SYSTEMPATH\CodeIgniter.php(898): App\Controllers\tunggakan->cari()
 8 SYSTEMPATH\CodeIgniter.php(468): CodeIgniter\CodeIgniter->runController(Object(App\Controllers\tunggakan))
 9 SYSTEMPATH\CodeIgniter.php(351): CodeIgniter\CodeIgniter->handleRequest(null, Object(Config\Cache), false)
10 FCPATH\index.php(55): CodeIgniter\CodeIgniter->run()
11 SYSTEMPATH\Commands\Server\rewrite.php(43): require_once('FCPATH\\index.php')
CRITICAL - 2023-05-08 01:25:34 --> Undefined property: CodeIgniter\HTTP\IncomingRequest::$bmlz
in APPPATH\Controllers\tunggakan.php on line 108.
 1 APPPATH\Controllers\tunggakan.php(108): CodeIgniter\Debug\Exceptions->errorHandler(2, 'Undefined property: CodeIgniter\\HTTP\\IncomingRequest::$bmlz', 'APPPATH\\Controllers\\tunggakan.php', 108)
 2 SYSTEMPATH\CodeIgniter.php(898): App\Controllers\tunggakan->cari()
 3 SYSTEMPATH\CodeIgniter.php(468): CodeIgniter\CodeIgniter->runController(Object(App\Controllers\tunggakan))
 4 SYSTEMPATH\CodeIgniter.php(351): CodeIgniter\CodeIgniter->handleRequest(null, Object(Config\Cache), false)
 5 FCPATH\index.php(55): CodeIgniter\CodeIgniter->run()
 6 SYSTEMPATH\Commands\Server\rewrite.php(43): require_once('FCPATH\\index.php')
CRITICAL - 2023-05-08 01:25:41 --> Undefined property: CodeIgniter\HTTP\IncomingRequest::$bmlz
in APPPATH\Controllers\tunggakan.php on line 108.
 1 APPPATH\Controllers\tunggakan.php(108): CodeIgniter\Debug\Exceptions->errorHandler(2, 'Undefined property: CodeIgniter\\HTTP\\IncomingRequest::$bmlz', 'APPPATH\\Controllers\\tunggakan.php', 108)
 2 SYSTEMPATH\CodeIgniter.php(898): App\Controllers\tunggakan->cari()
 3 SYSTEMPATH\CodeIgniter.php(468): CodeIgniter\CodeIgniter->runController(Object(App\Controllers\tunggakan))
 4 SYSTEMPATH\CodeIgniter.php(351): CodeIgniter\CodeIgniter->handleRequest(null, Object(Config\Cache), false)
 5 FCPATH\index.php(55): CodeIgniter\CodeIgniter->run()
 6 SYSTEMPATH\Commands\Server\rewrite.php(43): require_once('FCPATH\\index.php')
CRITICAL - 2023-05-08 01:25:43 --> Undefined property: CodeIgniter\HTTP\IncomingRequest::$bmlz
in APPPATH\Controllers\tunggakan.php on line 108.
 1 APPPATH\Controllers\tunggakan.php(108): CodeIgniter\Debug\Exceptions->errorHandler(2, 'Undefined property: CodeIgniter\\HTTP\\IncomingRequest::$bmlz', 'APPPATH\\Controllers\\tunggakan.php', 108)
 2 SYSTEMPATH\CodeIgniter.php(898): App\Controllers\tunggakan->cari()
 3 SYSTEMPATH\CodeIgniter.php(468): CodeIgniter\CodeIgniter->runController(Object(App\Controllers\tunggakan))
 4 SYSTEMPATH\CodeIgniter.php(351): CodeIgniter\CodeIgniter->handleRequest(null, Object(Config\Cache), false)
 5 FCPATH\index.php(55): CodeIgniter\CodeIgniter->run()
 6 SYSTEMPATH\Commands\Server\rewrite.php(43): require_once('FCPATH\\index.php')
CRITICAL - 2023-05-08 01:26:23 --> Undefined property: CodeIgniter\HTTP\IncomingRequest::$bmlz
in APPPATH\Controllers\tunggakan.php on line 108.
 1 APPPATH\Controllers\tunggakan.php(108): CodeIgniter\Debug\Exceptions->errorHandler(2, 'Undefined property: CodeIgniter\\HTTP\\IncomingRequest::$bmlz', 'APPPATH\\Controllers\\tunggakan.php', 108)
 2 SYSTEMPATH\CodeIgniter.php(898): App\Controllers\tunggakan->cari()
 3 SYSTEMPATH\CodeIgniter.php(468): CodeIgniter\CodeIgniter->runController(Object(App\Controllers\tunggakan))
 4 SYSTEMPATH\CodeIgniter.php(351): CodeIgniter\CodeIgniter->handleRequest(null, Object(Config\Cache), false)
 5 FCPATH\index.php(55): CodeIgniter\CodeIgniter->run()
 6 SYSTEMPATH\Commands\Server\rewrite.php(43): require_once('FCPATH\\index.php')
CRITICAL - 2023-05-08 01:26:26 --> Undefined property: CodeIgniter\HTTP\IncomingRequest::$bmlz
in APPPATH\Controllers\tunggakan.php on line 108.
 1 APPPATH\Controllers\tunggakan.php(108): CodeIgniter\Debug\Exceptions->errorHandler(2, 'Undefined property: CodeIgniter\\HTTP\\IncomingRequest::$bmlz', 'APPPATH\\Controllers\\tunggakan.php', 108)
 2 SYSTEMPATH\CodeIgniter.php(898): App\Controllers\tunggakan->cari()
 3 SYSTEMPATH\CodeIgniter.php(468): CodeIgniter\CodeIgniter->runController(Object(App\Controllers\tunggakan))
 4 SYSTEMPATH\CodeIgniter.php(351): CodeIgniter\CodeIgniter->handleRequest(null, Object(Config\Cache), false)
 5 FCPATH\index.php(55): CodeIgniter\CodeIgniter->run()
 6 SYSTEMPATH\Commands\Server\rewrite.php(43): require_once('FCPATH\\index.php')
CRITICAL - 2023-05-08 01:26:35 --> Undefined property: CodeIgniter\HTTP\IncomingRequest::$bmlz
in APPPATH\Controllers\tunggakan.php on line 108.
 1 APPPATH\Controllers\tunggakan.php(108): CodeIgniter\Debug\Exceptions->errorHandler(2, 'Undefined property: CodeIgniter\\HTTP\\IncomingRequest::$bmlz', 'APPPATH\\Controllers\\tunggakan.php', 108)
 2 SYSTEMPATH\CodeIgniter.php(898): App\Controllers\tunggakan->cari()
 3 SYSTEMPATH\CodeIgniter.php(468): CodeIgniter\CodeIgniter->runController(Object(App\Controllers\tunggakan))
 4 SYSTEMPATH\CodeIgniter.php(351): CodeIgniter\CodeIgniter->handleRequest(null, Object(Config\Cache), false)
 5 FCPATH\index.php(55): CodeIgniter\CodeIgniter->run()
 6 SYSTEMPATH\Commands\Server\rewrite.php(43): require_once('FCPATH\\index.php')
CRITICAL - 2023-05-08 01:27:11 --> Undefined property: CodeIgniter\HTTP\IncomingRequest::$bmlz
in APPPATH\Controllers\tunggakan.php on line 108.
 1 APPPATH\Controllers\tunggakan.php(108): CodeIgniter\Debug\Exceptions->errorHandler(2, 'Undefined property: CodeIgniter\\HTTP\\IncomingRequest::$bmlz', 'APPPATH\\Controllers\\tunggakan.php', 108)
 2 SYSTEMPATH\CodeIgniter.php(898): App\Controllers\tunggakan->cari()
 3 SYSTEMPATH\CodeIgniter.php(468): CodeIgniter\CodeIgniter->runController(Object(App\Controllers\tunggakan))
 4 SYSTEMPATH\CodeIgniter.php(351): CodeIgniter\CodeIgniter->handleRequest(null, Object(Config\Cache), false)
 5 FCPATH\index.php(55): CodeIgniter\CodeIgniter->run()
 6 SYSTEMPATH\Commands\Server\rewrite.php(43): require_once('FCPATH\\index.php')
CRITICAL - 2023-05-08 01:28:12 --> Undefined property: CodeIgniter\HTTP\IncomingRequest::$bmlz
in APPPATH\Controllers\tunggakan.php on line 108.
 1 APPPATH\Controllers\tunggakan.php(108): CodeIgniter\Debug\Exceptions->errorHandler(2, 'Undefined property: CodeIgniter\\HTTP\\IncomingRequest::$bmlz', 'APPPATH\\Controllers\\tunggakan.php', 108)
 2 SYSTEMPATH\CodeIgniter.php(898): App\Controllers\tunggakan->cari()
 3 SYSTEMPATH\CodeIgniter.php(468): CodeIgniter\CodeIgniter->runController(Object(App\Controllers\tunggakan))
 4 SYSTEMPATH\CodeIgniter.php(351): CodeIgniter\CodeIgniter->handleRequest(null, Object(Config\Cache), false)
 5 FCPATH\index.php(55): CodeIgniter\CodeIgniter->run()
 6 SYSTEMPATH\Commands\Server\rewrite.php(43): require_once('FCPATH\\index.php')
CRITICAL - 2023-05-08 01:28:21 --> Undefined property: CodeIgniter\HTTP\IncomingRequest::$bmlz
in APPPATH\Controllers\tunggakan.php on line 108.
 1 APPPATH\Controllers\tunggakan.php(108): CodeIgniter\Debug\Exceptions->errorHandler(2, 'Undefined property: CodeIgniter\\HTTP\\IncomingRequest::$bmlz', 'APPPATH\\Controllers\\tunggakan.php', 108)
 2 SYSTEMPATH\CodeIgniter.php(898): App\Controllers\tunggakan->cari()
 3 SYSTEMPATH\CodeIgniter.php(468): CodeIgniter\CodeIgniter->runController(Object(App\Controllers\tunggakan))
 4 SYSTEMPATH\CodeIgniter.php(351): CodeIgniter\CodeIgniter->handleRequest(null, Object(Config\Cache), false)
 5 FCPATH\index.php(55): CodeIgniter\CodeIgniter->run()
 6 SYSTEMPATH\Commands\Server\rewrite.php(43): require_once('FCPATH\\index.php')
CRITICAL - 2023-05-08 01:29:46 --> Undefined property: CodeIgniter\HTTP\IncomingRequest::$bmlz
in APPPATH\Controllers\tunggakan.php on line 108.
 1 APPPATH\Controllers\tunggakan.php(108): CodeIgniter\Debug\Exceptions->errorHandler(2, 'Undefined property: CodeIgniter\\HTTP\\IncomingRequest::$bmlz', 'APPPATH\\Controllers\\tunggakan.php', 108)
 2 SYSTEMPATH\CodeIgniter.php(898): App\Controllers\tunggakan->cari()
 3 SYSTEMPATH\CodeIgniter.php(468): CodeIgniter\CodeIgniter->runController(Object(App\Controllers\tunggakan))
 4 SYSTEMPATH\CodeIgniter.php(351): CodeIgniter\CodeIgniter->handleRequest(null, Object(Config\Cache), false)
 5 FCPATH\index.php(55): CodeIgniter\CodeIgniter->run()
 6 SYSTEMPATH\Commands\Server\rewrite.php(43): require_once('FCPATH\\index.php')
ERROR - 2023-05-08 03:12:08 --> Email: sendWithSmtp throwed fsockopen(): php_network_getaddresses: getaddrinfo failed: No such host is known. 
ERROR - 2023-05-08 03:12:17 --> Email: sendWithSmtp throwed fsockopen(): php_network_getaddresses: getaddrinfo failed: No such host is known. 
CRITICAL - 2023-05-08 03:52:21 --> Too few arguments to function App\Controllers\tunggakan::cari(), 0 passed in C:\xampp\htdocs\skripsi\system\CodeIgniter.php on line 898 and exactly 1 expected
in APPPATH\Controllers\tunggakan.php on line 105.
 1 SYSTEMPATH\CodeIgniter.php(898): App\Controllers\tunggakan->cari()
 2 SYSTEMPATH\CodeIgniter.php(468): CodeIgniter\CodeIgniter->runController(Object(App\Controllers\tunggakan))
 3 SYSTEMPATH\CodeIgniter.php(351): CodeIgniter\CodeIgniter->handleRequest(null, Object(Config\Cache), false)
 4 FCPATH\index.php(55): CodeIgniter\CodeIgniter->run()
 5 SYSTEMPATH\Commands\Server\rewrite.php(43): require_once('FCPATH\\index.php')
CRITICAL - 2023-05-08 03:54:37 --> Constant expression contains invalid operations
in APPPATH\Controllers\tunggakan.php on line 105.
 1 [internal function]: CodeIgniter\Debug\Exceptions->shutdownHandler()
CRITICAL - 2023-05-08 03:55:48 --> Constant expression contains invalid operations
in APPPATH\Controllers\tunggakan.php on line 105.
 1 [internal function]: CodeIgniter\Debug\Exceptions->shutdownHandler()
CRITICAL - 2023-05-08 03:55:51 --> Constant expression contains invalid operations
in APPPATH\Controllers\tunggakan.php on line 105.
 1 [internal function]: CodeIgniter\Debug\Exceptions->shutdownHandler()
CRITICAL - 2023-05-08 21:34:14 --> syntax error, unexpected token "<"
in APPPATH\Views\form\bayar_spp.php on line 110.
 1 SYSTEMPATH\View\View.php(216): CodeIgniter\View\View->CodeIgniter\View\{closure}()
 2 SYSTEMPATH\Common.php(1135): CodeIgniter\View\View->render('/form/bayar_spp', [], true)
 3 APPPATH\Controllers\tunggakan.php(116): view('/form/bayar_spp', [...])
 4 SYSTEMPATH\CodeIgniter.php(898): App\Controllers\tunggakan->cari()
 5 SYSTEMPATH\CodeIgniter.php(468): CodeIgniter\CodeIgniter->runController(Object(App\Controllers\tunggakan))
 6 SYSTEMPATH\CodeIgniter.php(351): CodeIgniter\CodeIgniter->handleRequest(null, Object(Config\Cache), false)
 7 FCPATH\index.php(55): CodeIgniter\CodeIgniter->run()
 8 SYSTEMPATH\Commands\Server\rewrite.php(43): require_once('FCPATH\\index.php')
CRITICAL - 2023-05-08 22:52:42 --> Trying to access array offset on value of type null
in APPPATH\Views\form\input_tunggakan.php on line 33.
 1 APPPATH\Views\form\input_tunggakan.php(33): CodeIgniter\Debug\Exceptions->errorHandler(2, 'Trying to access array offset on value of type null', 'APPPATH\\Views\\form\\input_tunggakan.php', 33)
 2 SYSTEMPATH\View\View.php(213): include('APPPATH\\Views\\form\\input_tunggakan.php')
 3 SYSTEMPATH\View\View.php(216): CodeIgniter\View\View->CodeIgniter\View\{closure}()
 4 SYSTEMPATH\Common.php(1135): CodeIgniter\View\View->render('/form/input_tunggakan', [], true)
 5 APPPATH\Controllers\bebas_bayar.php(35): view('/form/input_tunggakan', [...])
 6 SYSTEMPATH\CodeIgniter.php(898): App\Controllers\bebas_bayar->input('FCPATH\\css', 'style.css')
 7 SYSTEMPATH\CodeIgniter.php(468): CodeIgniter\CodeIgniter->runController(Object(App\Controllers\bebas_bayar))
 8 SYSTEMPATH\CodeIgniter.php(351): CodeIgniter\CodeIgniter->handleRequest(null, Object(Config\Cache), false)
 9 FCPATH\index.php(55): CodeIgniter\CodeIgniter->run()
10 SYSTEMPATH\Commands\Server\rewrite.php(43): require_once('FCPATH\\index.php')
