CRITICAL - 2023-04-03 00:00:46 --> Trying to access array offset on value of type null
in APPPATH\Views\form\input_tunggakan.php on line 41.
 1 APPPATH\Views\form\input_tunggakan.php(41): CodeIgniter\Debug\Exceptions->errorHandler(2, 'Trying to access array offset on value of type null', 'APPPATH\\Views\\form\\input_tunggakan.php', 41)
 2 SYSTEMPATH\View\View.php(213): include('APPPATH\\Views\\form\\input_tunggakan.php')
 3 SYSTEMPATH\View\View.php(216): CodeIgniter\View\View->CodeIgniter\View\{closure}()
 4 SYSTEMPATH\Common.php(1135): CodeIgniter\View\View->render('/form/input_tunggakan', [], true)
 5 APPPATH\Controllers\bebas_bayar.php(35): view('/form/input_tunggakan', [...])
 6 SYSTEMPATH\CodeIgniter.php(898): App\Controllers\bebas_bayar->input('FCPATH\\css', 'style.css')
 7 SYSTEMPATH\CodeIgniter.php(468): CodeIgniter\CodeIgniter->runController(Object(App\Controllers\bebas_bayar))
 8 SYSTEMPATH\CodeIgniter.php(351): CodeIgniter\CodeIgniter->handleRequest(null, Object(Config\Cache), false)
 9 FCPATH\index.php(55): CodeIgniter\CodeIgniter->run()
10 SYSTEMPATH\Commands\Server\rewrite.php(43): require_once('FCPATH\\index.php')
CRITICAL - 2023-04-03 00:00:46 --> Trying to access array offset on value of type null
in APPPATH\Views\form\input_tunggakan.php on line 41.
 1 APPPATH\Views\form\input_tunggakan.php(41): CodeIgniter\Debug\Exceptions->errorHandler(2, 'Trying to access array offset on value of type null', 'APPPATH\\Views\\form\\input_tunggakan.php', 41)
 2 SYSTEMPATH\View\View.php(213): include('APPPATH\\Views\\form\\input_tunggakan.php')
 3 SYSTEMPATH\View\View.php(216): CodeIgniter\View\View->CodeIgniter\View\{closure}()
 4 SYSTEMPATH\Common.php(1135): CodeIgniter\View\View->render('/form/input_tunggakan', [], true)
 5 APPPATH\Controllers\bebas_bayar.php(35): view('/form/input_tunggakan', [...])
 6 SYSTEMPATH\CodeIgniter.php(898): App\Controllers\bebas_bayar->input('FCPATH\\asset', 'demo', 'chart-area-demo.js')
 7 SYSTEMPATH\CodeIgniter.php(468): CodeIgniter\CodeIgniter->runController(Object(App\Controllers\bebas_bayar))
 8 SYSTEMPATH\CodeIgniter.php(351): CodeIgniter\CodeIgniter->handleRequest(null, Object(Config\Cache), false)
 9 FCPATH\index.php(55): CodeIgniter\CodeIgniter->run()
10 SYSTEMPATH\Commands\Server\rewrite.php(43): require_once('FCPATH\\index.php')
CRITICAL - 2023-04-03 00:00:47 --> Trying to access array offset on value of type null
in APPPATH\Views\form\input_tunggakan.php on line 41.
 1 APPPATH\Views\form\input_tunggakan.php(41): CodeIgniter\Debug\Exceptions->errorHandler(2, 'Trying to access array offset on value of type null', 'APPPATH\\Views\\form\\input_tunggakan.php', 41)
 2 SYSTEMPATH\View\View.php(213): include('APPPATH\\Views\\form\\input_tunggakan.php')
 3 SYSTEMPATH\View\View.php(216): CodeIgniter\View\View->CodeIgniter\View\{closure}()
 4 SYSTEMPATH\Common.php(1135): CodeIgniter\View\View->render('/form/input_tunggakan', [], true)
 5 APPPATH\Controllers\bebas_bayar.php(35): view('/form/input_tunggakan', [...])
 6 SYSTEMPATH\CodeIgniter.php(898): App\Controllers\bebas_bayar->input('FCPATH\\asset', 'demo', 'chart-bar-demo.js')
 7 SYSTEMPATH\CodeIgniter.php(468): CodeIgniter\CodeIgniter->runController(Object(App\Controllers\bebas_bayar))
 8 SYSTEMPATH\CodeIgniter.php(351): CodeIgniter\CodeIgniter->handleRequest(null, Object(Config\Cache), false)
 9 FCPATH\index.php(55): CodeIgniter\CodeIgniter->run()
10 SYSTEMPATH\Commands\Server\rewrite.php(43): require_once('FCPATH\\index.php')
CRITICAL - 2023-04-03 00:01:30 --> Trying to access array offset on value of type null
in APPPATH\Views\form\input_tunggakan.php on line 41.
 1 APPPATH\Views\form\input_tunggakan.php(41): CodeIgniter\Debug\Exceptions->errorHandler(2, 'Trying to access array offset on value of type null', 'APPPATH\\Views\\form\\input_tunggakan.php', 41)
 2 SYSTEMPATH\View\View.php(213): include('APPPATH\\Views\\form\\input_tunggakan.php')
 3 SYSTEMPATH\View\View.php(216): CodeIgniter\View\View->CodeIgniter\View\{closure}()
 4 SYSTEMPATH\Common.php(1135): CodeIgniter\View\View->render('/form/input_tunggakan', [], true)
 5 APPPATH\Controllers\bebas_bayar.php(35): view('/form/input_tunggakan', [...])
 6 SYSTEMPATH\CodeIgniter.php(898): App\Controllers\bebas_bayar->input('FCPATH\\css', 'style.css')
 7 SYSTEMPATH\CodeIgniter.php(468): CodeIgniter\CodeIgniter->runController(Object(App\Controllers\bebas_bayar))
 8 SYSTEMPATH\CodeIgniter.php(351): CodeIgniter\CodeIgniter->handleRequest(null, Object(Config\Cache), false)
 9 FCPATH\index.php(55): CodeIgniter\CodeIgniter->run()
10 SYSTEMPATH\Commands\Server\rewrite.php(43): require_once('FCPATH\\index.php')
CRITICAL - 2023-04-03 00:01:30 --> Trying to access array offset on value of type null
in APPPATH\Views\form\input_tunggakan.php on line 41.
 1 APPPATH\Views\form\input_tunggakan.php(41): CodeIgniter\Debug\Exceptions->errorHandler(2, 'Trying to access array offset on value of type null', 'APPPATH\\Views\\form\\input_tunggakan.php', 41)
 2 SYSTEMPATH\View\View.php(213): include('APPPATH\\Views\\form\\input_tunggakan.php')
 3 SYSTEMPATH\View\View.php(216): CodeIgniter\View\View->CodeIgniter\View\{closure}()
 4 SYSTEMPATH\Common.php(1135): CodeIgniter\View\View->render('/form/input_tunggakan', [], true)
 5 APPPATH\Controllers\bebas_bayar.php(35): view('/form/input_tunggakan', [...])
 6 SYSTEMPATH\CodeIgniter.php(898): App\Controllers\bebas_bayar->input('FCPATH\\asset', 'demo', 'chart-area-demo.js')
 7 SYSTEMPATH\CodeIgniter.php(468): CodeIgniter\CodeIgniter->runController(Object(App\Controllers\bebas_bayar))
 8 SYSTEMPATH\CodeIgniter.php(351): CodeIgniter\CodeIgniter->handleRequest(null, Object(Config\Cache), false)
 9 FCPATH\index.php(55): CodeIgniter\CodeIgniter->run()
10 SYSTEMPATH\Commands\Server\rewrite.php(43): require_once('FCPATH\\index.php')
CRITICAL - 2023-04-03 00:01:30 --> Trying to access array offset on value of type null
in APPPATH\Views\form\input_tunggakan.php on line 41.
 1 APPPATH\Views\form\input_tunggakan.php(41): CodeIgniter\Debug\Exceptions->errorHandler(2, 'Trying to access array offset on value of type null', 'APPPATH\\Views\\form\\input_tunggakan.php', 41)
 2 SYSTEMPATH\View\View.php(213): include('APPPATH\\Views\\form\\input_tunggakan.php')
 3 SYSTEMPATH\View\View.php(216): CodeIgniter\View\View->CodeIgniter\View\{closure}()
 4 SYSTEMPATH\Common.php(1135): CodeIgniter\View\View->render('/form/input_tunggakan', [], true)
 5 APPPATH\Controllers\bebas_bayar.php(35): view('/form/input_tunggakan', [...])
 6 SYSTEMPATH\CodeIgniter.php(898): App\Controllers\bebas_bayar->input('FCPATH\\asset', 'demo', 'chart-bar-demo.js')
 7 SYSTEMPATH\CodeIgniter.php(468): CodeIgniter\CodeIgniter->runController(Object(App\Controllers\bebas_bayar))
 8 SYSTEMPATH\CodeIgniter.php(351): CodeIgniter\CodeIgniter->handleRequest(null, Object(Config\Cache), false)
 9 FCPATH\index.php(55): CodeIgniter\CodeIgniter->run()
10 SYSTEMPATH\Commands\Server\rewrite.php(43): require_once('FCPATH\\index.php')
CRITICAL - 2023-04-03 00:02:46 --> Trying to access array offset on value of type null
in APPPATH\Views\form\input_tunggakan.php on line 41.
 1 APPPATH\Views\form\input_tunggakan.php(41): CodeIgniter\Debug\Exceptions->errorHandler(2, 'Trying to access array offset on value of type null', 'APPPATH\\Views\\form\\input_tunggakan.php', 41)
 2 SYSTEMPATH\View\View.php(213): include('APPPATH\\Views\\form\\input_tunggakan.php')
 3 SYSTEMPATH\View\View.php(216): CodeIgniter\View\View->CodeIgniter\View\{closure}()
 4 SYSTEMPATH\Common.php(1135): CodeIgniter\View\View->render('/form/input_tunggakan', [], true)
 5 APPPATH\Controllers\bebas_bayar.php(35): view('/form/input_tunggakan', [...])
 6 SYSTEMPATH\CodeIgniter.php(898): App\Controllers\bebas_bayar->input('FCPATH\\css', 'style.css')
 7 SYSTEMPATH\CodeIgniter.php(468): CodeIgniter\CodeIgniter->runController(Object(App\Controllers\bebas_bayar))
 8 SYSTEMPATH\CodeIgniter.php(351): CodeIgniter\CodeIgniter->handleRequest(null, Object(Config\Cache), false)
 9 FCPATH\index.php(55): CodeIgniter\CodeIgniter->run()
10 SYSTEMPATH\Commands\Server\rewrite.php(43): require_once('FCPATH\\index.php')
CRITICAL - 2023-04-03 00:02:46 --> Trying to access array offset on value of type null
in APPPATH\Views\form\input_tunggakan.php on line 41.
 1 APPPATH\Views\form\input_tunggakan.php(41): CodeIgniter\Debug\Exceptions->errorHandler(2, 'Trying to access array offset on value of type null', 'APPPATH\\Views\\form\\input_tunggakan.php', 41)
 2 SYSTEMPATH\View\View.php(213): include('APPPATH\\Views\\form\\input_tunggakan.php')
 3 SYSTEMPATH\View\View.php(216): CodeIgniter\View\View->CodeIgniter\View\{closure}()
 4 SYSTEMPATH\Common.php(1135): CodeIgniter\View\View->render('/form/input_tunggakan', [], true)
 5 APPPATH\Controllers\bebas_bayar.php(35): view('/form/input_tunggakan', [...])
 6 SYSTEMPATH\CodeIgniter.php(898): App\Controllers\bebas_bayar->input('FCPATH\\asset', 'demo', 'chart-area-demo.js')
 7 SYSTEMPATH\CodeIgniter.php(468): CodeIgniter\CodeIgniter->runController(Object(App\Controllers\bebas_bayar))
 8 SYSTEMPATH\CodeIgniter.php(351): CodeIgniter\CodeIgniter->handleRequest(null, Object(Config\Cache), false)
 9 FCPATH\index.php(55): CodeIgniter\CodeIgniter->run()
10 SYSTEMPATH\Commands\Server\rewrite.php(43): require_once('FCPATH\\index.php')
CRITICAL - 2023-04-03 00:02:47 --> Trying to access array offset on value of type null
in APPPATH\Views\form\input_tunggakan.php on line 41.
 1 APPPATH\Views\form\input_tunggakan.php(41): CodeIgniter\Debug\Exceptions->errorHandler(2, 'Trying to access array offset on value of type null', 'APPPATH\\Views\\form\\input_tunggakan.php', 41)
 2 SYSTEMPATH\View\View.php(213): include('APPPATH\\Views\\form\\input_tunggakan.php')
 3 SYSTEMPATH\View\View.php(216): CodeIgniter\View\View->CodeIgniter\View\{closure}()
 4 SYSTEMPATH\Common.php(1135): CodeIgniter\View\View->render('/form/input_tunggakan', [], true)
 5 APPPATH\Controllers\bebas_bayar.php(35): view('/form/input_tunggakan', [...])
 6 SYSTEMPATH\CodeIgniter.php(898): App\Controllers\bebas_bayar->input('FCPATH\\asset', 'demo', 'chart-bar-demo.js')
 7 SYSTEMPATH\CodeIgniter.php(468): CodeIgniter\CodeIgniter->runController(Object(App\Controllers\bebas_bayar))
 8 SYSTEMPATH\CodeIgniter.php(351): CodeIgniter\CodeIgniter->handleRequest(null, Object(Config\Cache), false)
 9 FCPATH\index.php(55): CodeIgniter\CodeIgniter->run()
10 SYSTEMPATH\Commands\Server\rewrite.php(43): require_once('FCPATH\\index.php')
CRITICAL - 2023-04-03 00:04:04 --> Trying to access array offset on value of type null
in APPPATH\Views\form\input_tunggakan.php on line 41.
 1 APPPATH\Views\form\input_tunggakan.php(41): CodeIgniter\Debug\Exceptions->errorHandler(2, 'Trying to access array offset on value of type null', 'APPPATH\\Views\\form\\input_tunggakan.php', 41)
 2 SYSTEMPATH\View\View.php(213): include('APPPATH\\Views\\form\\input_tunggakan.php')
 3 SYSTEMPATH\View\View.php(216): CodeIgniter\View\View->CodeIgniter\View\{closure}()
 4 SYSTEMPATH\Common.php(1135): CodeIgniter\View\View->render('/form/input_tunggakan', [], true)
 5 APPPATH\Controllers\bebas_bayar.php(36): view('/form/input_tunggakan', [...])
 6 SYSTEMPATH\CodeIgniter.php(898): App\Controllers\bebas_bayar->input('FCPATH\\css', 'style.css')
 7 SYSTEMPATH\CodeIgniter.php(468): CodeIgniter\CodeIgniter->runController(Object(App\Controllers\bebas_bayar))
 8 SYSTEMPATH\CodeIgniter.php(351): CodeIgniter\CodeIgniter->handleRequest(null, Object(Config\Cache), false)
 9 FCPATH\index.php(55): CodeIgniter\CodeIgniter->run()
10 SYSTEMPATH\Commands\Server\rewrite.php(43): require_once('FCPATH\\index.php')
CRITICAL - 2023-04-03 00:04:05 --> Trying to access array offset on value of type null
in APPPATH\Views\form\input_tunggakan.php on line 41.
 1 APPPATH\Views\form\input_tunggakan.php(41): CodeIgniter\Debug\Exceptions->errorHandler(2, 'Trying to access array offset on value of type null', 'APPPATH\\Views\\form\\input_tunggakan.php', 41)
 2 SYSTEMPATH\View\View.php(213): include('APPPATH\\Views\\form\\input_tunggakan.php')
 3 SYSTEMPATH\View\View.php(216): CodeIgniter\View\View->CodeIgniter\View\{closure}()
 4 SYSTEMPATH\Common.php(1135): CodeIgniter\View\View->render('/form/input_tunggakan', [], true)
 5 APPPATH\Controllers\bebas_bayar.php(36): view('/form/input_tunggakan', [...])
 6 SYSTEMPATH\CodeIgniter.php(898): App\Controllers\bebas_bayar->input('FCPATH\\asset', 'demo', 'chart-area-demo.js')
 7 SYSTEMPATH\CodeIgniter.php(468): CodeIgniter\CodeIgniter->runController(Object(App\Controllers\bebas_bayar))
 8 SYSTEMPATH\CodeIgniter.php(351): CodeIgniter\CodeIgniter->handleRequest(null, Object(Config\Cache), false)
 9 FCPATH\index.php(55): CodeIgniter\CodeIgniter->run()
10 SYSTEMPATH\Commands\Server\rewrite.php(43): require_once('FCPATH\\index.php')
CRITICAL - 2023-04-03 00:04:05 --> Trying to access array offset on value of type null
in APPPATH\Views\form\input_tunggakan.php on line 41.
 1 APPPATH\Views\form\input_tunggakan.php(41): CodeIgniter\Debug\Exceptions->errorHandler(2, 'Trying to access array offset on value of type null', 'APPPATH\\Views\\form\\input_tunggakan.php', 41)
 2 SYSTEMPATH\View\View.php(213): include('APPPATH\\Views\\form\\input_tunggakan.php')
 3 SYSTEMPATH\View\View.php(216): CodeIgniter\View\View->CodeIgniter\View\{closure}()
 4 SYSTEMPATH\Common.php(1135): CodeIgniter\View\View->render('/form/input_tunggakan', [], true)
 5 APPPATH\Controllers\bebas_bayar.php(36): view('/form/input_tunggakan', [...])
 6 SYSTEMPATH\CodeIgniter.php(898): App\Controllers\bebas_bayar->input('FCPATH\\asset', 'demo', 'chart-bar-demo.js')
 7 SYSTEMPATH\CodeIgniter.php(468): CodeIgniter\CodeIgniter->runController(Object(App\Controllers\bebas_bayar))
 8 SYSTEMPATH\CodeIgniter.php(351): CodeIgniter\CodeIgniter->handleRequest(null, Object(Config\Cache), false)
 9 FCPATH\index.php(55): CodeIgniter\CodeIgniter->run()
10 SYSTEMPATH\Commands\Server\rewrite.php(43): require_once('FCPATH\\index.php')
ERROR - 2023-04-03 00:04:08 --> Cannot add or update a child row: a foreign key constraint fails (`sispp`.`bayar_bebas`, CONSTRAINT `bayar_bebas_ibfk_3` FOREIGN KEY (`id_bebas`) REFERENCES `bebas` (`id_bebas`) ON DELETE CASCADE ON UPDATE CASCADE)
CRITICAL - 2023-04-03 00:04:08 --> Cannot add or update a child row: a foreign key constraint fails (`sispp`.`bayar_bebas`, CONSTRAINT `bayar_bebas_ibfk_3` FOREIGN KEY (`id_bebas`) REFERENCES `bebas` (`id_bebas`) ON DELETE CASCADE ON UPDATE CASCADE)
in SYSTEMPATH\Database\MySQLi\Connection.php on line 292.
 1 SYSTEMPATH\Database\MySQLi\Connection.php(292): mysqli->query('INSERT INTO `bayar_bebas` (`nis`, `nama_siswa`, `id_kelas`, `id_bebas`) VALUES (\'6\', \'ahmad\', \'4\', \'\')', 0)
 2 SYSTEMPATH\Database\BaseConnection.php(678): CodeIgniter\Database\MySQLi\Connection->execute('INSERT INTO `bayar_bebas` (`nis`, `nama_siswa`, `id_kelas`, `id_bebas`) VALUES (\'6\', \'ahmad\', \'4\', \'\')')
 3 SYSTEMPATH\Database\BaseConnection.php(606): CodeIgniter\Database\BaseConnection->simpleQuery('INSERT INTO `bayar_bebas` (`nis`, `nama_siswa`, `id_kelas`, `id_bebas`) VALUES (\'6\', \'ahmad\', \'4\', \'\')')
 4 SYSTEMPATH\Database\BaseBuilder.php(1904): CodeIgniter\Database\BaseConnection->query('INSERT INTO `bayar_bebas` (`nis`, `nama_siswa`, `id_kelas`, `id_bebas`) VALUES (:nis:, :nama_siswa:, :id_kelas:, :id_bebas:)', [...], false)
 5 SYSTEMPATH\Model.php(278): CodeIgniter\Database\BaseBuilder->insert()
 6 SYSTEMPATH\BaseModel.php(738): CodeIgniter\Model->doInsert([...])
 7 SYSTEMPATH\Model.php(666): CodeIgniter\BaseModel->insert([...], false)
 8 SYSTEMPATH\BaseModel.php(658): CodeIgniter\Model->insert([...], false)
 9 APPPATH\Controllers\bebas_bayar.php(45): CodeIgniter\BaseModel->save([...])
10 SYSTEMPATH\CodeIgniter.php(898): App\Controllers\bebas_bayar->simpan_tagihan()
11 SYSTEMPATH\CodeIgniter.php(468): CodeIgniter\CodeIgniter->runController(Object(App\Controllers\bebas_bayar))
12 SYSTEMPATH\CodeIgniter.php(351): CodeIgniter\CodeIgniter->handleRequest(null, Object(Config\Cache), false)
13 FCPATH\index.php(55): CodeIgniter\CodeIgniter->run()
14 SYSTEMPATH\Commands\Server\rewrite.php(43): require_once('FCPATH\\index.php')
CRITICAL - 2023-04-03 00:04:13 --> Trying to access array offset on value of type null
in APPPATH\Views\form\input_tunggakan.php on line 41.
 1 APPPATH\Views\form\input_tunggakan.php(41): CodeIgniter\Debug\Exceptions->errorHandler(2, 'Trying to access array offset on value of type null', 'APPPATH\\Views\\form\\input_tunggakan.php', 41)
 2 SYSTEMPATH\View\View.php(213): include('APPPATH\\Views\\form\\input_tunggakan.php')
 3 SYSTEMPATH\View\View.php(216): CodeIgniter\View\View->CodeIgniter\View\{closure}()
 4 SYSTEMPATH\Common.php(1135): CodeIgniter\View\View->render('/form/input_tunggakan', [], true)
 5 APPPATH\Controllers\bebas_bayar.php(36): view('/form/input_tunggakan', [...])
 6 SYSTEMPATH\CodeIgniter.php(898): App\Controllers\bebas_bayar->input('FCPATH\\css', 'style.css')
 7 SYSTEMPATH\CodeIgniter.php(468): CodeIgniter\CodeIgniter->runController(Object(App\Controllers\bebas_bayar))
 8 SYSTEMPATH\CodeIgniter.php(351): CodeIgniter\CodeIgniter->handleRequest(null, Object(Config\Cache), false)
 9 FCPATH\index.php(55): CodeIgniter\CodeIgniter->run()
10 SYSTEMPATH\Commands\Server\rewrite.php(43): require_once('FCPATH\\index.php')
CRITICAL - 2023-04-03 00:04:14 --> Trying to access array offset on value of type null
in APPPATH\Views\form\input_tunggakan.php on line 41.
 1 APPPATH\Views\form\input_tunggakan.php(41): CodeIgniter\Debug\Exceptions->errorHandler(2, 'Trying to access array offset on value of type null', 'APPPATH\\Views\\form\\input_tunggakan.php', 41)
 2 SYSTEMPATH\View\View.php(213): include('APPPATH\\Views\\form\\input_tunggakan.php')
 3 SYSTEMPATH\View\View.php(216): CodeIgniter\View\View->CodeIgniter\View\{closure}()
 4 SYSTEMPATH\Common.php(1135): CodeIgniter\View\View->render('/form/input_tunggakan', [], true)
 5 APPPATH\Controllers\bebas_bayar.php(36): view('/form/input_tunggakan', [...])
 6 SYSTEMPATH\CodeIgniter.php(898): App\Controllers\bebas_bayar->input('FCPATH\\asset', 'demo', 'chart-area-demo.js')
 7 SYSTEMPATH\CodeIgniter.php(468): CodeIgniter\CodeIgniter->runController(Object(App\Controllers\bebas_bayar))
 8 SYSTEMPATH\CodeIgniter.php(351): CodeIgniter\CodeIgniter->handleRequest(null, Object(Config\Cache), false)
 9 FCPATH\index.php(55): CodeIgniter\CodeIgniter->run()
10 SYSTEMPATH\Commands\Server\rewrite.php(43): require_once('FCPATH\\index.php')
CRITICAL - 2023-04-03 00:04:14 --> Trying to access array offset on value of type null
in APPPATH\Views\form\input_tunggakan.php on line 41.
 1 APPPATH\Views\form\input_tunggakan.php(41): CodeIgniter\Debug\Exceptions->errorHandler(2, 'Trying to access array offset on value of type null', 'APPPATH\\Views\\form\\input_tunggakan.php', 41)
 2 SYSTEMPATH\View\View.php(213): include('APPPATH\\Views\\form\\input_tunggakan.php')
 3 SYSTEMPATH\View\View.php(216): CodeIgniter\View\View->CodeIgniter\View\{closure}()
 4 SYSTEMPATH\Common.php(1135): CodeIgniter\View\View->render('/form/input_tunggakan', [], true)
 5 APPPATH\Controllers\bebas_bayar.php(36): view('/form/input_tunggakan', [...])
 6 SYSTEMPATH\CodeIgniter.php(898): App\Controllers\bebas_bayar->input('FCPATH\\asset', 'demo', 'chart-bar-demo.js')
 7 SYSTEMPATH\CodeIgniter.php(468): CodeIgniter\CodeIgniter->runController(Object(App\Controllers\bebas_bayar))
 8 SYSTEMPATH\CodeIgniter.php(351): CodeIgniter\CodeIgniter->handleRequest(null, Object(Config\Cache), false)
 9 FCPATH\index.php(55): CodeIgniter\CodeIgniter->run()
10 SYSTEMPATH\Commands\Server\rewrite.php(43): require_once('FCPATH\\index.php')
CRITICAL - 2023-04-03 00:04:58 --> Trying to access array offset on value of type null
in APPPATH\Views\form\input_tunggakan.php on line 41.
 1 APPPATH\Views\form\input_tunggakan.php(41): CodeIgniter\Debug\Exceptions->errorHandler(2, 'Trying to access array offset on value of type null', 'APPPATH\\Views\\form\\input_tunggakan.php', 41)
 2 SYSTEMPATH\View\View.php(213): include('APPPATH\\Views\\form\\input_tunggakan.php')
 3 SYSTEMPATH\View\View.php(216): CodeIgniter\View\View->CodeIgniter\View\{closure}()
 4 SYSTEMPATH\Common.php(1135): CodeIgniter\View\View->render('/form/input_tunggakan', [], true)
 5 APPPATH\Controllers\bebas_bayar.php(36): view('/form/input_tunggakan', [...])
 6 SYSTEMPATH\CodeIgniter.php(898): App\Controllers\bebas_bayar->input('FCPATH\\css', 'style.css')
 7 SYSTEMPATH\CodeIgniter.php(468): CodeIgniter\CodeIgniter->runController(Object(App\Controllers\bebas_bayar))
 8 SYSTEMPATH\CodeIgniter.php(351): CodeIgniter\CodeIgniter->handleRequest(null, Object(Config\Cache), false)
 9 FCPATH\index.php(55): CodeIgniter\CodeIgniter->run()
10 SYSTEMPATH\Commands\Server\rewrite.php(43): require_once('FCPATH\\index.php')
CRITICAL - 2023-04-03 00:04:59 --> Trying to access array offset on value of type null
in APPPATH\Views\form\input_tunggakan.php on line 41.
 1 APPPATH\Views\form\input_tunggakan.php(41): CodeIgniter\Debug\Exceptions->errorHandler(2, 'Trying to access array offset on value of type null', 'APPPATH\\Views\\form\\input_tunggakan.php', 41)
 2 SYSTEMPATH\View\View.php(213): include('APPPATH\\Views\\form\\input_tunggakan.php')
 3 SYSTEMPATH\View\View.php(216): CodeIgniter\View\View->CodeIgniter\View\{closure}()
 4 SYSTEMPATH\Common.php(1135): CodeIgniter\View\View->render('/form/input_tunggakan', [], true)
 5 APPPATH\Controllers\bebas_bayar.php(36): view('/form/input_tunggakan', [...])
 6 SYSTEMPATH\CodeIgniter.php(898): App\Controllers\bebas_bayar->input('FCPATH\\asset', 'demo', 'chart-area-demo.js')
 7 SYSTEMPATH\CodeIgniter.php(468): CodeIgniter\CodeIgniter->runController(Object(App\Controllers\bebas_bayar))
 8 SYSTEMPATH\CodeIgniter.php(351): CodeIgniter\CodeIgniter->handleRequest(null, Object(Config\Cache), false)
 9 FCPATH\index.php(55): CodeIgniter\CodeIgniter->run()
10 SYSTEMPATH\Commands\Server\rewrite.php(43): require_once('FCPATH\\index.php')
CRITICAL - 2023-04-03 00:04:59 --> Trying to access array offset on value of type null
in APPPATH\Views\form\input_tunggakan.php on line 41.
 1 APPPATH\Views\form\input_tunggakan.php(41): CodeIgniter\Debug\Exceptions->errorHandler(2, 'Trying to access array offset on value of type null', 'APPPATH\\Views\\form\\input_tunggakan.php', 41)
 2 SYSTEMPATH\View\View.php(213): include('APPPATH\\Views\\form\\input_tunggakan.php')
 3 SYSTEMPATH\View\View.php(216): CodeIgniter\View\View->CodeIgniter\View\{closure}()
 4 SYSTEMPATH\Common.php(1135): CodeIgniter\View\View->render('/form/input_tunggakan', [], true)
 5 APPPATH\Controllers\bebas_bayar.php(36): view('/form/input_tunggakan', [...])
 6 SYSTEMPATH\CodeIgniter.php(898): App\Controllers\bebas_bayar->input('FCPATH\\asset', 'demo', 'chart-bar-demo.js')
 7 SYSTEMPATH\CodeIgniter.php(468): CodeIgniter\CodeIgniter->runController(Object(App\Controllers\bebas_bayar))
 8 SYSTEMPATH\CodeIgniter.php(351): CodeIgniter\CodeIgniter->handleRequest(null, Object(Config\Cache), false)
 9 FCPATH\index.php(55): CodeIgniter\CodeIgniter->run()
10 SYSTEMPATH\Commands\Server\rewrite.php(43): require_once('FCPATH\\index.php')
CRITICAL - 2023-04-03 00:09:47 --> Trying to access array offset on value of type null
in APPPATH\Views\form\input_tunggakan.php on line 41.
 1 APPPATH\Views\form\input_tunggakan.php(41): CodeIgniter\Debug\Exceptions->errorHandler(2, 'Trying to access array offset on value of type null', 'APPPATH\\Views\\form\\input_tunggakan.php', 41)
 2 SYSTEMPATH\View\View.php(213): include('APPPATH\\Views\\form\\input_tunggakan.php')
 3 SYSTEMPATH\View\View.php(216): CodeIgniter\View\View->CodeIgniter\View\{closure}()
 4 SYSTEMPATH\Common.php(1135): CodeIgniter\View\View->render('/form/input_tunggakan', [], true)
 5 APPPATH\Controllers\bebas_bayar.php(35): view('/form/input_tunggakan', [...])
 6 SYSTEMPATH\CodeIgniter.php(898): App\Controllers\bebas_bayar->input('FCPATH\\css', 'style.css')
 7 SYSTEMPATH\CodeIgniter.php(468): CodeIgniter\CodeIgniter->runController(Object(App\Controllers\bebas_bayar))
 8 SYSTEMPATH\CodeIgniter.php(351): CodeIgniter\CodeIgniter->handleRequest(null, Object(Config\Cache), false)
 9 FCPATH\index.php(55): CodeIgniter\CodeIgniter->run()
10 SYSTEMPATH\Commands\Server\rewrite.php(43): require_once('FCPATH\\index.php')
CRITICAL - 2023-04-03 00:09:48 --> Trying to access array offset on value of type null
in APPPATH\Views\form\input_tunggakan.php on line 41.
 1 APPPATH\Views\form\input_tunggakan.php(41): CodeIgniter\Debug\Exceptions->errorHandler(2, 'Trying to access array offset on value of type null', 'APPPATH\\Views\\form\\input_tunggakan.php', 41)
 2 SYSTEMPATH\View\View.php(213): include('APPPATH\\Views\\form\\input_tunggakan.php')
 3 SYSTEMPATH\View\View.php(216): CodeIgniter\View\View->CodeIgniter\View\{closure}()
 4 SYSTEMPATH\Common.php(1135): CodeIgniter\View\View->render('/form/input_tunggakan', [], true)
 5 APPPATH\Controllers\bebas_bayar.php(35): view('/form/input_tunggakan', [...])
 6 SYSTEMPATH\CodeIgniter.php(898): App\Controllers\bebas_bayar->input('FCPATH\\asset', 'demo', 'chart-area-demo.js')
 7 SYSTEMPATH\CodeIgniter.php(468): CodeIgniter\CodeIgniter->runController(Object(App\Controllers\bebas_bayar))
 8 SYSTEMPATH\CodeIgniter.php(351): CodeIgniter\CodeIgniter->handleRequest(null, Object(Config\Cache), false)
 9 FCPATH\index.php(55): CodeIgniter\CodeIgniter->run()
10 SYSTEMPATH\Commands\Server\rewrite.php(43): require_once('FCPATH\\index.php')
CRITICAL - 2023-04-03 00:09:48 --> Trying to access array offset on value of type null
in APPPATH\Views\form\input_tunggakan.php on line 41.
 1 APPPATH\Views\form\input_tunggakan.php(41): CodeIgniter\Debug\Exceptions->errorHandler(2, 'Trying to access array offset on value of type null', 'APPPATH\\Views\\form\\input_tunggakan.php', 41)
 2 SYSTEMPATH\View\View.php(213): include('APPPATH\\Views\\form\\input_tunggakan.php')
 3 SYSTEMPATH\View\View.php(216): CodeIgniter\View\View->CodeIgniter\View\{closure}()
 4 SYSTEMPATH\Common.php(1135): CodeIgniter\View\View->render('/form/input_tunggakan', [], true)
 5 APPPATH\Controllers\bebas_bayar.php(35): view('/form/input_tunggakan', [...])
 6 SYSTEMPATH\CodeIgniter.php(898): App\Controllers\bebas_bayar->input('FCPATH\\asset', 'demo', 'chart-bar-demo.js')
 7 SYSTEMPATH\CodeIgniter.php(468): CodeIgniter\CodeIgniter->runController(Object(App\Controllers\bebas_bayar))
 8 SYSTEMPATH\CodeIgniter.php(351): CodeIgniter\CodeIgniter->handleRequest(null, Object(Config\Cache), false)
 9 FCPATH\index.php(55): CodeIgniter\CodeIgniter->run()
10 SYSTEMPATH\Commands\Server\rewrite.php(43): require_once('FCPATH\\index.php')
CRITICAL - 2023-04-03 00:10:08 --> Undefined array key ""
in APPPATH\Views\content\kuitansi.php on line 97.
 1 APPPATH\Views\content\kuitansi.php(97): CodeIgniter\Debug\Exceptions->errorHandler(2, 'Undefined array key ""', 'APPPATH\\Views\\content\\kuitansi.php', 97)
 2 APPPATH\Views\content\kuitansi.php(36): Terbilang(null)
 3 SYSTEMPATH\View\View.php(213): include('APPPATH\\Views\\content\\kuitansi.php')
 4 SYSTEMPATH\View\View.php(216): CodeIgniter\View\View->CodeIgniter\View\{closure}()
 5 SYSTEMPATH\Common.php(1135): CodeIgniter\View\View->render('/content/kuitansi', [], true)
 6 APPPATH\Controllers\bebas_bayar.php(88): view('/content/kuitansi', [...])
 7 SYSTEMPATH\CodeIgniter.php(898): App\Controllers\bebas_bayar->cetak_kuitansi('7')
 8 SYSTEMPATH\CodeIgniter.php(468): CodeIgniter\CodeIgniter->runController(Object(App\Controllers\bebas_bayar))
 9 SYSTEMPATH\CodeIgniter.php(351): CodeIgniter\CodeIgniter->handleRequest(null, Object(Config\Cache), false)
10 FCPATH\index.php(55): CodeIgniter\CodeIgniter->run()
11 SYSTEMPATH\Commands\Server\rewrite.php(43): require_once('FCPATH\\index.php')
CRITICAL - 2023-04-03 00:16:10 --> Undefined variable $jumlha_bayar
in APPPATH\Views\content\bayar_bebas.php on line 67.
 1 APPPATH\Views\content\bayar_bebas.php(67): CodeIgniter\Debug\Exceptions->errorHandler(2, 'Undefined variable $jumlha_bayar', 'APPPATH\\Views\\content\\bayar_bebas.php', 67)
 2 SYSTEMPATH\View\View.php(213): include('APPPATH\\Views\\content\\bayar_bebas.php')
 3 SYSTEMPATH\View\View.php(216): CodeIgniter\View\View->CodeIgniter\View\{closure}()
 4 SYSTEMPATH\Common.php(1135): CodeIgniter\View\View->render('/content/bayar_bebas', [], true)
 5 APPPATH\Controllers\bebas_bayar.php(52): view('/content/bayar_bebas', [...])
 6 SYSTEMPATH\CodeIgniter.php(898): App\Controllers\bebas_bayar->data_bayar()
 7 SYSTEMPATH\CodeIgniter.php(468): CodeIgniter\CodeIgniter->runController(Object(App\Controllers\bebas_bayar))
 8 SYSTEMPATH\CodeIgniter.php(351): CodeIgniter\CodeIgniter->handleRequest(null, Object(Config\Cache), false)
 9 FCPATH\index.php(55): CodeIgniter\CodeIgniter->run()
10 SYSTEMPATH\Commands\Server\rewrite.php(43): require_once('FCPATH\\index.php')
CRITICAL - 2023-04-03 00:16:27 --> Undefined array key ""
in APPPATH\Views\content\kuitansi.php on line 97.
 1 APPPATH\Views\content\kuitansi.php(97): CodeIgniter\Debug\Exceptions->errorHandler(2, 'Undefined array key ""', 'APPPATH\\Views\\content\\kuitansi.php', 97)
 2 APPPATH\Views\content\kuitansi.php(36): Terbilang(null)
 3 SYSTEMPATH\View\View.php(213): include('APPPATH\\Views\\content\\kuitansi.php')
 4 SYSTEMPATH\View\View.php(216): CodeIgniter\View\View->CodeIgniter\View\{closure}()
 5 SYSTEMPATH\Common.php(1135): CodeIgniter\View\View->render('/content/kuitansi', [], true)
 6 APPPATH\Controllers\bebas_bayar.php(88): view('/content/kuitansi', [...])
 7 SYSTEMPATH\CodeIgniter.php(898): App\Controllers\bebas_bayar->cetak_kuitansi('2')
 8 SYSTEMPATH\CodeIgniter.php(468): CodeIgniter\CodeIgniter->runController(Object(App\Controllers\bebas_bayar))
 9 SYSTEMPATH\CodeIgniter.php(351): CodeIgniter\CodeIgniter->handleRequest(null, Object(Config\Cache), false)
10 FCPATH\index.php(55): CodeIgniter\CodeIgniter->run()
11 SYSTEMPATH\Commands\Server\rewrite.php(43): require_once('FCPATH\\index.php')
CRITICAL - 2023-04-03 00:29:24 --> Undefined array key "nm_siswa"
in APPPATH\Views\content\laporan_spp.php on line 52.
 1 APPPATH\Views\content\laporan_spp.php(52): CodeIgniter\Debug\Exceptions->errorHandler(2, 'Undefined array key "nm_siswa"', 'APPPATH\\Views\\content\\laporan_spp.php', 52)
 2 SYSTEMPATH\View\View.php(213): include('APPPATH\\Views\\content\\laporan_spp.php')
 3 SYSTEMPATH\View\View.php(216): CodeIgniter\View\View->CodeIgniter\View\{closure}()
 4 SYSTEMPATH\Common.php(1135): CodeIgniter\View\View->render('content/laporan_spp', [], true)
 5 APPPATH\Controllers\laporan.php(22): view('content/laporan_spp', [...])
 6 SYSTEMPATH\CodeIgniter.php(898): App\Controllers\laporan->spp()
 7 SYSTEMPATH\CodeIgniter.php(468): CodeIgniter\CodeIgniter->runController(Object(App\Controllers\laporan))
 8 SYSTEMPATH\CodeIgniter.php(351): CodeIgniter\CodeIgniter->handleRequest(null, Object(Config\Cache), false)
 9 FCPATH\index.php(55): CodeIgniter\CodeIgniter->run()
10 SYSTEMPATH\Commands\Server\rewrite.php(43): require_once('FCPATH\\index.php')
CRITICAL - 2023-04-03 01:05:55 --> Undefined variable $tanggal
in APPPATH\Views\content\laporan_spp.php on line 41.
 1 APPPATH\Views\content\laporan_spp.php(41): CodeIgniter\Debug\Exceptions->errorHandler(2, 'Undefined variable $tanggal', 'APPPATH\\Views\\content\\laporan_spp.php', 41)
 2 SYSTEMPATH\View\View.php(213): include('APPPATH\\Views\\content\\laporan_spp.php')
 3 SYSTEMPATH\View\View.php(216): CodeIgniter\View\View->CodeIgniter\View\{closure}()
 4 SYSTEMPATH\Common.php(1135): CodeIgniter\View\View->render('content/laporan_spp', [], true)
 5 APPPATH\Controllers\laporan.php(22): view('content/laporan_spp', [...])
 6 SYSTEMPATH\CodeIgniter.php(898): App\Controllers\laporan->spp()
 7 SYSTEMPATH\CodeIgniter.php(468): CodeIgniter\CodeIgniter->runController(Object(App\Controllers\laporan))
 8 SYSTEMPATH\CodeIgniter.php(351): CodeIgniter\CodeIgniter->handleRequest(null, Object(Config\Cache), false)
 9 FCPATH\index.php(55): CodeIgniter\CodeIgniter->run()
10 SYSTEMPATH\Commands\Server\rewrite.php(43): require_once('FCPATH\\index.php')
CRITICAL - 2023-04-03 01:27:06 --> Call to undefined method App\Models\BebasBayar_Model::cetak_laporan
in SYSTEMPATH\Model.php on line 773.
 1 APPPATH\Controllers\laporan.php(32): CodeIgniter\Model->__call('cetak_laporan', [...])
 2 SYSTEMPATH\CodeIgniter.php(898): App\Controllers\laporan->cetak_laporan()
 3 SYSTEMPATH\CodeIgniter.php(468): CodeIgniter\CodeIgniter->runController(Object(App\Controllers\laporan))
 4 SYSTEMPATH\CodeIgniter.php(351): CodeIgniter\CodeIgniter->handleRequest(null, Object(Config\Cache), false)
 5 FCPATH\index.php(55): CodeIgniter\CodeIgniter->run()
 6 SYSTEMPATH\Commands\Server\rewrite.php(43): require_once('FCPATH\\index.php')
CRITICAL - 2023-04-03 01:29:04 --> Call to undefined method App\Models\BebasBayar_Model::cetak_laporan
in SYSTEMPATH\Model.php on line 773.
 1 APPPATH\Controllers\laporan.php(32): CodeIgniter\Model->__call('cetak_laporan', [...])
 2 SYSTEMPATH\CodeIgniter.php(898): App\Controllers\laporan->cetak_laporan()
 3 SYSTEMPATH\CodeIgniter.php(468): CodeIgniter\CodeIgniter->runController(Object(App\Controllers\laporan))
 4 SYSTEMPATH\CodeIgniter.php(351): CodeIgniter\CodeIgniter->handleRequest(null, Object(Config\Cache), false)
 5 FCPATH\index.php(55): CodeIgniter\CodeIgniter->run()
 6 SYSTEMPATH\Commands\Server\rewrite.php(43): require_once('FCPATH\\index.php')
CRITICAL - 2023-04-03 01:48:57 --> Call to undefined function rupiah()
in APPPATH\Views\content\export_spp_bebas.php on line 36.
 1 SYSTEMPATH\View\View.php(213): include()
 2 SYSTEMPATH\View\View.php(216): CodeIgniter\View\View->CodeIgniter\View\{closure}()
 3 SYSTEMPATH\Common.php(1135): CodeIgniter\View\View->render('content/export_spp_bebas', [], true)
 4 APPPATH\Controllers\laporan.php(38): view('content/export_spp_bebas', [...])
 5 SYSTEMPATH\CodeIgniter.php(898): App\Controllers\laporan->cetak_laporan()
 6 SYSTEMPATH\CodeIgniter.php(468): CodeIgniter\CodeIgniter->runController(Object(App\Controllers\laporan))
 7 SYSTEMPATH\CodeIgniter.php(351): CodeIgniter\CodeIgniter->handleRequest(null, Object(Config\Cache), false)
 8 FCPATH\index.php(55): CodeIgniter\CodeIgniter->run()
 9 SYSTEMPATH\Commands\Server\rewrite.php(43): require_once('FCPATH\\index.php')
CRITICAL - 2023-04-03 01:51:21 --> Undefined variable $tglawal
in APPPATH\Views\content\export_spp_bebas.php on line 20.
 1 APPPATH\Views\content\export_spp_bebas.php(20): CodeIgniter\Debug\Exceptions->errorHandler(2, 'Undefined variable $tglawal', 'APPPATH\\Views\\content\\export_spp_bebas.php', 20)
 2 SYSTEMPATH\View\View.php(213): include('APPPATH\\Views\\content\\export_spp_bebas.php')
 3 SYSTEMPATH\View\View.php(216): CodeIgniter\View\View->CodeIgniter\View\{closure}()
 4 SYSTEMPATH\Common.php(1135): CodeIgniter\View\View->render('content/export_spp_bebas', [], true)
 5 APPPATH\Controllers\laporan.php(38): view('content/export_spp_bebas', [...])
 6 SYSTEMPATH\CodeIgniter.php(898): App\Controllers\laporan->cetak_laporan()
 7 SYSTEMPATH\CodeIgniter.php(468): CodeIgniter\CodeIgniter->runController(Object(App\Controllers\laporan))
 8 SYSTEMPATH\CodeIgniter.php(351): CodeIgniter\CodeIgniter->handleRequest(null, Object(Config\Cache), false)
 9 FCPATH\index.php(55): CodeIgniter\CodeIgniter->run()
10 SYSTEMPATH\Commands\Server\rewrite.php(43): require_once('FCPATH\\index.php')
CRITICAL - 2023-04-03 01:56:50 --> Undefined array key 2
in APPPATH\Views\content\export_spp_bebas.php on line 128.
 1 APPPATH\Views\content\export_spp_bebas.php(128): CodeIgniter\Debug\Exceptions->errorHandler(2, 'Undefined array key 2', 'APPPATH\\Views\\content\\export_spp_bebas.php', 128)
 2 APPPATH\Views\content\export_spp_bebas.php(70): tanggal_indonesia(null)
 3 SYSTEMPATH\View\View.php(213): include('APPPATH\\Views\\content\\export_spp_bebas.php')
 4 SYSTEMPATH\View\View.php(216): CodeIgniter\View\View->CodeIgniter\View\{closure}()
 5 SYSTEMPATH\Common.php(1135): CodeIgniter\View\View->render('content/export_spp_bebas', [], true)
 6 APPPATH\Controllers\laporan.php(38): view('content/export_spp_bebas', [...])
 7 SYSTEMPATH\CodeIgniter.php(898): App\Controllers\laporan->cetak_laporan()
 8 SYSTEMPATH\CodeIgniter.php(468): CodeIgniter\CodeIgniter->runController(Object(App\Controllers\laporan))
 9 SYSTEMPATH\CodeIgniter.php(351): CodeIgniter\CodeIgniter->handleRequest(null, Object(Config\Cache), false)
10 FCPATH\index.php(55): CodeIgniter\CodeIgniter->run()
11 SYSTEMPATH\Commands\Server\rewrite.php(43): require_once('FCPATH\\index.php')
CRITICAL - 2023-04-03 01:57:36 --> date(): Argument #2 ($timestamp) must be of type ?int, string given
in APPPATH\Views\content\export_spp_bebas.php on line 70.
 1 APPPATH\Views\content\export_spp_bebas.php(70): date('y-m-d', '2023-04-03')
 2 SYSTEMPATH\View\View.php(213): include('APPPATH\\Views\\content\\export_spp_bebas.php')
 3 SYSTEMPATH\View\View.php(216): CodeIgniter\View\View->CodeIgniter\View\{closure}()
 4 SYSTEMPATH\Common.php(1135): CodeIgniter\View\View->render('content/export_spp_bebas', [], true)
 5 APPPATH\Controllers\laporan.php(38): view('content/export_spp_bebas', [...])
 6 SYSTEMPATH\CodeIgniter.php(898): App\Controllers\laporan->cetak_laporan()
 7 SYSTEMPATH\CodeIgniter.php(468): CodeIgniter\CodeIgniter->runController(Object(App\Controllers\laporan))
 8 SYSTEMPATH\CodeIgniter.php(351): CodeIgniter\CodeIgniter->handleRequest(null, Object(Config\Cache), false)
 9 FCPATH\index.php(55): CodeIgniter\CodeIgniter->run()
10 SYSTEMPATH\Commands\Server\rewrite.php(43): require_once('FCPATH\\index.php')
CRITICAL - 2023-04-03 01:58:10 --> date(): Argument #2 ($timestamp) must be of type ?int, string given
in APPPATH\Views\content\export_spp_bebas.php on line 70.
 1 APPPATH\Views\content\export_spp_bebas.php(70): date('y-m-d', '2023-04-03')
 2 SYSTEMPATH\View\View.php(213): include('APPPATH\\Views\\content\\export_spp_bebas.php')
 3 SYSTEMPATH\View\View.php(216): CodeIgniter\View\View->CodeIgniter\View\{closure}()
 4 SYSTEMPATH\Common.php(1135): CodeIgniter\View\View->render('content/export_spp_bebas', [], true)
 5 APPPATH\Controllers\laporan.php(38): view('content/export_spp_bebas', [...])
 6 SYSTEMPATH\CodeIgniter.php(898): App\Controllers\laporan->cetak_laporan()
 7 SYSTEMPATH\CodeIgniter.php(468): CodeIgniter\CodeIgniter->runController(Object(App\Controllers\laporan))
 8 SYSTEMPATH\CodeIgniter.php(351): CodeIgniter\CodeIgniter->handleRequest(null, Object(Config\Cache), false)
 9 FCPATH\index.php(55): CodeIgniter\CodeIgniter->run()
10 SYSTEMPATH\Commands\Server\rewrite.php(43): require_once('FCPATH\\index.php')
CRITICAL - 2023-04-03 02:08:27 --> Undefined variable $total
in APPPATH\Views\content\export_spp_bebas.php on line 81.
 1 APPPATH\Views\content\export_spp_bebas.php(81): CodeIgniter\Debug\Exceptions->errorHandler(2, 'Undefined variable $total', 'APPPATH\\Views\\content\\export_spp_bebas.php', 81)
 2 SYSTEMPATH\View\View.php(213): include('APPPATH\\Views\\content\\export_spp_bebas.php')
 3 SYSTEMPATH\View\View.php(216): CodeIgniter\View\View->CodeIgniter\View\{closure}()
 4 SYSTEMPATH\Common.php(1135): CodeIgniter\View\View->render('content/export_spp_bebas', [], true)
 5 APPPATH\Controllers\laporan.php(38): view('content/export_spp_bebas', [...])
 6 SYSTEMPATH\CodeIgniter.php(898): App\Controllers\laporan->cetak_laporan()
 7 SYSTEMPATH\CodeIgniter.php(468): CodeIgniter\CodeIgniter->runController(Object(App\Controllers\laporan))
 8 SYSTEMPATH\CodeIgniter.php(351): CodeIgniter\CodeIgniter->handleRequest(null, Object(Config\Cache), false)
 9 FCPATH\index.php(55): CodeIgniter\CodeIgniter->run()
10 SYSTEMPATH\Commands\Server\rewrite.php(43): require_once('FCPATH\\index.php')
CRITICAL - 2023-04-03 02:22:17 --> A non-numeric value encountered
in VENDORPATH\dompdf\dompdf\src\Css\AttributeTranslator.php on line 486.
 1 VENDORPATH\dompdf\dompdf\src\Css\AttributeTranslator.php(486): CodeIgniter\Debug\Exceptions->errorHandler(2, 'A non-numeric value encountered', 'VENDORPATH\\dompdf\\dompdf\\src\\Css\\AttributeTranslator.php', 486)
 2 VENDORPATH\dompdf\dompdf\src\Css\AttributeTranslator.php(263): Dompdf\Css\AttributeTranslator::_set_hr_size(Object(DOMElement), '10px')
 3 VENDORPATH\dompdf\dompdf\src\Css\AttributeTranslator.php(243): Dompdf\Css\AttributeTranslator::_resolve_target(Object(DOMElement), '_set_hr_size', '10px')
 4 VENDORPATH\dompdf\dompdf\src\Css\Stylesheet.php(1040): Dompdf\Css\AttributeTranslator::translate_attributes(Object(Dompdf\Frame))
 5 VENDORPATH\dompdf\dompdf\src\Dompdf.php(695): Dompdf\Css\Stylesheet->apply_styles(Object(Dompdf\Frame\FrameTree))
 6 APPPATH\Controllers\laporan.php(48): Dompdf\Dompdf->render()
 7 SYSTEMPATH\CodeIgniter.php(898): App\Controllers\laporan->cetak_laporan()
 8 SYSTEMPATH\CodeIgniter.php(468): CodeIgniter\CodeIgniter->runController(Object(App\Controllers\laporan))
 9 SYSTEMPATH\CodeIgniter.php(351): CodeIgniter\CodeIgniter->handleRequest(null, Object(Config\Cache), false)
10 FCPATH\index.php(55): CodeIgniter\CodeIgniter->run()
11 SYSTEMPATH\Commands\Server\rewrite.php(43): require_once('FCPATH\\index.php')
CRITICAL - 2023-04-03 02:22:55 --> Allowed memory size of 536870912 bytes exhausted (tried to allocate 264245248 bytes)
in APPPATH\Views\errors\html\error_exception.php on line 96.
 1 [internal function]: CodeIgniter\Debug\Exceptions->shutdownHandler()
CRITICAL - 2023-04-03 02:22:56 --> A non-numeric value encountered
in VENDORPATH\dompdf\dompdf\src\Css\AttributeTranslator.php on line 486.
 1 VENDORPATH\dompdf\dompdf\src\Css\AttributeTranslator.php(486): CodeIgniter\Debug\Exceptions->errorHandler(2, 'A non-numeric value encountered', 'VENDORPATH\\dompdf\\dompdf\\src\\Css\\AttributeTranslator.php', 486)
 2 VENDORPATH\dompdf\dompdf\src\Css\AttributeTranslator.php(263): Dompdf\Css\AttributeTranslator::_set_hr_size(Object(DOMElement), '10px')
 3 VENDORPATH\dompdf\dompdf\src\Css\AttributeTranslator.php(243): Dompdf\Css\AttributeTranslator::_resolve_target(Object(DOMElement), '_set_hr_size', '10px')
 4 VENDORPATH\dompdf\dompdf\src\Css\Stylesheet.php(1040): Dompdf\Css\AttributeTranslator::translate_attributes(Object(Dompdf\Frame))
 5 VENDORPATH\dompdf\dompdf\src\Dompdf.php(695): Dompdf\Css\Stylesheet->apply_styles(Object(Dompdf\Frame\FrameTree))
 6 APPPATH\Controllers\laporan.php(48): Dompdf\Dompdf->render()
 7 SYSTEMPATH\CodeIgniter.php(898): App\Controllers\laporan->cetak_laporan()
 8 SYSTEMPATH\CodeIgniter.php(468): CodeIgniter\CodeIgniter->runController(Object(App\Controllers\laporan))
 9 SYSTEMPATH\CodeIgniter.php(351): CodeIgniter\CodeIgniter->handleRequest(null, Object(Config\Cache), false)
10 FCPATH\index.php(55): CodeIgniter\CodeIgniter->run()
11 SYSTEMPATH\Commands\Server\rewrite.php(43): require_once('FCPATH\\index.php')
CRITICAL - 2023-04-03 02:23:42 --> Allowed memory size of 536870912 bytes exhausted (tried to allocate 266342400 bytes)
in APPPATH\Views\errors\html\error_exception.php on line 96.
 1 [internal function]: CodeIgniter\Debug\Exceptions->shutdownHandler()
CRITICAL - 2023-04-03 02:23:43 --> A non-numeric value encountered
in VENDORPATH\dompdf\dompdf\src\Css\AttributeTranslator.php on line 486.
 1 VENDORPATH\dompdf\dompdf\src\Css\AttributeTranslator.php(486): CodeIgniter\Debug\Exceptions->errorHandler(2, 'A non-numeric value encountered', 'VENDORPATH\\dompdf\\dompdf\\src\\Css\\AttributeTranslator.php', 486)
 2 VENDORPATH\dompdf\dompdf\src\Css\AttributeTranslator.php(263): Dompdf\Css\AttributeTranslator::_set_hr_size(Object(DOMElement), '10px')
 3 VENDORPATH\dompdf\dompdf\src\Css\AttributeTranslator.php(243): Dompdf\Css\AttributeTranslator::_resolve_target(Object(DOMElement), '_set_hr_size', '10px')
 4 VENDORPATH\dompdf\dompdf\src\Css\Stylesheet.php(1040): Dompdf\Css\AttributeTranslator::translate_attributes(Object(Dompdf\Frame))
 5 VENDORPATH\dompdf\dompdf\src\Dompdf.php(695): Dompdf\Css\Stylesheet->apply_styles(Object(Dompdf\Frame\FrameTree))
 6 APPPATH\Controllers\laporan.php(48): Dompdf\Dompdf->render()
 7 SYSTEMPATH\CodeIgniter.php(898): App\Controllers\laporan->cetak_laporan()
 8 SYSTEMPATH\CodeIgniter.php(468): CodeIgniter\CodeIgniter->runController(Object(App\Controllers\laporan))
 9 SYSTEMPATH\CodeIgniter.php(351): CodeIgniter\CodeIgniter->handleRequest(null, Object(Config\Cache), false)
10 FCPATH\index.php(55): CodeIgniter\CodeIgniter->run()
11 SYSTEMPATH\Commands\Server\rewrite.php(43): require_once('FCPATH\\index.php')
CRITICAL - 2023-04-03 02:24:20 --> Allowed memory size of 536870912 bytes exhausted (tried to allocate 266342400 bytes)
in APPPATH\Views\errors\html\error_exception.php on line 96.
 1 [internal function]: CodeIgniter\Debug\Exceptions->shutdownHandler()
CRITICAL - 2023-04-03 02:24:44 --> A non-numeric value encountered
in VENDORPATH\dompdf\dompdf\src\Css\AttributeTranslator.php on line 486.
 1 VENDORPATH\dompdf\dompdf\src\Css\AttributeTranslator.php(486): CodeIgniter\Debug\Exceptions->errorHandler(2, 'A non-numeric value encountered', 'VENDORPATH\\dompdf\\dompdf\\src\\Css\\AttributeTranslator.php', 486)
 2 VENDORPATH\dompdf\dompdf\src\Css\AttributeTranslator.php(263): Dompdf\Css\AttributeTranslator::_set_hr_size(Object(DOMElement), '10px')
 3 VENDORPATH\dompdf\dompdf\src\Css\AttributeTranslator.php(243): Dompdf\Css\AttributeTranslator::_resolve_target(Object(DOMElement), '_set_hr_size', '10px')
 4 VENDORPATH\dompdf\dompdf\src\Css\Stylesheet.php(1040): Dompdf\Css\AttributeTranslator::translate_attributes(Object(Dompdf\Frame))
 5 VENDORPATH\dompdf\dompdf\src\Dompdf.php(695): Dompdf\Css\Stylesheet->apply_styles(Object(Dompdf\Frame\FrameTree))
 6 APPPATH\Controllers\laporan.php(48): Dompdf\Dompdf->render()
 7 SYSTEMPATH\CodeIgniter.php(898): App\Controllers\laporan->cetak_laporan()
 8 SYSTEMPATH\CodeIgniter.php(468): CodeIgniter\CodeIgniter->runController(Object(App\Controllers\laporan))
 9 SYSTEMPATH\CodeIgniter.php(351): CodeIgniter\CodeIgniter->handleRequest(null, Object(Config\Cache), false)
10 FCPATH\index.php(55): CodeIgniter\CodeIgniter->run()
11 SYSTEMPATH\Commands\Server\rewrite.php(43): require_once('FCPATH\\index.php')
CRITICAL - 2023-04-03 02:25:10 --> Allowed memory size of 536870912 bytes exhausted (tried to allocate 264245248 bytes)
in APPPATH\Views\errors\html\error_exception.php on line 96.
 1 [internal function]: CodeIgniter\Debug\Exceptions->shutdownHandler()
CRITICAL - 2023-04-03 02:46:56 --> Call to a member function get_cellmap() on null
in VENDORPATH\dompdf\dompdf\src\FrameReflower\TableCell.php on line 40.
 1 VENDORPATH\dompdf\dompdf\src\FrameDecorator\AbstractFrameDecorator.php(913): Dompdf\FrameReflower\TableCell->reflow(null)
 2 VENDORPATH\dompdf\dompdf\src\FrameReflower\TableRow.php(56): Dompdf\FrameDecorator\AbstractFrameDecorator->reflow()
 3 VENDORPATH\dompdf\dompdf\src\FrameDecorator\AbstractFrameDecorator.php(913): Dompdf\FrameReflower\TableRow->reflow(Object(Dompdf\FrameDecorator\Block))
 4 VENDORPATH\dompdf\dompdf\src\FrameReflower\Inline.php(162): Dompdf\FrameDecorator\AbstractFrameDecorator->reflow(Object(Dompdf\FrameDecorator\Block))
 5 VENDORPATH\dompdf\dompdf\src\FrameDecorator\AbstractFrameDecorator.php(913): Dompdf\FrameReflower\Inline->reflow(Object(Dompdf\FrameDecorator\Block))
 6 VENDORPATH\dompdf\dompdf\src\FrameReflower\Block.php(865): Dompdf\FrameDecorator\AbstractFrameDecorator->reflow(Object(Dompdf\FrameDecorator\Block))
 7 VENDORPATH\dompdf\dompdf\src\FrameDecorator\AbstractFrameDecorator.php(913): Dompdf\FrameReflower\Block->reflow(null)
 8 VENDORPATH\dompdf\dompdf\src\FrameReflower\Page.php(142): Dompdf\FrameDecorator\AbstractFrameDecorator->reflow()
 9 VENDORPATH\dompdf\dompdf\src\FrameDecorator\AbstractFrameDecorator.php(913): Dompdf\FrameReflower\Page->reflow(null)
10 VENDORPATH\dompdf\dompdf\src\Dompdf.php(765): Dompdf\FrameDecorator\AbstractFrameDecorator->reflow()
11 APPPATH\Controllers\tunggakan.php(94): Dompdf\Dompdf->render()
12 SYSTEMPATH\CodeIgniter.php(898): App\Controllers\tunggakan->export_kelas()
13 SYSTEMPATH\CodeIgniter.php(468): CodeIgniter\CodeIgniter->runController(Object(App\Controllers\tunggakan))
14 SYSTEMPATH\CodeIgniter.php(351): CodeIgniter\CodeIgniter->handleRequest(null, Object(Config\Cache), false)
15 FCPATH\index.php(55): CodeIgniter\CodeIgniter->run()
16 SYSTEMPATH\Commands\Server\rewrite.php(43): require_once('FCPATH\\index.php')
CRITICAL - 2023-04-03 02:47:32 --> Allowed memory size of 536870912 bytes exhausted (tried to allocate 264245248 bytes)
in APPPATH\Views\errors\html\error_exception.php on line 96.
 1 [internal function]: CodeIgniter\Debug\Exceptions->shutdownHandler()
CRITICAL - 2023-04-03 02:49:51 --> Call to a member function get_cellmap() on null
in VENDORPATH\dompdf\dompdf\src\FrameReflower\TableCell.php on line 40.
 1 VENDORPATH\dompdf\dompdf\src\FrameDecorator\AbstractFrameDecorator.php(913): Dompdf\FrameReflower\TableCell->reflow(null)
 2 VENDORPATH\dompdf\dompdf\src\FrameReflower\TableRow.php(56): Dompdf\FrameDecorator\AbstractFrameDecorator->reflow()
 3 VENDORPATH\dompdf\dompdf\src\FrameDecorator\AbstractFrameDecorator.php(913): Dompdf\FrameReflower\TableRow->reflow(Object(Dompdf\FrameDecorator\Block))
 4 VENDORPATH\dompdf\dompdf\src\FrameReflower\Inline.php(162): Dompdf\FrameDecorator\AbstractFrameDecorator->reflow(Object(Dompdf\FrameDecorator\Block))
 5 VENDORPATH\dompdf\dompdf\src\FrameDecorator\AbstractFrameDecorator.php(913): Dompdf\FrameReflower\Inline->reflow(Object(Dompdf\FrameDecorator\Block))
 6 VENDORPATH\dompdf\dompdf\src\FrameReflower\Block.php(865): Dompdf\FrameDecorator\AbstractFrameDecorator->reflow(Object(Dompdf\FrameDecorator\Block))
 7 VENDORPATH\dompdf\dompdf\src\FrameDecorator\AbstractFrameDecorator.php(913): Dompdf\FrameReflower\Block->reflow(null)
 8 VENDORPATH\dompdf\dompdf\src\FrameReflower\Page.php(142): Dompdf\FrameDecorator\AbstractFrameDecorator->reflow()
 9 VENDORPATH\dompdf\dompdf\src\FrameDecorator\AbstractFrameDecorator.php(913): Dompdf\FrameReflower\Page->reflow(null)
10 VENDORPATH\dompdf\dompdf\src\Dompdf.php(765): Dompdf\FrameDecorator\AbstractFrameDecorator->reflow()
11 APPPATH\Controllers\tunggakan.php(93): Dompdf\Dompdf->render()
12 SYSTEMPATH\CodeIgniter.php(898): App\Controllers\tunggakan->export_kelas()
13 SYSTEMPATH\CodeIgniter.php(468): CodeIgniter\CodeIgniter->runController(Object(App\Controllers\tunggakan))
14 SYSTEMPATH\CodeIgniter.php(351): CodeIgniter\CodeIgniter->handleRequest(null, Object(Config\Cache), false)
15 FCPATH\index.php(55): CodeIgniter\CodeIgniter->run()
16 SYSTEMPATH\Commands\Server\rewrite.php(43): require_once('FCPATH\\index.php')
CRITICAL - 2023-04-03 02:50:26 --> Allowed memory size of 536870912 bytes exhausted (tried to allocate 266342400 bytes)
in APPPATH\Views\errors\html\error_exception.php on line 96.
 1 [internal function]: CodeIgniter\Debug\Exceptions->shutdownHandler()
CRITICAL - 2023-04-03 08:21:25 --> Too few arguments to function App\Controllers\laporan::spp(), 0 passed in C:\xampp\htdocs\skripsi\system\CodeIgniter.php on line 898 and exactly 1 expected
in APPPATH\Controllers\laporan.php on line 18.
 1 SYSTEMPATH\CodeIgniter.php(898): App\Controllers\laporan->spp()
 2 SYSTEMPATH\CodeIgniter.php(468): CodeIgniter\CodeIgniter->runController(Object(App\Controllers\laporan))
 3 SYSTEMPATH\CodeIgniter.php(351): CodeIgniter\CodeIgniter->handleRequest(null, Object(Config\Cache), false)
 4 FCPATH\index.php(55): CodeIgniter\CodeIgniter->run()
 5 SYSTEMPATH\Commands\Server\rewrite.php(43): require_once('FCPATH\\index.php')
CRITICAL - 2023-04-03 09:02:03 --> Trying to access array offset on value of type null
in APPPATH\Views\form\edit_siswa.php on line 23.
 1 APPPATH\Views\form\edit_siswa.php(23): CodeIgniter\Debug\Exceptions->errorHandler(2, 'Trying to access array offset on value of type null', 'APPPATH\\Views\\form\\edit_siswa.php', 23)
 2 SYSTEMPATH\View\View.php(213): include('APPPATH\\Views\\form\\edit_siswa.php')
 3 SYSTEMPATH\View\View.php(216): CodeIgniter\View\View->CodeIgniter\View\{closure}()
 4 SYSTEMPATH\Common.php(1135): CodeIgniter\View\View->render('/form/edit_siswa', [], true)
 5 APPPATH\Controllers\siswa.php(98): view('/form/edit_siswa', [...])
 6 SYSTEMPATH\CodeIgniter.php(898): App\Controllers\siswa->edit('FCPATH\\css', 'style.css')
 7 SYSTEMPATH\CodeIgniter.php(468): CodeIgniter\CodeIgniter->runController(Object(App\Controllers\siswa))
 8 SYSTEMPATH\CodeIgniter.php(351): CodeIgniter\CodeIgniter->handleRequest(null, Object(Config\Cache), false)
 9 FCPATH\index.php(55): CodeIgniter\CodeIgniter->run()
10 SYSTEMPATH\Commands\Server\rewrite.php(43): require_once('FCPATH\\index.php')
CRITICAL - 2023-04-03 09:02:04 --> Trying to access array offset on value of type null
in APPPATH\Views\form\edit_siswa.php on line 23.
 1 APPPATH\Views\form\edit_siswa.php(23): CodeIgniter\Debug\Exceptions->errorHandler(2, 'Trying to access array offset on value of type null', 'APPPATH\\Views\\form\\edit_siswa.php', 23)
 2 SYSTEMPATH\View\View.php(213): include('APPPATH\\Views\\form\\edit_siswa.php')
 3 SYSTEMPATH\View\View.php(216): CodeIgniter\View\View->CodeIgniter\View\{closure}()
 4 SYSTEMPATH\Common.php(1135): CodeIgniter\View\View->render('/form/edit_siswa', [], true)
 5 APPPATH\Controllers\siswa.php(98): view('/form/edit_siswa', [...])
 6 SYSTEMPATH\CodeIgniter.php(898): App\Controllers\siswa->edit('FCPATH\\asset', 'demo', 'chart-area-demo.js')
 7 SYSTEMPATH\CodeIgniter.php(468): CodeIgniter\CodeIgniter->runController(Object(App\Controllers\siswa))
 8 SYSTEMPATH\CodeIgniter.php(351): CodeIgniter\CodeIgniter->handleRequest(null, Object(Config\Cache), false)
 9 FCPATH\index.php(55): CodeIgniter\CodeIgniter->run()
10 SYSTEMPATH\Commands\Server\rewrite.php(43): require_once('FCPATH\\index.php')
CRITICAL - 2023-04-03 09:02:04 --> Trying to access array offset on value of type null
in APPPATH\Views\form\edit_siswa.php on line 23.
 1 APPPATH\Views\form\edit_siswa.php(23): CodeIgniter\Debug\Exceptions->errorHandler(2, 'Trying to access array offset on value of type null', 'APPPATH\\Views\\form\\edit_siswa.php', 23)
 2 SYSTEMPATH\View\View.php(213): include('APPPATH\\Views\\form\\edit_siswa.php')
 3 SYSTEMPATH\View\View.php(216): CodeIgniter\View\View->CodeIgniter\View\{closure}()
 4 SYSTEMPATH\Common.php(1135): CodeIgniter\View\View->render('/form/edit_siswa', [], true)
 5 APPPATH\Controllers\siswa.php(98): view('/form/edit_siswa', [...])
 6 SYSTEMPATH\CodeIgniter.php(898): App\Controllers\siswa->edit('FCPATH\\asset', 'demo', 'chart-bar-demo.js')
 7 SYSTEMPATH\CodeIgniter.php(468): CodeIgniter\CodeIgniter->runController(Object(App\Controllers\siswa))
 8 SYSTEMPATH\CodeIgniter.php(351): CodeIgniter\CodeIgniter->handleRequest(null, Object(Config\Cache), false)
 9 FCPATH\index.php(55): CodeIgniter\CodeIgniter->run()
10 SYSTEMPATH\Commands\Server\rewrite.php(43): require_once('FCPATH\\index.php')
CRITICAL - 2023-04-03 09:02:52 --> Undefined variable $kelas
in APPPATH\Views\content\export_spp_bebas.php on line 46.
 1 APPPATH\Views\content\export_spp_bebas.php(46): CodeIgniter\Debug\Exceptions->errorHandler(2, 'Undefined variable $kelas', 'APPPATH\\Views\\content\\export_spp_bebas.php', 46)
 2 SYSTEMPATH\View\View.php(213): include('APPPATH\\Views\\content\\export_spp_bebas.php')
 3 SYSTEMPATH\View\View.php(216): CodeIgniter\View\View->CodeIgniter\View\{closure}()
 4 SYSTEMPATH\Common.php(1135): CodeIgniter\View\View->render('content/export_spp_bebas', [], true)
 5 APPPATH\Controllers\laporan.php(45): view('content/export_spp_bebas', [...])
 6 SYSTEMPATH\CodeIgniter.php(898): App\Controllers\laporan->cetak_laporan_siswa('1')
 7 SYSTEMPATH\CodeIgniter.php(468): CodeIgniter\CodeIgniter->runController(Object(App\Controllers\laporan))
 8 SYSTEMPATH\CodeIgniter.php(351): CodeIgniter\CodeIgniter->handleRequest(null, Object(Config\Cache), false)
 9 FCPATH\index.php(55): CodeIgniter\CodeIgniter->run()
10 SYSTEMPATH\Commands\Server\rewrite.php(43): require_once('FCPATH\\index.php')
CRITICAL - 2023-04-03 09:05:45 --> Undefined array key 2
in APPPATH\Views\content\export_siswa.php on line 131.
 1 APPPATH\Views\content\export_siswa.php(131): CodeIgniter\Debug\Exceptions->errorHandler(2, 'Undefined array key 2', 'APPPATH\\Views\\content\\export_siswa.php', 131)
 2 APPPATH\Views\content\export_siswa.php(77): tanggal_indonesia(null)
 3 SYSTEMPATH\View\View.php(213): include('APPPATH\\Views\\content\\export_siswa.php')
 4 SYSTEMPATH\View\View.php(216): CodeIgniter\View\View->CodeIgniter\View\{closure}()
 5 SYSTEMPATH\Common.php(1135): CodeIgniter\View\View->render('content/export_siswa', [], true)
 6 APPPATH\Controllers\laporan.php(45): view('content/export_siswa', [...])
 7 SYSTEMPATH\CodeIgniter.php(898): App\Controllers\laporan->cetak_laporan_siswa('4')
 8 SYSTEMPATH\CodeIgniter.php(468): CodeIgniter\CodeIgniter->runController(Object(App\Controllers\laporan))
 9 SYSTEMPATH\CodeIgniter.php(351): CodeIgniter\CodeIgniter->handleRequest(null, Object(Config\Cache), false)
10 FCPATH\index.php(55): CodeIgniter\CodeIgniter->run()
11 SYSTEMPATH\Commands\Server\rewrite.php(43): require_once('FCPATH\\index.php')
CRITICAL - 2023-04-03 09:06:12 --> Call to undefined function tanggal_indonesia()
in APPPATH\Views\content\export_siswa.php on line 77.
 1 SYSTEMPATH\View\View.php(213): include()
 2 SYSTEMPATH\View\View.php(216): CodeIgniter\View\View->CodeIgniter\View\{closure}()
 3 SYSTEMPATH\Common.php(1135): CodeIgniter\View\View->render('content/export_siswa', [], true)
 4 APPPATH\Controllers\laporan.php(45): view('content/export_siswa', [...])
 5 SYSTEMPATH\CodeIgniter.php(898): App\Controllers\laporan->cetak_laporan_siswa('4')
 6 SYSTEMPATH\CodeIgniter.php(468): CodeIgniter\CodeIgniter->runController(Object(App\Controllers\laporan))
 7 SYSTEMPATH\CodeIgniter.php(351): CodeIgniter\CodeIgniter->handleRequest(null, Object(Config\Cache), false)
 8 FCPATH\index.php(55): CodeIgniter\CodeIgniter->run()
 9 SYSTEMPATH\Commands\Server\rewrite.php(43): require_once('FCPATH\\index.php')
CRITICAL - 2023-04-03 09:06:33 --> Call to undefined function tanggal_indonesia()
in APPPATH\Views\content\export_siswa.php on line 93.
 1 SYSTEMPATH\View\View.php(213): include()
 2 SYSTEMPATH\View\View.php(216): CodeIgniter\View\View->CodeIgniter\View\{closure}()
 3 SYSTEMPATH\Common.php(1135): CodeIgniter\View\View->render('content/export_siswa', [], true)
 4 APPPATH\Controllers\laporan.php(45): view('content/export_siswa', [...])
 5 SYSTEMPATH\CodeIgniter.php(898): App\Controllers\laporan->cetak_laporan_siswa('4')
 6 SYSTEMPATH\CodeIgniter.php(468): CodeIgniter\CodeIgniter->runController(Object(App\Controllers\laporan))
 7 SYSTEMPATH\CodeIgniter.php(351): CodeIgniter\CodeIgniter->handleRequest(null, Object(Config\Cache), false)
 8 FCPATH\index.php(55): CodeIgniter\CodeIgniter->run()
 9 SYSTEMPATH\Commands\Server\rewrite.php(43): require_once('FCPATH\\index.php')
CRITICAL - 2023-04-03 09:08:14 --> Undefined array key "nis"
in APPPATH\Views\content\export_siswa.php on line 63.
 1 APPPATH\Views\content\export_siswa.php(63): CodeIgniter\Debug\Exceptions->errorHandler(2, 'Undefined array key "nis"', 'APPPATH\\Views\\content\\export_siswa.php', 63)
 2 SYSTEMPATH\View\View.php(213): include('APPPATH\\Views\\content\\export_siswa.php')
 3 SYSTEMPATH\View\View.php(216): CodeIgniter\View\View->CodeIgniter\View\{closure}()
 4 SYSTEMPATH\Common.php(1135): CodeIgniter\View\View->render('content/export_siswa', [], true)
 5 APPPATH\Controllers\laporan.php(45): view('content/export_siswa', [...])
 6 SYSTEMPATH\CodeIgniter.php(898): App\Controllers\laporan->cetak_laporan_siswa('4')
 7 SYSTEMPATH\CodeIgniter.php(468): CodeIgniter\CodeIgniter->runController(Object(App\Controllers\laporan))
 8 SYSTEMPATH\CodeIgniter.php(351): CodeIgniter\CodeIgniter->handleRequest(null, Object(Config\Cache), false)
 9 FCPATH\index.php(55): CodeIgniter\CodeIgniter->run()
10 SYSTEMPATH\Commands\Server\rewrite.php(43): require_once('FCPATH\\index.php')
CRITICAL - 2023-04-03 09:08:55 --> Undefined array key "nis"
in APPPATH\Views\content\export_siswa.php on line 63.
 1 APPPATH\Views\content\export_siswa.php(63): CodeIgniter\Debug\Exceptions->errorHandler(2, 'Undefined array key "nis"', 'APPPATH\\Views\\content\\export_siswa.php', 63)
 2 SYSTEMPATH\View\View.php(213): include('APPPATH\\Views\\content\\export_siswa.php')
 3 SYSTEMPATH\View\View.php(216): CodeIgniter\View\View->CodeIgniter\View\{closure}()
 4 SYSTEMPATH\Common.php(1135): CodeIgniter\View\View->render('content/export_siswa', [], true)
 5 APPPATH\Controllers\laporan.php(45): view('content/export_siswa', [...])
 6 SYSTEMPATH\CodeIgniter.php(898): App\Controllers\laporan->cetak_laporan_siswa('9')
 7 SYSTEMPATH\CodeIgniter.php(468): CodeIgniter\CodeIgniter->runController(Object(App\Controllers\laporan))
 8 SYSTEMPATH\CodeIgniter.php(351): CodeIgniter\CodeIgniter->handleRequest(null, Object(Config\Cache), false)
 9 FCPATH\index.php(55): CodeIgniter\CodeIgniter->run()
10 SYSTEMPATH\Commands\Server\rewrite.php(43): require_once('FCPATH\\index.php')
CRITICAL - 2023-04-03 09:09:56 --> Undefined array key "nis"
in APPPATH\Views\content\export_siswa.php on line 63.
 1 APPPATH\Views\content\export_siswa.php(63): CodeIgniter\Debug\Exceptions->errorHandler(2, 'Undefined array key "nis"', 'APPPATH\\Views\\content\\export_siswa.php', 63)
 2 SYSTEMPATH\View\View.php(213): include('APPPATH\\Views\\content\\export_siswa.php')
 3 SYSTEMPATH\View\View.php(216): CodeIgniter\View\View->CodeIgniter\View\{closure}()
 4 SYSTEMPATH\Common.php(1135): CodeIgniter\View\View->render('content/export_siswa', [], true)
 5 APPPATH\Controllers\laporan.php(45): view('content/export_siswa', [...])
 6 SYSTEMPATH\CodeIgniter.php(898): App\Controllers\laporan->cetak_laporan_siswa('9')
 7 SYSTEMPATH\CodeIgniter.php(468): CodeIgniter\CodeIgniter->runController(Object(App\Controllers\laporan))
 8 SYSTEMPATH\CodeIgniter.php(351): CodeIgniter\CodeIgniter->handleRequest(null, Object(Config\Cache), false)
 9 FCPATH\index.php(55): CodeIgniter\CodeIgniter->run()
10 SYSTEMPATH\Commands\Server\rewrite.php(43): require_once('FCPATH\\index.php')
CRITICAL - 2023-04-03 09:25:18 --> Undefined variable $siswa
in APPPATH\Views\content\export_siswa.php on line 61.
 1 APPPATH\Views\content\export_siswa.php(61): CodeIgniter\Debug\Exceptions->errorHandler(2, 'Undefined variable $siswa', 'APPPATH\\Views\\content\\export_siswa.php', 61)
 2 SYSTEMPATH\View\View.php(213): include('APPPATH\\Views\\content\\export_siswa.php')
 3 SYSTEMPATH\View\View.php(216): CodeIgniter\View\View->CodeIgniter\View\{closure}()
 4 SYSTEMPATH\Common.php(1135): CodeIgniter\View\View->render('content/export_siswa', [], true)
 5 APPPATH\Controllers\laporan.php(45): view('content/export_siswa', [...])
 6 SYSTEMPATH\CodeIgniter.php(898): App\Controllers\laporan->cetak_laporan_siswa('4')
 7 SYSTEMPATH\CodeIgniter.php(468): CodeIgniter\CodeIgniter->runController(Object(App\Controllers\laporan))
 8 SYSTEMPATH\CodeIgniter.php(351): CodeIgniter\CodeIgniter->handleRequest(null, Object(Config\Cache), false)
 9 FCPATH\index.php(55): CodeIgniter\CodeIgniter->run()
10 SYSTEMPATH\Commands\Server\rewrite.php(43): require_once('FCPATH\\index.php')
CRITICAL - 2023-04-03 09:29:10 --> Undefined variable $row
in APPPATH\Views\content\export_siswa.php on line 64.
 1 APPPATH\Views\content\export_siswa.php(64): CodeIgniter\Debug\Exceptions->errorHandler(2, 'Undefined variable $row', 'APPPATH\\Views\\content\\export_siswa.php', 64)
 2 SYSTEMPATH\View\View.php(213): include('APPPATH\\Views\\content\\export_siswa.php')
 3 SYSTEMPATH\View\View.php(216): CodeIgniter\View\View->CodeIgniter\View\{closure}()
 4 SYSTEMPATH\Common.php(1135): CodeIgniter\View\View->render('content/export_siswa', [], true)
 5 APPPATH\Controllers\laporan.php(45): view('content/export_siswa', [...])
 6 SYSTEMPATH\CodeIgniter.php(898): App\Controllers\laporan->cetak_laporan_siswa('4')
 7 SYSTEMPATH\CodeIgniter.php(468): CodeIgniter\CodeIgniter->runController(Object(App\Controllers\laporan))
 8 SYSTEMPATH\CodeIgniter.php(351): CodeIgniter\CodeIgniter->handleRequest(null, Object(Config\Cache), false)
 9 FCPATH\index.php(55): CodeIgniter\CodeIgniter->run()
10 SYSTEMPATH\Commands\Server\rewrite.php(43): require_once('FCPATH\\index.php')
CRITICAL - 2023-04-03 09:32:41 --> syntax error, unexpected token "<", expecting "->" or "?->" or "{" or "["
in APPPATH\Views\content\export_siswa.php on line 51.
 1 SYSTEMPATH\View\View.php(216): CodeIgniter\View\View->CodeIgniter\View\{closure}()
 2 SYSTEMPATH\Common.php(1135): CodeIgniter\View\View->render('content/export_siswa', [], true)
 3 APPPATH\Controllers\laporan.php(45): view('content/export_siswa', [...])
 4 SYSTEMPATH\CodeIgniter.php(898): App\Controllers\laporan->cetak_laporan_siswa('4')
 5 SYSTEMPATH\CodeIgniter.php(468): CodeIgniter\CodeIgniter->runController(Object(App\Controllers\laporan))
 6 SYSTEMPATH\CodeIgniter.php(351): CodeIgniter\CodeIgniter->handleRequest(null, Object(Config\Cache), false)
 7 FCPATH\index.php(55): CodeIgniter\CodeIgniter->run()
 8 SYSTEMPATH\Commands\Server\rewrite.php(43): require_once('FCPATH\\index.php')
CRITICAL - 2023-04-03 09:40:32 --> Undefined property: App\Controllers\laporan::$Tunggakan_Model
in APPPATH\Controllers\laporan.php on line 42.
 1 APPPATH\Controllers\laporan.php(42): CodeIgniter\Debug\Exceptions->errorHandler(2, 'Undefined property: App\\Controllers\\laporan::$Tunggakan_Model', 'APPPATH\\Controllers\\laporan.php', 42)
 2 SYSTEMPATH\CodeIgniter.php(898): App\Controllers\laporan->cetak_laporan_siswa('4')
 3 SYSTEMPATH\CodeIgniter.php(468): CodeIgniter\CodeIgniter->runController(Object(App\Controllers\laporan))
 4 SYSTEMPATH\CodeIgniter.php(351): CodeIgniter\CodeIgniter->handleRequest(null, Object(Config\Cache), false)
 5 FCPATH\index.php(55): CodeIgniter\CodeIgniter->run()
 6 SYSTEMPATH\Commands\Server\rewrite.php(43): require_once('FCPATH\\index.php')
CRITICAL - 2023-04-03 09:56:47 --> Undefined array key "keterangan"
in APPPATH\Views\content\tunggakan.php on line 122.
 1 APPPATH\Views\content\tunggakan.php(122): CodeIgniter\Debug\Exceptions->errorHandler(2, 'Undefined array key "keterangan"', 'APPPATH\\Views\\content\\tunggakan.php', 122)
 2 SYSTEMPATH\View\View.php(213): include('APPPATH\\Views\\content\\tunggakan.php')
 3 SYSTEMPATH\View\View.php(216): CodeIgniter\View\View->CodeIgniter\View\{closure}()
 4 SYSTEMPATH\Common.php(1135): CodeIgniter\View\View->render('/content/tunggakan', [], true)
 5 APPPATH\Controllers\tunggakan.php(38): view('/content/tunggakan', [...])
 6 APPPATH\Controllers\tunggakan.php(44): App\Controllers\tunggakan->index(null, null)
 7 SYSTEMPATH\CodeIgniter.php(898): App\Controllers\tunggakan->filter()
 8 SYSTEMPATH\CodeIgniter.php(468): CodeIgniter\CodeIgniter->runController(Object(App\Controllers\tunggakan))
 9 SYSTEMPATH\CodeIgniter.php(351): CodeIgniter\CodeIgniter->handleRequest(null, Object(Config\Cache), false)
10 FCPATH\index.php(55): CodeIgniter\CodeIgniter->run()
11 SYSTEMPATH\Commands\Server\rewrite.php(43): require_once('FCPATH\\index.php')
CRITICAL - 2023-04-03 09:59:06 --> Undefined array key "keterangan"
in APPPATH\Views\content\export_laporan.php on line 79.
 1 APPPATH\Views\content\export_laporan.php(79): CodeIgniter\Debug\Exceptions->errorHandler(2, 'Undefined array key "keterangan"', 'APPPATH\\Views\\content\\export_laporan.php', 79)
 2 SYSTEMPATH\View\View.php(213): include('APPPATH\\Views\\content\\export_laporan.php')
 3 SYSTEMPATH\View\View.php(216): CodeIgniter\View\View->CodeIgniter\View\{closure}()
 4 SYSTEMPATH\Common.php(1135): CodeIgniter\View\View->render('content/export_laporan', [], true)
 5 APPPATH\Controllers\tunggakan.php(57): view('content/export_laporan', [...])
 6 SYSTEMPATH\CodeIgniter.php(898): App\Controllers\tunggakan->export_pdf()
 7 SYSTEMPATH\CodeIgniter.php(468): CodeIgniter\CodeIgniter->runController(Object(App\Controllers\tunggakan))
 8 SYSTEMPATH\CodeIgniter.php(351): CodeIgniter\CodeIgniter->handleRequest(null, Object(Config\Cache), false)
 9 FCPATH\index.php(55): CodeIgniter\CodeIgniter->run()
10 SYSTEMPATH\Commands\Server\rewrite.php(43): require_once('FCPATH\\index.php')
CRITICAL - 2023-04-03 10:00:17 --> Undefined array key "keterangan"
in APPPATH\Views\content\export_kelas.php on line 88.
 1 APPPATH\Views\content\export_kelas.php(88): CodeIgniter\Debug\Exceptions->errorHandler(2, 'Undefined array key "keterangan"', 'APPPATH\\Views\\content\\export_kelas.php', 88)
 2 SYSTEMPATH\View\View.php(213): include('APPPATH\\Views\\content\\export_kelas.php')
 3 SYSTEMPATH\View\View.php(216): CodeIgniter\View\View->CodeIgniter\View\{closure}()
 4 SYSTEMPATH\Common.php(1135): CodeIgniter\View\View->render('content/export_kelas', [], true)
 5 APPPATH\Controllers\tunggakan.php(81): view('content/export_kelas', [...])
 6 SYSTEMPATH\CodeIgniter.php(898): App\Controllers\tunggakan->export_kelas()
 7 SYSTEMPATH\CodeIgniter.php(468): CodeIgniter\CodeIgniter->runController(Object(App\Controllers\tunggakan))
 8 SYSTEMPATH\CodeIgniter.php(351): CodeIgniter\CodeIgniter->handleRequest(null, Object(Config\Cache), false)
 9 FCPATH\index.php(55): CodeIgniter\CodeIgniter->run()
10 SYSTEMPATH\Commands\Server\rewrite.php(43): require_once('FCPATH\\index.php')
CRITICAL - 2023-04-03 10:03:48 --> Undefined array key "nama"
in APPPATH\Views\content\export_siswa.php on line 91.
 1 APPPATH\Views\content\export_siswa.php(91): CodeIgniter\Debug\Exceptions->errorHandler(2, 'Undefined array key "nama"', 'APPPATH\\Views\\content\\export_siswa.php', 91)
 2 SYSTEMPATH\View\View.php(213): include('APPPATH\\Views\\content\\export_siswa.php')
 3 SYSTEMPATH\View\View.php(216): CodeIgniter\View\View->CodeIgniter\View\{closure}()
 4 SYSTEMPATH\Common.php(1135): CodeIgniter\View\View->render('content/export_siswa', [], true)
 5 APPPATH\Controllers\laporan.php(44): view('content/export_siswa', [...])
 6 SYSTEMPATH\CodeIgniter.php(898): App\Controllers\laporan->cetak_laporan_siswa('4')
 7 SYSTEMPATH\CodeIgniter.php(468): CodeIgniter\CodeIgniter->runController(Object(App\Controllers\laporan))
 8 SYSTEMPATH\CodeIgniter.php(351): CodeIgniter\CodeIgniter->handleRequest(null, Object(Config\Cache), false)
 9 FCPATH\index.php(55): CodeIgniter\CodeIgniter->run()
10 SYSTEMPATH\Commands\Server\rewrite.php(43): require_once('FCPATH\\index.php')
CRITICAL - 2023-04-03 10:08:16 --> Array callback must have exactly two elements
in APPPATH\Views\content\export_siswa.php on line 51.
 1 SYSTEMPATH\View\View.php(213): include()
 2 SYSTEMPATH\View\View.php(216): CodeIgniter\View\View->CodeIgniter\View\{closure}()
 3 SYSTEMPATH\Common.php(1135): CodeIgniter\View\View->render('content/export_siswa', [], true)
 4 APPPATH\Controllers\laporan.php(44): view('content/export_siswa', [...])
 5 SYSTEMPATH\CodeIgniter.php(898): App\Controllers\laporan->cetak_laporan_siswa('4')
 6 SYSTEMPATH\CodeIgniter.php(468): CodeIgniter\CodeIgniter->runController(Object(App\Controllers\laporan))
 7 SYSTEMPATH\CodeIgniter.php(351): CodeIgniter\CodeIgniter->handleRequest(null, Object(Config\Cache), false)
 8 FCPATH\index.php(55): CodeIgniter\CodeIgniter->run()
 9 SYSTEMPATH\Commands\Server\rewrite.php(43): require_once('FCPATH\\index.php')
CRITICAL - 2023-04-03 10:08:42 --> Array callback must have exactly two elements
in APPPATH\Views\content\export_siswa.php on line 51.
 1 SYSTEMPATH\View\View.php(213): include()
 2 SYSTEMPATH\View\View.php(216): CodeIgniter\View\View->CodeIgniter\View\{closure}()
 3 SYSTEMPATH\Common.php(1135): CodeIgniter\View\View->render('content/export_siswa', [], true)
 4 APPPATH\Controllers\laporan.php(44): view('content/export_siswa', [...])
 5 SYSTEMPATH\CodeIgniter.php(898): App\Controllers\laporan->cetak_laporan_siswa('4')
 6 SYSTEMPATH\CodeIgniter.php(468): CodeIgniter\CodeIgniter->runController(Object(App\Controllers\laporan))
 7 SYSTEMPATH\CodeIgniter.php(351): CodeIgniter\CodeIgniter->handleRequest(null, Object(Config\Cache), false)
 8 FCPATH\index.php(55): CodeIgniter\CodeIgniter->run()
 9 SYSTEMPATH\Commands\Server\rewrite.php(43): require_once('FCPATH\\index.php')
