CRITICAL - 2023-04-16 20:45:39 --> Undefined variable $kelas
in APPPATH\Views\content\kelas_detail.php on line 43.
 1 APPPATH\Views\content\kelas_detail.php(43): CodeIgniter\Debug\Exceptions->errorHandler(2, 'Undefined variable $kelas', 'APPPATH\\Views\\content\\kelas_detail.php', 43)
 2 SYSTEMPATH\View\View.php(213): include('APPPATH\\Views\\content\\kelas_detail.php')
 3 SYSTEMPATH\View\View.php(216): CodeIgniter\View\View->CodeIgniter\View\{closure}()
 4 SYSTEMPATH\Common.php(1135): CodeIgniter\View\View->render('/content/kelas_detail', [], true)
 5 APPPATH\Controllers\siswa.php(29): view('/content/kelas_detail', [...])
 6 SYSTEMPATH\CodeIgniter.php(898): App\Controllers\siswa->index()
 7 SYSTEMPATH\CodeIgniter.php(468): CodeIgniter\CodeIgniter->runController(Object(App\Controllers\siswa))
 8 SYSTEMPATH\CodeIgniter.php(351): CodeIgniter\CodeIgniter->handleRequest(null, Object(Config\Cache), false)
 9 FCPATH\index.php(55): CodeIgniter\CodeIgniter->run()
10 SYSTEMPATH\Commands\Server\rewrite.php(43): require_once('FCPATH\\index.php')
ERROR - 2023-04-16 20:59:49 --> Column 'id_kelas' in where clause is ambiguous
CRITICAL - 2023-04-16 20:59:49 --> Column 'id_kelas' in where clause is ambiguous
in SYSTEMPATH\Database\MySQLi\Connection.php on line 292.
 1 SYSTEMPATH\Database\MySQLi\Connection.php(292): mysqli->query('SELECT *
FROM `siswa`
JOIN `kelas` ON `kelas`.`id_kelas`=`siswa`.`id_kelas`
WHERE `id_kelas` IS NULL', 0)
 2 SYSTEMPATH\Database\BaseConnection.php(678): CodeIgniter\Database\MySQLi\Connection->execute('SELECT *
FROM `siswa`
JOIN `kelas` ON `kelas`.`id_kelas`=`siswa`.`id_kelas`
WHERE `id_kelas` IS NULL')
 3 SYSTEMPATH\Database\BaseConnection.php(606): CodeIgniter\Database\BaseConnection->simpleQuery('SELECT *
FROM `siswa`
JOIN `kelas` ON `kelas`.`id_kelas`=`siswa`.`id_kelas`
WHERE `id_kelas` IS NULL')
 4 SYSTEMPATH\Database\BaseBuilder.php(1585): CodeIgniter\Database\BaseConnection->query('SELECT *
FROM `siswa`
JOIN `kelas` ON `kelas`.`id_kelas`=`siswa`.`id_kelas`
WHERE `id_kelas` IS NULL', [], false)
 5 APPPATH\Models\Siswa_Model.php(30): CodeIgniter\Database\BaseBuilder->get()
 6 APPPATH\Controllers\siswa.php(34): App\Models\Siswa_Model->detail_kelas(null)
 7 SYSTEMPATH\CodeIgniter.php(898): App\Controllers\siswa->detail('2')
 8 SYSTEMPATH\CodeIgniter.php(468): CodeIgniter\CodeIgniter->runController(Object(App\Controllers\siswa))
 9 SYSTEMPATH\CodeIgniter.php(351): CodeIgniter\CodeIgniter->handleRequest(null, Object(Config\Cache), false)
10 FCPATH\index.php(55): CodeIgniter\CodeIgniter->run()
11 SYSTEMPATH\Commands\Server\rewrite.php(43): require_once('FCPATH\\index.php')
CRITICAL - 2023-04-16 21:09:10 --> CodeIgniter\Database\BaseBuilder::like(): Argument #2 ($match) must be of type string, null given, called in C:\xampp\htdocs\skripsi\app\Models\Siswa_Model.php on line 29
in SYSTEMPATH\Database\BaseBuilder.php on line 954.
 1 APPPATH\Models\Siswa_Model.php(29): CodeIgniter\Database\BaseBuilder->like('kelas', null)
 2 APPPATH\Controllers\siswa.php(34): App\Models\Siswa_Model->detail_kelas(null)
 3 SYSTEMPATH\CodeIgniter.php(898): App\Controllers\siswa->detail('X AKL 3')
 4 SYSTEMPATH\CodeIgniter.php(468): CodeIgniter\CodeIgniter->runController(Object(App\Controllers\siswa))
 5 SYSTEMPATH\CodeIgniter.php(351): CodeIgniter\CodeIgniter->handleRequest(null, Object(Config\Cache), false)
 6 FCPATH\index.php(55): CodeIgniter\CodeIgniter->run()
 7 SYSTEMPATH\Commands\Server\rewrite.php(43): require_once('FCPATH\\index.php')
ERROR - 2023-04-16 21:13:57 --> Not unique table/alias: 'kelas'
CRITICAL - 2023-04-16 21:13:57 --> Not unique table/alias: 'kelas'
in SYSTEMPATH\Database\MySQLi\Connection.php on line 292.
 1 SYSTEMPATH\Database\MySQLi\Connection.php(292): mysqli->query('SELECT *
FROM `kelas`
JOIN `kelas` ON `kelas`.`id_kelas`=`siswa`.`id_kelas`
WHERE `kelas` IS NULL', 0)
 2 SYSTEMPATH\Database\BaseConnection.php(678): CodeIgniter\Database\MySQLi\Connection->execute('SELECT *
FROM `kelas`
JOIN `kelas` ON `kelas`.`id_kelas`=`siswa`.`id_kelas`
WHERE `kelas` IS NULL')
 3 SYSTEMPATH\Database\BaseConnection.php(606): CodeIgniter\Database\BaseConnection->simpleQuery('SELECT *
FROM `kelas`
JOIN `kelas` ON `kelas`.`id_kelas`=`siswa`.`id_kelas`
WHERE `kelas` IS NULL')
 4 SYSTEMPATH\Database\BaseBuilder.php(1585): CodeIgniter\Database\BaseConnection->query('SELECT *
FROM `kelas`
JOIN `kelas` ON `kelas`.`id_kelas`=`siswa`.`id_kelas`
WHERE `kelas` IS NULL', [], false)
 5 APPPATH\Models\Siswa_Model.php(30): CodeIgniter\Database\BaseBuilder->get()
 6 APPPATH\Controllers\siswa.php(34): App\Models\Siswa_Model->detail_kelas()
 7 SYSTEMPATH\CodeIgniter.php(898): App\Controllers\siswa->detail('X AKL 3')
 8 SYSTEMPATH\CodeIgniter.php(468): CodeIgniter\CodeIgniter->runController(Object(App\Controllers\siswa))
 9 SYSTEMPATH\CodeIgniter.php(351): CodeIgniter\CodeIgniter->handleRequest(null, Object(Config\Cache), false)
10 FCPATH\index.php(55): CodeIgniter\CodeIgniter->run()
11 SYSTEMPATH\Commands\Server\rewrite.php(43): require_once('FCPATH\\index.php')
CRITICAL - 2023-04-16 21:22:02 --> Undefined array key "nis"
in APPPATH\Views\content\siswa.php on line 52.
 1 APPPATH\Views\content\siswa.php(52): CodeIgniter\Debug\Exceptions->errorHandler(2, 'Undefined array key "nis"', 'APPPATH\\Views\\content\\siswa.php', 52)
 2 SYSTEMPATH\View\View.php(213): include('APPPATH\\Views\\content\\siswa.php')
 3 SYSTEMPATH\View\View.php(216): CodeIgniter\View\View->CodeIgniter\View\{closure}()
 4 SYSTEMPATH\Common.php(1135): CodeIgniter\View\View->render('/content/siswa', [], true)
 5 APPPATH\Controllers\siswa.php(35): view('/content/siswa', [...])
 6 SYSTEMPATH\CodeIgniter.php(898): App\Controllers\siswa->detail('X AKL 3')
 7 SYSTEMPATH\CodeIgniter.php(468): CodeIgniter\CodeIgniter->runController(Object(App\Controllers\siswa))
 8 SYSTEMPATH\CodeIgniter.php(351): CodeIgniter\CodeIgniter->handleRequest(null, Object(Config\Cache), false)
 9 FCPATH\index.php(55): CodeIgniter\CodeIgniter->run()
10 SYSTEMPATH\Commands\Server\rewrite.php(43): require_once('FCPATH\\index.php')
CRITICAL - 2023-04-16 21:39:24 --> Too few arguments to function App\Controllers\siswa::detail(), 0 passed in C:\xampp\htdocs\skripsi\system\CodeIgniter.php on line 898 and exactly 1 expected
in APPPATH\Controllers\siswa.php on line 31.
 1 SYSTEMPATH\CodeIgniter.php(898): App\Controllers\siswa->detail()
 2 SYSTEMPATH\CodeIgniter.php(468): CodeIgniter\CodeIgniter->runController(Object(App\Controllers\siswa))
 3 SYSTEMPATH\CodeIgniter.php(351): CodeIgniter\CodeIgniter->handleRequest(null, Object(Config\Cache), false)
 4 FCPATH\index.php(55): CodeIgniter\CodeIgniter->run()
 5 SYSTEMPATH\Commands\Server\rewrite.php(43): require_once('FCPATH\\index.php')
CRITICAL - 2023-04-16 21:42:37 --> Too few arguments to function App\Controllers\siswa::detail(), 0 passed in C:\xampp\htdocs\skripsi\system\CodeIgniter.php on line 898 and exactly 1 expected
in APPPATH\Controllers\siswa.php on line 31.
 1 SYSTEMPATH\CodeIgniter.php(898): App\Controllers\siswa->detail()
 2 SYSTEMPATH\CodeIgniter.php(468): CodeIgniter\CodeIgniter->runController(Object(App\Controllers\siswa))
 3 SYSTEMPATH\CodeIgniter.php(351): CodeIgniter\CodeIgniter->handleRequest(null, Object(Config\Cache), false)
 4 FCPATH\index.php(55): CodeIgniter\CodeIgniter->run()
 5 SYSTEMPATH\Commands\Server\rewrite.php(43): require_once('FCPATH\\index.php')
CRITICAL - 2023-04-16 21:48:22 --> Trying to access array offset on value of type null
in APPPATH\Views\form\edit_siswa.php on line 23.
 1 APPPATH\Views\form\edit_siswa.php(23): CodeIgniter\Debug\Exceptions->errorHandler(2, 'Trying to access array offset on value of type null', 'APPPATH\\Views\\form\\edit_siswa.php', 23)
 2 SYSTEMPATH\View\View.php(213): include('APPPATH\\Views\\form\\edit_siswa.php')
 3 SYSTEMPATH\View\View.php(216): CodeIgniter\View\View->CodeIgniter\View\{closure}()
 4 SYSTEMPATH\Common.php(1135): CodeIgniter\View\View->render('/form/edit_siswa', [], true)
 5 APPPATH\Controllers\siswa.php(117): view('/form/edit_siswa', [...])
 6 SYSTEMPATH\CodeIgniter.php(898): App\Controllers\siswa->edit('FCPATH\\css', 'style.css')
 7 SYSTEMPATH\CodeIgniter.php(468): CodeIgniter\CodeIgniter->runController(Object(App\Controllers\siswa))
 8 SYSTEMPATH\CodeIgniter.php(351): CodeIgniter\CodeIgniter->handleRequest(null, Object(Config\Cache), false)
 9 FCPATH\index.php(55): CodeIgniter\CodeIgniter->run()
10 SYSTEMPATH\Commands\Server\rewrite.php(43): require_once('FCPATH\\index.php')
CRITICAL - 2023-04-16 21:48:26 --> Too few arguments to function App\Controllers\siswa::detail(), 0 passed in C:\xampp\htdocs\skripsi\system\CodeIgniter.php on line 898 and exactly 1 expected
in APPPATH\Controllers\siswa.php on line 31.
 1 SYSTEMPATH\CodeIgniter.php(898): App\Controllers\siswa->detail()
 2 SYSTEMPATH\CodeIgniter.php(468): CodeIgniter\CodeIgniter->runController(Object(App\Controllers\siswa))
 3 SYSTEMPATH\CodeIgniter.php(351): CodeIgniter\CodeIgniter->handleRequest(null, Object(Config\Cache), false)
 4 FCPATH\index.php(55): CodeIgniter\CodeIgniter->run()
 5 SYSTEMPATH\Commands\Server\rewrite.php(43): require_once('FCPATH\\index.php')
CRITICAL - 2023-04-16 21:48:50 --> Trying to access array offset on value of type null
in APPPATH\Views\form\edit_siswa.php on line 23.
 1 APPPATH\Views\form\edit_siswa.php(23): CodeIgniter\Debug\Exceptions->errorHandler(2, 'Trying to access array offset on value of type null', 'APPPATH\\Views\\form\\edit_siswa.php', 23)
 2 SYSTEMPATH\View\View.php(213): include('APPPATH\\Views\\form\\edit_siswa.php')
 3 SYSTEMPATH\View\View.php(216): CodeIgniter\View\View->CodeIgniter\View\{closure}()
 4 SYSTEMPATH\Common.php(1135): CodeIgniter\View\View->render('/form/edit_siswa', [], true)
 5 APPPATH\Controllers\siswa.php(117): view('/form/edit_siswa', [...])
 6 SYSTEMPATH\CodeIgniter.php(898): App\Controllers\siswa->edit('FCPATH\\css', 'style.css')
 7 SYSTEMPATH\CodeIgniter.php(468): CodeIgniter\CodeIgniter->runController(Object(App\Controllers\siswa))
 8 SYSTEMPATH\CodeIgniter.php(351): CodeIgniter\CodeIgniter->handleRequest(null, Object(Config\Cache), false)
 9 FCPATH\index.php(55): CodeIgniter\CodeIgniter->run()
10 SYSTEMPATH\Commands\Server\rewrite.php(43): require_once('FCPATH\\index.php')
CRITICAL - 2023-04-16 21:48:54 --> Trying to access array offset on value of type null
in APPPATH\Views\form\edit_siswa.php on line 23.
 1 APPPATH\Views\form\edit_siswa.php(23): CodeIgniter\Debug\Exceptions->errorHandler(2, 'Trying to access array offset on value of type null', 'APPPATH\\Views\\form\\edit_siswa.php', 23)
 2 SYSTEMPATH\View\View.php(213): include('APPPATH\\Views\\form\\edit_siswa.php')
 3 SYSTEMPATH\View\View.php(216): CodeIgniter\View\View->CodeIgniter\View\{closure}()
 4 SYSTEMPATH\Common.php(1135): CodeIgniter\View\View->render('/form/edit_siswa', [], true)
 5 APPPATH\Controllers\siswa.php(117): view('/form/edit_siswa', [...])
 6 SYSTEMPATH\CodeIgniter.php(898): App\Controllers\siswa->edit('FCPATH\\css', 'style.css')
 7 SYSTEMPATH\CodeIgniter.php(468): CodeIgniter\CodeIgniter->runController(Object(App\Controllers\siswa))
 8 SYSTEMPATH\CodeIgniter.php(351): CodeIgniter\CodeIgniter->handleRequest(null, Object(Config\Cache), false)
 9 FCPATH\index.php(55): CodeIgniter\CodeIgniter->run()
10 SYSTEMPATH\Commands\Server\rewrite.php(43): require_once('FCPATH\\index.php')
CRITICAL - 2023-04-16 21:48:59 --> Too few arguments to function App\Controllers\siswa::detail(), 0 passed in C:\xampp\htdocs\skripsi\system\CodeIgniter.php on line 898 and exactly 1 expected
in APPPATH\Controllers\siswa.php on line 31.
 1 SYSTEMPATH\CodeIgniter.php(898): App\Controllers\siswa->detail()
 2 SYSTEMPATH\CodeIgniter.php(468): CodeIgniter\CodeIgniter->runController(Object(App\Controllers\siswa))
 3 SYSTEMPATH\CodeIgniter.php(351): CodeIgniter\CodeIgniter->handleRequest(null, Object(Config\Cache), false)
 4 FCPATH\index.php(55): CodeIgniter\CodeIgniter->run()
 5 SYSTEMPATH\Commands\Server\rewrite.php(43): require_once('FCPATH\\index.php')
CRITICAL - 2023-04-16 21:49:12 --> Trying to access array offset on value of type null
in APPPATH\Views\form\edit_siswa.php on line 23.
 1 APPPATH\Views\form\edit_siswa.php(23): CodeIgniter\Debug\Exceptions->errorHandler(2, 'Trying to access array offset on value of type null', 'APPPATH\\Views\\form\\edit_siswa.php', 23)
 2 SYSTEMPATH\View\View.php(213): include('APPPATH\\Views\\form\\edit_siswa.php')
 3 SYSTEMPATH\View\View.php(216): CodeIgniter\View\View->CodeIgniter\View\{closure}()
 4 SYSTEMPATH\Common.php(1135): CodeIgniter\View\View->render('/form/edit_siswa', [], true)
 5 APPPATH\Controllers\siswa.php(117): view('/form/edit_siswa', [...])
 6 SYSTEMPATH\CodeIgniter.php(898): App\Controllers\siswa->edit('FCPATH\\css', 'style.css')
 7 SYSTEMPATH\CodeIgniter.php(468): CodeIgniter\CodeIgniter->runController(Object(App\Controllers\siswa))
 8 SYSTEMPATH\CodeIgniter.php(351): CodeIgniter\CodeIgniter->handleRequest(null, Object(Config\Cache), false)
 9 FCPATH\index.php(55): CodeIgniter\CodeIgniter->run()
10 SYSTEMPATH\Commands\Server\rewrite.php(43): require_once('FCPATH\\index.php')
CRITICAL - 2023-04-16 21:49:37 --> Trying to access array offset on value of type null
in APPPATH\Views\form\edit_siswa.php on line 23.
 1 APPPATH\Views\form\edit_siswa.php(23): CodeIgniter\Debug\Exceptions->errorHandler(2, 'Trying to access array offset on value of type null', 'APPPATH\\Views\\form\\edit_siswa.php', 23)
 2 SYSTEMPATH\View\View.php(213): include('APPPATH\\Views\\form\\edit_siswa.php')
 3 SYSTEMPATH\View\View.php(216): CodeIgniter\View\View->CodeIgniter\View\{closure}()
 4 SYSTEMPATH\Common.php(1135): CodeIgniter\View\View->render('/form/edit_siswa', [], true)
 5 APPPATH\Controllers\siswa.php(117): view('/form/edit_siswa', [...])
 6 SYSTEMPATH\CodeIgniter.php(898): App\Controllers\siswa->edit('FCPATH\\css', 'style.css')
 7 SYSTEMPATH\CodeIgniter.php(468): CodeIgniter\CodeIgniter->runController(Object(App\Controllers\siswa))
 8 SYSTEMPATH\CodeIgniter.php(351): CodeIgniter\CodeIgniter->handleRequest(null, Object(Config\Cache), false)
 9 FCPATH\index.php(55): CodeIgniter\CodeIgniter->run()
10 SYSTEMPATH\Commands\Server\rewrite.php(43): require_once('FCPATH\\index.php')
CRITICAL - 2023-04-16 21:49:43 --> Too few arguments to function App\Controllers\siswa::detail(), 0 passed in C:\xampp\htdocs\skripsi\system\CodeIgniter.php on line 898 and exactly 1 expected
in APPPATH\Controllers\siswa.php on line 31.
 1 SYSTEMPATH\CodeIgniter.php(898): App\Controllers\siswa->detail()
 2 SYSTEMPATH\CodeIgniter.php(468): CodeIgniter\CodeIgniter->runController(Object(App\Controllers\siswa))
 3 SYSTEMPATH\CodeIgniter.php(351): CodeIgniter\CodeIgniter->handleRequest(null, Object(Config\Cache), false)
 4 FCPATH\index.php(55): CodeIgniter\CodeIgniter->run()
 5 SYSTEMPATH\Commands\Server\rewrite.php(43): require_once('FCPATH\\index.php')
CRITICAL - 2023-04-16 21:49:56 --> Trying to access array offset on value of type null
in APPPATH\Views\form\edit_siswa.php on line 23.
 1 APPPATH\Views\form\edit_siswa.php(23): CodeIgniter\Debug\Exceptions->errorHandler(2, 'Trying to access array offset on value of type null', 'APPPATH\\Views\\form\\edit_siswa.php', 23)
 2 SYSTEMPATH\View\View.php(213): include('APPPATH\\Views\\form\\edit_siswa.php')
 3 SYSTEMPATH\View\View.php(216): CodeIgniter\View\View->CodeIgniter\View\{closure}()
 4 SYSTEMPATH\Common.php(1135): CodeIgniter\View\View->render('/form/edit_siswa', [], true)
 5 APPPATH\Controllers\siswa.php(117): view('/form/edit_siswa', [...])
 6 SYSTEMPATH\CodeIgniter.php(898): App\Controllers\siswa->edit('FCPATH\\css', 'style.css')
 7 SYSTEMPATH\CodeIgniter.php(468): CodeIgniter\CodeIgniter->runController(Object(App\Controllers\siswa))
 8 SYSTEMPATH\CodeIgniter.php(351): CodeIgniter\CodeIgniter->handleRequest(null, Object(Config\Cache), false)
 9 FCPATH\index.php(55): CodeIgniter\CodeIgniter->run()
10 SYSTEMPATH\Commands\Server\rewrite.php(43): require_once('FCPATH\\index.php')
CRITICAL - 2023-04-16 21:50:45 --> Undefined array key "kelas"
in APPPATH\Views\form\edit_siswa.php on line 23.
 1 APPPATH\Views\form\edit_siswa.php(23): CodeIgniter\Debug\Exceptions->errorHandler(2, 'Undefined array key "kelas"', 'APPPATH\\Views\\form\\edit_siswa.php', 23)
 2 SYSTEMPATH\View\View.php(213): include('APPPATH\\Views\\form\\edit_siswa.php')
 3 SYSTEMPATH\View\View.php(216): CodeIgniter\View\View->CodeIgniter\View\{closure}()
 4 SYSTEMPATH\Common.php(1135): CodeIgniter\View\View->render('/form/edit_siswa', [], true)
 5 APPPATH\Controllers\siswa.php(117): view('/form/edit_siswa', [...])
 6 SYSTEMPATH\CodeIgniter.php(898): App\Controllers\siswa->edit('4')
 7 SYSTEMPATH\CodeIgniter.php(468): CodeIgniter\CodeIgniter->runController(Object(App\Controllers\siswa))
 8 SYSTEMPATH\CodeIgniter.php(351): CodeIgniter\CodeIgniter->handleRequest(null, Object(Config\Cache), false)
 9 FCPATH\index.php(55): CodeIgniter\CodeIgniter->run()
10 SYSTEMPATH\Commands\Server\rewrite.php(43): require_once('FCPATH\\index.php')
CRITICAL - 2023-04-16 21:51:11 --> Trying to access array offset on value of type null
in APPPATH\Views\form\edit_siswa.php on line 23.
 1 APPPATH\Views\form\edit_siswa.php(23): CodeIgniter\Debug\Exceptions->errorHandler(2, 'Trying to access array offset on value of type null', 'APPPATH\\Views\\form\\edit_siswa.php', 23)
 2 SYSTEMPATH\View\View.php(213): include('APPPATH\\Views\\form\\edit_siswa.php')
 3 SYSTEMPATH\View\View.php(216): CodeIgniter\View\View->CodeIgniter\View\{closure}()
 4 SYSTEMPATH\Common.php(1135): CodeIgniter\View\View->render('/form/edit_siswa', [], true)
 5 APPPATH\Controllers\siswa.php(117): view('/form/edit_siswa', [...])
 6 SYSTEMPATH\CodeIgniter.php(898): App\Controllers\siswa->edit('FCPATH\\css', 'style.css')
 7 SYSTEMPATH\CodeIgniter.php(468): CodeIgniter\CodeIgniter->runController(Object(App\Controllers\siswa))
 8 SYSTEMPATH\CodeIgniter.php(351): CodeIgniter\CodeIgniter->handleRequest(null, Object(Config\Cache), false)
 9 FCPATH\index.php(55): CodeIgniter\CodeIgniter->run()
10 SYSTEMPATH\Commands\Server\rewrite.php(43): require_once('FCPATH\\index.php')
CRITICAL - 2023-04-16 21:51:45 --> Trying to access array offset on value of type null
in APPPATH\Views\form\edit_siswa.php on line 23.
 1 APPPATH\Views\form\edit_siswa.php(23): CodeIgniter\Debug\Exceptions->errorHandler(2, 'Trying to access array offset on value of type null', 'APPPATH\\Views\\form\\edit_siswa.php', 23)
 2 SYSTEMPATH\View\View.php(213): include('APPPATH\\Views\\form\\edit_siswa.php')
 3 SYSTEMPATH\View\View.php(216): CodeIgniter\View\View->CodeIgniter\View\{closure}()
 4 SYSTEMPATH\Common.php(1135): CodeIgniter\View\View->render('/form/edit_siswa', [], true)
 5 APPPATH\Controllers\siswa.php(117): view('/form/edit_siswa', [...])
 6 SYSTEMPATH\CodeIgniter.php(898): App\Controllers\siswa->edit('FCPATH\\css', 'style.css')
 7 SYSTEMPATH\CodeIgniter.php(468): CodeIgniter\CodeIgniter->runController(Object(App\Controllers\siswa))
 8 SYSTEMPATH\CodeIgniter.php(351): CodeIgniter\CodeIgniter->handleRequest(null, Object(Config\Cache), false)
 9 FCPATH\index.php(55): CodeIgniter\CodeIgniter->run()
10 SYSTEMPATH\Commands\Server\rewrite.php(43): require_once('FCPATH\\index.php')
CRITICAL - 2023-04-16 21:52:45 --> Trying to access array offset on value of type null
in APPPATH\Views\form\edit_siswa.php on line 23.
 1 APPPATH\Views\form\edit_siswa.php(23): CodeIgniter\Debug\Exceptions->errorHandler(2, 'Trying to access array offset on value of type null', 'APPPATH\\Views\\form\\edit_siswa.php', 23)
 2 SYSTEMPATH\View\View.php(213): include('APPPATH\\Views\\form\\edit_siswa.php')
 3 SYSTEMPATH\View\View.php(216): CodeIgniter\View\View->CodeIgniter\View\{closure}()
 4 SYSTEMPATH\Common.php(1135): CodeIgniter\View\View->render('/form/edit_siswa', [], true)
 5 APPPATH\Controllers\siswa.php(117): view('/form/edit_siswa', [...])
 6 SYSTEMPATH\CodeIgniter.php(898): App\Controllers\siswa->edit('FCPATH\\css', 'style.css')
 7 SYSTEMPATH\CodeIgniter.php(468): CodeIgniter\CodeIgniter->runController(Object(App\Controllers\siswa))
 8 SYSTEMPATH\CodeIgniter.php(351): CodeIgniter\CodeIgniter->handleRequest(null, Object(Config\Cache), false)
 9 FCPATH\index.php(55): CodeIgniter\CodeIgniter->run()
10 SYSTEMPATH\Commands\Server\rewrite.php(43): require_once('FCPATH\\index.php')
CRITICAL - 2023-04-16 21:53:02 --> Trying to access array offset on value of type null
in APPPATH\Views\form\edit_siswa.php on line 23.
 1 APPPATH\Views\form\edit_siswa.php(23): CodeIgniter\Debug\Exceptions->errorHandler(2, 'Trying to access array offset on value of type null', 'APPPATH\\Views\\form\\edit_siswa.php', 23)
 2 SYSTEMPATH\View\View.php(213): include('APPPATH\\Views\\form\\edit_siswa.php')
 3 SYSTEMPATH\View\View.php(216): CodeIgniter\View\View->CodeIgniter\View\{closure}()
 4 SYSTEMPATH\Common.php(1135): CodeIgniter\View\View->render('/form/edit_siswa', [], true)
 5 APPPATH\Controllers\siswa.php(117): view('/form/edit_siswa', [...])
 6 SYSTEMPATH\CodeIgniter.php(898): App\Controllers\siswa->edit('FCPATH\\css', 'style.css')
 7 SYSTEMPATH\CodeIgniter.php(468): CodeIgniter\CodeIgniter->runController(Object(App\Controllers\siswa))
 8 SYSTEMPATH\CodeIgniter.php(351): CodeIgniter\CodeIgniter->handleRequest(null, Object(Config\Cache), false)
 9 FCPATH\index.php(55): CodeIgniter\CodeIgniter->run()
10 SYSTEMPATH\Commands\Server\rewrite.php(43): require_once('FCPATH\\index.php')
CRITICAL - 2023-04-16 21:53:18 --> Too few arguments to function App\Controllers\siswa::detail(), 0 passed in C:\xampp\htdocs\skripsi\system\CodeIgniter.php on line 898 and exactly 1 expected
in APPPATH\Controllers\siswa.php on line 31.
 1 SYSTEMPATH\CodeIgniter.php(898): App\Controllers\siswa->detail()
 2 SYSTEMPATH\CodeIgniter.php(468): CodeIgniter\CodeIgniter->runController(Object(App\Controllers\siswa))
 3 SYSTEMPATH\CodeIgniter.php(351): CodeIgniter\CodeIgniter->handleRequest(null, Object(Config\Cache), false)
 4 FCPATH\index.php(55): CodeIgniter\CodeIgniter->run()
 5 SYSTEMPATH\Commands\Server\rewrite.php(43): require_once('FCPATH\\index.php')
CRITICAL - 2023-04-16 21:53:51 --> Too few arguments to function App\Controllers\siswa::detail(), 0 passed in C:\xampp\htdocs\skripsi\system\CodeIgniter.php on line 898 and exactly 1 expected
in APPPATH\Controllers\siswa.php on line 31.
 1 SYSTEMPATH\CodeIgniter.php(898): App\Controllers\siswa->detail()
 2 SYSTEMPATH\CodeIgniter.php(468): CodeIgniter\CodeIgniter->runController(Object(App\Controllers\siswa))
 3 SYSTEMPATH\CodeIgniter.php(351): CodeIgniter\CodeIgniter->handleRequest(null, Object(Config\Cache), false)
 4 FCPATH\index.php(55): CodeIgniter\CodeIgniter->run()
 5 SYSTEMPATH\Commands\Server\rewrite.php(43): require_once('FCPATH\\index.php')
CRITICAL - 2023-04-16 21:53:54 --> Too few arguments to function App\Controllers\siswa::detail(), 0 passed in C:\xampp\htdocs\skripsi\system\CodeIgniter.php on line 898 and exactly 1 expected
in APPPATH\Controllers\siswa.php on line 31.
 1 SYSTEMPATH\CodeIgniter.php(898): App\Controllers\siswa->detail()
 2 SYSTEMPATH\CodeIgniter.php(468): CodeIgniter\CodeIgniter->runController(Object(App\Controllers\siswa))
 3 SYSTEMPATH\CodeIgniter.php(351): CodeIgniter\CodeIgniter->handleRequest(null, Object(Config\Cache), false)
 4 FCPATH\index.php(55): CodeIgniter\CodeIgniter->run()
 5 SYSTEMPATH\Commands\Server\rewrite.php(43): require_once('FCPATH\\index.php')
CRITICAL - 2023-04-16 21:53:58 --> Trying to access array offset on value of type null
in APPPATH\Views\form\edit_siswa.php on line 23.
 1 APPPATH\Views\form\edit_siswa.php(23): CodeIgniter\Debug\Exceptions->errorHandler(2, 'Trying to access array offset on value of type null', 'APPPATH\\Views\\form\\edit_siswa.php', 23)
 2 SYSTEMPATH\View\View.php(213): include('APPPATH\\Views\\form\\edit_siswa.php')
 3 SYSTEMPATH\View\View.php(216): CodeIgniter\View\View->CodeIgniter\View\{closure}()
 4 SYSTEMPATH\Common.php(1135): CodeIgniter\View\View->render('/form/edit_siswa', [], true)
 5 APPPATH\Controllers\siswa.php(117): view('/form/edit_siswa', [...])
 6 SYSTEMPATH\CodeIgniter.php(898): App\Controllers\siswa->edit('FCPATH\\css', 'style.css')
 7 SYSTEMPATH\CodeIgniter.php(468): CodeIgniter\CodeIgniter->runController(Object(App\Controllers\siswa))
 8 SYSTEMPATH\CodeIgniter.php(351): CodeIgniter\CodeIgniter->handleRequest(null, Object(Config\Cache), false)
 9 FCPATH\index.php(55): CodeIgniter\CodeIgniter->run()
10 SYSTEMPATH\Commands\Server\rewrite.php(43): require_once('FCPATH\\index.php')
CRITICAL - 2023-04-16 21:54:01 --> Trying to access array offset on value of type null
in APPPATH\Views\form\edit_siswa.php on line 23.
 1 APPPATH\Views\form\edit_siswa.php(23): CodeIgniter\Debug\Exceptions->errorHandler(2, 'Trying to access array offset on value of type null', 'APPPATH\\Views\\form\\edit_siswa.php', 23)
 2 SYSTEMPATH\View\View.php(213): include('APPPATH\\Views\\form\\edit_siswa.php')
 3 SYSTEMPATH\View\View.php(216): CodeIgniter\View\View->CodeIgniter\View\{closure}()
 4 SYSTEMPATH\Common.php(1135): CodeIgniter\View\View->render('/form/edit_siswa', [], true)
 5 APPPATH\Controllers\siswa.php(117): view('/form/edit_siswa', [...])
 6 SYSTEMPATH\CodeIgniter.php(898): App\Controllers\siswa->edit('FCPATH\\css', 'style.css')
 7 SYSTEMPATH\CodeIgniter.php(468): CodeIgniter\CodeIgniter->runController(Object(App\Controllers\siswa))
 8 SYSTEMPATH\CodeIgniter.php(351): CodeIgniter\CodeIgniter->handleRequest(null, Object(Config\Cache), false)
 9 FCPATH\index.php(55): CodeIgniter\CodeIgniter->run()
10 SYSTEMPATH\Commands\Server\rewrite.php(43): require_once('FCPATH\\index.php')
CRITICAL - 2023-04-16 21:54:34 --> Trying to access array offset on value of type null
in APPPATH\Views\form\edit_siswa.php on line 23.
 1 APPPATH\Views\form\edit_siswa.php(23): CodeIgniter\Debug\Exceptions->errorHandler(2, 'Trying to access array offset on value of type null', 'APPPATH\\Views\\form\\edit_siswa.php', 23)
 2 SYSTEMPATH\View\View.php(213): include('APPPATH\\Views\\form\\edit_siswa.php')
 3 SYSTEMPATH\View\View.php(216): CodeIgniter\View\View->CodeIgniter\View\{closure}()
 4 SYSTEMPATH\Common.php(1135): CodeIgniter\View\View->render('/form/edit_siswa', [], true)
 5 APPPATH\Controllers\siswa.php(117): view('/form/edit_siswa', [...])
 6 SYSTEMPATH\CodeIgniter.php(898): App\Controllers\siswa->edit('FCPATH\\css', 'style.css')
 7 SYSTEMPATH\CodeIgniter.php(468): CodeIgniter\CodeIgniter->runController(Object(App\Controllers\siswa))
 8 SYSTEMPATH\CodeIgniter.php(351): CodeIgniter\CodeIgniter->handleRequest(null, Object(Config\Cache), false)
 9 FCPATH\index.php(55): CodeIgniter\CodeIgniter->run()
10 SYSTEMPATH\Commands\Server\rewrite.php(43): require_once('FCPATH\\index.php')
CRITICAL - 2023-04-16 21:54:51 --> Too few arguments to function App\Controllers\siswa::detail(), 0 passed in C:\xampp\htdocs\skripsi\system\CodeIgniter.php on line 898 and exactly 1 expected
in APPPATH\Controllers\siswa.php on line 31.
 1 SYSTEMPATH\CodeIgniter.php(898): App\Controllers\siswa->detail()
 2 SYSTEMPATH\CodeIgniter.php(468): CodeIgniter\CodeIgniter->runController(Object(App\Controllers\siswa))
 3 SYSTEMPATH\CodeIgniter.php(351): CodeIgniter\CodeIgniter->handleRequest(null, Object(Config\Cache), false)
 4 FCPATH\index.php(55): CodeIgniter\CodeIgniter->run()
 5 SYSTEMPATH\Commands\Server\rewrite.php(43): require_once('FCPATH\\index.php')
CRITICAL - 2023-04-16 21:55:22 --> Too few arguments to function App\Controllers\siswa::detail(), 0 passed in C:\xampp\htdocs\skripsi\system\CodeIgniter.php on line 898 and exactly 1 expected
in APPPATH\Controllers\siswa.php on line 31.
 1 SYSTEMPATH\CodeIgniter.php(898): App\Controllers\siswa->detail()
 2 SYSTEMPATH\CodeIgniter.php(468): CodeIgniter\CodeIgniter->runController(Object(App\Controllers\siswa))
 3 SYSTEMPATH\CodeIgniter.php(351): CodeIgniter\CodeIgniter->handleRequest(null, Object(Config\Cache), false)
 4 FCPATH\index.php(55): CodeIgniter\CodeIgniter->run()
 5 SYSTEMPATH\Commands\Server\rewrite.php(43): require_once('FCPATH\\index.php')
CRITICAL - 2023-04-16 21:55:56 --> Too few arguments to function App\Controllers\siswa::detail(), 0 passed in C:\xampp\htdocs\skripsi\system\CodeIgniter.php on line 898 and exactly 1 expected
in APPPATH\Controllers\siswa.php on line 31.
 1 SYSTEMPATH\CodeIgniter.php(898): App\Controllers\siswa->detail()
 2 SYSTEMPATH\CodeIgniter.php(468): CodeIgniter\CodeIgniter->runController(Object(App\Controllers\siswa))
 3 SYSTEMPATH\CodeIgniter.php(351): CodeIgniter\CodeIgniter->handleRequest(null, Object(Config\Cache), false)
 4 FCPATH\index.php(55): CodeIgniter\CodeIgniter->run()
 5 SYSTEMPATH\Commands\Server\rewrite.php(43): require_once('FCPATH\\index.php')
CRITICAL - 2023-04-16 21:56:09 --> Too few arguments to function App\Controllers\siswa::detail(), 0 passed in C:\xampp\htdocs\skripsi\system\CodeIgniter.php on line 898 and exactly 1 expected
in APPPATH\Controllers\siswa.php on line 31.
 1 SYSTEMPATH\CodeIgniter.php(898): App\Controllers\siswa->detail()
 2 SYSTEMPATH\CodeIgniter.php(468): CodeIgniter\CodeIgniter->runController(Object(App\Controllers\siswa))
 3 SYSTEMPATH\CodeIgniter.php(351): CodeIgniter\CodeIgniter->handleRequest(null, Object(Config\Cache), false)
 4 FCPATH\index.php(55): CodeIgniter\CodeIgniter->run()
 5 SYSTEMPATH\Commands\Server\rewrite.php(43): require_once('FCPATH\\index.php')
CRITICAL - 2023-04-16 21:57:00 --> Too few arguments to function App\Controllers\siswa::detail(), 0 passed in C:\xampp\htdocs\skripsi\system\CodeIgniter.php on line 898 and exactly 1 expected
in APPPATH\Controllers\siswa.php on line 31.
 1 SYSTEMPATH\CodeIgniter.php(898): App\Controllers\siswa->detail()
 2 SYSTEMPATH\CodeIgniter.php(468): CodeIgniter\CodeIgniter->runController(Object(App\Controllers\siswa))
 3 SYSTEMPATH\CodeIgniter.php(351): CodeIgniter\CodeIgniter->handleRequest(null, Object(Config\Cache), false)
 4 FCPATH\index.php(55): CodeIgniter\CodeIgniter->run()
 5 SYSTEMPATH\Commands\Server\rewrite.php(43): require_once('FCPATH\\index.php')
CRITICAL - 2023-04-16 21:57:03 --> Undefined property: CodeIgniter\View\View::$request
in APPPATH\Views\form\edit_siswa.php on line 23.
 1 APPPATH\Views\form\edit_siswa.php(23): CodeIgniter\Debug\Exceptions->errorHandler(2, 'Undefined property: CodeIgniter\\View\\View::$request', 'APPPATH\\Views\\form\\edit_siswa.php', 23)
 2 SYSTEMPATH\View\View.php(213): include('APPPATH\\Views\\form\\edit_siswa.php')
 3 SYSTEMPATH\View\View.php(216): CodeIgniter\View\View->CodeIgniter\View\{closure}()
 4 SYSTEMPATH\Common.php(1135): CodeIgniter\View\View->render('/form/edit_siswa', [], true)
 5 APPPATH\Controllers\siswa.php(117): view('/form/edit_siswa', [...])
 6 SYSTEMPATH\CodeIgniter.php(898): App\Controllers\siswa->edit('4', 'X TKRO 1')
 7 SYSTEMPATH\CodeIgniter.php(468): CodeIgniter\CodeIgniter->runController(Object(App\Controllers\siswa))
 8 SYSTEMPATH\CodeIgniter.php(351): CodeIgniter\CodeIgniter->handleRequest(null, Object(Config\Cache), false)
 9 FCPATH\index.php(55): CodeIgniter\CodeIgniter->run()
10 SYSTEMPATH\Commands\Server\rewrite.php(43): require_once('FCPATH\\index.php')
CRITICAL - 2023-04-16 21:57:35 --> Too few arguments to function App\Controllers\siswa::detail(), 0 passed in C:\xampp\htdocs\skripsi\system\CodeIgniter.php on line 898 and exactly 1 expected
in APPPATH\Controllers\siswa.php on line 31.
 1 SYSTEMPATH\CodeIgniter.php(898): App\Controllers\siswa->detail()
 2 SYSTEMPATH\CodeIgniter.php(468): CodeIgniter\CodeIgniter->runController(Object(App\Controllers\siswa))
 3 SYSTEMPATH\CodeIgniter.php(351): CodeIgniter\CodeIgniter->handleRequest(null, Object(Config\Cache), false)
 4 FCPATH\index.php(55): CodeIgniter\CodeIgniter->run()
 5 SYSTEMPATH\Commands\Server\rewrite.php(43): require_once('FCPATH\\index.php')
CRITICAL - 2023-04-16 21:58:24 --> Too few arguments to function App\Controllers\siswa::detail(), 0 passed in C:\xampp\htdocs\skripsi\system\CodeIgniter.php on line 898 and exactly 1 expected
in APPPATH\Controllers\siswa.php on line 31.
 1 SYSTEMPATH\CodeIgniter.php(898): App\Controllers\siswa->detail()
 2 SYSTEMPATH\CodeIgniter.php(468): CodeIgniter\CodeIgniter->runController(Object(App\Controllers\siswa))
 3 SYSTEMPATH\CodeIgniter.php(351): CodeIgniter\CodeIgniter->handleRequest(null, Object(Config\Cache), false)
 4 FCPATH\index.php(55): CodeIgniter\CodeIgniter->run()
 5 SYSTEMPATH\Commands\Server\rewrite.php(43): require_once('FCPATH\\index.php')
CRITICAL - 2023-04-16 21:58:34 --> Too few arguments to function App\Controllers\siswa::update(), 1 passed in C:\xampp\htdocs\skripsi\system\CodeIgniter.php on line 898 and exactly 2 expected
in APPPATH\Controllers\siswa.php on line 119.
 1 SYSTEMPATH\CodeIgniter.php(898): App\Controllers\siswa->update('4')
 2 SYSTEMPATH\CodeIgniter.php(468): CodeIgniter\CodeIgniter->runController(Object(App\Controllers\siswa))
 3 SYSTEMPATH\CodeIgniter.php(351): CodeIgniter\CodeIgniter->handleRequest(null, Object(Config\Cache), false)
 4 FCPATH\index.php(55): CodeIgniter\CodeIgniter->run()
 5 SYSTEMPATH\Commands\Server\rewrite.php(43): require_once('FCPATH\\index.php')
CRITICAL - 2023-04-16 21:59:08 --> Too few arguments to function App\Controllers\siswa::detail(), 0 passed in C:\xampp\htdocs\skripsi\system\CodeIgniter.php on line 898 and exactly 1 expected
in APPPATH\Controllers\siswa.php on line 31.
 1 SYSTEMPATH\CodeIgniter.php(898): App\Controllers\siswa->detail()
 2 SYSTEMPATH\CodeIgniter.php(468): CodeIgniter\CodeIgniter->runController(Object(App\Controllers\siswa))
 3 SYSTEMPATH\CodeIgniter.php(351): CodeIgniter\CodeIgniter->handleRequest(null, Object(Config\Cache), false)
 4 FCPATH\index.php(55): CodeIgniter\CodeIgniter->run()
 5 SYSTEMPATH\Commands\Server\rewrite.php(43): require_once('FCPATH\\index.php')
CRITICAL - 2023-04-16 21:59:25 --> Too few arguments to function App\Controllers\siswa::detail(), 0 passed in C:\xampp\htdocs\skripsi\system\CodeIgniter.php on line 898 and exactly 1 expected
in APPPATH\Controllers\siswa.php on line 31.
 1 SYSTEMPATH\CodeIgniter.php(898): App\Controllers\siswa->detail()
 2 SYSTEMPATH\CodeIgniter.php(468): CodeIgniter\CodeIgniter->runController(Object(App\Controllers\siswa))
 3 SYSTEMPATH\CodeIgniter.php(351): CodeIgniter\CodeIgniter->handleRequest(null, Object(Config\Cache), false)
 4 FCPATH\index.php(55): CodeIgniter\CodeIgniter->run()
 5 SYSTEMPATH\Commands\Server\rewrite.php(43): require_once('FCPATH\\index.php')
CRITICAL - 2023-04-16 22:00:20 --> Too few arguments to function App\Controllers\siswa::detail(), 0 passed in C:\xampp\htdocs\skripsi\system\CodeIgniter.php on line 898 and exactly 1 expected
in APPPATH\Controllers\siswa.php on line 31.
 1 SYSTEMPATH\CodeIgniter.php(898): App\Controllers\siswa->detail()
 2 SYSTEMPATH\CodeIgniter.php(468): CodeIgniter\CodeIgniter->runController(Object(App\Controllers\siswa))
 3 SYSTEMPATH\CodeIgniter.php(351): CodeIgniter\CodeIgniter->handleRequest(null, Object(Config\Cache), false)
 4 FCPATH\index.php(55): CodeIgniter\CodeIgniter->run()
 5 SYSTEMPATH\Commands\Server\rewrite.php(43): require_once('FCPATH\\index.php')
CRITICAL - 2023-04-16 22:02:59 --> Too few arguments to function App\Controllers\siswa::detail(), 0 passed in C:\xampp\htdocs\skripsi\system\CodeIgniter.php on line 898 and exactly 1 expected
in APPPATH\Controllers\siswa.php on line 31.
 1 SYSTEMPATH\CodeIgniter.php(898): App\Controllers\siswa->detail()
 2 SYSTEMPATH\CodeIgniter.php(468): CodeIgniter\CodeIgniter->runController(Object(App\Controllers\siswa))
 3 SYSTEMPATH\CodeIgniter.php(351): CodeIgniter\CodeIgniter->handleRequest(null, Object(Config\Cache), false)
 4 FCPATH\index.php(55): CodeIgniter\CodeIgniter->run()
 5 SYSTEMPATH\Commands\Server\rewrite.php(43): require_once('FCPATH\\index.php')
CRITICAL - 2023-04-16 22:03:43 --> Too few arguments to function App\Controllers\siswa::detail(), 0 passed in C:\xampp\htdocs\skripsi\system\CodeIgniter.php on line 898 and exactly 1 expected
in APPPATH\Controllers\siswa.php on line 31.
 1 SYSTEMPATH\CodeIgniter.php(898): App\Controllers\siswa->detail()
 2 SYSTEMPATH\CodeIgniter.php(468): CodeIgniter\CodeIgniter->runController(Object(App\Controllers\siswa))
 3 SYSTEMPATH\CodeIgniter.php(351): CodeIgniter\CodeIgniter->handleRequest(null, Object(Config\Cache), false)
 4 FCPATH\index.php(55): CodeIgniter\CodeIgniter->run()
 5 SYSTEMPATH\Commands\Server\rewrite.php(43): require_once('FCPATH\\index.php')
