ERROR - 2023-03-14 07:40:40 --> Cannot add or update a child row: a foreign key constraint fails (`sispp`.`tunggakan`, CONSTRAINT `tunggakan_ibfk_3` FOREIGN KEY (`id_spp`) REFERENCES `spp` (`id_spp`) ON DELETE CASCADE ON UPDATE CASCADE)
CRITICAL - 2023-03-14 07:40:40 --> Cannot add or update a child row: a foreign key constraint fails (`sispp`.`tunggakan`, CONSTRAINT `tunggakan_ibfk_3` FOREIGN KEY (`id_spp`) REFERENCES `spp` (`id_spp`) ON DELETE CASCADE ON UPDATE CASCADE)
in SYSTEMPATH\Database\MySQLi\Connection.php on line 292.
 1 SYSTEMPATH\Database\MySQLi\Connection.php(292): mysqli->query('INSERT INTO `tunggakan` (`nis`, `nm_siswa`, `id_spp`) VALUES (\'\', \'\', \'\')', 0)
 2 SYSTEMPATH\Database\BaseConnection.php(678): CodeIgniter\Database\MySQLi\Connection->execute('INSERT INTO `tunggakan` (`nis`, `nm_siswa`, `id_spp`) VALUES (\'\', \'\', \'\')')
 3 SYSTEMPATH\Database\BaseConnection.php(606): CodeIgniter\Database\BaseConnection->simpleQuery('INSERT INTO `tunggakan` (`nis`, `nm_siswa`, `id_spp`) VALUES (\'\', \'\', \'\')')
 4 SYSTEMPATH\Database\BaseBuilder.php(1904): CodeIgniter\Database\BaseConnection->query('INSERT INTO `tunggakan` (`nis`, `nm_siswa`, `id_spp`) VALUES (:nis:, :nm_siswa:, :id_spp:)', [...], false)
 5 SYSTEMPATH\Model.php(278): CodeIgniter\Database\BaseBuilder->insert()
 6 SYSTEMPATH\BaseModel.php(738): CodeIgniter\Model->doInsert([...])
 7 SYSTEMPATH\Model.php(666): CodeIgniter\BaseModel->insert([...], false)
 8 SYSTEMPATH\BaseModel.php(658): CodeIgniter\Model->insert([...], false)
 9 APPPATH\Controllers\tunggakan.php(37): CodeIgniter\BaseModel->save([...])
10 SYSTEMPATH\CodeIgniter.php(898): App\Controllers\tunggakan->save()
11 SYSTEMPATH\CodeIgniter.php(468): CodeIgniter\CodeIgniter->runController(Object(App\Controllers\tunggakan))
12 SYSTEMPATH\CodeIgniter.php(351): CodeIgniter\CodeIgniter->handleRequest(null, Object(Config\Cache), false)
13 FCPATH\index.php(55): CodeIgniter\CodeIgniter->run()
14 SYSTEMPATH\Commands\Server\rewrite.php(43): require_once('FCPATH\\index.php')
CRITICAL - 2023-03-14 08:24:06 --> Cannot access offset of type string on string
in APPPATH\Views\content\siswa.php on line 52.
 1 SYSTEMPATH\View\View.php(213): include()
 2 SYSTEMPATH\View\View.php(216): CodeIgniter\View\View->CodeIgniter\View\{closure}()
 3 SYSTEMPATH\Common.php(1135): CodeIgniter\View\View->render('/content/siswa', [], true)
 4 APPPATH\Controllers\siswa.php(21): view('/content/siswa', [...])
 5 SYSTEMPATH\CodeIgniter.php(898): App\Controllers\siswa->index()
 6 SYSTEMPATH\CodeIgniter.php(468): CodeIgniter\CodeIgniter->runController(Object(App\Controllers\siswa))
 7 SYSTEMPATH\CodeIgniter.php(351): CodeIgniter\CodeIgniter->handleRequest(null, Object(Config\Cache), false)
 8 FCPATH\index.php(55): CodeIgniter\CodeIgniter->run()
 9 SYSTEMPATH\Commands\Server\rewrite.php(43): require_once('FCPATH\\index.php')
CRITICAL - 2023-03-14 08:25:12 --> Call to undefined method stdClass::getResultArray()
in APPPATH\Models\Siswa_Model.php on line 23.
 1 APPPATH\Controllers\siswa.php(20): App\Models\Siswa_Model->getsiswa()
 2 SYSTEMPATH\CodeIgniter.php(898): App\Controllers\siswa->index()
 3 SYSTEMPATH\CodeIgniter.php(468): CodeIgniter\CodeIgniter->runController(Object(App\Controllers\siswa))
 4 SYSTEMPATH\CodeIgniter.php(351): CodeIgniter\CodeIgniter->handleRequest(null, Object(Config\Cache), false)
 5 FCPATH\index.php(55): CodeIgniter\CodeIgniter->run()
 6 SYSTEMPATH\Commands\Server\rewrite.php(43): require_once('FCPATH\\index.php')
CRITICAL - 2023-03-14 08:25:37 --> Cannot access offset of type string on string
in APPPATH\Views\content\siswa.php on line 52.
 1 SYSTEMPATH\View\View.php(213): include()
 2 SYSTEMPATH\View\View.php(216): CodeIgniter\View\View->CodeIgniter\View\{closure}()
 3 SYSTEMPATH\Common.php(1135): CodeIgniter\View\View->render('/content/siswa', [], true)
 4 APPPATH\Controllers\siswa.php(21): view('/content/siswa', [...])
 5 SYSTEMPATH\CodeIgniter.php(898): App\Controllers\siswa->index()
 6 SYSTEMPATH\CodeIgniter.php(468): CodeIgniter\CodeIgniter->runController(Object(App\Controllers\siswa))
 7 SYSTEMPATH\CodeIgniter.php(351): CodeIgniter\CodeIgniter->handleRequest(null, Object(Config\Cache), false)
 8 FCPATH\index.php(55): CodeIgniter\CodeIgniter->run()
 9 SYSTEMPATH\Commands\Server\rewrite.php(43): require_once('FCPATH\\index.php')
CRITICAL - 2023-03-14 08:47:18 --> syntax error, unexpected integer "1"
in APPPATH\Models\Siswa_Model.php on line 21.
 1 SYSTEMPATH\Autoloader\Autoloader.php(261): CodeIgniter\Autoloader\Autoloader->includeFile('APPPATH\\Models\\Siswa_Model.php')
 2 SYSTEMPATH\Autoloader\Autoloader.php(239): CodeIgniter\Autoloader\Autoloader->loadInNamespace('App\\Models\\Siswa_Model')
 3 APPPATH\Controllers\siswa.php(14): CodeIgniter\Autoloader\Autoloader->loadClass('App\\Models\\Siswa_Model')
 4 SYSTEMPATH\CodeIgniter.php(860): App\Controllers\siswa->__construct()
 5 SYSTEMPATH\CodeIgniter.php(459): CodeIgniter\CodeIgniter->createController()
 6 SYSTEMPATH\CodeIgniter.php(351): CodeIgniter\CodeIgniter->handleRequest(null, Object(Config\Cache), false)
 7 FCPATH\index.php(55): CodeIgniter\CodeIgniter->run()
 8 SYSTEMPATH\Commands\Server\rewrite.php(43): require_once('FCPATH\\index.php')
ERROR - 2023-03-14 08:52:33 --> Unknown column 'id_siswa from' in 'field list'
CRITICAL - 2023-03-14 08:52:33 --> Unknown column 'id_siswa from' in 'field list'
in SYSTEMPATH\Database\MySQLi\Connection.php on line 292.
 1 SYSTEMPATH\Database\MySQLi\Connection.php(292): mysqli->query('SELECT `id_siswa from` `siswa`
FROM `siswa`
JOIN `kelas` ON `kelas`.`id_kelas`=`siswa`.`id_kelas`
ORDER BY `id_siswa` DESC
 LIMIT 1, 1', 0)
 2 SYSTEMPATH\Database\BaseConnection.php(678): CodeIgniter\Database\MySQLi\Connection->execute('SELECT `id_siswa from` `siswa`
FROM `siswa`
JOIN `kelas` ON `kelas`.`id_kelas`=`siswa`.`id_kelas`
ORDER BY `id_siswa` DESC
 LIMIT 1, 1')
 3 SYSTEMPATH\Database\BaseConnection.php(606): CodeIgniter\Database\BaseConnection->simpleQuery('SELECT `id_siswa from` `siswa`
FROM `siswa`
JOIN `kelas` ON `kelas`.`id_kelas`=`siswa`.`id_kelas`
ORDER BY `id_siswa` DESC
 LIMIT 1, 1')
 4 SYSTEMPATH\Database\BaseBuilder.php(1585): CodeIgniter\Database\BaseConnection->query('SELECT `id_siswa from` `siswa`
FROM `siswa`
JOIN `kelas` ON `kelas`.`id_kelas`=`siswa`.`id_kelas`
ORDER BY `id_siswa` DESC
 LIMIT 1, 1', [], false)
 5 APPPATH\Models\Siswa_Model.php(22): CodeIgniter\Database\BaseBuilder->get()
 6 APPPATH\Controllers\siswa.php(20): App\Models\Siswa_Model->getsiswa()
 7 SYSTEMPATH\CodeIgniter.php(898): App\Controllers\siswa->index()
 8 SYSTEMPATH\CodeIgniter.php(468): CodeIgniter\CodeIgniter->runController(Object(App\Controllers\siswa))
 9 SYSTEMPATH\CodeIgniter.php(351): CodeIgniter\CodeIgniter->handleRequest(null, Object(Config\Cache), false)
10 FCPATH\index.php(55): CodeIgniter\CodeIgniter->run()
11 SYSTEMPATH\Commands\Server\rewrite.php(43): require_once('FCPATH\\index.php')
ERROR - 2023-03-14 08:53:03 --> Unknown column 'id_siswa from siswa where' in 'field list'
CRITICAL - 2023-03-14 08:53:03 --> Unknown column 'id_siswa from siswa where' in 'field list'
in SYSTEMPATH\Database\MySQLi\Connection.php on line 292.
 1 SYSTEMPATH\Database\MySQLi\Connection.php(292): mysqli->query('SELECT `id_siswa from siswa where` `nm_siswa`
FROM `siswa`
JOIN `kelas` ON `kelas`.`id_kelas`=`siswa`.`id_kelas`
ORDER BY `id_siswa` DESC
 LIMIT 1, 1', 0)
 2 SYSTEMPATH\Database\BaseConnection.php(678): CodeIgniter\Database\MySQLi\Connection->execute('SELECT `id_siswa from siswa where` `nm_siswa`
FROM `siswa`
JOIN `kelas` ON `kelas`.`id_kelas`=`siswa`.`id_kelas`
ORDER BY `id_siswa` DESC
 LIMIT 1, 1')
 3 SYSTEMPATH\Database\BaseConnection.php(606): CodeIgniter\Database\BaseConnection->simpleQuery('SELECT `id_siswa from siswa where` `nm_siswa`
FROM `siswa`
JOIN `kelas` ON `kelas`.`id_kelas`=`siswa`.`id_kelas`
ORDER BY `id_siswa` DESC
 LIMIT 1, 1')
 4 SYSTEMPATH\Database\BaseBuilder.php(1585): CodeIgniter\Database\BaseConnection->query('SELECT `id_siswa from siswa where` `nm_siswa`
FROM `siswa`
JOIN `kelas` ON `kelas`.`id_kelas`=`siswa`.`id_kelas`
ORDER BY `id_siswa` DESC
 LIMIT 1, 1', [], false)
 5 APPPATH\Models\Siswa_Model.php(22): CodeIgniter\Database\BaseBuilder->get()
 6 APPPATH\Controllers\siswa.php(20): App\Models\Siswa_Model->getsiswa()
 7 SYSTEMPATH\CodeIgniter.php(898): App\Controllers\siswa->index()
 8 SYSTEMPATH\CodeIgniter.php(468): CodeIgniter\CodeIgniter->runController(Object(App\Controllers\siswa))
 9 SYSTEMPATH\CodeIgniter.php(351): CodeIgniter\CodeIgniter->handleRequest(null, Object(Config\Cache), false)
10 FCPATH\index.php(55): CodeIgniter\CodeIgniter->run()
11 SYSTEMPATH\Commands\Server\rewrite.php(43): require_once('FCPATH\\index.php')
ERROR - 2023-03-14 08:54:17 --> You have an error in your SQL syntax; check the manual that corresponds to your MariaDB server version for the right syntax to use near '.`nm_siswa`
FROM `siswa`
JOIN `kelas` ON `kelas`.`id_kelas`=`siswa`.`id_kelas...' at line 1
CRITICAL - 2023-03-14 08:54:17 --> You have an error in your SQL syntax; check the manual that corresponds to your MariaDB server version for the right syntax to use near '.`nm_siswa`
FROM `siswa`
JOIN `kelas` ON `kelas`.`id_kelas`=`siswa`.`id_kelas...' at line 1
in SYSTEMPATH\Database\MySQLi\Connection.php on line 292.
 1 SYSTEMPATH\Database\MySQLi\Connection.php(292): mysqli->query('SELECT `id_siswa from siswa where` `siswa`.`nm_siswa`
FROM `siswa`
JOIN `kelas` ON `kelas`.`id_kelas`=`siswa`.`id_kelas`
ORDER BY `id_siswa` DESC
 LIMIT 1, 1', 0)
 2 SYSTEMPATH\Database\BaseConnection.php(678): CodeIgniter\Database\MySQLi\Connection->execute('SELECT `id_siswa from siswa where` `siswa`.`nm_siswa`
FROM `siswa`
JOIN `kelas` ON `kelas`.`id_kelas`=`siswa`.`id_kelas`
ORDER BY `id_siswa` DESC
 LIMIT 1, 1')
 3 SYSTEMPATH\Database\BaseConnection.php(606): CodeIgniter\Database\BaseConnection->simpleQuery('SELECT `id_siswa from siswa where` `siswa`.`nm_siswa`
FROM `siswa`
JOIN `kelas` ON `kelas`.`id_kelas`=`siswa`.`id_kelas`
ORDER BY `id_siswa` DESC
 LIMIT 1, 1')
 4 SYSTEMPATH\Database\BaseBuilder.php(1585): CodeIgniter\Database\BaseConnection->query('SELECT `id_siswa from siswa where` `siswa`.`nm_siswa`
FROM `siswa`
JOIN `kelas` ON `kelas`.`id_kelas`=`siswa`.`id_kelas`
ORDER BY `id_siswa` DESC
 LIMIT 1, 1', [], false)
 5 APPPATH\Models\Siswa_Model.php(22): CodeIgniter\Database\BaseBuilder->get()
 6 APPPATH\Controllers\siswa.php(20): App\Models\Siswa_Model->getsiswa()
 7 SYSTEMPATH\CodeIgniter.php(898): App\Controllers\siswa->index()
 8 SYSTEMPATH\CodeIgniter.php(468): CodeIgniter\CodeIgniter->runController(Object(App\Controllers\siswa))
 9 SYSTEMPATH\CodeIgniter.php(351): CodeIgniter\CodeIgniter->handleRequest(null, Object(Config\Cache), false)
10 FCPATH\index.php(55): CodeIgniter\CodeIgniter->run()
11 SYSTEMPATH\Commands\Server\rewrite.php(43): require_once('FCPATH\\index.php')
ERROR - 2023-03-14 08:55:05 --> You have an error in your SQL syntax; check the manual that corresponds to your MariaDB server version for the right syntax to use near '.`nm_siswa`
FROM `siswa`
JOIN `kelas` ON `kelas`.`id_kelas`=`siswa`.`id_kelas...' at line 1
CRITICAL - 2023-03-14 08:55:05 --> You have an error in your SQL syntax; check the manual that corresponds to your MariaDB server version for the right syntax to use near '.`nm_siswa`
FROM `siswa`
JOIN `kelas` ON `kelas`.`id_kelas`=`siswa`.`id_kelas...' at line 1
in SYSTEMPATH\Database\MySQLi\Connection.php on line 292.
 1 SYSTEMPATH\Database\MySQLi\Connection.php(292): mysqli->query('SELECT `id_siswa from siswa where` `siswa`.`nm_siswa`
FROM `siswa`
JOIN `kelas` ON `kelas`.`id_kelas`=`siswa`.`id_kelas`
ORDER BY `id_siswa` DESC
 LIMIT 1, 1', 0)
 2 SYSTEMPATH\Database\BaseConnection.php(678): CodeIgniter\Database\MySQLi\Connection->execute('SELECT `id_siswa from siswa where` `siswa`.`nm_siswa`
FROM `siswa`
JOIN `kelas` ON `kelas`.`id_kelas`=`siswa`.`id_kelas`
ORDER BY `id_siswa` DESC
 LIMIT 1, 1')
 3 SYSTEMPATH\Database\BaseConnection.php(606): CodeIgniter\Database\BaseConnection->simpleQuery('SELECT `id_siswa from siswa where` `siswa`.`nm_siswa`
FROM `siswa`
JOIN `kelas` ON `kelas`.`id_kelas`=`siswa`.`id_kelas`
ORDER BY `id_siswa` DESC
 LIMIT 1, 1')
 4 SYSTEMPATH\Database\BaseBuilder.php(1585): CodeIgniter\Database\BaseConnection->query('SELECT `id_siswa from siswa where` `siswa`.`nm_siswa`
FROM `siswa`
JOIN `kelas` ON `kelas`.`id_kelas`=`siswa`.`id_kelas`
ORDER BY `id_siswa` DESC
 LIMIT 1, 1', [], false)
 5 APPPATH\Models\Siswa_Model.php(22): CodeIgniter\Database\BaseBuilder->get()
 6 APPPATH\Controllers\siswa.php(20): App\Models\Siswa_Model->getsiswa()
 7 SYSTEMPATH\CodeIgniter.php(898): App\Controllers\siswa->index()
 8 SYSTEMPATH\CodeIgniter.php(468): CodeIgniter\CodeIgniter->runController(Object(App\Controllers\siswa))
 9 SYSTEMPATH\CodeIgniter.php(351): CodeIgniter\CodeIgniter->handleRequest(null, Object(Config\Cache), false)
10 FCPATH\index.php(55): CodeIgniter\CodeIgniter->run()
11 SYSTEMPATH\Commands\Server\rewrite.php(43): require_once('FCPATH\\index.php')
ERROR - 2023-03-14 08:55:09 --> You have an error in your SQL syntax; check the manual that corresponds to your MariaDB server version for the right syntax to use near '.`nm_siswa`
FROM `siswa`
JOIN `kelas` ON `kelas`.`id_kelas`=`siswa`.`id_kelas...' at line 1
CRITICAL - 2023-03-14 08:55:09 --> You have an error in your SQL syntax; check the manual that corresponds to your MariaDB server version for the right syntax to use near '.`nm_siswa`
FROM `siswa`
JOIN `kelas` ON `kelas`.`id_kelas`=`siswa`.`id_kelas...' at line 1
in SYSTEMPATH\Database\MySQLi\Connection.php on line 292.
 1 SYSTEMPATH\Database\MySQLi\Connection.php(292): mysqli->query('SELECT `id_siswa from siswa where` `siswa`.`nm_siswa`
FROM `siswa`
JOIN `kelas` ON `kelas`.`id_kelas`=`siswa`.`id_kelas`
ORDER BY `id_siswa` DESC
 LIMIT 1, 1', 0)
 2 SYSTEMPATH\Database\BaseConnection.php(678): CodeIgniter\Database\MySQLi\Connection->execute('SELECT `id_siswa from siswa where` `siswa`.`nm_siswa`
FROM `siswa`
JOIN `kelas` ON `kelas`.`id_kelas`=`siswa`.`id_kelas`
ORDER BY `id_siswa` DESC
 LIMIT 1, 1')
 3 SYSTEMPATH\Database\BaseConnection.php(606): CodeIgniter\Database\BaseConnection->simpleQuery('SELECT `id_siswa from siswa where` `siswa`.`nm_siswa`
FROM `siswa`
JOIN `kelas` ON `kelas`.`id_kelas`=`siswa`.`id_kelas`
ORDER BY `id_siswa` DESC
 LIMIT 1, 1')
 4 SYSTEMPATH\Database\BaseBuilder.php(1585): CodeIgniter\Database\BaseConnection->query('SELECT `id_siswa from siswa where` `siswa`.`nm_siswa`
FROM `siswa`
JOIN `kelas` ON `kelas`.`id_kelas`=`siswa`.`id_kelas`
ORDER BY `id_siswa` DESC
 LIMIT 1, 1', [], false)
 5 APPPATH\Models\Siswa_Model.php(22): CodeIgniter\Database\BaseBuilder->get()
 6 APPPATH\Controllers\siswa.php(20): App\Models\Siswa_Model->getsiswa()
 7 SYSTEMPATH\CodeIgniter.php(898): App\Controllers\siswa->index()
 8 SYSTEMPATH\CodeIgniter.php(468): CodeIgniter\CodeIgniter->runController(Object(App\Controllers\siswa))
 9 SYSTEMPATH\CodeIgniter.php(351): CodeIgniter\CodeIgniter->handleRequest(null, Object(Config\Cache), false)
10 FCPATH\index.php(55): CodeIgniter\CodeIgniter->run()
11 SYSTEMPATH\Commands\Server\rewrite.php(43): require_once('FCPATH\\index.php')
ERROR - 2023-03-14 08:57:40 --> Unknown column 'id_siswa form' in 'field list'
CRITICAL - 2023-03-14 08:57:40 --> Unknown column 'id_siswa form' in 'field list'
in SYSTEMPATH\Database\MySQLi\Connection.php on line 292.
 1 SYSTEMPATH\Database\MySQLi\Connection.php(292): mysqli->query('SELECT `id_siswa form` `siswa`
FROM `siswa`
JOIN `kelas` ON `kelas`.`id_kelas`=`siswa`.`id_kelas`
ORDER BY `id_siswa` DESC
 LIMIT 1', 0)
 2 SYSTEMPATH\Database\BaseConnection.php(678): CodeIgniter\Database\MySQLi\Connection->execute('SELECT `id_siswa form` `siswa`
FROM `siswa`
JOIN `kelas` ON `kelas`.`id_kelas`=`siswa`.`id_kelas`
ORDER BY `id_siswa` DESC
 LIMIT 1')
 3 SYSTEMPATH\Database\BaseConnection.php(606): CodeIgniter\Database\BaseConnection->simpleQuery('SELECT `id_siswa form` `siswa`
FROM `siswa`
JOIN `kelas` ON `kelas`.`id_kelas`=`siswa`.`id_kelas`
ORDER BY `id_siswa` DESC
 LIMIT 1')
 4 SYSTEMPATH\Database\BaseBuilder.php(1585): CodeIgniter\Database\BaseConnection->query('SELECT `id_siswa form` `siswa`
FROM `siswa`
JOIN `kelas` ON `kelas`.`id_kelas`=`siswa`.`id_kelas`
ORDER BY `id_siswa` DESC
 LIMIT 1', [], false)
 5 APPPATH\Models\Siswa_Model.php(22): CodeIgniter\Database\BaseBuilder->get()
 6 APPPATH\Controllers\siswa.php(20): App\Models\Siswa_Model->getsiswa()
 7 SYSTEMPATH\CodeIgniter.php(898): App\Controllers\siswa->index()
 8 SYSTEMPATH\CodeIgniter.php(468): CodeIgniter\CodeIgniter->runController(Object(App\Controllers\siswa))
 9 SYSTEMPATH\CodeIgniter.php(351): CodeIgniter\CodeIgniter->handleRequest(null, Object(Config\Cache), false)
10 FCPATH\index.php(55): CodeIgniter\CodeIgniter->run()
11 SYSTEMPATH\Commands\Server\rewrite.php(43): require_once('FCPATH\\index.php')
ERROR - 2023-03-14 08:58:45 --> Unknown column 'id_siswa form' in 'field list'
CRITICAL - 2023-03-14 08:58:45 --> Unknown column 'id_siswa form' in 'field list'
in SYSTEMPATH\Database\MySQLi\Connection.php on line 292.
 1 SYSTEMPATH\Database\MySQLi\Connection.php(292): mysqli->query('SELECT `id_siswa form` `siswa`
FROM `siswa`
JOIN `kelas` ON `kelas`.`id_kelas`=`siswa`.`id_kelas`
ORDER BY `id_siswa` DESC
 LIMIT 1', 0)
 2 SYSTEMPATH\Database\BaseConnection.php(678): CodeIgniter\Database\MySQLi\Connection->execute('SELECT `id_siswa form` `siswa`
FROM `siswa`
JOIN `kelas` ON `kelas`.`id_kelas`=`siswa`.`id_kelas`
ORDER BY `id_siswa` DESC
 LIMIT 1')
 3 SYSTEMPATH\Database\BaseConnection.php(606): CodeIgniter\Database\BaseConnection->simpleQuery('SELECT `id_siswa form` `siswa`
FROM `siswa`
JOIN `kelas` ON `kelas`.`id_kelas`=`siswa`.`id_kelas`
ORDER BY `id_siswa` DESC
 LIMIT 1')
 4 SYSTEMPATH\Database\BaseBuilder.php(1585): CodeIgniter\Database\BaseConnection->query('SELECT `id_siswa form` `siswa`
FROM `siswa`
JOIN `kelas` ON `kelas`.`id_kelas`=`siswa`.`id_kelas`
ORDER BY `id_siswa` DESC
 LIMIT 1', [], false)
 5 APPPATH\Models\Siswa_Model.php(22): CodeIgniter\Database\BaseBuilder->get()
 6 APPPATH\Controllers\siswa.php(20): App\Models\Siswa_Model->getsiswa()
 7 SYSTEMPATH\CodeIgniter.php(898): App\Controllers\siswa->index()
 8 SYSTEMPATH\CodeIgniter.php(468): CodeIgniter\CodeIgniter->runController(Object(App\Controllers\siswa))
 9 SYSTEMPATH\CodeIgniter.php(351): CodeIgniter\CodeIgniter->handleRequest(null, Object(Config\Cache), false)
10 FCPATH\index.php(55): CodeIgniter\CodeIgniter->run()
11 SYSTEMPATH\Commands\Server\rewrite.php(43): require_once('FCPATH\\index.php')
ERROR - 2023-03-14 09:15:25 --> Table 'sispp.tunggakan' doesn't exist
CRITICAL - 2023-03-14 09:15:25 --> Table 'sispp.tunggakan' doesn't exist
in SYSTEMPATH\Database\MySQLi\Connection.php on line 292.
 1 SYSTEMPATH\Database\MySQLi\Connection.php(292): mysqli->query('SELECT *
FROM `tunggakan`
JOIN `spp` ON `spp`.`id_spp`=`tunggakan`.`id_spp`', 0)
 2 SYSTEMPATH\Database\BaseConnection.php(678): CodeIgniter\Database\MySQLi\Connection->execute('SELECT *
FROM `tunggakan`
JOIN `spp` ON `spp`.`id_spp`=`tunggakan`.`id_spp`')
 3 SYSTEMPATH\Database\BaseConnection.php(606): CodeIgniter\Database\BaseConnection->simpleQuery('SELECT *
FROM `tunggakan`
JOIN `spp` ON `spp`.`id_spp`=`tunggakan`.`id_spp`')
 4 SYSTEMPATH\Database\BaseBuilder.php(1585): CodeIgniter\Database\BaseConnection->query('SELECT *
FROM `tunggakan`
JOIN `spp` ON `spp`.`id_spp`=`tunggakan`.`id_spp`', [], false)
 5 APPPATH\Models\Tunggakan_Model.php(22): CodeIgniter\Database\BaseBuilder->get()
 6 APPPATH\Controllers\tunggakan.php(25): App\Models\Tunggakan_Model->getdata()
 7 SYSTEMPATH\CodeIgniter.php(898): App\Controllers\tunggakan->index()
 8 SYSTEMPATH\CodeIgniter.php(468): CodeIgniter\CodeIgniter->runController(Object(App\Controllers\tunggakan))
 9 SYSTEMPATH\CodeIgniter.php(351): CodeIgniter\CodeIgniter->handleRequest(null, Object(Config\Cache), false)
10 FCPATH\index.php(55): CodeIgniter\CodeIgniter->run()
11 SYSTEMPATH\Commands\Server\rewrite.php(43): require_once('FCPATH\\index.php')
CRITICAL - 2023-03-14 09:47:27 --> Array to string conversion
in APPPATH\Controllers\tunggakan.php on line 45.
 1 APPPATH\Controllers\tunggakan.php(45): CodeIgniter\Debug\Exceptions->errorHandler(2, 'Array to string conversion', 'APPPATH\\Controllers\\tunggakan.php', 45)
 2 SYSTEMPATH\CodeIgniter.php(898): App\Controllers\tunggakan->save()
 3 SYSTEMPATH\CodeIgniter.php(468): CodeIgniter\CodeIgniter->runController(Object(App\Controllers\tunggakan))
 4 SYSTEMPATH\CodeIgniter.php(351): CodeIgniter\CodeIgniter->handleRequest(null, Object(Config\Cache), false)
 5 FCPATH\index.php(55): CodeIgniter\CodeIgniter->run()
 6 SYSTEMPATH\Commands\Server\rewrite.php(43): require_once('FCPATH\\index.php')
CRITICAL - 2023-03-14 09:48:08 --> Array to string conversion
in APPPATH\Controllers\tunggakan.php on line 45.
 1 APPPATH\Controllers\tunggakan.php(45): CodeIgniter\Debug\Exceptions->errorHandler(2, 'Array to string conversion', 'APPPATH\\Controllers\\tunggakan.php', 45)
 2 SYSTEMPATH\CodeIgniter.php(898): App\Controllers\tunggakan->save()
 3 SYSTEMPATH\CodeIgniter.php(468): CodeIgniter\CodeIgniter->runController(Object(App\Controllers\tunggakan))
 4 SYSTEMPATH\CodeIgniter.php(351): CodeIgniter\CodeIgniter->handleRequest(null, Object(Config\Cache), false)
 5 FCPATH\index.php(55): CodeIgniter\CodeIgniter->run()
 6 SYSTEMPATH\Commands\Server\rewrite.php(43): require_once('FCPATH\\index.php')
CRITICAL - 2023-03-14 09:48:41 --> Undefined property: CodeIgniter\HTTP\IncomingRequest::$getVar
in APPPATH\Controllers\tunggakan.php on line 45.
 1 APPPATH\Controllers\tunggakan.php(45): CodeIgniter\Debug\Exceptions->errorHandler(2, 'Undefined property: CodeIgniter\\HTTP\\IncomingRequest::$getVar', 'APPPATH\\Controllers\\tunggakan.php', 45)
 2 SYSTEMPATH\CodeIgniter.php(898): App\Controllers\tunggakan->save()
 3 SYSTEMPATH\CodeIgniter.php(468): CodeIgniter\CodeIgniter->runController(Object(App\Controllers\tunggakan))
 4 SYSTEMPATH\CodeIgniter.php(351): CodeIgniter\CodeIgniter->handleRequest(null, Object(Config\Cache), false)
 5 FCPATH\index.php(55): CodeIgniter\CodeIgniter->run()
 6 SYSTEMPATH\Commands\Server\rewrite.php(43): require_once('FCPATH\\index.php')
ERROR - 2023-03-14 10:01:33 --> Column 'bulan' cannot be null
CRITICAL - 2023-03-14 10:01:33 --> Column 'bulan' cannot be null
in SYSTEMPATH\Database\MySQLi\Connection.php on line 292.
 1 SYSTEMPATH\Database\MySQLi\Connection.php(292): mysqli->query('INSERT INTO `tunggakan` (`nis`, `nm_siswa`, `id_spp`, `nominal`, `bulan`) VALUES (\'2222\', \'kusuma wijaya\', \'2\', \'800000\', NULL)', 0)
 2 SYSTEMPATH\Database\BaseConnection.php(678): CodeIgniter\Database\MySQLi\Connection->execute('INSERT INTO `tunggakan` (`nis`, `nm_siswa`, `id_spp`, `nominal`, `bulan`) VALUES (\'2222\', \'kusuma wijaya\', \'2\', \'800000\', NULL)')
 3 SYSTEMPATH\Database\BaseConnection.php(606): CodeIgniter\Database\BaseConnection->simpleQuery('INSERT INTO `tunggakan` (`nis`, `nm_siswa`, `id_spp`, `nominal`, `bulan`) VALUES (\'2222\', \'kusuma wijaya\', \'2\', \'800000\', NULL)')
 4 SYSTEMPATH\Database\BaseBuilder.php(1904): CodeIgniter\Database\BaseConnection->query('INSERT INTO `tunggakan` (`nis`, `nm_siswa`, `id_spp`, `nominal`, `bulan`) VALUES (:nis:, :nm_siswa:, :id_spp:, :nominal:, :bulan:)', [...], false)
 5 SYSTEMPATH\Model.php(278): CodeIgniter\Database\BaseBuilder->insert()
 6 SYSTEMPATH\BaseModel.php(738): CodeIgniter\Model->doInsert([...])
 7 SYSTEMPATH\Model.php(666): CodeIgniter\BaseModel->insert([...], false)
 8 SYSTEMPATH\BaseModel.php(658): CodeIgniter\Model->insert([...], false)
 9 APPPATH\Controllers\tunggakan.php(45): CodeIgniter\BaseModel->save([...])
10 SYSTEMPATH\CodeIgniter.php(898): App\Controllers\tunggakan->save()
11 SYSTEMPATH\CodeIgniter.php(468): CodeIgniter\CodeIgniter->runController(Object(App\Controllers\tunggakan))
12 SYSTEMPATH\CodeIgniter.php(351): CodeIgniter\CodeIgniter->handleRequest(null, Object(Config\Cache), false)
13 FCPATH\index.php(55): CodeIgniter\CodeIgniter->run()
14 SYSTEMPATH\Commands\Server\rewrite.php(43): require_once('FCPATH\\index.php')
ERROR - 2023-03-14 10:01:57 --> Column 'bulan' cannot be null
CRITICAL - 2023-03-14 10:01:57 --> Column 'bulan' cannot be null
in SYSTEMPATH\Database\MySQLi\Connection.php on line 292.
 1 SYSTEMPATH\Database\MySQLi\Connection.php(292): mysqli->query('INSERT INTO `tunggakan` (`nis`, `nm_siswa`, `id_spp`, `nominal`, `bulan`) VALUES (\'2222\', \'kusuma wijaya\', \'2\', \'800000\', NULL)', 0)
 2 SYSTEMPATH\Database\BaseConnection.php(678): CodeIgniter\Database\MySQLi\Connection->execute('INSERT INTO `tunggakan` (`nis`, `nm_siswa`, `id_spp`, `nominal`, `bulan`) VALUES (\'2222\', \'kusuma wijaya\', \'2\', \'800000\', NULL)')
 3 SYSTEMPATH\Database\BaseConnection.php(606): CodeIgniter\Database\BaseConnection->simpleQuery('INSERT INTO `tunggakan` (`nis`, `nm_siswa`, `id_spp`, `nominal`, `bulan`) VALUES (\'2222\', \'kusuma wijaya\', \'2\', \'800000\', NULL)')
 4 SYSTEMPATH\Database\BaseBuilder.php(1904): CodeIgniter\Database\BaseConnection->query('INSERT INTO `tunggakan` (`nis`, `nm_siswa`, `id_spp`, `nominal`, `bulan`) VALUES (:nis:, :nm_siswa:, :id_spp:, :nominal:, :bulan:)', [...], false)
 5 SYSTEMPATH\Model.php(278): CodeIgniter\Database\BaseBuilder->insert()
 6 SYSTEMPATH\BaseModel.php(738): CodeIgniter\Model->doInsert([...])
 7 SYSTEMPATH\Model.php(666): CodeIgniter\BaseModel->insert([...], false)
 8 SYSTEMPATH\BaseModel.php(658): CodeIgniter\Model->insert([...], false)
 9 APPPATH\Controllers\tunggakan.php(45): CodeIgniter\BaseModel->save([...])
10 SYSTEMPATH\CodeIgniter.php(898): App\Controllers\tunggakan->save()
11 SYSTEMPATH\CodeIgniter.php(468): CodeIgniter\CodeIgniter->runController(Object(App\Controllers\tunggakan))
12 SYSTEMPATH\CodeIgniter.php(351): CodeIgniter\CodeIgniter->handleRequest(null, Object(Config\Cache), false)
13 FCPATH\index.php(55): CodeIgniter\CodeIgniter->run()
14 SYSTEMPATH\Commands\Server\rewrite.php(43): require_once('FCPATH\\index.php')
ERROR - 2023-03-14 10:02:01 --> Column 'bulan' cannot be null
CRITICAL - 2023-03-14 10:02:01 --> Column 'bulan' cannot be null
in SYSTEMPATH\Database\MySQLi\Connection.php on line 292.
 1 SYSTEMPATH\Database\MySQLi\Connection.php(292): mysqli->query('INSERT INTO `tunggakan` (`nis`, `nm_siswa`, `id_spp`, `nominal`, `bulan`) VALUES (\'2222\', \'kusuma wijaya\', \'2\', \'800000\', NULL)', 0)
 2 SYSTEMPATH\Database\BaseConnection.php(678): CodeIgniter\Database\MySQLi\Connection->execute('INSERT INTO `tunggakan` (`nis`, `nm_siswa`, `id_spp`, `nominal`, `bulan`) VALUES (\'2222\', \'kusuma wijaya\', \'2\', \'800000\', NULL)')
 3 SYSTEMPATH\Database\BaseConnection.php(606): CodeIgniter\Database\BaseConnection->simpleQuery('INSERT INTO `tunggakan` (`nis`, `nm_siswa`, `id_spp`, `nominal`, `bulan`) VALUES (\'2222\', \'kusuma wijaya\', \'2\', \'800000\', NULL)')
 4 SYSTEMPATH\Database\BaseBuilder.php(1904): CodeIgniter\Database\BaseConnection->query('INSERT INTO `tunggakan` (`nis`, `nm_siswa`, `id_spp`, `nominal`, `bulan`) VALUES (:nis:, :nm_siswa:, :id_spp:, :nominal:, :bulan:)', [...], false)
 5 SYSTEMPATH\Model.php(278): CodeIgniter\Database\BaseBuilder->insert()
 6 SYSTEMPATH\BaseModel.php(738): CodeIgniter\Model->doInsert([...])
 7 SYSTEMPATH\Model.php(666): CodeIgniter\BaseModel->insert([...], false)
 8 SYSTEMPATH\BaseModel.php(658): CodeIgniter\Model->insert([...], false)
 9 APPPATH\Controllers\tunggakan.php(45): CodeIgniter\BaseModel->save([...])
10 SYSTEMPATH\CodeIgniter.php(898): App\Controllers\tunggakan->save()
11 SYSTEMPATH\CodeIgniter.php(468): CodeIgniter\CodeIgniter->runController(Object(App\Controllers\tunggakan))
12 SYSTEMPATH\CodeIgniter.php(351): CodeIgniter\CodeIgniter->handleRequest(null, Object(Config\Cache), false)
13 FCPATH\index.php(55): CodeIgniter\CodeIgniter->run()
14 SYSTEMPATH\Commands\Server\rewrite.php(43): require_once('FCPATH\\index.php')
CRITICAL - 2023-03-14 10:12:26 --> Undefined variable $bulan
in APPPATH\Views\form\input_tunggakan.php on line 76.
 1 APPPATH\Views\form\input_tunggakan.php(76): CodeIgniter\Debug\Exceptions->errorHandler(2, 'Undefined variable $bulan', 'APPPATH\\Views\\form\\input_tunggakan.php', 76)
 2 SYSTEMPATH\View\View.php(213): include('APPPATH\\Views\\form\\input_tunggakan.php')
 3 SYSTEMPATH\View\View.php(216): CodeIgniter\View\View->CodeIgniter\View\{closure}()
 4 SYSTEMPATH\Common.php(1135): CodeIgniter\View\View->render('form/input_tunggakan', [], true)
 5 APPPATH\Controllers\input_tunggakan.php(21): view('form/input_tunggakan', [...])
 6 SYSTEMPATH\CodeIgniter.php(898): App\Controllers\input_tunggakan->index()
 7 SYSTEMPATH\CodeIgniter.php(468): CodeIgniter\CodeIgniter->runController(Object(App\Controllers\input_tunggakan))
 8 SYSTEMPATH\CodeIgniter.php(351): CodeIgniter\CodeIgniter->handleRequest(null, Object(Config\Cache), false)
 9 FCPATH\index.php(55): CodeIgniter\CodeIgniter->run()
10 SYSTEMPATH\Commands\Server\rewrite.php(43): require_once('FCPATH\\index.php')
CRITICAL - 2023-03-14 10:33:15 --> CodeIgniter\HTTP\Request::fetchGlobal(): Argument #3 ($filter) must be of type ?int, array given, called in C:\xampp\htdocs\skripsi\system\HTTP\IncomingRequest.php on line 503
in SYSTEMPATH\HTTP\RequestTrait.php on line 217.
 1 SYSTEMPATH\HTTP\IncomingRequest.php(503): CodeIgniter\HTTP\Request->fetchGlobal('request', 'bulan', [...], null)
 2 APPPATH\Controllers\tunggakan.php(46): CodeIgniter\HTTP\IncomingRequest->getVar('bulan', [...])
 3 SYSTEMPATH\CodeIgniter.php(898): App\Controllers\tunggakan->save()
 4 SYSTEMPATH\CodeIgniter.php(468): CodeIgniter\CodeIgniter->runController(Object(App\Controllers\tunggakan))
 5 SYSTEMPATH\CodeIgniter.php(351): CodeIgniter\CodeIgniter->handleRequest(null, Object(Config\Cache), false)
 6 FCPATH\index.php(55): CodeIgniter\CodeIgniter->run()
 7 SYSTEMPATH\Commands\Server\rewrite.php(43): require_once('FCPATH\\index.php')
ERROR - 2023-03-14 10:35:19 --> Operand should contain 1 column(s)
CRITICAL - 2023-03-14 10:35:19 --> Operand should contain 1 column(s)
in SYSTEMPATH\Database\MySQLi\Connection.php on line 292.
 1 SYSTEMPATH\Database\MySQLi\Connection.php(292): mysqli->query('INSERT INTO `tunggakan` (`nis`, `nm_siswa`, `id_spp`, `nominal`, `bulan`) VALUES (\'1234\', \'wahyu\', \'2\', \'800000\', (NULL,NULL))', 0)
 2 SYSTEMPATH\Database\BaseConnection.php(678): CodeIgniter\Database\MySQLi\Connection->execute('INSERT INTO `tunggakan` (`nis`, `nm_siswa`, `id_spp`, `nominal`, `bulan`) VALUES (\'1234\', \'wahyu\', \'2\', \'800000\', (NULL,NULL))')
 3 SYSTEMPATH\Database\BaseConnection.php(606): CodeIgniter\Database\BaseConnection->simpleQuery('INSERT INTO `tunggakan` (`nis`, `nm_siswa`, `id_spp`, `nominal`, `bulan`) VALUES (\'1234\', \'wahyu\', \'2\', \'800000\', (NULL,NULL))')
 4 SYSTEMPATH\Database\BaseBuilder.php(1904): CodeIgniter\Database\BaseConnection->query('INSERT INTO `tunggakan` (`nis`, `nm_siswa`, `id_spp`, `nominal`, `bulan`) VALUES (:nis:, :nm_siswa:, :id_spp:, :nominal:, :bulan:)', [...], false)
 5 SYSTEMPATH\Model.php(278): CodeIgniter\Database\BaseBuilder->insert()
 6 SYSTEMPATH\BaseModel.php(738): CodeIgniter\Model->doInsert([...])
 7 SYSTEMPATH\Model.php(666): CodeIgniter\BaseModel->insert([...], false)
 8 SYSTEMPATH\BaseModel.php(658): CodeIgniter\Model->insert([...], false)
 9 APPPATH\Controllers\tunggakan.php(41): CodeIgniter\BaseModel->save([...])
10 SYSTEMPATH\CodeIgniter.php(898): App\Controllers\tunggakan->save()
11 SYSTEMPATH\CodeIgniter.php(468): CodeIgniter\CodeIgniter->runController(Object(App\Controllers\tunggakan))
12 SYSTEMPATH\CodeIgniter.php(351): CodeIgniter\CodeIgniter->handleRequest(null, Object(Config\Cache), false)
13 FCPATH\index.php(55): CodeIgniter\CodeIgniter->run()
14 SYSTEMPATH\Commands\Server\rewrite.php(43): require_once('FCPATH\\index.php')
CRITICAL - 2023-03-14 10:38:46 --> Undefined property: CodeIgniter\HTTP\IncomingRequest::$getVar
in APPPATH\Controllers\tunggakan.php on line 40.
 1 APPPATH\Controllers\tunggakan.php(40): CodeIgniter\Debug\Exceptions->errorHandler(2, 'Undefined property: CodeIgniter\\HTTP\\IncomingRequest::$getVar', 'APPPATH\\Controllers\\tunggakan.php', 40)
 2 SYSTEMPATH\CodeIgniter.php(898): App\Controllers\tunggakan->save()
 3 SYSTEMPATH\CodeIgniter.php(468): CodeIgniter\CodeIgniter->runController(Object(App\Controllers\tunggakan))
 4 SYSTEMPATH\CodeIgniter.php(351): CodeIgniter\CodeIgniter->handleRequest(null, Object(Config\Cache), false)
 5 FCPATH\index.php(55): CodeIgniter\CodeIgniter->run()
 6 SYSTEMPATH\Commands\Server\rewrite.php(43): require_once('FCPATH\\index.php')
CRITICAL - 2023-03-14 10:49:13 --> Undefined property: CodeIgniter\HTTP\IncomingRequest::$getVar
in APPPATH\Controllers\tunggakan.php on line 40.
 1 APPPATH\Controllers\tunggakan.php(40): CodeIgniter\Debug\Exceptions->errorHandler(2, 'Undefined property: CodeIgniter\\HTTP\\IncomingRequest::$getVar', 'APPPATH\\Controllers\\tunggakan.php', 40)
 2 SYSTEMPATH\CodeIgniter.php(898): App\Controllers\tunggakan->save()
 3 SYSTEMPATH\CodeIgniter.php(468): CodeIgniter\CodeIgniter->runController(Object(App\Controllers\tunggakan))
 4 SYSTEMPATH\CodeIgniter.php(351): CodeIgniter\CodeIgniter->handleRequest(null, Object(Config\Cache), false)
 5 FCPATH\index.php(55): CodeIgniter\CodeIgniter->run()
 6 SYSTEMPATH\Commands\Server\rewrite.php(43): require_once('FCPATH\\index.php')
CRITICAL - 2023-03-14 10:52:54 --> Undefined variable $spp
in APPPATH\Views\form\input_tunggakan.php on line 62.
 1 APPPATH\Views\form\input_tunggakan.php(62): CodeIgniter\Debug\Exceptions->errorHandler(2, 'Undefined variable $spp', 'APPPATH\\Views\\form\\input_tunggakan.php', 62)
 2 SYSTEMPATH\View\View.php(213): include('APPPATH\\Views\\form\\input_tunggakan.php')
 3 SYSTEMPATH\View\View.php(216): CodeIgniter\View\View->CodeIgniter\View\{closure}()
 4 SYSTEMPATH\Common.php(1135): CodeIgniter\View\View->render('form/input_tunggakan', [], true)
 5 APPPATH\Controllers\tunggakan.php(36): view('form/input_tunggakan', [...])
 6 SYSTEMPATH\CodeIgniter.php(898): App\Controllers\tunggakan->input()
 7 SYSTEMPATH\CodeIgniter.php(468): CodeIgniter\CodeIgniter->runController(Object(App\Controllers\tunggakan))
 8 SYSTEMPATH\CodeIgniter.php(351): CodeIgniter\CodeIgniter->handleRequest(null, Object(Config\Cache), false)
 9 FCPATH\index.php(55): CodeIgniter\CodeIgniter->run()
10 SYSTEMPATH\Commands\Server\rewrite.php(43): require_once('FCPATH\\index.php')
CRITICAL - 2023-03-14 10:58:40 --> Undefined array key "nis"
in APPPATH\Views\form\input_tunggakan.php on line 51.
 1 APPPATH\Views\form\input_tunggakan.php(51): CodeIgniter\Debug\Exceptions->errorHandler(2, 'Undefined array key "nis"', 'APPPATH\\Views\\form\\input_tunggakan.php', 51)
 2 SYSTEMPATH\View\View.php(213): include('APPPATH\\Views\\form\\input_tunggakan.php')
 3 SYSTEMPATH\View\View.php(216): CodeIgniter\View\View->CodeIgniter\View\{closure}()
 4 SYSTEMPATH\Common.php(1135): CodeIgniter\View\View->render('form/input_tunggakan', [], true)
 5 APPPATH\Controllers\tunggakan.php(37): view('form/input_tunggakan', [...])
 6 SYSTEMPATH\CodeIgniter.php(898): App\Controllers\tunggakan->input()
 7 SYSTEMPATH\CodeIgniter.php(468): CodeIgniter\CodeIgniter->runController(Object(App\Controllers\tunggakan))
 8 SYSTEMPATH\CodeIgniter.php(351): CodeIgniter\CodeIgniter->handleRequest(null, Object(Config\Cache), false)
 9 FCPATH\index.php(55): CodeIgniter\CodeIgniter->run()
10 SYSTEMPATH\Commands\Server\rewrite.php(43): require_once('FCPATH\\index.php')
CRITICAL - 2023-03-14 10:59:21 --> Undefined array key "nis"
in APPPATH\Views\form\input_tunggakan.php on line 51.
 1 APPPATH\Views\form\input_tunggakan.php(51): CodeIgniter\Debug\Exceptions->errorHandler(2, 'Undefined array key "nis"', 'APPPATH\\Views\\form\\input_tunggakan.php', 51)
 2 SYSTEMPATH\View\View.php(213): include('APPPATH\\Views\\form\\input_tunggakan.php')
 3 SYSTEMPATH\View\View.php(216): CodeIgniter\View\View->CodeIgniter\View\{closure}()
 4 SYSTEMPATH\Common.php(1135): CodeIgniter\View\View->render('form/input_tunggakan', [], true)
 5 APPPATH\Controllers\tunggakan.php(37): view('form/input_tunggakan', [...])
 6 SYSTEMPATH\CodeIgniter.php(898): App\Controllers\tunggakan->input()
 7 SYSTEMPATH\CodeIgniter.php(468): CodeIgniter\CodeIgniter->runController(Object(App\Controllers\tunggakan))
 8 SYSTEMPATH\CodeIgniter.php(351): CodeIgniter\CodeIgniter->handleRequest(null, Object(Config\Cache), false)
 9 FCPATH\index.php(55): CodeIgniter\CodeIgniter->run()
10 SYSTEMPATH\Commands\Server\rewrite.php(43): require_once('FCPATH\\index.php')
CRITICAL - 2023-03-14 11:00:06 --> Object of class App\Models\Siswa_Model could not be converted to string
in APPPATH\Models\Siswa_Model.php on line 27.
 1 APPPATH\Controllers\tunggakan.php(34): App\Models\Siswa_Model->search(10, null)
 2 SYSTEMPATH\CodeIgniter.php(898): App\Controllers\tunggakan->input()
 3 SYSTEMPATH\CodeIgniter.php(468): CodeIgniter\CodeIgniter->runController(Object(App\Controllers\tunggakan))
 4 SYSTEMPATH\CodeIgniter.php(351): CodeIgniter\CodeIgniter->handleRequest(null, Object(Config\Cache), false)
 5 FCPATH\index.php(55): CodeIgniter\CodeIgniter->run()
 6 SYSTEMPATH\Commands\Server\rewrite.php(43): require_once('FCPATH\\index.php')
CRITICAL - 2023-03-14 11:00:20 --> Undefined array key "nis"
in APPPATH\Views\form\input_tunggakan.php on line 51.
 1 APPPATH\Views\form\input_tunggakan.php(51): CodeIgniter\Debug\Exceptions->errorHandler(2, 'Undefined array key "nis"', 'APPPATH\\Views\\form\\input_tunggakan.php', 51)
 2 SYSTEMPATH\View\View.php(213): include('APPPATH\\Views\\form\\input_tunggakan.php')
 3 SYSTEMPATH\View\View.php(216): CodeIgniter\View\View->CodeIgniter\View\{closure}()
 4 SYSTEMPATH\Common.php(1135): CodeIgniter\View\View->render('form/input_tunggakan', [], true)
 5 APPPATH\Controllers\tunggakan.php(37): view('form/input_tunggakan', [...])
 6 SYSTEMPATH\CodeIgniter.php(898): App\Controllers\tunggakan->input()
 7 SYSTEMPATH\CodeIgniter.php(468): CodeIgniter\CodeIgniter->runController(Object(App\Controllers\tunggakan))
 8 SYSTEMPATH\CodeIgniter.php(351): CodeIgniter\CodeIgniter->handleRequest(null, Object(Config\Cache), false)
 9 FCPATH\index.php(55): CodeIgniter\CodeIgniter->run()
10 SYSTEMPATH\Commands\Server\rewrite.php(43): require_once('FCPATH\\index.php')
CRITICAL - 2023-03-14 11:02:06 --> Undefined array key "id_siswa"
in APPPATH\Views\form\input_tunggakan.php on line 51.
 1 APPPATH\Views\form\input_tunggakan.php(51): CodeIgniter\Debug\Exceptions->errorHandler(2, 'Undefined array key "id_siswa"', 'APPPATH\\Views\\form\\input_tunggakan.php', 51)
 2 SYSTEMPATH\View\View.php(213): include('APPPATH\\Views\\form\\input_tunggakan.php')
 3 SYSTEMPATH\View\View.php(216): CodeIgniter\View\View->CodeIgniter\View\{closure}()
 4 SYSTEMPATH\Common.php(1135): CodeIgniter\View\View->render('form/input_tunggakan', [], true)
 5 APPPATH\Controllers\tunggakan.php(37): view('form/input_tunggakan', [...])
 6 SYSTEMPATH\CodeIgniter.php(898): App\Controllers\tunggakan->input()
 7 SYSTEMPATH\CodeIgniter.php(468): CodeIgniter\CodeIgniter->runController(Object(App\Controllers\tunggakan))
 8 SYSTEMPATH\CodeIgniter.php(351): CodeIgniter\CodeIgniter->handleRequest(null, Object(Config\Cache), false)
 9 FCPATH\index.php(55): CodeIgniter\CodeIgniter->run()
10 SYSTEMPATH\Commands\Server\rewrite.php(43): require_once('FCPATH\\index.php')
CRITICAL - 2023-03-14 11:02:32 --> Undefined array key "id_siswa"
in APPPATH\Views\form\input_tunggakan.php on line 51.
 1 APPPATH\Views\form\input_tunggakan.php(51): CodeIgniter\Debug\Exceptions->errorHandler(2, 'Undefined array key "id_siswa"', 'APPPATH\\Views\\form\\input_tunggakan.php', 51)
 2 SYSTEMPATH\View\View.php(213): include('APPPATH\\Views\\form\\input_tunggakan.php')
 3 SYSTEMPATH\View\View.php(216): CodeIgniter\View\View->CodeIgniter\View\{closure}()
 4 SYSTEMPATH\Common.php(1135): CodeIgniter\View\View->render('form/input_tunggakan', [], true)
 5 APPPATH\Controllers\tunggakan.php(37): view('form/input_tunggakan', [...])
 6 SYSTEMPATH\CodeIgniter.php(898): App\Controllers\tunggakan->input()
 7 SYSTEMPATH\CodeIgniter.php(468): CodeIgniter\CodeIgniter->runController(Object(App\Controllers\tunggakan))
 8 SYSTEMPATH\CodeIgniter.php(351): CodeIgniter\CodeIgniter->handleRequest(null, Object(Config\Cache), false)
 9 FCPATH\index.php(55): CodeIgniter\CodeIgniter->run()
10 SYSTEMPATH\Commands\Server\rewrite.php(43): require_once('FCPATH\\index.php')
CRITICAL - 2023-03-14 11:02:36 --> Undefined array key "id_siswa"
in APPPATH\Views\form\input_tunggakan.php on line 51.
 1 APPPATH\Views\form\input_tunggakan.php(51): CodeIgniter\Debug\Exceptions->errorHandler(2, 'Undefined array key "id_siswa"', 'APPPATH\\Views\\form\\input_tunggakan.php', 51)
 2 SYSTEMPATH\View\View.php(213): include('APPPATH\\Views\\form\\input_tunggakan.php')
 3 SYSTEMPATH\View\View.php(216): CodeIgniter\View\View->CodeIgniter\View\{closure}()
 4 SYSTEMPATH\Common.php(1135): CodeIgniter\View\View->render('form/input_tunggakan', [], true)
 5 APPPATH\Controllers\tunggakan.php(37): view('form/input_tunggakan', [...])
 6 SYSTEMPATH\CodeIgniter.php(898): App\Controllers\tunggakan->input()
 7 SYSTEMPATH\CodeIgniter.php(468): CodeIgniter\CodeIgniter->runController(Object(App\Controllers\tunggakan))
 8 SYSTEMPATH\CodeIgniter.php(351): CodeIgniter\CodeIgniter->handleRequest(null, Object(Config\Cache), false)
 9 FCPATH\index.php(55): CodeIgniter\CodeIgniter->run()
10 SYSTEMPATH\Commands\Server\rewrite.php(43): require_once('FCPATH\\index.php')
CRITICAL - 2023-03-14 11:02:56 --> Undefined array key "id_siswa"
in APPPATH\Views\form\input_tunggakan.php on line 51.
 1 APPPATH\Views\form\input_tunggakan.php(51): CodeIgniter\Debug\Exceptions->errorHandler(2, 'Undefined array key "id_siswa"', 'APPPATH\\Views\\form\\input_tunggakan.php', 51)
 2 SYSTEMPATH\View\View.php(213): include('APPPATH\\Views\\form\\input_tunggakan.php')
 3 SYSTEMPATH\View\View.php(216): CodeIgniter\View\View->CodeIgniter\View\{closure}()
 4 SYSTEMPATH\Common.php(1135): CodeIgniter\View\View->render('form/input_tunggakan', [], true)
 5 APPPATH\Controllers\tunggakan.php(37): view('form/input_tunggakan', [...])
 6 SYSTEMPATH\CodeIgniter.php(898): App\Controllers\tunggakan->input()
 7 SYSTEMPATH\CodeIgniter.php(468): CodeIgniter\CodeIgniter->runController(Object(App\Controllers\tunggakan))
 8 SYSTEMPATH\CodeIgniter.php(351): CodeIgniter\CodeIgniter->handleRequest(null, Object(Config\Cache), false)
 9 FCPATH\index.php(55): CodeIgniter\CodeIgniter->run()
10 SYSTEMPATH\Commands\Server\rewrite.php(43): require_once('FCPATH\\index.php')
CRITICAL - 2023-03-14 11:05:37 --> Undefined array key "id_siswa"
in APPPATH\Views\form\input_tunggakan.php on line 51.
 1 APPPATH\Views\form\input_tunggakan.php(51): CodeIgniter\Debug\Exceptions->errorHandler(2, 'Undefined array key "id_siswa"', 'APPPATH\\Views\\form\\input_tunggakan.php', 51)
 2 SYSTEMPATH\View\View.php(213): include('APPPATH\\Views\\form\\input_tunggakan.php')
 3 SYSTEMPATH\View\View.php(216): CodeIgniter\View\View->CodeIgniter\View\{closure}()
 4 SYSTEMPATH\Common.php(1135): CodeIgniter\View\View->render('form/input_tunggakan', [], true)
 5 APPPATH\Controllers\tunggakan.php(37): view('form/input_tunggakan', [...])
 6 SYSTEMPATH\CodeIgniter.php(898): App\Controllers\tunggakan->input()
 7 SYSTEMPATH\CodeIgniter.php(468): CodeIgniter\CodeIgniter->runController(Object(App\Controllers\tunggakan))
 8 SYSTEMPATH\CodeIgniter.php(351): CodeIgniter\CodeIgniter->handleRequest(null, Object(Config\Cache), false)
 9 FCPATH\index.php(55): CodeIgniter\CodeIgniter->run()
10 SYSTEMPATH\Commands\Server\rewrite.php(43): require_once('FCPATH\\index.php')
CRITICAL - 2023-03-14 11:08:14 --> Undefined variable $siswa
in APPPATH\Views\form\input_tunggakan.php on line 46.
 1 APPPATH\Views\form\input_tunggakan.php(46): CodeIgniter\Debug\Exceptions->errorHandler(2, 'Undefined variable $siswa', 'APPPATH\\Views\\form\\input_tunggakan.php', 46)
 2 SYSTEMPATH\View\View.php(213): include('APPPATH\\Views\\form\\input_tunggakan.php')
 3 SYSTEMPATH\View\View.php(216): CodeIgniter\View\View->CodeIgniter\View\{closure}()
 4 SYSTEMPATH\Common.php(1135): CodeIgniter\View\View->render('form/input_tunggakan', [], true)
 5 APPPATH\Controllers\tunggakan.php(36): view('form/input_tunggakan', [...])
 6 SYSTEMPATH\CodeIgniter.php(898): App\Controllers\tunggakan->input()
 7 SYSTEMPATH\CodeIgniter.php(468): CodeIgniter\CodeIgniter->runController(Object(App\Controllers\tunggakan))
 8 SYSTEMPATH\CodeIgniter.php(351): CodeIgniter\CodeIgniter->handleRequest(null, Object(Config\Cache), false)
 9 FCPATH\index.php(55): CodeIgniter\CodeIgniter->run()
10 SYSTEMPATH\Commands\Server\rewrite.php(43): require_once('FCPATH\\index.php')
CRITICAL - 2023-03-14 11:08:34 --> Undefined array key "nis"
in APPPATH\Views\form\input_tunggakan.php on line 49.
 1 APPPATH\Views\form\input_tunggakan.php(49): CodeIgniter\Debug\Exceptions->errorHandler(2, 'Undefined array key "nis"', 'APPPATH\\Views\\form\\input_tunggakan.php', 49)
 2 SYSTEMPATH\View\View.php(213): include('APPPATH\\Views\\form\\input_tunggakan.php')
 3 SYSTEMPATH\View\View.php(216): CodeIgniter\View\View->CodeIgniter\View\{closure}()
 4 SYSTEMPATH\Common.php(1135): CodeIgniter\View\View->render('form/input_tunggakan', [], true)
 5 APPPATH\Controllers\tunggakan.php(37): view('form/input_tunggakan', [...])
 6 SYSTEMPATH\CodeIgniter.php(898): App\Controllers\tunggakan->input()
 7 SYSTEMPATH\CodeIgniter.php(468): CodeIgniter\CodeIgniter->runController(Object(App\Controllers\tunggakan))
 8 SYSTEMPATH\CodeIgniter.php(351): CodeIgniter\CodeIgniter->handleRequest(null, Object(Config\Cache), false)
 9 FCPATH\index.php(55): CodeIgniter\CodeIgniter->run()
10 SYSTEMPATH\Commands\Server\rewrite.php(43): require_once('FCPATH\\index.php')
CRITICAL - 2023-03-14 11:09:01 --> Call to undefined method App\Models\Siswa_Model::getdata
in SYSTEMPATH\Model.php on line 773.
 1 APPPATH\Controllers\tunggakan.php(34): CodeIgniter\Model->__call('getdata', [])
 2 SYSTEMPATH\CodeIgniter.php(898): App\Controllers\tunggakan->input()
 3 SYSTEMPATH\CodeIgniter.php(468): CodeIgniter\CodeIgniter->runController(Object(App\Controllers\tunggakan))
 4 SYSTEMPATH\CodeIgniter.php(351): CodeIgniter\CodeIgniter->handleRequest(null, Object(Config\Cache), false)
 5 FCPATH\index.php(55): CodeIgniter\CodeIgniter->run()
 6 SYSTEMPATH\Commands\Server\rewrite.php(43): require_once('FCPATH\\index.php')
CRITICAL - 2023-03-14 11:11:16 --> foreach() argument must be of type array|object, int given
in APPPATH\Views\form\input_tunggakan.php on line 78.
 1 APPPATH\Views\form\input_tunggakan.php(78): CodeIgniter\Debug\Exceptions->errorHandler(2, 'foreach() argument must be of type array|object, int given', 'APPPATH\\Views\\form\\input_tunggakan.php', 78)
 2 SYSTEMPATH\View\View.php(213): include('APPPATH\\Views\\form\\input_tunggakan.php')
 3 SYSTEMPATH\View\View.php(216): CodeIgniter\View\View->CodeIgniter\View\{closure}()
 4 SYSTEMPATH\Common.php(1135): CodeIgniter\View\View->render('form/input_tunggakan', [], true)
 5 APPPATH\Controllers\tunggakan.php(36): view('form/input_tunggakan', [...])
 6 SYSTEMPATH\CodeIgniter.php(898): App\Controllers\tunggakan->input()
 7 SYSTEMPATH\CodeIgniter.php(468): CodeIgniter\CodeIgniter->runController(Object(App\Controllers\tunggakan))
 8 SYSTEMPATH\CodeIgniter.php(351): CodeIgniter\CodeIgniter->handleRequest(null, Object(Config\Cache), false)
 9 FCPATH\index.php(55): CodeIgniter\CodeIgniter->run()
10 SYSTEMPATH\Commands\Server\rewrite.php(43): require_once('FCPATH\\index.php')
CRITICAL - 2023-03-14 11:12:00 --> foreach() argument must be of type array|object, int given
in APPPATH\Views\form\input_tunggakan.php on line 78.
 1 APPPATH\Views\form\input_tunggakan.php(78): CodeIgniter\Debug\Exceptions->errorHandler(2, 'foreach() argument must be of type array|object, int given', 'APPPATH\\Views\\form\\input_tunggakan.php', 78)
 2 SYSTEMPATH\View\View.php(213): include('APPPATH\\Views\\form\\input_tunggakan.php')
 3 SYSTEMPATH\View\View.php(216): CodeIgniter\View\View->CodeIgniter\View\{closure}()
 4 SYSTEMPATH\Common.php(1135): CodeIgniter\View\View->render('form/input_tunggakan', [], true)
 5 APPPATH\Controllers\tunggakan.php(36): view('form/input_tunggakan', [...])
 6 SYSTEMPATH\CodeIgniter.php(898): App\Controllers\tunggakan->input()
 7 SYSTEMPATH\CodeIgniter.php(468): CodeIgniter\CodeIgniter->runController(Object(App\Controllers\tunggakan))
 8 SYSTEMPATH\CodeIgniter.php(351): CodeIgniter\CodeIgniter->handleRequest(null, Object(Config\Cache), false)
 9 FCPATH\index.php(55): CodeIgniter\CodeIgniter->run()
10 SYSTEMPATH\Commands\Server\rewrite.php(43): require_once('FCPATH\\index.php')
CRITICAL - 2023-03-14 11:12:48 --> Undefined variable $siswa
in APPPATH\Views\form\input_tunggakan.php on line 63.
 1 APPPATH\Views\form\input_tunggakan.php(63): CodeIgniter\Debug\Exceptions->errorHandler(2, 'Undefined variable $siswa', 'APPPATH\\Views\\form\\input_tunggakan.php', 63)
 2 SYSTEMPATH\View\View.php(213): include('APPPATH\\Views\\form\\input_tunggakan.php')
 3 SYSTEMPATH\View\View.php(216): CodeIgniter\View\View->CodeIgniter\View\{closure}()
 4 SYSTEMPATH\Common.php(1135): CodeIgniter\View\View->render('form/input_tunggakan', [], true)
 5 APPPATH\Controllers\tunggakan.php(35): view('form/input_tunggakan', [...])
 6 SYSTEMPATH\CodeIgniter.php(898): App\Controllers\tunggakan->input()
 7 SYSTEMPATH\CodeIgniter.php(468): CodeIgniter\CodeIgniter->runController(Object(App\Controllers\tunggakan))
 8 SYSTEMPATH\CodeIgniter.php(351): CodeIgniter\CodeIgniter->handleRequest(null, Object(Config\Cache), false)
 9 FCPATH\index.php(55): CodeIgniter\CodeIgniter->run()
10 SYSTEMPATH\Commands\Server\rewrite.php(43): require_once('FCPATH\\index.php')
CRITICAL - 2023-03-14 23:59:37 --> Array to string conversion
in APPPATH\Views\form\input_tunggakan.php on line 76.
 1 APPPATH\Views\form\input_tunggakan.php(76): CodeIgniter\Debug\Exceptions->errorHandler(2, 'Array to string conversion', 'APPPATH\\Views\\form\\input_tunggakan.php', 76)
 2 SYSTEMPATH\View\View.php(213): include('APPPATH\\Views\\form\\input_tunggakan.php')
 3 SYSTEMPATH\View\View.php(216): CodeIgniter\View\View->CodeIgniter\View\{closure}()
 4 SYSTEMPATH\Common.php(1135): CodeIgniter\View\View->render('form/input_tunggakan', [], true)
 5 APPPATH\Controllers\tunggakan.php(35): view('form/input_tunggakan', [...])
 6 SYSTEMPATH\CodeIgniter.php(898): App\Controllers\tunggakan->input()
 7 SYSTEMPATH\CodeIgniter.php(468): CodeIgniter\CodeIgniter->runController(Object(App\Controllers\tunggakan))
 8 SYSTEMPATH\CodeIgniter.php(351): CodeIgniter\CodeIgniter->handleRequest(null, Object(Config\Cache), false)
 9 FCPATH\index.php(55): CodeIgniter\CodeIgniter->run()
10 SYSTEMPATH\Commands\Server\rewrite.php(43): require_once('FCPATH\\index.php')
