CRITICAL - 2023-02-24 00:37:25 --> Undefined variable $siswa
in APPPATH\Views\content\siswa.php on line 37.
 1 APPPATH\Views\content\siswa.php(37): CodeIgniter\Debug\Exceptions->errorHandler(2, 'Undefined variable $siswa', 'APPPATH\\Views\\content\\siswa.php', 37)
 2 SYSTEMPATH\View\View.php(213): include('APPPATH\\Views\\content\\siswa.php')
 3 SYSTEMPATH\View\View.php(216): CodeIgniter\View\View->CodeIgniter\View\{closure}()
 4 SYSTEMPATH\Common.php(1135): CodeIgniter\View\View->render('/content/siswa', [], true)
 5 APPPATH\Controllers\siswa.php(18): view('/content/siswa', [...])
 6 SYSTEMPATH\CodeIgniter.php(898): App\Controllers\siswa->index()
 7 SYSTEMPATH\CodeIgniter.php(468): CodeIgniter\CodeIgniter->runController(Object(App\Controllers\siswa))
 8 SYSTEMPATH\CodeIgniter.php(351): CodeIgniter\CodeIgniter->handleRequest(null, Object(Config\Cache), false)
 9 FCPATH\index.php(55): CodeIgniter\CodeIgniter->run()
10 SYSTEMPATH\Commands\Server\rewrite.php(43): require_once('FCPATH\\index.php')
CRITICAL - 2023-02-24 00:38:00 --> Undefined variable $pager
in APPPATH\Views\content\siswa.php on line 52.
 1 APPPATH\Views\content\siswa.php(52): CodeIgniter\Debug\Exceptions->errorHandler(2, 'Undefined variable $pager', 'APPPATH\\Views\\content\\siswa.php', 52)
 2 SYSTEMPATH\View\View.php(213): include('APPPATH\\Views\\content\\siswa.php')
 3 SYSTEMPATH\View\View.php(216): CodeIgniter\View\View->CodeIgniter\View\{closure}()
 4 SYSTEMPATH\Common.php(1135): CodeIgniter\View\View->render('/content/siswa', [], true)
 5 APPPATH\Controllers\siswa.php(18): view('/content/siswa', [...])
 6 SYSTEMPATH\CodeIgniter.php(898): App\Controllers\siswa->index()
 7 SYSTEMPATH\CodeIgniter.php(468): CodeIgniter\CodeIgniter->runController(Object(App\Controllers\siswa))
 8 SYSTEMPATH\CodeIgniter.php(351): CodeIgniter\CodeIgniter->handleRequest(null, Object(Config\Cache), false)
 9 FCPATH\index.php(55): CodeIgniter\CodeIgniter->run()
10 SYSTEMPATH\Commands\Server\rewrite.php(43): require_once('FCPATH\\index.php')
CRITICAL - 2023-02-24 00:40:17 --> Call to a member function links() on null
in APPPATH\Views\content\siswa.php on line 52.
 1 SYSTEMPATH\View\View.php(213): include()
 2 SYSTEMPATH\View\View.php(216): CodeIgniter\View\View->CodeIgniter\View\{closure}()
 3 SYSTEMPATH\Common.php(1135): CodeIgniter\View\View->render('/content/siswa', [], true)
 4 APPPATH\Controllers\siswa.php(21): view('/content/siswa', [...])
 5 SYSTEMPATH\CodeIgniter.php(898): App\Controllers\siswa->index()
 6 SYSTEMPATH\CodeIgniter.php(468): CodeIgniter\CodeIgniter->runController(Object(App\Controllers\siswa))
 7 SYSTEMPATH\CodeIgniter.php(351): CodeIgniter\CodeIgniter->handleRequest(null, Object(Config\Cache), false)
 8 FCPATH\index.php(55): CodeIgniter\CodeIgniter->run()
 9 SYSTEMPATH\Commands\Server\rewrite.php(43): require_once('FCPATH\\index.php')
CRITICAL - 2023-02-24 00:40:40 --> Call to a member function links() on null
in APPPATH\Views\content\siswa.php on line 52.
 1 SYSTEMPATH\View\View.php(213): include()
 2 SYSTEMPATH\View\View.php(216): CodeIgniter\View\View->CodeIgniter\View\{closure}()
 3 SYSTEMPATH\Common.php(1135): CodeIgniter\View\View->render('/content/siswa', [], true)
 4 APPPATH\Controllers\siswa.php(21): view('/content/siswa', [...])
 5 SYSTEMPATH\CodeIgniter.php(898): App\Controllers\siswa->index()
 6 SYSTEMPATH\CodeIgniter.php(468): CodeIgniter\CodeIgniter->runController(Object(App\Controllers\siswa))
 7 SYSTEMPATH\CodeIgniter.php(351): CodeIgniter\CodeIgniter->handleRequest(null, Object(Config\Cache), false)
 8 FCPATH\index.php(55): CodeIgniter\CodeIgniter->run()
 9 SYSTEMPATH\Commands\Server\rewrite.php(43): require_once('FCPATH\\index.php')
CRITICAL - 2023-02-24 00:40:44 --> Call to a member function links() on null
in APPPATH\Views\content\siswa.php on line 52.
 1 SYSTEMPATH\View\View.php(213): include()
 2 SYSTEMPATH\View\View.php(216): CodeIgniter\View\View->CodeIgniter\View\{closure}()
 3 SYSTEMPATH\Common.php(1135): CodeIgniter\View\View->render('/content/siswa', [], true)
 4 APPPATH\Controllers\siswa.php(21): view('/content/siswa', [...])
 5 SYSTEMPATH\CodeIgniter.php(898): App\Controllers\siswa->index()
 6 SYSTEMPATH\CodeIgniter.php(468): CodeIgniter\CodeIgniter->runController(Object(App\Controllers\siswa))
 7 SYSTEMPATH\CodeIgniter.php(351): CodeIgniter\CodeIgniter->handleRequest(null, Object(Config\Cache), false)
 8 FCPATH\index.php(55): CodeIgniter\CodeIgniter->run()
 9 SYSTEMPATH\Commands\Server\rewrite.php(43): require_once('FCPATH\\index.php')
CRITICAL - 2023-02-24 00:41:22 --> Undefined array key "nis"
in APPPATH\Views\content\siswa.php on line 40.
 1 APPPATH\Views\content\siswa.php(40): CodeIgniter\Debug\Exceptions->errorHandler(2, 'Undefined array key "nis"', 'APPPATH\\Views\\content\\siswa.php', 40)
 2 SYSTEMPATH\View\View.php(213): include('APPPATH\\Views\\content\\siswa.php')
 3 SYSTEMPATH\View\View.php(216): CodeIgniter\View\View->CodeIgniter\View\{closure}()
 4 SYSTEMPATH\Common.php(1135): CodeIgniter\View\View->render('/content/siswa', [], true)
 5 APPPATH\Controllers\siswa.php(20): view('/content/siswa', [...])
 6 SYSTEMPATH\CodeIgniter.php(898): App\Controllers\siswa->index()
 7 SYSTEMPATH\CodeIgniter.php(468): CodeIgniter\CodeIgniter->runController(Object(App\Controllers\siswa))
 8 SYSTEMPATH\CodeIgniter.php(351): CodeIgniter\CodeIgniter->handleRequest(null, Object(Config\Cache), false)
 9 FCPATH\index.php(55): CodeIgniter\CodeIgniter->run()
10 SYSTEMPATH\Commands\Server\rewrite.php(43): require_once('FCPATH\\index.php')
CRITICAL - 2023-02-24 00:42:13 --> Undefined array key "nis"
in APPPATH\Views\content\siswa.php on line 40.
 1 APPPATH\Views\content\siswa.php(40): CodeIgniter\Debug\Exceptions->errorHandler(2, 'Undefined array key "nis"', 'APPPATH\\Views\\content\\siswa.php', 40)
 2 SYSTEMPATH\View\View.php(213): include('APPPATH\\Views\\content\\siswa.php')
 3 SYSTEMPATH\View\View.php(216): CodeIgniter\View\View->CodeIgniter\View\{closure}()
 4 SYSTEMPATH\Common.php(1135): CodeIgniter\View\View->render('/content/siswa', [], true)
 5 APPPATH\Controllers\siswa.php(20): view('/content/siswa', [...])
 6 SYSTEMPATH\CodeIgniter.php(898): App\Controllers\siswa->index()
 7 SYSTEMPATH\CodeIgniter.php(468): CodeIgniter\CodeIgniter->runController(Object(App\Controllers\siswa))
 8 SYSTEMPATH\CodeIgniter.php(351): CodeIgniter\CodeIgniter->handleRequest(null, Object(Config\Cache), false)
 9 FCPATH\index.php(55): CodeIgniter\CodeIgniter->run()
10 SYSTEMPATH\Commands\Server\rewrite.php(43): require_once('FCPATH\\index.php')
CRITICAL - 2023-02-24 00:42:29 --> Undefined variable $siswa
in APPPATH\Views\content\siswa.php on line 37.
 1 APPPATH\Views\content\siswa.php(37): CodeIgniter\Debug\Exceptions->errorHandler(2, 'Undefined variable $siswa', 'APPPATH\\Views\\content\\siswa.php', 37)
 2 SYSTEMPATH\View\View.php(213): include('APPPATH\\Views\\content\\siswa.php')
 3 SYSTEMPATH\View\View.php(216): CodeIgniter\View\View->CodeIgniter\View\{closure}()
 4 SYSTEMPATH\Common.php(1135): CodeIgniter\View\View->render('/content/siswa', [], true)
 5 APPPATH\Controllers\siswa.php(20): view('/content/siswa', [...])
 6 SYSTEMPATH\CodeIgniter.php(898): App\Controllers\siswa->index()
 7 SYSTEMPATH\CodeIgniter.php(468): CodeIgniter\CodeIgniter->runController(Object(App\Controllers\siswa))
 8 SYSTEMPATH\CodeIgniter.php(351): CodeIgniter\CodeIgniter->handleRequest(null, Object(Config\Cache), false)
 9 FCPATH\index.php(55): CodeIgniter\CodeIgniter->run()
10 SYSTEMPATH\Commands\Server\rewrite.php(43): require_once('FCPATH\\index.php')
CRITICAL - 2023-02-24 08:03:23 --> Cannot use object of type mysqli as array
in APPPATH\Views\form\input_siswa.php on line 45.
 1 SYSTEMPATH\View\View.php(213): include()
 2 SYSTEMPATH\View\View.php(216): CodeIgniter\View\View->CodeIgniter\View\{closure}()
 3 SYSTEMPATH\Common.php(1135): CodeIgniter\View\View->render('/form/input_siswa', [], true)
 4 APPPATH\Controllers\siswa.php(28): view('/form/input_siswa', [...])
 5 SYSTEMPATH\CodeIgniter.php(898): App\Controllers\siswa->input_siswa()
 6 SYSTEMPATH\CodeIgniter.php(468): CodeIgniter\CodeIgniter->runController(Object(App\Controllers\siswa))
 7 SYSTEMPATH\CodeIgniter.php(351): CodeIgniter\CodeIgniter->handleRequest(null, Object(Config\Cache), false)
 8 FCPATH\index.php(55): CodeIgniter\CodeIgniter->run()
 9 SYSTEMPATH\Commands\Server\rewrite.php(43): require_once('FCPATH\\index.php')
CRITICAL - 2023-02-24 08:04:13 --> Cannot use object of type mysqli as array
in APPPATH\Views\form\input_siswa.php on line 45.
 1 SYSTEMPATH\View\View.php(213): include()
 2 SYSTEMPATH\View\View.php(216): CodeIgniter\View\View->CodeIgniter\View\{closure}()
 3 SYSTEMPATH\Common.php(1135): CodeIgniter\View\View->render('/form/input_siswa', [], true)
 4 APPPATH\Controllers\siswa.php(28): view('/form/input_siswa', [...])
 5 SYSTEMPATH\CodeIgniter.php(898): App\Controllers\siswa->input_siswa()
 6 SYSTEMPATH\CodeIgniter.php(468): CodeIgniter\CodeIgniter->runController(Object(App\Controllers\siswa))
 7 SYSTEMPATH\CodeIgniter.php(351): CodeIgniter\CodeIgniter->handleRequest(null, Object(Config\Cache), false)
 8 FCPATH\index.php(55): CodeIgniter\CodeIgniter->run()
 9 SYSTEMPATH\Commands\Server\rewrite.php(43): require_once('FCPATH\\index.php')
CRITICAL - 2023-02-24 08:04:16 --> Cannot use object of type mysqli as array
in APPPATH\Views\form\input_siswa.php on line 45.
 1 SYSTEMPATH\View\View.php(213): include()
 2 SYSTEMPATH\View\View.php(216): CodeIgniter\View\View->CodeIgniter\View\{closure}()
 3 SYSTEMPATH\Common.php(1135): CodeIgniter\View\View->render('/form/input_siswa', [], true)
 4 APPPATH\Controllers\siswa.php(28): view('/form/input_siswa', [...])
 5 SYSTEMPATH\CodeIgniter.php(898): App\Controllers\siswa->input_siswa()
 6 SYSTEMPATH\CodeIgniter.php(468): CodeIgniter\CodeIgniter->runController(Object(App\Controllers\siswa))
 7 SYSTEMPATH\CodeIgniter.php(351): CodeIgniter\CodeIgniter->handleRequest(null, Object(Config\Cache), false)
 8 FCPATH\index.php(55): CodeIgniter\CodeIgniter->run()
 9 SYSTEMPATH\Commands\Server\rewrite.php(43): require_once('FCPATH\\index.php')
CRITICAL - 2023-02-24 08:04:19 --> Cannot use object of type mysqli as array
in APPPATH\Views\form\input_siswa.php on line 45.
 1 SYSTEMPATH\View\View.php(213): include()
 2 SYSTEMPATH\View\View.php(216): CodeIgniter\View\View->CodeIgniter\View\{closure}()
 3 SYSTEMPATH\Common.php(1135): CodeIgniter\View\View->render('/form/input_siswa', [], true)
 4 APPPATH\Controllers\siswa.php(28): view('/form/input_siswa', [...])
 5 SYSTEMPATH\CodeIgniter.php(898): App\Controllers\siswa->input_siswa()
 6 SYSTEMPATH\CodeIgniter.php(468): CodeIgniter\CodeIgniter->runController(Object(App\Controllers\siswa))
 7 SYSTEMPATH\CodeIgniter.php(351): CodeIgniter\CodeIgniter->handleRequest(null, Object(Config\Cache), false)
 8 FCPATH\index.php(55): CodeIgniter\CodeIgniter->run()
 9 SYSTEMPATH\Commands\Server\rewrite.php(43): require_once('FCPATH\\index.php')
ERROR - 2023-02-24 08:17:16 --> Column 'nis' cannot be null
CRITICAL - 2023-02-24 08:17:16 --> Column 'nis' cannot be null
in SYSTEMPATH\Database\MySQLi\Connection.php on line 292.
 1 SYSTEMPATH\Database\MySQLi\Connection.php(292): mysqli->query('INSERT INTO `siswa` (`nis`, `nm_siswa`, `id_kelas`) VALUES (NULL, \'siti\', \'2\')', 0)
 2 SYSTEMPATH\Database\BaseConnection.php(678): CodeIgniter\Database\MySQLi\Connection->execute('INSERT INTO `siswa` (`nis`, `nm_siswa`, `id_kelas`) VALUES (NULL, \'siti\', \'2\')')
 3 SYSTEMPATH\Database\BaseConnection.php(606): CodeIgniter\Database\BaseConnection->simpleQuery('INSERT INTO `siswa` (`nis`, `nm_siswa`, `id_kelas`) VALUES (NULL, \'siti\', \'2\')')
 4 SYSTEMPATH\Database\BaseBuilder.php(1904): CodeIgniter\Database\BaseConnection->query('INSERT INTO `siswa` (`nis`, `nm_siswa`, `id_kelas`) VALUES (:nis:, :nm_siswa:, :id_kelas:)', [...], false)
 5 SYSTEMPATH\Model.php(278): CodeIgniter\Database\BaseBuilder->insert()
 6 SYSTEMPATH\BaseModel.php(738): CodeIgniter\Model->doInsert([...])
 7 SYSTEMPATH\Model.php(666): CodeIgniter\BaseModel->insert([...], false)
 8 SYSTEMPATH\BaseModel.php(658): CodeIgniter\Model->insert([...], false)
 9 APPPATH\Controllers\siswa.php(35): CodeIgniter\BaseModel->save([...])
10 SYSTEMPATH\CodeIgniter.php(898): App\Controllers\siswa->save()
11 SYSTEMPATH\CodeIgniter.php(468): CodeIgniter\CodeIgniter->runController(Object(App\Controllers\siswa))
12 SYSTEMPATH\CodeIgniter.php(351): CodeIgniter\CodeIgniter->handleRequest(null, Object(Config\Cache), false)
13 FCPATH\index.php(55): CodeIgniter\CodeIgniter->run()
14 SYSTEMPATH\Commands\Server\rewrite.php(43): require_once('FCPATH\\index.php')
ERROR - 2023-02-24 08:17:41 --> Column 'nis' cannot be null
CRITICAL - 2023-02-24 08:17:41 --> Column 'nis' cannot be null
in SYSTEMPATH\Database\MySQLi\Connection.php on line 292.
 1 SYSTEMPATH\Database\MySQLi\Connection.php(292): mysqli->query('INSERT INTO `siswa` (`nis`, `nm_siswa`, `id_kelas`) VALUES (NULL, \'siti\', \'2\')', 0)
 2 SYSTEMPATH\Database\BaseConnection.php(678): CodeIgniter\Database\MySQLi\Connection->execute('INSERT INTO `siswa` (`nis`, `nm_siswa`, `id_kelas`) VALUES (NULL, \'siti\', \'2\')')
 3 SYSTEMPATH\Database\BaseConnection.php(606): CodeIgniter\Database\BaseConnection->simpleQuery('INSERT INTO `siswa` (`nis`, `nm_siswa`, `id_kelas`) VALUES (NULL, \'siti\', \'2\')')
 4 SYSTEMPATH\Database\BaseBuilder.php(1904): CodeIgniter\Database\BaseConnection->query('INSERT INTO `siswa` (`nis`, `nm_siswa`, `id_kelas`) VALUES (:nis:, :nm_siswa:, :id_kelas:)', [...], false)
 5 SYSTEMPATH\Model.php(278): CodeIgniter\Database\BaseBuilder->insert()
 6 SYSTEMPATH\BaseModel.php(738): CodeIgniter\Model->doInsert([...])
 7 SYSTEMPATH\Model.php(666): CodeIgniter\BaseModel->insert([...], false)
 8 SYSTEMPATH\BaseModel.php(658): CodeIgniter\Model->insert([...], false)
 9 APPPATH\Controllers\siswa.php(35): CodeIgniter\BaseModel->save([...])
10 SYSTEMPATH\CodeIgniter.php(898): App\Controllers\siswa->save()
11 SYSTEMPATH\CodeIgniter.php(468): CodeIgniter\CodeIgniter->runController(Object(App\Controllers\siswa))
12 SYSTEMPATH\CodeIgniter.php(351): CodeIgniter\CodeIgniter->handleRequest(null, Object(Config\Cache), false)
13 FCPATH\index.php(55): CodeIgniter\CodeIgniter->run()
14 SYSTEMPATH\Commands\Server\rewrite.php(43): require_once('FCPATH\\index.php')
ERROR - 2023-02-24 08:18:25 --> Column 'nis' cannot be null
CRITICAL - 2023-02-24 08:18:25 --> Column 'nis' cannot be null
in SYSTEMPATH\Database\MySQLi\Connection.php on line 292.
 1 SYSTEMPATH\Database\MySQLi\Connection.php(292): mysqli->query('INSERT INTO `siswa` (`nis`, `nm_siswa`, `id_kelas`) VALUES (NULL, \'siti\', \'2\')', 0)
 2 SYSTEMPATH\Database\BaseConnection.php(678): CodeIgniter\Database\MySQLi\Connection->execute('INSERT INTO `siswa` (`nis`, `nm_siswa`, `id_kelas`) VALUES (NULL, \'siti\', \'2\')')
 3 SYSTEMPATH\Database\BaseConnection.php(606): CodeIgniter\Database\BaseConnection->simpleQuery('INSERT INTO `siswa` (`nis`, `nm_siswa`, `id_kelas`) VALUES (NULL, \'siti\', \'2\')')
 4 SYSTEMPATH\Database\BaseBuilder.php(1904): CodeIgniter\Database\BaseConnection->query('INSERT INTO `siswa` (`nis`, `nm_siswa`, `id_kelas`) VALUES (:nis:, :nm_siswa:, :id_kelas:)', [...], false)
 5 SYSTEMPATH\Model.php(278): CodeIgniter\Database\BaseBuilder->insert()
 6 SYSTEMPATH\BaseModel.php(738): CodeIgniter\Model->doInsert([...])
 7 SYSTEMPATH\Model.php(666): CodeIgniter\BaseModel->insert([...], false)
 8 SYSTEMPATH\BaseModel.php(658): CodeIgniter\Model->insert([...], false)
 9 APPPATH\Controllers\siswa.php(35): CodeIgniter\BaseModel->save([...])
10 SYSTEMPATH\CodeIgniter.php(898): App\Controllers\siswa->save()
11 SYSTEMPATH\CodeIgniter.php(468): CodeIgniter\CodeIgniter->runController(Object(App\Controllers\siswa))
12 SYSTEMPATH\CodeIgniter.php(351): CodeIgniter\CodeIgniter->handleRequest(null, Object(Config\Cache), false)
13 FCPATH\index.php(55): CodeIgniter\CodeIgniter->run()
14 SYSTEMPATH\Commands\Server\rewrite.php(43): require_once('FCPATH\\index.php')
CRITICAL - 2023-02-24 09:39:37 --> Undefined variable $siswa
in APPPATH\Views\content\siswa.php on line 34.
 1 APPPATH\Views\content\siswa.php(34): CodeIgniter\Debug\Exceptions->errorHandler(2, 'Undefined variable $siswa', 'APPPATH\\Views\\content\\siswa.php', 34)
 2 SYSTEMPATH\View\View.php(213): include('APPPATH\\Views\\content\\siswa.php')
 3 SYSTEMPATH\View\View.php(216): CodeIgniter\View\View->CodeIgniter\View\{closure}()
 4 SYSTEMPATH\Common.php(1135): CodeIgniter\View\View->render('/content/siswa', [], true)
 5 APPPATH\Controllers\siswa.php(19): view('/content/siswa', [...])
 6 SYSTEMPATH\CodeIgniter.php(898): App\Controllers\siswa->index()
 7 SYSTEMPATH\CodeIgniter.php(468): CodeIgniter\CodeIgniter->runController(Object(App\Controllers\siswa))
 8 SYSTEMPATH\CodeIgniter.php(351): CodeIgniter\CodeIgniter->handleRequest(null, Object(Config\Cache), false)
 9 FCPATH\index.php(55): CodeIgniter\CodeIgniter->run()
10 SYSTEMPATH\Commands\Server\rewrite.php(43): require_once('FCPATH\\index.php')
CRITICAL - 2023-02-24 10:09:47 --> Too few arguments to function App\Controllers\siswa::hapus(), 0 passed in C:\xampp\htdocs\skripsi\system\CodeIgniter.php on line 898 and exactly 1 expected
in APPPATH\Controllers\siswa.php on line 53.
 1 SYSTEMPATH\CodeIgniter.php(898): App\Controllers\siswa->hapus()
 2 SYSTEMPATH\CodeIgniter.php(468): CodeIgniter\CodeIgniter->runController(Object(App\Controllers\siswa))
 3 SYSTEMPATH\CodeIgniter.php(351): CodeIgniter\CodeIgniter->handleRequest(null, Object(Config\Cache), false)
 4 FCPATH\index.php(55): CodeIgniter\CodeIgniter->run()
 5 SYSTEMPATH\Commands\Server\rewrite.php(43): require_once('FCPATH\\index.php')
