CRITICAL - 2023-02-13 02:03:04 --> Invalid file: content.php
in SYSTEMPATH\Exceptions\FrameworkException.php on line 33.
 1 SYSTEMPATH\View\View.php(201): CodeIgniter\Exceptions\FrameworkException::forInvalidFile('content.php')
 2 SYSTEMPATH\View\View.php(429): CodeIgniter\View\View->render('content', null, true)
 3 APPPATH\Views\layout\template.php(345): CodeIgniter\View\View->include('content')
 4 SYSTEMPATH\View\View.php(213): include('APPPATH\\Views\\layout\\template.php')
 5 SYSTEMPATH\View\View.php(216): CodeIgniter\View\View->CodeIgniter\View\{closure}()
 6 SYSTEMPATH\Common.php(1135): CodeIgniter\View\View->render('/layout/template', [], true)
 7 APPPATH\Controllers\Home.php(9): view('/layout/template')
 8 SYSTEMPATH\CodeIgniter.php(898): App\Controllers\Home->index()
 9 SYSTEMPATH\CodeIgniter.php(468): CodeIgniter\CodeIgniter->runController(Object(App\Controllers\Home))
10 SYSTEMPATH\CodeIgniter.php(351): CodeIgniter\CodeIgniter->handleRequest(null, Object(Config\Cache), false)
11 FCPATH\index.php(55): CodeIgniter\CodeIgniter->run()
12 SYSTEMPATH\Commands\Server\rewrite.php(43): require_once('FCPATH\\index.php')
CRITICAL - 2023-02-13 02:05:49 --> View themes, no current section.
in SYSTEMPATH\View\View.php on line 392.
 1 APPPATH\Views\content\index.php(95): CodeIgniter\View\View->endSection()
 2 SYSTEMPATH\View\View.php(213): include('APPPATH\\Views\\content\\index.php')
 3 SYSTEMPATH\View\View.php(216): CodeIgniter\View\View->CodeIgniter\View\{closure}()
 4 SYSTEMPATH\Common.php(1135): CodeIgniter\View\View->render('content/index', [], true)
 5 APPPATH\Controllers\Home.php(9): view('content/index')
 6 SYSTEMPATH\CodeIgniter.php(898): App\Controllers\Home->index()
 7 SYSTEMPATH\CodeIgniter.php(468): CodeIgniter\CodeIgniter->runController(Object(App\Controllers\Home))
 8 SYSTEMPATH\CodeIgniter.php(351): CodeIgniter\CodeIgniter->handleRequest(null, Object(Config\Cache), false)
 9 FCPATH\index.php(55): CodeIgniter\CodeIgniter->run()
10 SYSTEMPATH\Commands\Server\rewrite.php(43): require_once('FCPATH\\index.php')
CRITICAL - 2023-02-13 02:06:17 --> View themes, no current section.
in SYSTEMPATH\View\View.php on line 392.
 1 APPPATH\Views\content\index.php(95): CodeIgniter\View\View->endSection()
 2 SYSTEMPATH\View\View.php(213): include('APPPATH\\Views\\content\\index.php')
 3 SYSTEMPATH\View\View.php(216): CodeIgniter\View\View->CodeIgniter\View\{closure}()
 4 SYSTEMPATH\Common.php(1135): CodeIgniter\View\View->render('content/index', [], true)
 5 APPPATH\Controllers\Home.php(9): view('content/index')
 6 SYSTEMPATH\CodeIgniter.php(898): App\Controllers\Home->index()
 7 SYSTEMPATH\CodeIgniter.php(468): CodeIgniter\CodeIgniter->runController(Object(App\Controllers\Home))
 8 SYSTEMPATH\CodeIgniter.php(351): CodeIgniter\CodeIgniter->handleRequest(null, Object(Config\Cache), false)
 9 FCPATH\index.php(55): CodeIgniter\CodeIgniter->run()
10 SYSTEMPATH\Commands\Server\rewrite.php(43): require_once('FCPATH\\index.php')
CRITICAL - 2023-02-13 02:15:45 --> Invalid file: navbar.php
in SYSTEMPATH\Exceptions\FrameworkException.php on line 33.
 1 SYSTEMPATH\View\View.php(201): CodeIgniter\Exceptions\FrameworkException::forInvalidFile('navbar.php')
 2 SYSTEMPATH\View\View.php(429): CodeIgniter\View\View->render('navbar', null, true)
 3 APPPATH\Views\layout\template.php(29): CodeIgniter\View\View->include('navbar')
 4 SYSTEMPATH\View\View.php(213): include('APPPATH\\Views\\layout\\template.php')
 5 SYSTEMPATH\View\View.php(216): CodeIgniter\View\View->CodeIgniter\View\{closure}()
 6 SYSTEMPATH\View\View.php(229): CodeIgniter\View\View->render('layout/template', [], true)
 7 SYSTEMPATH\Common.php(1135): CodeIgniter\View\View->render('content/index', [], true)
 8 APPPATH\Controllers\Home.php(9): view('content/index')
 9 SYSTEMPATH\CodeIgniter.php(898): App\Controllers\Home->index()
10 SYSTEMPATH\CodeIgniter.php(468): CodeIgniter\CodeIgniter->runController(Object(App\Controllers\Home))
11 SYSTEMPATH\CodeIgniter.php(351): CodeIgniter\CodeIgniter->handleRequest(null, Object(Config\Cache), false)
12 FCPATH\index.php(55): CodeIgniter\CodeIgniter->run()
13 SYSTEMPATH\Commands\Server\rewrite.php(43): require_once('FCPATH\\index.php')
CRITICAL - 2023-02-13 02:16:28 --> Invalid file: laypout/navbar.php
in SYSTEMPATH\Exceptions\FrameworkException.php on line 33.
 1 SYSTEMPATH\View\View.php(201): CodeIgniter\Exceptions\FrameworkException::forInvalidFile('laypout/navbar.php')
 2 SYSTEMPATH\View\View.php(429): CodeIgniter\View\View->render('laypout/navbar', null, true)
 3 APPPATH\Views\layout\template.php(29): CodeIgniter\View\View->include('laypout/navbar')
 4 SYSTEMPATH\View\View.php(213): include('APPPATH\\Views\\layout\\template.php')
 5 SYSTEMPATH\View\View.php(216): CodeIgniter\View\View->CodeIgniter\View\{closure}()
 6 SYSTEMPATH\View\View.php(229): CodeIgniter\View\View->render('layout/template', [], true)
 7 SYSTEMPATH\Common.php(1135): CodeIgniter\View\View->render('content/index', [], true)
 8 APPPATH\Controllers\Home.php(9): view('content/index')
 9 SYSTEMPATH\CodeIgniter.php(898): App\Controllers\Home->index()
10 SYSTEMPATH\CodeIgniter.php(468): CodeIgniter\CodeIgniter->runController(Object(App\Controllers\Home))
11 SYSTEMPATH\CodeIgniter.php(351): CodeIgniter\CodeIgniter->handleRequest(null, Object(Config\Cache), false)
12 FCPATH\index.php(55): CodeIgniter\CodeIgniter->run()
13 SYSTEMPATH\Commands\Server\rewrite.php(43): require_once('FCPATH\\index.php')
CRITICAL - 2023-02-13 23:41:29 --> Invalid file: navbar.php
in SYSTEMPATH\Exceptions\FrameworkException.php on line 33.
 1 SYSTEMPATH\View\View.php(201): CodeIgniter\Exceptions\FrameworkException::forInvalidFile('navbar.php')
 2 SYSTEMPATH\View\View.php(429): CodeIgniter\View\View->render('navbar', null, true)
 3 APPPATH\Views\layout\template.php(47): CodeIgniter\View\View->include('navbar')
 4 SYSTEMPATH\View\View.php(213): include('APPPATH\\Views\\layout\\template.php')
 5 SYSTEMPATH\View\View.php(216): CodeIgniter\View\View->CodeIgniter\View\{closure}()
 6 SYSTEMPATH\Common.php(1135): CodeIgniter\View\View->render('layout/template', [], true)
 7 APPPATH\Controllers\Home.php(9): view('layout/template')
 8 SYSTEMPATH\CodeIgniter.php(898): App\Controllers\Home->index()
 9 SYSTEMPATH\CodeIgniter.php(468): CodeIgniter\CodeIgniter->runController(Object(App\Controllers\Home))
10 SYSTEMPATH\CodeIgniter.php(351): CodeIgniter\CodeIgniter->handleRequest(null, Object(Config\Cache), false)
11 FCPATH\index.php(55): CodeIgniter\CodeIgniter->run()
12 SYSTEMPATH\Commands\Server\rewrite.php(43): require_once('FCPATH\\index.php')
CRITICAL - 2023-02-13 23:48:25 --> Undefined property: CodeIgniter\View\View::$render
in APPPATH\Views\layout\template.php on line 54.
 1 APPPATH\Views\layout\template.php(54): CodeIgniter\Debug\Exceptions->errorHandler(2, 'Undefined property: CodeIgniter\\View\\View::$render', 'APPPATH\\Views\\layout\\template.php', 54)
 2 SYSTEMPATH\View\View.php(213): include('APPPATH\\Views\\layout\\template.php')
 3 SYSTEMPATH\View\View.php(216): CodeIgniter\View\View->CodeIgniter\View\{closure}()
 4 SYSTEMPATH\Common.php(1135): CodeIgniter\View\View->render('layout/template', [], true)
 5 APPPATH\Controllers\Home.php(9): view('layout/template')
 6 SYSTEMPATH\CodeIgniter.php(898): App\Controllers\Home->index()
 7 SYSTEMPATH\CodeIgniter.php(468): CodeIgniter\CodeIgniter->runController(Object(App\Controllers\Home))
 8 SYSTEMPATH\CodeIgniter.php(351): CodeIgniter\CodeIgniter->handleRequest(null, Object(Config\Cache), false)
 9 FCPATH\index.php(55): CodeIgniter\CodeIgniter->run()
10 SYSTEMPATH\Commands\Server\rewrite.php(43): require_once('FCPATH\\index.php')
