ERROR - 2023-04-08 08:32:00 --> Unknown column 'MONTH' in 'field list'
CRITICAL - 2023-04-08 08:32:00 --> Unknown column 'MONTH' in 'field list'
in SYSTEMPATH\Database\MySQLi\Connection.php on line 292.
 1 SYSTEMPATH\Database\MySQLi\Connection.php(292): mysqli->query('SELECT MONTH(tgl_bayar) bulan, `MONTH` `total`
FROM `tunggakan`
WHERE YEAR(tgl_bayar) = \'2023\'
ORDER BY MONTH(tgl_bayar)', 0)
 2 SYSTEMPATH\Database\BaseConnection.php(678): CodeIgniter\Database\MySQLi\Connection->execute('SELECT MONTH(tgl_bayar) bulan, `MONTH` `total`
FROM `tunggakan`
WHERE YEAR(tgl_bayar) = \'2023\'
ORDER BY MONTH(tgl_bayar)')
 3 SYSTEMPATH\Database\BaseConnection.php(606): CodeIgniter\Database\BaseConnection->simpleQuery('SELECT MONTH(tgl_bayar) bulan, `MONTH` `total`
FROM `tunggakan`
WHERE YEAR(tgl_bayar) = \'2023\'
ORDER BY MONTH(tgl_bayar)')
 4 SYSTEMPATH\Database\BaseBuilder.php(1585): CodeIgniter\Database\BaseConnection->query('SELECT MONTH(tgl_bayar) bulan, `MONTH` `total`
FROM `tunggakan`
WHERE YEAR(tgl_bayar) = :YEAR(tgl_bayar):
ORDER BY MONTH(tgl_bayar)', [...], false)
 5 APPPATH\Models\Home_Model.php(45): CodeIgniter\Database\BaseBuilder->get()
 6 APPPATH\Controllers\Home.php(39): App\Models\Home_Model->get_jumlah_transaksi('2023')
 7 SYSTEMPATH\CodeIgniter.php(898): App\Controllers\Home->showJumlahTransaksi()
 8 SYSTEMPATH\CodeIgniter.php(468): CodeIgniter\CodeIgniter->runController(Object(App\Controllers\Home))
 9 SYSTEMPATH\CodeIgniter.php(351): CodeIgniter\CodeIgniter->handleRequest(null, Object(Config\Cache), false)
10 FCPATH\index.php(55): CodeIgniter\CodeIgniter->run()
11 SYSTEMPATH\Commands\Server\rewrite.php(43): require_once('FCPATH\\index.php')
ERROR - 2023-04-08 08:32:17 --> Unknown column 'MONTH' in 'field list'
CRITICAL - 2023-04-08 08:32:17 --> Unknown column 'MONTH' in 'field list'
in SYSTEMPATH\Database\MySQLi\Connection.php on line 292.
 1 SYSTEMPATH\Database\MySQLi\Connection.php(292): mysqli->query('SELECT MONTH(tgl_bayar) bulan, (MONTH) total
FROM `tunggakan`
WHERE YEAR(tgl_bayar) = \'2023\'
ORDER BY MONTH(tgl_bayar)', 0)
 2 SYSTEMPATH\Database\BaseConnection.php(678): CodeIgniter\Database\MySQLi\Connection->execute('SELECT MONTH(tgl_bayar) bulan, (MONTH) total
FROM `tunggakan`
WHERE YEAR(tgl_bayar) = \'2023\'
ORDER BY MONTH(tgl_bayar)')
 3 SYSTEMPATH\Database\BaseConnection.php(606): CodeIgniter\Database\BaseConnection->simpleQuery('SELECT MONTH(tgl_bayar) bulan, (MONTH) total
FROM `tunggakan`
WHERE YEAR(tgl_bayar) = \'2023\'
ORDER BY MONTH(tgl_bayar)')
 4 SYSTEMPATH\Database\BaseBuilder.php(1585): CodeIgniter\Database\BaseConnection->query('SELECT MONTH(tgl_bayar) bulan, (MONTH) total
FROM `tunggakan`
WHERE YEAR(tgl_bayar) = :YEAR(tgl_bayar):
ORDER BY MONTH(tgl_bayar)', [...], false)
 5 APPPATH\Models\Home_Model.php(45): CodeIgniter\Database\BaseBuilder->get()
 6 APPPATH\Controllers\Home.php(39): App\Models\Home_Model->get_jumlah_transaksi('2023')
 7 SYSTEMPATH\CodeIgniter.php(898): App\Controllers\Home->showJumlahTransaksi()
 8 SYSTEMPATH\CodeIgniter.php(468): CodeIgniter\CodeIgniter->runController(Object(App\Controllers\Home))
 9 SYSTEMPATH\CodeIgniter.php(351): CodeIgniter\CodeIgniter->handleRequest(null, Object(Config\Cache), false)
10 FCPATH\index.php(55): CodeIgniter\CodeIgniter->run()
11 SYSTEMPATH\Commands\Server\rewrite.php(43): require_once('FCPATH\\index.php')
CRITICAL - 2023-04-08 08:44:14 --> Trying to access array offset on value of type null
in APPPATH\Views\form\input_tunggakan.php on line 33.
 1 APPPATH\Views\form\input_tunggakan.php(33): CodeIgniter\Debug\Exceptions->errorHandler(2, 'Trying to access array offset on value of type null', 'APPPATH\\Views\\form\\input_tunggakan.php', 33)
 2 SYSTEMPATH\View\View.php(213): include('APPPATH\\Views\\form\\input_tunggakan.php')
 3 SYSTEMPATH\View\View.php(216): CodeIgniter\View\View->CodeIgniter\View\{closure}()
 4 SYSTEMPATH\Common.php(1135): CodeIgniter\View\View->render('/form/input_tunggakan', [], true)
 5 APPPATH\Controllers\bebas_bayar.php(35): view('/form/input_tunggakan', [...])
 6 SYSTEMPATH\CodeIgniter.php(898): App\Controllers\bebas_bayar->input('FCPATH\\css', 'style.css')
 7 SYSTEMPATH\CodeIgniter.php(468): CodeIgniter\CodeIgniter->runController(Object(App\Controllers\bebas_bayar))
 8 SYSTEMPATH\CodeIgniter.php(351): CodeIgniter\CodeIgniter->handleRequest(null, Object(Config\Cache), false)
 9 FCPATH\index.php(55): CodeIgniter\CodeIgniter->run()
10 SYSTEMPATH\Commands\Server\rewrite.php(43): require_once('FCPATH\\index.php')
CRITICAL - 2023-04-08 08:46:23 --> Trying to access array offset on value of type null
in APPPATH\Views\form\bayar_bebas.php on line 17.
 1 APPPATH\Views\form\bayar_bebas.php(17): CodeIgniter\Debug\Exceptions->errorHandler(2, 'Trying to access array offset on value of type null', 'APPPATH\\Views\\form\\bayar_bebas.php', 17)
 2 SYSTEMPATH\View\View.php(213): include('APPPATH\\Views\\form\\bayar_bebas.php')
 3 SYSTEMPATH\View\View.php(216): CodeIgniter\View\View->CodeIgniter\View\{closure}()
 4 SYSTEMPATH\Common.php(1135): CodeIgniter\View\View->render('form/bayar_bebas', [], true)
 5 APPPATH\Controllers\bebas_bayar.php(62): view('form/bayar_bebas', [...])
 6 SYSTEMPATH\CodeIgniter.php(898): App\Controllers\bebas_bayar->bayar('FCPATH\\css', 'style.css')
 7 SYSTEMPATH\CodeIgniter.php(468): CodeIgniter\CodeIgniter->runController(Object(App\Controllers\bebas_bayar))
 8 SYSTEMPATH\CodeIgniter.php(351): CodeIgniter\CodeIgniter->handleRequest(null, Object(Config\Cache), false)
 9 FCPATH\index.php(55): CodeIgniter\CodeIgniter->run()
10 SYSTEMPATH\Commands\Server\rewrite.php(43): require_once('FCPATH\\index.php')
CRITICAL - 2023-04-08 08:46:47 --> Trying to access array offset on value of type null
in APPPATH\Views\form\bayar_bebas.php on line 17.
 1 APPPATH\Views\form\bayar_bebas.php(17): CodeIgniter\Debug\Exceptions->errorHandler(2, 'Trying to access array offset on value of type null', 'APPPATH\\Views\\form\\bayar_bebas.php', 17)
 2 SYSTEMPATH\View\View.php(213): include('APPPATH\\Views\\form\\bayar_bebas.php')
 3 SYSTEMPATH\View\View.php(216): CodeIgniter\View\View->CodeIgniter\View\{closure}()
 4 SYSTEMPATH\Common.php(1135): CodeIgniter\View\View->render('form/bayar_bebas', [], true)
 5 APPPATH\Controllers\bebas_bayar.php(62): view('form/bayar_bebas', [...])
 6 SYSTEMPATH\CodeIgniter.php(898): App\Controllers\bebas_bayar->bayar('FCPATH\\css', 'style.css')
 7 SYSTEMPATH\CodeIgniter.php(468): CodeIgniter\CodeIgniter->runController(Object(App\Controllers\bebas_bayar))
 8 SYSTEMPATH\CodeIgniter.php(351): CodeIgniter\CodeIgniter->handleRequest(null, Object(Config\Cache), false)
 9 FCPATH\index.php(55): CodeIgniter\CodeIgniter->run()
10 SYSTEMPATH\Commands\Server\rewrite.php(43): require_once('FCPATH\\index.php')
CRITICAL - 2023-04-08 09:02:06 --> Undefined array key "jenis"
in APPPATH\Views\content\export_siswa.php on line 97.
 1 APPPATH\Views\content\export_siswa.php(97): CodeIgniter\Debug\Exceptions->errorHandler(2, 'Undefined array key "jenis"', 'APPPATH\\Views\\content\\export_siswa.php', 97)
 2 SYSTEMPATH\View\View.php(213): include('APPPATH\\Views\\content\\export_siswa.php')
 3 SYSTEMPATH\View\View.php(216): CodeIgniter\View\View->CodeIgniter\View\{closure}()
 4 SYSTEMPATH\Common.php(1135): CodeIgniter\View\View->render('content/export_siswa', [], true)
 5 APPPATH\Controllers\laporan.php(47): view('content/export_siswa', [...])
 6 SYSTEMPATH\CodeIgniter.php(898): App\Controllers\laporan->cetak_laporan_siswa('4')
 7 SYSTEMPATH\CodeIgniter.php(468): CodeIgniter\CodeIgniter->runController(Object(App\Controllers\laporan))
 8 SYSTEMPATH\CodeIgniter.php(351): CodeIgniter\CodeIgniter->handleRequest(null, Object(Config\Cache), false)
 9 FCPATH\index.php(55): CodeIgniter\CodeIgniter->run()
10 SYSTEMPATH\Commands\Server\rewrite.php(43): require_once('FCPATH\\index.php')
ERROR - 2023-04-08 09:11:59 --> Table 'sispp.bebas_bayar' doesn't exist
CRITICAL - 2023-04-08 09:11:59 --> Table 'sispp.bebas_bayar' doesn't exist
in SYSTEMPATH\Database\MySQLi\Connection.php on line 292.
 1 SYSTEMPATH\Database\MySQLi\Connection.php(292): mysqli->query('SELECT *
FROM `bebas_bayar`
JOIN `spp` ON `spp`.`id_spp`=`tunggakan`.`id_spp`
JOIN `kelas` ON `kelas`.`id_kelas`=`tunggakan`.`id_kelas`
WHERE `nis` = \'5\'', 0)
 2 SYSTEMPATH\Database\BaseConnection.php(678): CodeIgniter\Database\MySQLi\Connection->execute('SELECT *
FROM `bebas_bayar`
JOIN `spp` ON `spp`.`id_spp`=`tunggakan`.`id_spp`
JOIN `kelas` ON `kelas`.`id_kelas`=`tunggakan`.`id_kelas`
WHERE `nis` = \'5\'')
 3 SYSTEMPATH\Database\BaseConnection.php(606): CodeIgniter\Database\BaseConnection->simpleQuery('SELECT *
FROM `bebas_bayar`
JOIN `spp` ON `spp`.`id_spp`=`tunggakan`.`id_spp`
JOIN `kelas` ON `kelas`.`id_kelas`=`tunggakan`.`id_kelas`
WHERE `nis` = \'5\'')
 4 SYSTEMPATH\Database\BaseBuilder.php(1585): CodeIgniter\Database\BaseConnection->query('SELECT *
FROM `bebas_bayar`
JOIN `spp` ON `spp`.`id_spp`=`tunggakan`.`id_spp`
JOIN `kelas` ON `kelas`.`id_kelas`=`tunggakan`.`id_kelas`
WHERE `nis` = :nis:', [...], false)
 5 APPPATH\Models\BebasBayar_Model.php(51): CodeIgniter\Database\BaseBuilder->get()
 6 APPPATH\Controllers\laporan.php(65): App\Models\BebasBayar_Model->cetak_siswa('5')
 7 SYSTEMPATH\CodeIgniter.php(898): App\Controllers\laporan->siswa_bebas('5')
 8 SYSTEMPATH\CodeIgniter.php(468): CodeIgniter\CodeIgniter->runController(Object(App\Controllers\laporan))
 9 SYSTEMPATH\CodeIgniter.php(351): CodeIgniter\CodeIgniter->handleRequest(null, Object(Config\Cache), false)
10 FCPATH\index.php(55): CodeIgniter\CodeIgniter->run()
11 SYSTEMPATH\Commands\Server\rewrite.php(43): require_once('FCPATH\\index.php')
ERROR - 2023-04-08 09:12:33 --> Unknown column 'tunggakan.id_spp' in 'on clause'
CRITICAL - 2023-04-08 09:12:33 --> Unknown column 'tunggakan.id_spp' in 'on clause'
in SYSTEMPATH\Database\MySQLi\Connection.php on line 292.
 1 SYSTEMPATH\Database\MySQLi\Connection.php(292): mysqli->query('SELECT *
FROM `bayar_bebas`
JOIN `spp` ON `spp`.`id_spp`=`tunggakan`.`id_spp`
JOIN `kelas` ON `kelas`.`id_kelas`=`tunggakan`.`id_kelas`
WHERE `nis` = \'5\'', 0)
 2 SYSTEMPATH\Database\BaseConnection.php(678): CodeIgniter\Database\MySQLi\Connection->execute('SELECT *
FROM `bayar_bebas`
JOIN `spp` ON `spp`.`id_spp`=`tunggakan`.`id_spp`
JOIN `kelas` ON `kelas`.`id_kelas`=`tunggakan`.`id_kelas`
WHERE `nis` = \'5\'')
 3 SYSTEMPATH\Database\BaseConnection.php(606): CodeIgniter\Database\BaseConnection->simpleQuery('SELECT *
FROM `bayar_bebas`
JOIN `spp` ON `spp`.`id_spp`=`tunggakan`.`id_spp`
JOIN `kelas` ON `kelas`.`id_kelas`=`tunggakan`.`id_kelas`
WHERE `nis` = \'5\'')
 4 SYSTEMPATH\Database\BaseBuilder.php(1585): CodeIgniter\Database\BaseConnection->query('SELECT *
FROM `bayar_bebas`
JOIN `spp` ON `spp`.`id_spp`=`tunggakan`.`id_spp`
JOIN `kelas` ON `kelas`.`id_kelas`=`tunggakan`.`id_kelas`
WHERE `nis` = :nis:', [...], false)
 5 APPPATH\Models\BebasBayar_Model.php(51): CodeIgniter\Database\BaseBuilder->get()
 6 APPPATH\Controllers\laporan.php(65): App\Models\BebasBayar_Model->cetak_siswa('5')
 7 SYSTEMPATH\CodeIgniter.php(898): App\Controllers\laporan->siswa_bebas('5')
 8 SYSTEMPATH\CodeIgniter.php(468): CodeIgniter\CodeIgniter->runController(Object(App\Controllers\laporan))
 9 SYSTEMPATH\CodeIgniter.php(351): CodeIgniter\CodeIgniter->handleRequest(null, Object(Config\Cache), false)
10 FCPATH\index.php(55): CodeIgniter\CodeIgniter->run()
11 SYSTEMPATH\Commands\Server\rewrite.php(43): require_once('FCPATH\\index.php')
ERROR - 2023-04-08 09:12:52 --> Unknown column 'bayar_bebas.id_spp' in 'on clause'
CRITICAL - 2023-04-08 09:12:52 --> Unknown column 'bayar_bebas.id_spp' in 'on clause'
in SYSTEMPATH\Database\MySQLi\Connection.php on line 292.
 1 SYSTEMPATH\Database\MySQLi\Connection.php(292): mysqli->query('SELECT *
FROM `bayar_bebas`
JOIN `spp` ON `spp`.`id_spp`=`bayar_bebas`.`id_spp`
JOIN `kelas` ON `kelas`.`id_kelas`=`bayar_bebas`.`id_kelas`
WHERE `nis` = \'5\'', 0)
 2 SYSTEMPATH\Database\BaseConnection.php(678): CodeIgniter\Database\MySQLi\Connection->execute('SELECT *
FROM `bayar_bebas`
JOIN `spp` ON `spp`.`id_spp`=`bayar_bebas`.`id_spp`
JOIN `kelas` ON `kelas`.`id_kelas`=`bayar_bebas`.`id_kelas`
WHERE `nis` = \'5\'')
 3 SYSTEMPATH\Database\BaseConnection.php(606): CodeIgniter\Database\BaseConnection->simpleQuery('SELECT *
FROM `bayar_bebas`
JOIN `spp` ON `spp`.`id_spp`=`bayar_bebas`.`id_spp`
JOIN `kelas` ON `kelas`.`id_kelas`=`bayar_bebas`.`id_kelas`
WHERE `nis` = \'5\'')
 4 SYSTEMPATH\Database\BaseBuilder.php(1585): CodeIgniter\Database\BaseConnection->query('SELECT *
FROM `bayar_bebas`
JOIN `spp` ON `spp`.`id_spp`=`bayar_bebas`.`id_spp`
JOIN `kelas` ON `kelas`.`id_kelas`=`bayar_bebas`.`id_kelas`
WHERE `nis` = :nis:', [...], false)
 5 APPPATH\Models\BebasBayar_Model.php(51): CodeIgniter\Database\BaseBuilder->get()
 6 APPPATH\Controllers\laporan.php(65): App\Models\BebasBayar_Model->cetak_siswa('5')
 7 SYSTEMPATH\CodeIgniter.php(898): App\Controllers\laporan->siswa_bebas('5')
 8 SYSTEMPATH\CodeIgniter.php(468): CodeIgniter\CodeIgniter->runController(Object(App\Controllers\laporan))
 9 SYSTEMPATH\CodeIgniter.php(351): CodeIgniter\CodeIgniter->handleRequest(null, Object(Config\Cache), false)
10 FCPATH\index.php(55): CodeIgniter\CodeIgniter->run()
11 SYSTEMPATH\Commands\Server\rewrite.php(43): require_once('FCPATH\\index.php')
CRITICAL - 2023-04-08 09:13:35 --> Undefined array key "nm_siswa"
in APPPATH\Views\content\export_siswa_bebas.php on line 65.
 1 APPPATH\Views\content\export_siswa_bebas.php(65): CodeIgniter\Debug\Exceptions->errorHandler(2, 'Undefined array key "nm_siswa"', 'APPPATH\\Views\\content\\export_siswa_bebas.php', 65)
 2 SYSTEMPATH\View\View.php(213): include('APPPATH\\Views\\content\\export_siswa_bebas.php')
 3 SYSTEMPATH\View\View.php(216): CodeIgniter\View\View->CodeIgniter\View\{closure}()
 4 SYSTEMPATH\Common.php(1135): CodeIgniter\View\View->render('content/export_siswa_bebas', [], true)
 5 APPPATH\Controllers\laporan.php(70): view('content/export_siswa_bebas', [...])
 6 SYSTEMPATH\CodeIgniter.php(898): App\Controllers\laporan->siswa_bebas('4')
 7 SYSTEMPATH\CodeIgniter.php(468): CodeIgniter\CodeIgniter->runController(Object(App\Controllers\laporan))
 8 SYSTEMPATH\CodeIgniter.php(351): CodeIgniter\CodeIgniter->handleRequest(null, Object(Config\Cache), false)
 9 FCPATH\index.php(55): CodeIgniter\CodeIgniter->run()
10 SYSTEMPATH\Commands\Server\rewrite.php(43): require_once('FCPATH\\index.php')
CRITICAL - 2023-04-08 09:13:51 --> Undefined array key "nm_siswa"
in APPPATH\Views\content\export_siswa_bebas.php on line 65.
 1 APPPATH\Views\content\export_siswa_bebas.php(65): CodeIgniter\Debug\Exceptions->errorHandler(2, 'Undefined array key "nm_siswa"', 'APPPATH\\Views\\content\\export_siswa_bebas.php', 65)
 2 SYSTEMPATH\View\View.php(213): include('APPPATH\\Views\\content\\export_siswa_bebas.php')
 3 SYSTEMPATH\View\View.php(216): CodeIgniter\View\View->CodeIgniter\View\{closure}()
 4 SYSTEMPATH\Common.php(1135): CodeIgniter\View\View->render('content/export_siswa_bebas', [], true)
 5 APPPATH\Controllers\laporan.php(70): view('content/export_siswa_bebas', [...])
 6 SYSTEMPATH\CodeIgniter.php(898): App\Controllers\laporan->siswa_bebas('4')
 7 SYSTEMPATH\CodeIgniter.php(468): CodeIgniter\CodeIgniter->runController(Object(App\Controllers\laporan))
 8 SYSTEMPATH\CodeIgniter.php(351): CodeIgniter\CodeIgniter->handleRequest(null, Object(Config\Cache), false)
 9 FCPATH\index.php(55): CodeIgniter\CodeIgniter->run()
10 SYSTEMPATH\Commands\Server\rewrite.php(43): require_once('FCPATH\\index.php')
CRITICAL - 2023-04-08 09:14:04 --> Undefined array key "nm_siswa"
in APPPATH\Views\content\export_siswa_bebas.php on line 65.
 1 APPPATH\Views\content\export_siswa_bebas.php(65): CodeIgniter\Debug\Exceptions->errorHandler(2, 'Undefined array key "nm_siswa"', 'APPPATH\\Views\\content\\export_siswa_bebas.php', 65)
 2 SYSTEMPATH\View\View.php(213): include('APPPATH\\Views\\content\\export_siswa_bebas.php')
 3 SYSTEMPATH\View\View.php(216): CodeIgniter\View\View->CodeIgniter\View\{closure}()
 4 SYSTEMPATH\Common.php(1135): CodeIgniter\View\View->render('content/export_siswa_bebas', [], true)
 5 APPPATH\Controllers\laporan.php(70): view('content/export_siswa_bebas', [...])
 6 SYSTEMPATH\CodeIgniter.php(898): App\Controllers\laporan->siswa_bebas('4')
 7 SYSTEMPATH\CodeIgniter.php(468): CodeIgniter\CodeIgniter->runController(Object(App\Controllers\laporan))
 8 SYSTEMPATH\CodeIgniter.php(351): CodeIgniter\CodeIgniter->handleRequest(null, Object(Config\Cache), false)
 9 FCPATH\index.php(55): CodeIgniter\CodeIgniter->run()
10 SYSTEMPATH\Commands\Server\rewrite.php(43): require_once('FCPATH\\index.php')
CRITICAL - 2023-04-08 09:47:25 --> Trying to access array offset on value of type null
in APPPATH\Views\form\bayar_bebas.php on line 17.
 1 APPPATH\Views\form\bayar_bebas.php(17): CodeIgniter\Debug\Exceptions->errorHandler(2, 'Trying to access array offset on value of type null', 'APPPATH\\Views\\form\\bayar_bebas.php', 17)
 2 SYSTEMPATH\View\View.php(213): include('APPPATH\\Views\\form\\bayar_bebas.php')
 3 SYSTEMPATH\View\View.php(216): CodeIgniter\View\View->CodeIgniter\View\{closure}()
 4 SYSTEMPATH\Common.php(1135): CodeIgniter\View\View->render('form/bayar_bebas', [], true)
 5 APPPATH\Controllers\bebas_bayar.php(62): view('form/bayar_bebas', [...])
 6 SYSTEMPATH\CodeIgniter.php(898): App\Controllers\bebas_bayar->bayar('FCPATH\\css', 'style.css')
 7 SYSTEMPATH\CodeIgniter.php(468): CodeIgniter\CodeIgniter->runController(Object(App\Controllers\bebas_bayar))
 8 SYSTEMPATH\CodeIgniter.php(351): CodeIgniter\CodeIgniter->handleRequest(null, Object(Config\Cache), false)
 9 FCPATH\index.php(55): CodeIgniter\CodeIgniter->run()
10 SYSTEMPATH\Commands\Server\rewrite.php(43): require_once('FCPATH\\index.php')
CRITICAL - 2023-04-08 09:48:47 --> Trying to access array offset on value of type null
in APPPATH\Views\form\bayar_bebas.php on line 17.
 1 APPPATH\Views\form\bayar_bebas.php(17): CodeIgniter\Debug\Exceptions->errorHandler(2, 'Trying to access array offset on value of type null', 'APPPATH\\Views\\form\\bayar_bebas.php', 17)
 2 SYSTEMPATH\View\View.php(213): include('APPPATH\\Views\\form\\bayar_bebas.php')
 3 SYSTEMPATH\View\View.php(216): CodeIgniter\View\View->CodeIgniter\View\{closure}()
 4 SYSTEMPATH\Common.php(1135): CodeIgniter\View\View->render('form/bayar_bebas', [], true)
 5 APPPATH\Controllers\bebas_bayar.php(62): view('form/bayar_bebas', [...])
 6 SYSTEMPATH\CodeIgniter.php(898): App\Controllers\bebas_bayar->bayar('FCPATH\\css', 'style.css')
 7 SYSTEMPATH\CodeIgniter.php(468): CodeIgniter\CodeIgniter->runController(Object(App\Controllers\bebas_bayar))
 8 SYSTEMPATH\CodeIgniter.php(351): CodeIgniter\CodeIgniter->handleRequest(null, Object(Config\Cache), false)
 9 FCPATH\index.php(55): CodeIgniter\CodeIgniter->run()
10 SYSTEMPATH\Commands\Server\rewrite.php(43): require_once('FCPATH\\index.php')
CRITICAL - 2023-04-08 09:49:47 --> Trying to access array offset on value of type null
in APPPATH\Views\form\bayar_bebas.php on line 17.
 1 APPPATH\Views\form\bayar_bebas.php(17): CodeIgniter\Debug\Exceptions->errorHandler(2, 'Trying to access array offset on value of type null', 'APPPATH\\Views\\form\\bayar_bebas.php', 17)
 2 SYSTEMPATH\View\View.php(213): include('APPPATH\\Views\\form\\bayar_bebas.php')
 3 SYSTEMPATH\View\View.php(216): CodeIgniter\View\View->CodeIgniter\View\{closure}()
 4 SYSTEMPATH\Common.php(1135): CodeIgniter\View\View->render('form/bayar_bebas', [], true)
 5 APPPATH\Controllers\bebas_bayar.php(62): view('form/bayar_bebas', [...])
 6 SYSTEMPATH\CodeIgniter.php(898): App\Controllers\bebas_bayar->bayar('FCPATH\\css', 'style.css')
 7 SYSTEMPATH\CodeIgniter.php(468): CodeIgniter\CodeIgniter->runController(Object(App\Controllers\bebas_bayar))
 8 SYSTEMPATH\CodeIgniter.php(351): CodeIgniter\CodeIgniter->handleRequest(null, Object(Config\Cache), false)
 9 FCPATH\index.php(55): CodeIgniter\CodeIgniter->run()
10 SYSTEMPATH\Commands\Server\rewrite.php(43): require_once('FCPATH\\index.php')
CRITICAL - 2023-04-08 09:50:50 --> Trying to access array offset on value of type null
in APPPATH\Views\form\bayar_bebas.php on line 17.
 1 APPPATH\Views\form\bayar_bebas.php(17): CodeIgniter\Debug\Exceptions->errorHandler(2, 'Trying to access array offset on value of type null', 'APPPATH\\Views\\form\\bayar_bebas.php', 17)
 2 SYSTEMPATH\View\View.php(213): include('APPPATH\\Views\\form\\bayar_bebas.php')
 3 SYSTEMPATH\View\View.php(216): CodeIgniter\View\View->CodeIgniter\View\{closure}()
 4 SYSTEMPATH\Common.php(1135): CodeIgniter\View\View->render('form/bayar_bebas', [], true)
 5 APPPATH\Controllers\bebas_bayar.php(62): view('form/bayar_bebas', [...])
 6 SYSTEMPATH\CodeIgniter.php(898): App\Controllers\bebas_bayar->bayar('FCPATH\\css', 'style.css')
 7 SYSTEMPATH\CodeIgniter.php(468): CodeIgniter\CodeIgniter->runController(Object(App\Controllers\bebas_bayar))
 8 SYSTEMPATH\CodeIgniter.php(351): CodeIgniter\CodeIgniter->handleRequest(null, Object(Config\Cache), false)
 9 FCPATH\index.php(55): CodeIgniter\CodeIgniter->run()
10 SYSTEMPATH\Commands\Server\rewrite.php(43): require_once('FCPATH\\index.php')
CRITICAL - 2023-04-08 09:52:04 --> Trying to access array offset on value of type null
in APPPATH\Views\form\bayar_bebas.php on line 17.
 1 APPPATH\Views\form\bayar_bebas.php(17): CodeIgniter\Debug\Exceptions->errorHandler(2, 'Trying to access array offset on value of type null', 'APPPATH\\Views\\form\\bayar_bebas.php', 17)
 2 SYSTEMPATH\View\View.php(213): include('APPPATH\\Views\\form\\bayar_bebas.php')
 3 SYSTEMPATH\View\View.php(216): CodeIgniter\View\View->CodeIgniter\View\{closure}()
 4 SYSTEMPATH\Common.php(1135): CodeIgniter\View\View->render('form/bayar_bebas', [], true)
 5 APPPATH\Controllers\bebas_bayar.php(62): view('form/bayar_bebas', [...])
 6 SYSTEMPATH\CodeIgniter.php(898): App\Controllers\bebas_bayar->bayar('FCPATH\\css', 'style.css')
 7 SYSTEMPATH\CodeIgniter.php(468): CodeIgniter\CodeIgniter->runController(Object(App\Controllers\bebas_bayar))
 8 SYSTEMPATH\CodeIgniter.php(351): CodeIgniter\CodeIgniter->handleRequest(null, Object(Config\Cache), false)
 9 FCPATH\index.php(55): CodeIgniter\CodeIgniter->run()
10 SYSTEMPATH\Commands\Server\rewrite.php(43): require_once('FCPATH\\index.php')
CRITICAL - 2023-04-08 09:53:16 --> Trying to access array offset on value of type null
in APPPATH\Views\form\bayar_bebas.php on line 17.
 1 APPPATH\Views\form\bayar_bebas.php(17): CodeIgniter\Debug\Exceptions->errorHandler(2, 'Trying to access array offset on value of type null', 'APPPATH\\Views\\form\\bayar_bebas.php', 17)
 2 SYSTEMPATH\View\View.php(213): include('APPPATH\\Views\\form\\bayar_bebas.php')
 3 SYSTEMPATH\View\View.php(216): CodeIgniter\View\View->CodeIgniter\View\{closure}()
 4 SYSTEMPATH\Common.php(1135): CodeIgniter\View\View->render('form/bayar_bebas', [], true)
 5 APPPATH\Controllers\bebas_bayar.php(62): view('form/bayar_bebas', [...])
 6 SYSTEMPATH\CodeIgniter.php(898): App\Controllers\bebas_bayar->bayar('FCPATH\\css', 'style.css')
 7 SYSTEMPATH\CodeIgniter.php(468): CodeIgniter\CodeIgniter->runController(Object(App\Controllers\bebas_bayar))
 8 SYSTEMPATH\CodeIgniter.php(351): CodeIgniter\CodeIgniter->handleRequest(null, Object(Config\Cache), false)
 9 FCPATH\index.php(55): CodeIgniter\CodeIgniter->run()
10 SYSTEMPATH\Commands\Server\rewrite.php(43): require_once('FCPATH\\index.php')
CRITICAL - 2023-04-08 09:53:47 --> Trying to access array offset on value of type null
in APPPATH\Views\form\bayar_bebas.php on line 17.
 1 APPPATH\Views\form\bayar_bebas.php(17): CodeIgniter\Debug\Exceptions->errorHandler(2, 'Trying to access array offset on value of type null', 'APPPATH\\Views\\form\\bayar_bebas.php', 17)
 2 SYSTEMPATH\View\View.php(213): include('APPPATH\\Views\\form\\bayar_bebas.php')
 3 SYSTEMPATH\View\View.php(216): CodeIgniter\View\View->CodeIgniter\View\{closure}()
 4 SYSTEMPATH\Common.php(1135): CodeIgniter\View\View->render('form/bayar_bebas', [], true)
 5 APPPATH\Controllers\bebas_bayar.php(62): view('form/bayar_bebas', [...])
 6 SYSTEMPATH\CodeIgniter.php(898): App\Controllers\bebas_bayar->bayar('FCPATH\\css', 'style.css')
 7 SYSTEMPATH\CodeIgniter.php(468): CodeIgniter\CodeIgniter->runController(Object(App\Controllers\bebas_bayar))
 8 SYSTEMPATH\CodeIgniter.php(351): CodeIgniter\CodeIgniter->handleRequest(null, Object(Config\Cache), false)
 9 FCPATH\index.php(55): CodeIgniter\CodeIgniter->run()
10 SYSTEMPATH\Commands\Server\rewrite.php(43): require_once('FCPATH\\index.php')
CRITICAL - 2023-04-08 09:54:39 --> Trying to access array offset on value of type null
in APPPATH\Views\form\bayar_bebas.php on line 17.
 1 APPPATH\Views\form\bayar_bebas.php(17): CodeIgniter\Debug\Exceptions->errorHandler(2, 'Trying to access array offset on value of type null', 'APPPATH\\Views\\form\\bayar_bebas.php', 17)
 2 SYSTEMPATH\View\View.php(213): include('APPPATH\\Views\\form\\bayar_bebas.php')
 3 SYSTEMPATH\View\View.php(216): CodeIgniter\View\View->CodeIgniter\View\{closure}()
 4 SYSTEMPATH\Common.php(1135): CodeIgniter\View\View->render('form/bayar_bebas', [], true)
 5 APPPATH\Controllers\bebas_bayar.php(62): view('form/bayar_bebas', [...])
 6 SYSTEMPATH\CodeIgniter.php(898): App\Controllers\bebas_bayar->bayar('FCPATH\\css', 'style.css')
 7 SYSTEMPATH\CodeIgniter.php(468): CodeIgniter\CodeIgniter->runController(Object(App\Controllers\bebas_bayar))
 8 SYSTEMPATH\CodeIgniter.php(351): CodeIgniter\CodeIgniter->handleRequest(null, Object(Config\Cache), false)
 9 FCPATH\index.php(55): CodeIgniter\CodeIgniter->run()
10 SYSTEMPATH\Commands\Server\rewrite.php(43): require_once('FCPATH\\index.php')
CRITICAL - 2023-04-08 09:55:22 --> Trying to access array offset on value of type null
in APPPATH\Views\form\bayar_bebas.php on line 17.
 1 APPPATH\Views\form\bayar_bebas.php(17): CodeIgniter\Debug\Exceptions->errorHandler(2, 'Trying to access array offset on value of type null', 'APPPATH\\Views\\form\\bayar_bebas.php', 17)
 2 SYSTEMPATH\View\View.php(213): include('APPPATH\\Views\\form\\bayar_bebas.php')
 3 SYSTEMPATH\View\View.php(216): CodeIgniter\View\View->CodeIgniter\View\{closure}()
 4 SYSTEMPATH\Common.php(1135): CodeIgniter\View\View->render('form/bayar_bebas', [], true)
 5 APPPATH\Controllers\bebas_bayar.php(62): view('form/bayar_bebas', [...])
 6 SYSTEMPATH\CodeIgniter.php(898): App\Controllers\bebas_bayar->bayar('FCPATH\\css', 'style.css')
 7 SYSTEMPATH\CodeIgniter.php(468): CodeIgniter\CodeIgniter->runController(Object(App\Controllers\bebas_bayar))
 8 SYSTEMPATH\CodeIgniter.php(351): CodeIgniter\CodeIgniter->handleRequest(null, Object(Config\Cache), false)
 9 FCPATH\index.php(55): CodeIgniter\CodeIgniter->run()
10 SYSTEMPATH\Commands\Server\rewrite.php(43): require_once('FCPATH\\index.php')
CRITICAL - 2023-04-08 09:56:01 --> Trying to access array offset on value of type null
in APPPATH\Views\form\bayar_bebas.php on line 17.
 1 APPPATH\Views\form\bayar_bebas.php(17): CodeIgniter\Debug\Exceptions->errorHandler(2, 'Trying to access array offset on value of type null', 'APPPATH\\Views\\form\\bayar_bebas.php', 17)
 2 SYSTEMPATH\View\View.php(213): include('APPPATH\\Views\\form\\bayar_bebas.php')
 3 SYSTEMPATH\View\View.php(216): CodeIgniter\View\View->CodeIgniter\View\{closure}()
 4 SYSTEMPATH\Common.php(1135): CodeIgniter\View\View->render('form/bayar_bebas', [], true)
 5 APPPATH\Controllers\bebas_bayar.php(62): view('form/bayar_bebas', [...])
 6 SYSTEMPATH\CodeIgniter.php(898): App\Controllers\bebas_bayar->bayar('FCPATH\\css', 'style.css')
 7 SYSTEMPATH\CodeIgniter.php(468): CodeIgniter\CodeIgniter->runController(Object(App\Controllers\bebas_bayar))
 8 SYSTEMPATH\CodeIgniter.php(351): CodeIgniter\CodeIgniter->handleRequest(null, Object(Config\Cache), false)
 9 FCPATH\index.php(55): CodeIgniter\CodeIgniter->run()
10 SYSTEMPATH\Commands\Server\rewrite.php(43): require_once('FCPATH\\index.php')
CRITICAL - 2023-04-08 09:58:16 --> Trying to access array offset on value of type null
in APPPATH\Views\form\bayar_bebas.php on line 17.
 1 APPPATH\Views\form\bayar_bebas.php(17): CodeIgniter\Debug\Exceptions->errorHandler(2, 'Trying to access array offset on value of type null', 'APPPATH\\Views\\form\\bayar_bebas.php', 17)
 2 SYSTEMPATH\View\View.php(213): include('APPPATH\\Views\\form\\bayar_bebas.php')
 3 SYSTEMPATH\View\View.php(216): CodeIgniter\View\View->CodeIgniter\View\{closure}()
 4 SYSTEMPATH\Common.php(1135): CodeIgniter\View\View->render('form/bayar_bebas', [], true)
 5 APPPATH\Controllers\bebas_bayar.php(62): view('form/bayar_bebas', [...])
 6 SYSTEMPATH\CodeIgniter.php(898): App\Controllers\bebas_bayar->bayar('FCPATH\\css', 'style.css')
 7 SYSTEMPATH\CodeIgniter.php(468): CodeIgniter\CodeIgniter->runController(Object(App\Controllers\bebas_bayar))
 8 SYSTEMPATH\CodeIgniter.php(351): CodeIgniter\CodeIgniter->handleRequest(null, Object(Config\Cache), false)
 9 FCPATH\index.php(55): CodeIgniter\CodeIgniter->run()
10 SYSTEMPATH\Commands\Server\rewrite.php(43): require_once('FCPATH\\index.php')
CRITICAL - 2023-04-08 10:03:35 --> Trying to access array offset on value of type null
in APPPATH\Views\form\bayar_bebas.php on line 17.
 1 APPPATH\Views\form\bayar_bebas.php(17): CodeIgniter\Debug\Exceptions->errorHandler(2, 'Trying to access array offset on value of type null', 'APPPATH\\Views\\form\\bayar_bebas.php', 17)
 2 SYSTEMPATH\View\View.php(213): include('APPPATH\\Views\\form\\bayar_bebas.php')
 3 SYSTEMPATH\View\View.php(216): CodeIgniter\View\View->CodeIgniter\View\{closure}()
 4 SYSTEMPATH\Common.php(1135): CodeIgniter\View\View->render('form/bayar_bebas', [], true)
 5 APPPATH\Controllers\bebas_bayar.php(62): view('form/bayar_bebas', [...])
 6 SYSTEMPATH\CodeIgniter.php(898): App\Controllers\bebas_bayar->bayar('FCPATH\\css', 'style.css')
 7 SYSTEMPATH\CodeIgniter.php(468): CodeIgniter\CodeIgniter->runController(Object(App\Controllers\bebas_bayar))
 8 SYSTEMPATH\CodeIgniter.php(351): CodeIgniter\CodeIgniter->handleRequest(null, Object(Config\Cache), false)
 9 FCPATH\index.php(55): CodeIgniter\CodeIgniter->run()
10 SYSTEMPATH\Commands\Server\rewrite.php(43): require_once('FCPATH\\index.php')
CRITICAL - 2023-04-08 10:04:12 --> Trying to access array offset on value of type null
in APPPATH\Views\form\bayar_bebas.php on line 17.
 1 APPPATH\Views\form\bayar_bebas.php(17): CodeIgniter\Debug\Exceptions->errorHandler(2, 'Trying to access array offset on value of type null', 'APPPATH\\Views\\form\\bayar_bebas.php', 17)
 2 SYSTEMPATH\View\View.php(213): include('APPPATH\\Views\\form\\bayar_bebas.php')
 3 SYSTEMPATH\View\View.php(216): CodeIgniter\View\View->CodeIgniter\View\{closure}()
 4 SYSTEMPATH\Common.php(1135): CodeIgniter\View\View->render('form/bayar_bebas', [], true)
 5 APPPATH\Controllers\bebas_bayar.php(62): view('form/bayar_bebas', [...])
 6 SYSTEMPATH\CodeIgniter.php(898): App\Controllers\bebas_bayar->bayar('FCPATH\\css', 'style.css')
 7 SYSTEMPATH\CodeIgniter.php(468): CodeIgniter\CodeIgniter->runController(Object(App\Controllers\bebas_bayar))
 8 SYSTEMPATH\CodeIgniter.php(351): CodeIgniter\CodeIgniter->handleRequest(null, Object(Config\Cache), false)
 9 FCPATH\index.php(55): CodeIgniter\CodeIgniter->run()
10 SYSTEMPATH\Commands\Server\rewrite.php(43): require_once('FCPATH\\index.php')
CRITICAL - 2023-04-08 10:06:10 --> Trying to access array offset on value of type null
in APPPATH\Views\form\bayar_bebas.php on line 17.
 1 APPPATH\Views\form\bayar_bebas.php(17): CodeIgniter\Debug\Exceptions->errorHandler(2, 'Trying to access array offset on value of type null', 'APPPATH\\Views\\form\\bayar_bebas.php', 17)
 2 SYSTEMPATH\View\View.php(213): include('APPPATH\\Views\\form\\bayar_bebas.php')
 3 SYSTEMPATH\View\View.php(216): CodeIgniter\View\View->CodeIgniter\View\{closure}()
 4 SYSTEMPATH\Common.php(1135): CodeIgniter\View\View->render('form/bayar_bebas', [], true)
 5 APPPATH\Controllers\bebas_bayar.php(62): view('form/bayar_bebas', [...])
 6 SYSTEMPATH\CodeIgniter.php(898): App\Controllers\bebas_bayar->bayar('FCPATH\\css', 'style.css')
 7 SYSTEMPATH\CodeIgniter.php(468): CodeIgniter\CodeIgniter->runController(Object(App\Controllers\bebas_bayar))
 8 SYSTEMPATH\CodeIgniter.php(351): CodeIgniter\CodeIgniter->handleRequest(null, Object(Config\Cache), false)
 9 FCPATH\index.php(55): CodeIgniter\CodeIgniter->run()
10 SYSTEMPATH\Commands\Server\rewrite.php(43): require_once('FCPATH\\index.php')
CRITICAL - 2023-04-08 10:09:45 --> Undefined property: CodeIgniter\HTTP\IncomingRequest::$getPost
in APPPATH\Controllers\bebas_bayar.php on line 71.
 1 APPPATH\Controllers\bebas_bayar.php(71): CodeIgniter\Debug\Exceptions->errorHandler(2, 'Undefined property: CodeIgniter\\HTTP\\IncomingRequest::$getPost', 'APPPATH\\Controllers\\bebas_bayar.php', 71)
 2 SYSTEMPATH\CodeIgniter.php(898): App\Controllers\bebas_bayar->simpan('4')
 3 SYSTEMPATH\CodeIgniter.php(468): CodeIgniter\CodeIgniter->runController(Object(App\Controllers\bebas_bayar))
 4 SYSTEMPATH\CodeIgniter.php(351): CodeIgniter\CodeIgniter->handleRequest(null, Object(Config\Cache), false)
 5 FCPATH\index.php(55): CodeIgniter\CodeIgniter->run()
 6 SYSTEMPATH\Commands\Server\rewrite.php(43): require_once('FCPATH\\index.php')
CRITICAL - 2023-04-08 10:11:49 --> Trying to access array offset on value of type null
in APPPATH\Views\form\bayar_bebas.php on line 17.
 1 APPPATH\Views\form\bayar_bebas.php(17): CodeIgniter\Debug\Exceptions->errorHandler(2, 'Trying to access array offset on value of type null', 'APPPATH\\Views\\form\\bayar_bebas.php', 17)
 2 SYSTEMPATH\View\View.php(213): include('APPPATH\\Views\\form\\bayar_bebas.php')
 3 SYSTEMPATH\View\View.php(216): CodeIgniter\View\View->CodeIgniter\View\{closure}()
 4 SYSTEMPATH\Common.php(1135): CodeIgniter\View\View->render('form/bayar_bebas', [], true)
 5 APPPATH\Controllers\bebas_bayar.php(62): view('form/bayar_bebas', [...])
 6 SYSTEMPATH\CodeIgniter.php(898): App\Controllers\bebas_bayar->bayar('FCPATH\\css', 'style.css')
 7 SYSTEMPATH\CodeIgniter.php(468): CodeIgniter\CodeIgniter->runController(Object(App\Controllers\bebas_bayar))
 8 SYSTEMPATH\CodeIgniter.php(351): CodeIgniter\CodeIgniter->handleRequest(null, Object(Config\Cache), false)
 9 FCPATH\index.php(55): CodeIgniter\CodeIgniter->run()
10 SYSTEMPATH\Commands\Server\rewrite.php(43): require_once('FCPATH\\index.php')
CRITICAL - 2023-04-08 10:11:52 --> Trying to access array offset on value of type null
in APPPATH\Views\form\bayar_bebas.php on line 17.
 1 APPPATH\Views\form\bayar_bebas.php(17): CodeIgniter\Debug\Exceptions->errorHandler(2, 'Trying to access array offset on value of type null', 'APPPATH\\Views\\form\\bayar_bebas.php', 17)
 2 SYSTEMPATH\View\View.php(213): include('APPPATH\\Views\\form\\bayar_bebas.php')
 3 SYSTEMPATH\View\View.php(216): CodeIgniter\View\View->CodeIgniter\View\{closure}()
 4 SYSTEMPATH\Common.php(1135): CodeIgniter\View\View->render('form/bayar_bebas', [], true)
 5 APPPATH\Controllers\bebas_bayar.php(62): view('form/bayar_bebas', [...])
 6 SYSTEMPATH\CodeIgniter.php(898): App\Controllers\bebas_bayar->bayar('FCPATH\\css', 'style.css')
 7 SYSTEMPATH\CodeIgniter.php(468): CodeIgniter\CodeIgniter->runController(Object(App\Controllers\bebas_bayar))
 8 SYSTEMPATH\CodeIgniter.php(351): CodeIgniter\CodeIgniter->handleRequest(null, Object(Config\Cache), false)
 9 FCPATH\index.php(55): CodeIgniter\CodeIgniter->run()
10 SYSTEMPATH\Commands\Server\rewrite.php(43): require_once('FCPATH\\index.php')
CRITICAL - 2023-04-08 10:12:01 --> array_sum(): Argument #1 ($array) must be of type array, string given
in APPPATH\Controllers\bebas_bayar.php on line 72.
 1 APPPATH\Controllers\bebas_bayar.php(72): array_sum('800000')
 2 SYSTEMPATH\CodeIgniter.php(898): App\Controllers\bebas_bayar->simpan('4')
 3 SYSTEMPATH\CodeIgniter.php(468): CodeIgniter\CodeIgniter->runController(Object(App\Controllers\bebas_bayar))
 4 SYSTEMPATH\CodeIgniter.php(351): CodeIgniter\CodeIgniter->handleRequest(null, Object(Config\Cache), false)
 5 FCPATH\index.php(55): CodeIgniter\CodeIgniter->run()
 6 SYSTEMPATH\Commands\Server\rewrite.php(43): require_once('FCPATH\\index.php')
CRITICAL - 2023-04-08 10:15:14 --> Trying to access array offset on value of type null
in APPPATH\Views\form\bayar_bebas.php on line 17.
 1 APPPATH\Views\form\bayar_bebas.php(17): CodeIgniter\Debug\Exceptions->errorHandler(2, 'Trying to access array offset on value of type null', 'APPPATH\\Views\\form\\bayar_bebas.php', 17)
 2 SYSTEMPATH\View\View.php(213): include('APPPATH\\Views\\form\\bayar_bebas.php')
 3 SYSTEMPATH\View\View.php(216): CodeIgniter\View\View->CodeIgniter\View\{closure}()
 4 SYSTEMPATH\Common.php(1135): CodeIgniter\View\View->render('form/bayar_bebas', [], true)
 5 APPPATH\Controllers\bebas_bayar.php(62): view('form/bayar_bebas', [...])
 6 SYSTEMPATH\CodeIgniter.php(898): App\Controllers\bebas_bayar->bayar('FCPATH\\css', 'style.css')
 7 SYSTEMPATH\CodeIgniter.php(468): CodeIgniter\CodeIgniter->runController(Object(App\Controllers\bebas_bayar))
 8 SYSTEMPATH\CodeIgniter.php(351): CodeIgniter\CodeIgniter->handleRequest(null, Object(Config\Cache), false)
 9 FCPATH\index.php(55): CodeIgniter\CodeIgniter->run()
10 SYSTEMPATH\Commands\Server\rewrite.php(43): require_once('FCPATH\\index.php')
CRITICAL - 2023-04-08 10:15:57 --> Trying to access array offset on value of type null
in APPPATH\Views\form\bayar_bebas.php on line 17.
 1 APPPATH\Views\form\bayar_bebas.php(17): CodeIgniter\Debug\Exceptions->errorHandler(2, 'Trying to access array offset on value of type null', 'APPPATH\\Views\\form\\bayar_bebas.php', 17)
 2 SYSTEMPATH\View\View.php(213): include('APPPATH\\Views\\form\\bayar_bebas.php')
 3 SYSTEMPATH\View\View.php(216): CodeIgniter\View\View->CodeIgniter\View\{closure}()
 4 SYSTEMPATH\Common.php(1135): CodeIgniter\View\View->render('form/bayar_bebas', [], true)
 5 APPPATH\Controllers\bebas_bayar.php(62): view('form/bayar_bebas', [...])
 6 SYSTEMPATH\CodeIgniter.php(898): App\Controllers\bebas_bayar->bayar('FCPATH\\css', 'style.css')
 7 SYSTEMPATH\CodeIgniter.php(468): CodeIgniter\CodeIgniter->runController(Object(App\Controllers\bebas_bayar))
 8 SYSTEMPATH\CodeIgniter.php(351): CodeIgniter\CodeIgniter->handleRequest(null, Object(Config\Cache), false)
 9 FCPATH\index.php(55): CodeIgniter\CodeIgniter->run()
10 SYSTEMPATH\Commands\Server\rewrite.php(43): require_once('FCPATH\\index.php')
CRITICAL - 2023-04-08 10:16:22 --> Trying to access array offset on value of type null
in APPPATH\Views\form\bayar_bebas.php on line 17.
 1 APPPATH\Views\form\bayar_bebas.php(17): CodeIgniter\Debug\Exceptions->errorHandler(2, 'Trying to access array offset on value of type null', 'APPPATH\\Views\\form\\bayar_bebas.php', 17)
 2 SYSTEMPATH\View\View.php(213): include('APPPATH\\Views\\form\\bayar_bebas.php')
 3 SYSTEMPATH\View\View.php(216): CodeIgniter\View\View->CodeIgniter\View\{closure}()
 4 SYSTEMPATH\Common.php(1135): CodeIgniter\View\View->render('form/bayar_bebas', [], true)
 5 APPPATH\Controllers\bebas_bayar.php(62): view('form/bayar_bebas', [...])
 6 SYSTEMPATH\CodeIgniter.php(898): App\Controllers\bebas_bayar->bayar('FCPATH\\css', 'style.css')
 7 SYSTEMPATH\CodeIgniter.php(468): CodeIgniter\CodeIgniter->runController(Object(App\Controllers\bebas_bayar))
 8 SYSTEMPATH\CodeIgniter.php(351): CodeIgniter\CodeIgniter->handleRequest(null, Object(Config\Cache), false)
 9 FCPATH\index.php(55): CodeIgniter\CodeIgniter->run()
10 SYSTEMPATH\Commands\Server\rewrite.php(43): require_once('FCPATH\\index.php')
CRITICAL - 2023-04-08 10:16:46 --> Trying to access array offset on value of type null
in APPPATH\Views\form\bayar_bebas.php on line 17.
 1 APPPATH\Views\form\bayar_bebas.php(17): CodeIgniter\Debug\Exceptions->errorHandler(2, 'Trying to access array offset on value of type null', 'APPPATH\\Views\\form\\bayar_bebas.php', 17)
 2 SYSTEMPATH\View\View.php(213): include('APPPATH\\Views\\form\\bayar_bebas.php')
 3 SYSTEMPATH\View\View.php(216): CodeIgniter\View\View->CodeIgniter\View\{closure}()
 4 SYSTEMPATH\Common.php(1135): CodeIgniter\View\View->render('form/bayar_bebas', [], true)
 5 APPPATH\Controllers\bebas_bayar.php(62): view('form/bayar_bebas', [...])
 6 SYSTEMPATH\CodeIgniter.php(898): App\Controllers\bebas_bayar->bayar('FCPATH\\css', 'style.css')
 7 SYSTEMPATH\CodeIgniter.php(468): CodeIgniter\CodeIgniter->runController(Object(App\Controllers\bebas_bayar))
 8 SYSTEMPATH\CodeIgniter.php(351): CodeIgniter\CodeIgniter->handleRequest(null, Object(Config\Cache), false)
 9 FCPATH\index.php(55): CodeIgniter\CodeIgniter->run()
10 SYSTEMPATH\Commands\Server\rewrite.php(43): require_once('FCPATH\\index.php')
CRITICAL - 2023-04-08 10:17:08 --> Trying to access array offset on value of type null
in APPPATH\Views\form\bayar_bebas.php on line 17.
 1 APPPATH\Views\form\bayar_bebas.php(17): CodeIgniter\Debug\Exceptions->errorHandler(2, 'Trying to access array offset on value of type null', 'APPPATH\\Views\\form\\bayar_bebas.php', 17)
 2 SYSTEMPATH\View\View.php(213): include('APPPATH\\Views\\form\\bayar_bebas.php')
 3 SYSTEMPATH\View\View.php(216): CodeIgniter\View\View->CodeIgniter\View\{closure}()
 4 SYSTEMPATH\Common.php(1135): CodeIgniter\View\View->render('form/bayar_bebas', [], true)
 5 APPPATH\Controllers\bebas_bayar.php(62): view('form/bayar_bebas', [...])
 6 SYSTEMPATH\CodeIgniter.php(898): App\Controllers\bebas_bayar->bayar('FCPATH\\css', 'style.css')
 7 SYSTEMPATH\CodeIgniter.php(468): CodeIgniter\CodeIgniter->runController(Object(App\Controllers\bebas_bayar))
 8 SYSTEMPATH\CodeIgniter.php(351): CodeIgniter\CodeIgniter->handleRequest(null, Object(Config\Cache), false)
 9 FCPATH\index.php(55): CodeIgniter\CodeIgniter->run()
10 SYSTEMPATH\Commands\Server\rewrite.php(43): require_once('FCPATH\\index.php')
CRITICAL - 2023-04-08 10:18:25 --> Trying to access array offset on value of type null
in APPPATH\Views\form\bayar_bebas.php on line 17.
 1 APPPATH\Views\form\bayar_bebas.php(17): CodeIgniter\Debug\Exceptions->errorHandler(2, 'Trying to access array offset on value of type null', 'APPPATH\\Views\\form\\bayar_bebas.php', 17)
 2 SYSTEMPATH\View\View.php(213): include('APPPATH\\Views\\form\\bayar_bebas.php')
 3 SYSTEMPATH\View\View.php(216): CodeIgniter\View\View->CodeIgniter\View\{closure}()
 4 SYSTEMPATH\Common.php(1135): CodeIgniter\View\View->render('form/bayar_bebas', [], true)
 5 APPPATH\Controllers\bebas_bayar.php(62): view('form/bayar_bebas', [...])
 6 SYSTEMPATH\CodeIgniter.php(898): App\Controllers\bebas_bayar->bayar('FCPATH\\css', 'style.css')
 7 SYSTEMPATH\CodeIgniter.php(468): CodeIgniter\CodeIgniter->runController(Object(App\Controllers\bebas_bayar))
 8 SYSTEMPATH\CodeIgniter.php(351): CodeIgniter\CodeIgniter->handleRequest(null, Object(Config\Cache), false)
 9 FCPATH\index.php(55): CodeIgniter\CodeIgniter->run()
10 SYSTEMPATH\Commands\Server\rewrite.php(43): require_once('FCPATH\\index.php')
CRITICAL - 2023-04-08 10:18:30 --> array_sum(): Argument #1 ($array) must be of type array, string given
in APPPATH\Controllers\bebas_bayar.php on line 72.
 1 APPPATH\Controllers\bebas_bayar.php(72): array_sum('500000')
 2 SYSTEMPATH\CodeIgniter.php(898): App\Controllers\bebas_bayar->simpan('8')
 3 SYSTEMPATH\CodeIgniter.php(468): CodeIgniter\CodeIgniter->runController(Object(App\Controllers\bebas_bayar))
 4 SYSTEMPATH\CodeIgniter.php(351): CodeIgniter\CodeIgniter->handleRequest(null, Object(Config\Cache), false)
 5 FCPATH\index.php(55): CodeIgniter\CodeIgniter->run()
 6 SYSTEMPATH\Commands\Server\rewrite.php(43): require_once('FCPATH\\index.php')
CRITICAL - 2023-04-08 10:19:07 --> array_sum(): Argument #1 ($array) must be of type array, string given
in APPPATH\Controllers\bebas_bayar.php on line 72.
 1 APPPATH\Controllers\bebas_bayar.php(72): array_sum('jumlahbayar')
 2 SYSTEMPATH\CodeIgniter.php(898): App\Controllers\bebas_bayar->simpan('8')
 3 SYSTEMPATH\CodeIgniter.php(468): CodeIgniter\CodeIgniter->runController(Object(App\Controllers\bebas_bayar))
 4 SYSTEMPATH\CodeIgniter.php(351): CodeIgniter\CodeIgniter->handleRequest(null, Object(Config\Cache), false)
 5 FCPATH\index.php(55): CodeIgniter\CodeIgniter->run()
 6 SYSTEMPATH\Commands\Server\rewrite.php(43): require_once('FCPATH\\index.php')
CRITICAL - 2023-04-08 10:23:12 --> Trying to access array offset on value of type null
in APPPATH\Views\form\bayar_bebas.php on line 17.
 1 APPPATH\Views\form\bayar_bebas.php(17): CodeIgniter\Debug\Exceptions->errorHandler(2, 'Trying to access array offset on value of type null', 'APPPATH\\Views\\form\\bayar_bebas.php', 17)
 2 SYSTEMPATH\View\View.php(213): include('APPPATH\\Views\\form\\bayar_bebas.php')
 3 SYSTEMPATH\View\View.php(216): CodeIgniter\View\View->CodeIgniter\View\{closure}()
 4 SYSTEMPATH\Common.php(1135): CodeIgniter\View\View->render('form/bayar_bebas', [], true)
 5 APPPATH\Controllers\bebas_bayar.php(62): view('form/bayar_bebas', [...])
 6 SYSTEMPATH\CodeIgniter.php(898): App\Controllers\bebas_bayar->bayar('FCPATH\\css', 'style.css')
 7 SYSTEMPATH\CodeIgniter.php(468): CodeIgniter\CodeIgniter->runController(Object(App\Controllers\bebas_bayar))
 8 SYSTEMPATH\CodeIgniter.php(351): CodeIgniter\CodeIgniter->handleRequest(null, Object(Config\Cache), false)
 9 FCPATH\index.php(55): CodeIgniter\CodeIgniter->run()
10 SYSTEMPATH\Commands\Server\rewrite.php(43): require_once('FCPATH\\index.php')
CRITICAL - 2023-04-08 10:25:11 --> Undefined array key "jumlah_bayar"
in APPPATH\Views\form\bayar_bebas.php on line 62.
 1 APPPATH\Views\form\bayar_bebas.php(62): CodeIgniter\Debug\Exceptions->errorHandler(2, 'Undefined array key "jumlah_bayar"', 'APPPATH\\Views\\form\\bayar_bebas.php', 62)
 2 SYSTEMPATH\View\View.php(213): include('APPPATH\\Views\\form\\bayar_bebas.php')
 3 SYSTEMPATH\View\View.php(216): CodeIgniter\View\View->CodeIgniter\View\{closure}()
 4 SYSTEMPATH\Common.php(1135): CodeIgniter\View\View->render('form/bayar_bebas', [], true)
 5 APPPATH\Controllers\bebas_bayar.php(62): view('form/bayar_bebas', [...])
 6 SYSTEMPATH\CodeIgniter.php(898): App\Controllers\bebas_bayar->bayar('7')
 7 SYSTEMPATH\CodeIgniter.php(468): CodeIgniter\CodeIgniter->runController(Object(App\Controllers\bebas_bayar))
 8 SYSTEMPATH\CodeIgniter.php(351): CodeIgniter\CodeIgniter->handleRequest(null, Object(Config\Cache), false)
 9 FCPATH\index.php(55): CodeIgniter\CodeIgniter->run()
10 SYSTEMPATH\Commands\Server\rewrite.php(43): require_once('FCPATH\\index.php')
CRITICAL - 2023-04-08 10:25:27 --> Trying to access array offset on value of type null
in APPPATH\Views\form\bayar_bebas.php on line 17.
 1 APPPATH\Views\form\bayar_bebas.php(17): CodeIgniter\Debug\Exceptions->errorHandler(2, 'Trying to access array offset on value of type null', 'APPPATH\\Views\\form\\bayar_bebas.php', 17)
 2 SYSTEMPATH\View\View.php(213): include('APPPATH\\Views\\form\\bayar_bebas.php')
 3 SYSTEMPATH\View\View.php(216): CodeIgniter\View\View->CodeIgniter\View\{closure}()
 4 SYSTEMPATH\Common.php(1135): CodeIgniter\View\View->render('form/bayar_bebas', [], true)
 5 APPPATH\Controllers\bebas_bayar.php(62): view('form/bayar_bebas', [...])
 6 SYSTEMPATH\CodeIgniter.php(898): App\Controllers\bebas_bayar->bayar('FCPATH\\css', 'style.css')
 7 SYSTEMPATH\CodeIgniter.php(468): CodeIgniter\CodeIgniter->runController(Object(App\Controllers\bebas_bayar))
 8 SYSTEMPATH\CodeIgniter.php(351): CodeIgniter\CodeIgniter->handleRequest(null, Object(Config\Cache), false)
 9 FCPATH\index.php(55): CodeIgniter\CodeIgniter->run()
10 SYSTEMPATH\Commands\Server\rewrite.php(43): require_once('FCPATH\\index.php')
CRITICAL - 2023-04-08 10:26:00 --> Trying to access array offset on value of type null
in APPPATH\Views\form\bayar_bebas.php on line 17.
 1 APPPATH\Views\form\bayar_bebas.php(17): CodeIgniter\Debug\Exceptions->errorHandler(2, 'Trying to access array offset on value of type null', 'APPPATH\\Views\\form\\bayar_bebas.php', 17)
 2 SYSTEMPATH\View\View.php(213): include('APPPATH\\Views\\form\\bayar_bebas.php')
 3 SYSTEMPATH\View\View.php(216): CodeIgniter\View\View->CodeIgniter\View\{closure}()
 4 SYSTEMPATH\Common.php(1135): CodeIgniter\View\View->render('form/bayar_bebas', [], true)
 5 APPPATH\Controllers\bebas_bayar.php(62): view('form/bayar_bebas', [...])
 6 SYSTEMPATH\CodeIgniter.php(898): App\Controllers\bebas_bayar->bayar('FCPATH\\css', 'style.css')
 7 SYSTEMPATH\CodeIgniter.php(468): CodeIgniter\CodeIgniter->runController(Object(App\Controllers\bebas_bayar))
 8 SYSTEMPATH\CodeIgniter.php(351): CodeIgniter\CodeIgniter->handleRequest(null, Object(Config\Cache), false)
 9 FCPATH\index.php(55): CodeIgniter\CodeIgniter->run()
10 SYSTEMPATH\Commands\Server\rewrite.php(43): require_once('FCPATH\\index.php')
CRITICAL - 2023-04-08 10:26:38 --> Trying to access array offset on value of type null
in APPPATH\Views\form\bayar_bebas.php on line 17.
 1 APPPATH\Views\form\bayar_bebas.php(17): CodeIgniter\Debug\Exceptions->errorHandler(2, 'Trying to access array offset on value of type null', 'APPPATH\\Views\\form\\bayar_bebas.php', 17)
 2 SYSTEMPATH\View\View.php(213): include('APPPATH\\Views\\form\\bayar_bebas.php')
 3 SYSTEMPATH\View\View.php(216): CodeIgniter\View\View->CodeIgniter\View\{closure}()
 4 SYSTEMPATH\Common.php(1135): CodeIgniter\View\View->render('form/bayar_bebas', [], true)
 5 APPPATH\Controllers\bebas_bayar.php(62): view('form/bayar_bebas', [...])
 6 SYSTEMPATH\CodeIgniter.php(898): App\Controllers\bebas_bayar->bayar('FCPATH\\css', 'style.css')
 7 SYSTEMPATH\CodeIgniter.php(468): CodeIgniter\CodeIgniter->runController(Object(App\Controllers\bebas_bayar))
 8 SYSTEMPATH\CodeIgniter.php(351): CodeIgniter\CodeIgniter->handleRequest(null, Object(Config\Cache), false)
 9 FCPATH\index.php(55): CodeIgniter\CodeIgniter->run()
10 SYSTEMPATH\Commands\Server\rewrite.php(43): require_once('FCPATH\\index.php')
CRITICAL - 2023-04-08 10:27:17 --> Trying to access array offset on value of type null
in APPPATH\Views\form\bayar_bebas.php on line 17.
 1 APPPATH\Views\form\bayar_bebas.php(17): CodeIgniter\Debug\Exceptions->errorHandler(2, 'Trying to access array offset on value of type null', 'APPPATH\\Views\\form\\bayar_bebas.php', 17)
 2 SYSTEMPATH\View\View.php(213): include('APPPATH\\Views\\form\\bayar_bebas.php')
 3 SYSTEMPATH\View\View.php(216): CodeIgniter\View\View->CodeIgniter\View\{closure}()
 4 SYSTEMPATH\Common.php(1135): CodeIgniter\View\View->render('form/bayar_bebas', [], true)
 5 APPPATH\Controllers\bebas_bayar.php(62): view('form/bayar_bebas', [...])
 6 SYSTEMPATH\CodeIgniter.php(898): App\Controllers\bebas_bayar->bayar('FCPATH\\css', 'style.css')
 7 SYSTEMPATH\CodeIgniter.php(468): CodeIgniter\CodeIgniter->runController(Object(App\Controllers\bebas_bayar))
 8 SYSTEMPATH\CodeIgniter.php(351): CodeIgniter\CodeIgniter->handleRequest(null, Object(Config\Cache), false)
 9 FCPATH\index.php(55): CodeIgniter\CodeIgniter->run()
10 SYSTEMPATH\Commands\Server\rewrite.php(43): require_once('FCPATH\\index.php')
CRITICAL - 2023-04-08 10:46:38 --> Trying to access array offset on value of type null
in APPPATH\Views\form\input_tunggakan.php on line 33.
 1 APPPATH\Views\form\input_tunggakan.php(33): CodeIgniter\Debug\Exceptions->errorHandler(2, 'Trying to access array offset on value of type null', 'APPPATH\\Views\\form\\input_tunggakan.php', 33)
 2 SYSTEMPATH\View\View.php(213): include('APPPATH\\Views\\form\\input_tunggakan.php')
 3 SYSTEMPATH\View\View.php(216): CodeIgniter\View\View->CodeIgniter\View\{closure}()
 4 SYSTEMPATH\Common.php(1135): CodeIgniter\View\View->render('/form/input_tunggakan', [], true)
 5 APPPATH\Controllers\bebas_bayar.php(35): view('/form/input_tunggakan', [...])
 6 SYSTEMPATH\CodeIgniter.php(898): App\Controllers\bebas_bayar->input('FCPATH\\css', 'style.css')
 7 SYSTEMPATH\CodeIgniter.php(468): CodeIgniter\CodeIgniter->runController(Object(App\Controllers\bebas_bayar))
 8 SYSTEMPATH\CodeIgniter.php(351): CodeIgniter\CodeIgniter->handleRequest(null, Object(Config\Cache), false)
 9 FCPATH\index.php(55): CodeIgniter\CodeIgniter->run()
10 SYSTEMPATH\Commands\Server\rewrite.php(43): require_once('FCPATH\\index.php')
CRITICAL - 2023-04-08 10:47:02 --> Trying to access array offset on value of type null
in APPPATH\Views\form\bayar_bebas.php on line 17.
 1 APPPATH\Views\form\bayar_bebas.php(17): CodeIgniter\Debug\Exceptions->errorHandler(2, 'Trying to access array offset on value of type null', 'APPPATH\\Views\\form\\bayar_bebas.php', 17)
 2 SYSTEMPATH\View\View.php(213): include('APPPATH\\Views\\form\\bayar_bebas.php')
 3 SYSTEMPATH\View\View.php(216): CodeIgniter\View\View->CodeIgniter\View\{closure}()
 4 SYSTEMPATH\Common.php(1135): CodeIgniter\View\View->render('form/bayar_bebas', [], true)
 5 APPPATH\Controllers\bebas_bayar.php(62): view('form/bayar_bebas', [...])
 6 SYSTEMPATH\CodeIgniter.php(898): App\Controllers\bebas_bayar->bayar('FCPATH\\css', 'style.css')
 7 SYSTEMPATH\CodeIgniter.php(468): CodeIgniter\CodeIgniter->runController(Object(App\Controllers\bebas_bayar))
 8 SYSTEMPATH\CodeIgniter.php(351): CodeIgniter\CodeIgniter->handleRequest(null, Object(Config\Cache), false)
 9 FCPATH\index.php(55): CodeIgniter\CodeIgniter->run()
10 SYSTEMPATH\Commands\Server\rewrite.php(43): require_once('FCPATH\\index.php')
CRITICAL - 2023-04-08 11:44:46 --> Too few arguments to function App\Controllers\siswa::histori_bayar(), 0 passed in C:\xampp\htdocs\skripsi\system\CodeIgniter.php on line 898 and exactly 1 expected
in APPPATH\Controllers\siswa.php on line 130.
 1 SYSTEMPATH\CodeIgniter.php(898): App\Controllers\siswa->histori_bayar()
 2 SYSTEMPATH\CodeIgniter.php(468): CodeIgniter\CodeIgniter->runController(Object(App\Controllers\siswa))
 3 SYSTEMPATH\CodeIgniter.php(351): CodeIgniter\CodeIgniter->handleRequest(null, Object(Config\Cache), false)
 4 FCPATH\index.php(55): CodeIgniter\CodeIgniter->run()
 5 SYSTEMPATH\Commands\Server\rewrite.php(43): require_once('FCPATH\\index.php')
CRITICAL - 2023-04-08 12:36:41 --> Call to undefined method App\Models\BebasBayar_Model::getbayar
in SYSTEMPATH\Model.php on line 773.
 1 APPPATH\Controllers\bebas_bayar.php(57): CodeIgniter\Model->__call('getbayar', [...])
 2 SYSTEMPATH\CodeIgniter.php(898): App\Controllers\bebas_bayar->bayar('10')
 3 SYSTEMPATH\CodeIgniter.php(468): CodeIgniter\CodeIgniter->runController(Object(App\Controllers\bebas_bayar))
 4 SYSTEMPATH\CodeIgniter.php(351): CodeIgniter\CodeIgniter->handleRequest(null, Object(Config\Cache), false)
 5 FCPATH\index.php(55): CodeIgniter\CodeIgniter->run()
 6 SYSTEMPATH\Commands\Server\rewrite.php(43): require_once('FCPATH\\index.php')
CRITICAL - 2023-04-08 12:38:08 --> Trying to access array offset on value of type null
in APPPATH\Views\form\bayar_bebas.php on line 17.
 1 APPPATH\Views\form\bayar_bebas.php(17): CodeIgniter\Debug\Exceptions->errorHandler(2, 'Trying to access array offset on value of type null', 'APPPATH\\Views\\form\\bayar_bebas.php', 17)
 2 SYSTEMPATH\View\View.php(213): include('APPPATH\\Views\\form\\bayar_bebas.php')
 3 SYSTEMPATH\View\View.php(216): CodeIgniter\View\View->CodeIgniter\View\{closure}()
 4 SYSTEMPATH\Common.php(1135): CodeIgniter\View\View->render('form/bayar_bebas', [], true)
 5 APPPATH\Controllers\bebas_bayar.php(62): view('form/bayar_bebas', [...])
 6 SYSTEMPATH\CodeIgniter.php(898): App\Controllers\bebas_bayar->bayar('FCPATH\\css', 'style.css')
 7 SYSTEMPATH\CodeIgniter.php(468): CodeIgniter\CodeIgniter->runController(Object(App\Controllers\bebas_bayar))
 8 SYSTEMPATH\CodeIgniter.php(351): CodeIgniter\CodeIgniter->handleRequest(null, Object(Config\Cache), false)
 9 FCPATH\index.php(55): CodeIgniter\CodeIgniter->run()
10 SYSTEMPATH\Commands\Server\rewrite.php(43): require_once('FCPATH\\index.php')
CRITICAL - 2023-04-08 12:39:56 --> Trying to access array offset on value of type null
in APPPATH\Views\form\bayar_bebas.php on line 17.
 1 APPPATH\Views\form\bayar_bebas.php(17): CodeIgniter\Debug\Exceptions->errorHandler(2, 'Trying to access array offset on value of type null', 'APPPATH\\Views\\form\\bayar_bebas.php', 17)
 2 SYSTEMPATH\View\View.php(213): include('APPPATH\\Views\\form\\bayar_bebas.php')
 3 SYSTEMPATH\View\View.php(216): CodeIgniter\View\View->CodeIgniter\View\{closure}()
 4 SYSTEMPATH\Common.php(1135): CodeIgniter\View\View->render('form/bayar_bebas', [], true)
 5 APPPATH\Controllers\bebas_bayar.php(62): view('form/bayar_bebas', [...])
 6 SYSTEMPATH\CodeIgniter.php(898): App\Controllers\bebas_bayar->bayar('FCPATH\\css', 'style.css')
 7 SYSTEMPATH\CodeIgniter.php(468): CodeIgniter\CodeIgniter->runController(Object(App\Controllers\bebas_bayar))
 8 SYSTEMPATH\CodeIgniter.php(351): CodeIgniter\CodeIgniter->handleRequest(null, Object(Config\Cache), false)
 9 FCPATH\index.php(55): CodeIgniter\CodeIgniter->run()
10 SYSTEMPATH\Commands\Server\rewrite.php(43): require_once('FCPATH\\index.php')
CRITICAL - 2023-04-08 12:40:20 --> Trying to access array offset on value of type null
in APPPATH\Views\form\bayar_bebas.php on line 17.
 1 APPPATH\Views\form\bayar_bebas.php(17): CodeIgniter\Debug\Exceptions->errorHandler(2, 'Trying to access array offset on value of type null', 'APPPATH\\Views\\form\\bayar_bebas.php', 17)
 2 SYSTEMPATH\View\View.php(213): include('APPPATH\\Views\\form\\bayar_bebas.php')
 3 SYSTEMPATH\View\View.php(216): CodeIgniter\View\View->CodeIgniter\View\{closure}()
 4 SYSTEMPATH\Common.php(1135): CodeIgniter\View\View->render('form/bayar_bebas', [], true)
 5 APPPATH\Controllers\bebas_bayar.php(62): view('form/bayar_bebas', [...])
 6 SYSTEMPATH\CodeIgniter.php(898): App\Controllers\bebas_bayar->bayar('FCPATH\\css', 'style.css')
 7 SYSTEMPATH\CodeIgniter.php(468): CodeIgniter\CodeIgniter->runController(Object(App\Controllers\bebas_bayar))
 8 SYSTEMPATH\CodeIgniter.php(351): CodeIgniter\CodeIgniter->handleRequest(null, Object(Config\Cache), false)
 9 FCPATH\index.php(55): CodeIgniter\CodeIgniter->run()
10 SYSTEMPATH\Commands\Server\rewrite.php(43): require_once('FCPATH\\index.php')
CRITICAL - 2023-04-08 12:42:51 --> Undefined variable $jumlah_bayar
in APPPATH\Views\form\histori.php on line 128.
 1 APPPATH\Views\form\histori.php(128): CodeIgniter\Debug\Exceptions->errorHandler(2, 'Undefined variable $jumlah_bayar', 'APPPATH\\Views\\form\\histori.php', 128)
 2 SYSTEMPATH\View\View.php(213): include('APPPATH\\Views\\form\\histori.php')
 3 SYSTEMPATH\View\View.php(216): CodeIgniter\View\View->CodeIgniter\View\{closure}()
 4 SYSTEMPATH\Common.php(1135): CodeIgniter\View\View->render('/form/histori', [], true)
 5 APPPATH\Controllers\siswa.php(137): view('/form/histori', [...])
 6 SYSTEMPATH\CodeIgniter.php(898): App\Controllers\siswa->histori_bayar()
 7 SYSTEMPATH\CodeIgniter.php(468): CodeIgniter\CodeIgniter->runController(Object(App\Controllers\siswa))
 8 SYSTEMPATH\CodeIgniter.php(351): CodeIgniter\CodeIgniter->handleRequest(null, Object(Config\Cache), false)
 9 FCPATH\index.php(55): CodeIgniter\CodeIgniter->run()
10 SYSTEMPATH\Commands\Server\rewrite.php(43): require_once('FCPATH\\index.php')
CRITICAL - 2023-04-08 12:47:09 --> Trying to access array offset on value of type null
in APPPATH\Views\form\bayar_bebas.php on line 17.
 1 APPPATH\Views\form\bayar_bebas.php(17): CodeIgniter\Debug\Exceptions->errorHandler(2, 'Trying to access array offset on value of type null', 'APPPATH\\Views\\form\\bayar_bebas.php', 17)
 2 SYSTEMPATH\View\View.php(213): include('APPPATH\\Views\\form\\bayar_bebas.php')
 3 SYSTEMPATH\View\View.php(216): CodeIgniter\View\View->CodeIgniter\View\{closure}()
 4 SYSTEMPATH\Common.php(1135): CodeIgniter\View\View->render('form/bayar_bebas', [], true)
 5 APPPATH\Controllers\bebas_bayar.php(62): view('form/bayar_bebas', [...])
 6 SYSTEMPATH\CodeIgniter.php(898): App\Controllers\bebas_bayar->bayar('FCPATH\\css', 'style.css')
 7 SYSTEMPATH\CodeIgniter.php(468): CodeIgniter\CodeIgniter->runController(Object(App\Controllers\bebas_bayar))
 8 SYSTEMPATH\CodeIgniter.php(351): CodeIgniter\CodeIgniter->handleRequest(null, Object(Config\Cache), false)
 9 FCPATH\index.php(55): CodeIgniter\CodeIgniter->run()
10 SYSTEMPATH\Commands\Server\rewrite.php(43): require_once('FCPATH\\index.php')
CRITICAL - 2023-04-08 12:48:31 --> Trying to access array offset on value of type null
in APPPATH\Views\form\bayar_bebas.php on line 17.
 1 APPPATH\Views\form\bayar_bebas.php(17): CodeIgniter\Debug\Exceptions->errorHandler(2, 'Trying to access array offset on value of type null', 'APPPATH\\Views\\form\\bayar_bebas.php', 17)
 2 SYSTEMPATH\View\View.php(213): include('APPPATH\\Views\\form\\bayar_bebas.php')
 3 SYSTEMPATH\View\View.php(216): CodeIgniter\View\View->CodeIgniter\View\{closure}()
 4 SYSTEMPATH\Common.php(1135): CodeIgniter\View\View->render('form/bayar_bebas', [], true)
 5 APPPATH\Controllers\bebas_bayar.php(62): view('form/bayar_bebas', [...])
 6 SYSTEMPATH\CodeIgniter.php(898): App\Controllers\bebas_bayar->bayar('FCPATH\\css', 'style.css')
 7 SYSTEMPATH\CodeIgniter.php(468): CodeIgniter\CodeIgniter->runController(Object(App\Controllers\bebas_bayar))
 8 SYSTEMPATH\CodeIgniter.php(351): CodeIgniter\CodeIgniter->handleRequest(null, Object(Config\Cache), false)
 9 FCPATH\index.php(55): CodeIgniter\CodeIgniter->run()
10 SYSTEMPATH\Commands\Server\rewrite.php(43): require_once('FCPATH\\index.php')
CRITICAL - 2023-04-08 12:49:05 --> Trying to access array offset on value of type null
in APPPATH\Views\form\bayar_bebas.php on line 17.
 1 APPPATH\Views\form\bayar_bebas.php(17): CodeIgniter\Debug\Exceptions->errorHandler(2, 'Trying to access array offset on value of type null', 'APPPATH\\Views\\form\\bayar_bebas.php', 17)
 2 SYSTEMPATH\View\View.php(213): include('APPPATH\\Views\\form\\bayar_bebas.php')
 3 SYSTEMPATH\View\View.php(216): CodeIgniter\View\View->CodeIgniter\View\{closure}()
 4 SYSTEMPATH\Common.php(1135): CodeIgniter\View\View->render('form/bayar_bebas', [], true)
 5 APPPATH\Controllers\bebas_bayar.php(62): view('form/bayar_bebas', [...])
 6 SYSTEMPATH\CodeIgniter.php(898): App\Controllers\bebas_bayar->bayar('FCPATH\\css', 'style.css')
 7 SYSTEMPATH\CodeIgniter.php(468): CodeIgniter\CodeIgniter->runController(Object(App\Controllers\bebas_bayar))
 8 SYSTEMPATH\CodeIgniter.php(351): CodeIgniter\CodeIgniter->handleRequest(null, Object(Config\Cache), false)
 9 FCPATH\index.php(55): CodeIgniter\CodeIgniter->run()
10 SYSTEMPATH\Commands\Server\rewrite.php(43): require_once('FCPATH\\index.php')
CRITICAL - 2023-04-08 12:49:20 --> Trying to access array offset on value of type null
in APPPATH\Views\form\bayar_bebas.php on line 17.
 1 APPPATH\Views\form\bayar_bebas.php(17): CodeIgniter\Debug\Exceptions->errorHandler(2, 'Trying to access array offset on value of type null', 'APPPATH\\Views\\form\\bayar_bebas.php', 17)
 2 SYSTEMPATH\View\View.php(213): include('APPPATH\\Views\\form\\bayar_bebas.php')
 3 SYSTEMPATH\View\View.php(216): CodeIgniter\View\View->CodeIgniter\View\{closure}()
 4 SYSTEMPATH\Common.php(1135): CodeIgniter\View\View->render('form/bayar_bebas', [], true)
 5 APPPATH\Controllers\bebas_bayar.php(62): view('form/bayar_bebas', [...])
 6 SYSTEMPATH\CodeIgniter.php(898): App\Controllers\bebas_bayar->bayar('FCPATH\\css', 'style.css')
 7 SYSTEMPATH\CodeIgniter.php(468): CodeIgniter\CodeIgniter->runController(Object(App\Controllers\bebas_bayar))
 8 SYSTEMPATH\CodeIgniter.php(351): CodeIgniter\CodeIgniter->handleRequest(null, Object(Config\Cache), false)
 9 FCPATH\index.php(55): CodeIgniter\CodeIgniter->run()
10 SYSTEMPATH\Commands\Server\rewrite.php(43): require_once('FCPATH\\index.php')
CRITICAL - 2023-04-08 12:58:57 --> Undefined variable $siswa
in APPPATH\Views\content\histori.php on line 15.
 1 APPPATH\Views\content\histori.php(15): CodeIgniter\Debug\Exceptions->errorHandler(2, 'Undefined variable $siswa', 'APPPATH\\Views\\content\\histori.php', 15)
 2 SYSTEMPATH\View\View.php(213): include('APPPATH\\Views\\content\\histori.php')
 3 SYSTEMPATH\View\View.php(216): CodeIgniter\View\View->CodeIgniter\View\{closure}()
 4 SYSTEMPATH\Common.php(1135): CodeIgniter\View\View->render('content/histori', [], true)
 5 APPPATH\Controllers\siswa.php(128): view('content/histori')
 6 SYSTEMPATH\CodeIgniter.php(898): App\Controllers\siswa->histori()
 7 SYSTEMPATH\CodeIgniter.php(468): CodeIgniter\CodeIgniter->runController(Object(App\Controllers\siswa))
 8 SYSTEMPATH\CodeIgniter.php(351): CodeIgniter\CodeIgniter->handleRequest(null, Object(Config\Cache), false)
 9 FCPATH\index.php(55): CodeIgniter\CodeIgniter->run()
10 SYSTEMPATH\Commands\Server\rewrite.php(43): require_once('FCPATH\\index.php')
CRITICAL - 2023-04-08 13:02:40 --> Trying to access array offset on value of type null
in APPPATH\Views\form\input_tunggakan.php on line 33.
 1 APPPATH\Views\form\input_tunggakan.php(33): CodeIgniter\Debug\Exceptions->errorHandler(2, 'Trying to access array offset on value of type null', 'APPPATH\\Views\\form\\input_tunggakan.php', 33)
 2 SYSTEMPATH\View\View.php(213): include('APPPATH\\Views\\form\\input_tunggakan.php')
 3 SYSTEMPATH\View\View.php(216): CodeIgniter\View\View->CodeIgniter\View\{closure}()
 4 SYSTEMPATH\Common.php(1135): CodeIgniter\View\View->render('/form/input_tunggakan', [], true)
 5 APPPATH\Controllers\bebas_bayar.php(35): view('/form/input_tunggakan', [...])
 6 SYSTEMPATH\CodeIgniter.php(898): App\Controllers\bebas_bayar->input('FCPATH\\css', 'style.css')
 7 SYSTEMPATH\CodeIgniter.php(468): CodeIgniter\CodeIgniter->runController(Object(App\Controllers\bebas_bayar))
 8 SYSTEMPATH\CodeIgniter.php(351): CodeIgniter\CodeIgniter->handleRequest(null, Object(Config\Cache), false)
 9 FCPATH\index.php(55): CodeIgniter\CodeIgniter->run()
10 SYSTEMPATH\Commands\Server\rewrite.php(43): require_once('FCPATH\\index.php')
CRITICAL - 2023-04-08 15:54:18 --> Undefined array key 1
in VENDORPATH\myth\auth\src\Authentication\Passwords\NothingPersonalValidator.php on line 77.
 1 VENDORPATH\myth\auth\src\Authentication\Passwords\NothingPersonalValidator.php(77): CodeIgniter\Debug\Exceptions->errorHandler(2, 'Undefined array key 1', 'VENDORPATH\\myth\\auth\\src\\Authentication\\Passwords\\NothingPersonalValidator.php', 77)
 2 VENDORPATH\myth\auth\src\Authentication\Passwords\NothingPersonalValidator.php(26): Myth\Auth\Authentication\Passwords\NothingPersonalValidator->isNotPersonal('1234', Object(Myth\Auth\Entities\User))
 3 VENDORPATH\myth\auth\src\Authentication\Passwords\PasswordValidator.php(46): Myth\Auth\Authentication\Passwords\NothingPersonalValidator->check('1234', Object(Myth\Auth\Entities\User))
 4 VENDORPATH\myth\auth\src\Authentication\Passwords\ValidationRules.php(42): Myth\Auth\Authentication\Passwords\PasswordValidator->check('1234', Object(Myth\Auth\Entities\User))
 5 SYSTEMPATH\Validation\Validation.php(305): Myth\Auth\Authentication\Passwords\ValidationRules->strong_password('1234', null)
 6 SYSTEMPATH\Validation\Validation.php(173): CodeIgniter\Validation\Validation->processRules('password', 'password', '1234', [...], [...])
 7 SYSTEMPATH\Controller.php(140): CodeIgniter\Validation\Validation->run()
 8 VENDORPATH\myth\auth\src\Controllers\AuthController.php(164): CodeIgniter\Controller->validate([...])
 9 SYSTEMPATH\CodeIgniter.php(898): Myth\Auth\Controllers\AuthController->attemptRegister()
10 SYSTEMPATH\CodeIgniter.php(468): CodeIgniter\CodeIgniter->runController(Object(Myth\Auth\Controllers\AuthController))
11 SYSTEMPATH\CodeIgniter.php(351): CodeIgniter\CodeIgniter->handleRequest(null, Object(Config\Cache), false)
12 FCPATH\index.php(55): CodeIgniter\CodeIgniter->run()
13 SYSTEMPATH\Commands\Server\rewrite.php(43): require_once('FCPATH\\index.php')
CRITICAL - 2023-04-08 15:55:25 --> Undefined array key 1
in VENDORPATH\myth\auth\src\Authentication\Passwords\NothingPersonalValidator.php on line 77.
 1 VENDORPATH\myth\auth\src\Authentication\Passwords\NothingPersonalValidator.php(77): CodeIgniter\Debug\Exceptions->errorHandler(2, 'Undefined array key 1', 'VENDORPATH\\myth\\auth\\src\\Authentication\\Passwords\\NothingPersonalValidator.php', 77)
 2 VENDORPATH\myth\auth\src\Authentication\Passwords\NothingPersonalValidator.php(26): Myth\Auth\Authentication\Passwords\NothingPersonalValidator->isNotPersonal('admin1', Object(Myth\Auth\Entities\User))
 3 VENDORPATH\myth\auth\src\Authentication\Passwords\PasswordValidator.php(46): Myth\Auth\Authentication\Passwords\NothingPersonalValidator->check('admin1', Object(Myth\Auth\Entities\User))
 4 VENDORPATH\myth\auth\src\Authentication\Passwords\ValidationRules.php(42): Myth\Auth\Authentication\Passwords\PasswordValidator->check('admin1', Object(Myth\Auth\Entities\User))
 5 SYSTEMPATH\Validation\Validation.php(305): Myth\Auth\Authentication\Passwords\ValidationRules->strong_password('admin1', null)
 6 SYSTEMPATH\Validation\Validation.php(173): CodeIgniter\Validation\Validation->processRules('password', 'password', 'admin1', [...], [...])
 7 SYSTEMPATH\Controller.php(140): CodeIgniter\Validation\Validation->run()
 8 VENDORPATH\myth\auth\src\Controllers\AuthController.php(164): CodeIgniter\Controller->validate([...])
 9 SYSTEMPATH\CodeIgniter.php(898): Myth\Auth\Controllers\AuthController->attemptRegister()
10 SYSTEMPATH\CodeIgniter.php(468): CodeIgniter\CodeIgniter->runController(Object(Myth\Auth\Controllers\AuthController))
11 SYSTEMPATH\CodeIgniter.php(351): CodeIgniter\CodeIgniter->handleRequest(null, Object(Config\Cache), false)
12 FCPATH\index.php(55): CodeIgniter\CodeIgniter->run()
13 SYSTEMPATH\Commands\Server\rewrite.php(43): require_once('FCPATH\\index.php')
CRITICAL - 2023-04-08 15:58:18 --> strong_password is not a valid rule.
in SYSTEMPATH\Validation\Validation.php on line 314.
 1 SYSTEMPATH\Validation\Validation.php(314): CodeIgniter\Validation\Exceptions\ValidationException::forRuleNotFound('strong_password')
 2 SYSTEMPATH\Validation\Validation.php(173): CodeIgniter\Validation\Validation->processRules('password', 'password', 'admin', [...], [...])
 3 SYSTEMPATH\Controller.php(140): CodeIgniter\Validation\Validation->run()
 4 VENDORPATH\myth\auth\src\Controllers\AuthController.php(164): CodeIgniter\Controller->validate([...])
 5 SYSTEMPATH\CodeIgniter.php(898): Myth\Auth\Controllers\AuthController->attemptRegister()
 6 SYSTEMPATH\CodeIgniter.php(468): CodeIgniter\CodeIgniter->runController(Object(Myth\Auth\Controllers\AuthController))
 7 SYSTEMPATH\CodeIgniter.php(351): CodeIgniter\CodeIgniter->handleRequest(null, Object(Config\Cache), false)
 8 FCPATH\index.php(55): CodeIgniter\CodeIgniter->run()
 9 SYSTEMPATH\Commands\Server\rewrite.php(43): require_once('FCPATH\\index.php')
CRITICAL - 2023-04-08 15:58:43 --> Undefined array key 1
in VENDORPATH\myth\auth\src\Authentication\Passwords\NothingPersonalValidator.php on line 77.
 1 VENDORPATH\myth\auth\src\Authentication\Passwords\NothingPersonalValidator.php(77): CodeIgniter\Debug\Exceptions->errorHandler(2, 'Undefined array key 1', 'VENDORPATH\\myth\\auth\\src\\Authentication\\Passwords\\NothingPersonalValidator.php', 77)
 2 VENDORPATH\myth\auth\src\Authentication\Passwords\NothingPersonalValidator.php(26): Myth\Auth\Authentication\Passwords\NothingPersonalValidator->isNotPersonal('1234', Object(Myth\Auth\Entities\User))
 3 VENDORPATH\myth\auth\src\Authentication\Passwords\PasswordValidator.php(46): Myth\Auth\Authentication\Passwords\NothingPersonalValidator->check('1234', Object(Myth\Auth\Entities\User))
 4 VENDORPATH\myth\auth\src\Authentication\Passwords\ValidationRules.php(42): Myth\Auth\Authentication\Passwords\PasswordValidator->check('1234', Object(Myth\Auth\Entities\User))
 5 SYSTEMPATH\Validation\Validation.php(305): Myth\Auth\Authentication\Passwords\ValidationRules->strong_password('1234', null)
 6 SYSTEMPATH\Validation\Validation.php(173): CodeIgniter\Validation\Validation->processRules('password', 'password', '1234', [...], [...])
 7 SYSTEMPATH\Controller.php(140): CodeIgniter\Validation\Validation->run()
 8 VENDORPATH\myth\auth\src\Controllers\AuthController.php(164): CodeIgniter\Controller->validate([...])
 9 SYSTEMPATH\CodeIgniter.php(898): Myth\Auth\Controllers\AuthController->attemptRegister()
10 SYSTEMPATH\CodeIgniter.php(468): CodeIgniter\CodeIgniter->runController(Object(Myth\Auth\Controllers\AuthController))
11 SYSTEMPATH\CodeIgniter.php(351): CodeIgniter\CodeIgniter->handleRequest(null, Object(Config\Cache), false)
12 FCPATH\index.php(55): CodeIgniter\CodeIgniter->run()
13 SYSTEMPATH\Commands\Server\rewrite.php(43): require_once('FCPATH\\index.php')
CRITICAL - 2023-04-08 15:59:52 --> Undefined array key 1
in VENDORPATH\myth\auth\src\Authentication\Passwords\NothingPersonalValidator.php on line 77.
 1 VENDORPATH\myth\auth\src\Authentication\Passwords\NothingPersonalValidator.php(77): CodeIgniter\Debug\Exceptions->errorHandler(2, 'Undefined array key 1', 'VENDORPATH\\myth\\auth\\src\\Authentication\\Passwords\\NothingPersonalValidator.php', 77)
 2 VENDORPATH\myth\auth\src\Authentication\Passwords\NothingPersonalValidator.php(26): Myth\Auth\Authentication\Passwords\NothingPersonalValidator->isNotPersonal('awk00700', Object(Myth\Auth\Entities\User))
 3 VENDORPATH\myth\auth\src\Authentication\Passwords\PasswordValidator.php(46): Myth\Auth\Authentication\Passwords\NothingPersonalValidator->check('awk00700', Object(Myth\Auth\Entities\User))
 4 VENDORPATH\myth\auth\src\Authentication\Passwords\ValidationRules.php(42): Myth\Auth\Authentication\Passwords\PasswordValidator->check('awk00700', Object(Myth\Auth\Entities\User))
 5 SYSTEMPATH\Validation\Validation.php(305): Myth\Auth\Authentication\Passwords\ValidationRules->strong_password('awk00700', null)
 6 SYSTEMPATH\Validation\Validation.php(173): CodeIgniter\Validation\Validation->processRules('password', 'password', 'awk00700', [...], [...])
 7 SYSTEMPATH\Controller.php(140): CodeIgniter\Validation\Validation->run()
 8 VENDORPATH\myth\auth\src\Controllers\AuthController.php(164): CodeIgniter\Controller->validate([...])
 9 SYSTEMPATH\CodeIgniter.php(898): Myth\Auth\Controllers\AuthController->attemptRegister()
10 SYSTEMPATH\CodeIgniter.php(468): CodeIgniter\CodeIgniter->runController(Object(Myth\Auth\Controllers\AuthController))
11 SYSTEMPATH\CodeIgniter.php(351): CodeIgniter\CodeIgniter->handleRequest(null, Object(Config\Cache), false)
12 FCPATH\index.php(55): CodeIgniter\CodeIgniter->run()
13 SYSTEMPATH\Commands\Server\rewrite.php(43): require_once('FCPATH\\index.php')
CRITICAL - 2023-04-08 16:00:29 --> Undefined array key 1
in VENDORPATH\myth\auth\src\Authentication\Passwords\NothingPersonalValidator.php on line 77.
 1 VENDORPATH\myth\auth\src\Authentication\Passwords\NothingPersonalValidator.php(77): CodeIgniter\Debug\Exceptions->errorHandler(2, 'Undefined array key 1', 'VENDORPATH\\myth\\auth\\src\\Authentication\\Passwords\\NothingPersonalValidator.php', 77)
 2 VENDORPATH\myth\auth\src\Authentication\Passwords\NothingPersonalValidator.php(26): Myth\Auth\Authentication\Passwords\NothingPersonalValidator->isNotPersonal('awk00700', Object(Myth\Auth\Entities\User))
 3 VENDORPATH\myth\auth\src\Authentication\Passwords\PasswordValidator.php(46): Myth\Auth\Authentication\Passwords\NothingPersonalValidator->check('awk00700', Object(Myth\Auth\Entities\User))
 4 VENDORPATH\myth\auth\src\Authentication\Passwords\ValidationRules.php(42): Myth\Auth\Authentication\Passwords\PasswordValidator->check('awk00700', Object(Myth\Auth\Entities\User))
 5 SYSTEMPATH\Validation\Validation.php(305): Myth\Auth\Authentication\Passwords\ValidationRules->strong_password('awk00700', null)
 6 SYSTEMPATH\Validation\Validation.php(173): CodeIgniter\Validation\Validation->processRules('password', 'password', 'awk00700', [...], [...])
 7 SYSTEMPATH\Controller.php(140): CodeIgniter\Validation\Validation->run()
 8 VENDORPATH\myth\auth\src\Controllers\AuthController.php(164): CodeIgniter\Controller->validate([...])
 9 SYSTEMPATH\CodeIgniter.php(898): Myth\Auth\Controllers\AuthController->attemptRegister()
10 SYSTEMPATH\CodeIgniter.php(468): CodeIgniter\CodeIgniter->runController(Object(Myth\Auth\Controllers\AuthController))
11 SYSTEMPATH\CodeIgniter.php(351): CodeIgniter\CodeIgniter->handleRequest(null, Object(Config\Cache), false)
12 FCPATH\index.php(55): CodeIgniter\CodeIgniter->run()
13 SYSTEMPATH\Commands\Server\rewrite.php(43): require_once('FCPATH\\index.php')
CRITICAL - 2023-04-08 16:01:01 --> Undefined array key 1
in VENDORPATH\myth\auth\src\Authentication\Passwords\NothingPersonalValidator.php on line 77.
 1 VENDORPATH\myth\auth\src\Authentication\Passwords\NothingPersonalValidator.php(77): CodeIgniter\Debug\Exceptions->errorHandler(2, 'Undefined array key 1', 'VENDORPATH\\myth\\auth\\src\\Authentication\\Passwords\\NothingPersonalValidator.php', 77)
 2 VENDORPATH\myth\auth\src\Authentication\Passwords\NothingPersonalValidator.php(26): Myth\Auth\Authentication\Passwords\NothingPersonalValidator->isNotPersonal('awk00700', Object(Myth\Auth\Entities\User))
 3 VENDORPATH\myth\auth\src\Authentication\Passwords\PasswordValidator.php(46): Myth\Auth\Authentication\Passwords\NothingPersonalValidator->check('awk00700', Object(Myth\Auth\Entities\User))
 4 VENDORPATH\myth\auth\src\Authentication\Passwords\ValidationRules.php(42): Myth\Auth\Authentication\Passwords\PasswordValidator->check('awk00700', Object(Myth\Auth\Entities\User))
 5 SYSTEMPATH\Validation\Validation.php(305): Myth\Auth\Authentication\Passwords\ValidationRules->strong_password('awk00700', null)
 6 SYSTEMPATH\Validation\Validation.php(173): CodeIgniter\Validation\Validation->processRules('password', 'password', 'awk00700', [...], [...])
 7 SYSTEMPATH\Controller.php(140): CodeIgniter\Validation\Validation->run()
 8 VENDORPATH\myth\auth\src\Controllers\AuthController.php(164): CodeIgniter\Controller->validate([...])
 9 SYSTEMPATH\CodeIgniter.php(898): Myth\Auth\Controllers\AuthController->attemptRegister()
10 SYSTEMPATH\CodeIgniter.php(468): CodeIgniter\CodeIgniter->runController(Object(Myth\Auth\Controllers\AuthController))
11 SYSTEMPATH\CodeIgniter.php(351): CodeIgniter\CodeIgniter->handleRequest(null, Object(Config\Cache), false)
12 FCPATH\index.php(55): CodeIgniter\CodeIgniter->run()
13 SYSTEMPATH\Commands\Server\rewrite.php(43): require_once('FCPATH\\index.php')
CRITICAL - 2023-04-08 16:04:31 --> Undefined array key 1
in VENDORPATH\myth\auth\src\Authentication\Passwords\NothingPersonalValidator.php on line 77.
 1 VENDORPATH\myth\auth\src\Authentication\Passwords\NothingPersonalValidator.php(77): CodeIgniter\Debug\Exceptions->errorHandler(2, 'Undefined array key 1', 'VENDORPATH\\myth\\auth\\src\\Authentication\\Passwords\\NothingPersonalValidator.php', 77)
 2 VENDORPATH\myth\auth\src\Authentication\Passwords\NothingPersonalValidator.php(26): Myth\Auth\Authentication\Passwords\NothingPersonalValidator->isNotPersonal('awk00700', Object(Myth\Auth\Entities\User))
 3 VENDORPATH\myth\auth\src\Authentication\Passwords\PasswordValidator.php(46): Myth\Auth\Authentication\Passwords\NothingPersonalValidator->check('awk00700', Object(Myth\Auth\Entities\User))
 4 VENDORPATH\myth\auth\src\Authentication\Passwords\ValidationRules.php(42): Myth\Auth\Authentication\Passwords\PasswordValidator->check('awk00700', Object(Myth\Auth\Entities\User))
 5 SYSTEMPATH\Validation\Validation.php(305): Myth\Auth\Authentication\Passwords\ValidationRules->strong_password('awk00700', null)
 6 SYSTEMPATH\Validation\Validation.php(173): CodeIgniter\Validation\Validation->processRules('password', 'password', 'awk00700', [...], [...])
 7 SYSTEMPATH\Controller.php(140): CodeIgniter\Validation\Validation->run()
 8 VENDORPATH\myth\auth\src\Controllers\AuthController.php(164): CodeIgniter\Controller->validate([...])
 9 SYSTEMPATH\CodeIgniter.php(898): Myth\Auth\Controllers\AuthController->attemptRegister()
10 SYSTEMPATH\CodeIgniter.php(468): CodeIgniter\CodeIgniter->runController(Object(Myth\Auth\Controllers\AuthController))
11 SYSTEMPATH\CodeIgniter.php(351): CodeIgniter\CodeIgniter->handleRequest(null, Object(Config\Cache), false)
12 FCPATH\index.php(55): CodeIgniter\CodeIgniter->run()
13 SYSTEMPATH\Commands\Server\rewrite.php(43): require_once('FCPATH\\index.php')
CRITICAL - 2023-04-08 16:06:37 --> Undefined array key 1
in VENDORPATH\myth\auth\src\Authentication\Passwords\NothingPersonalValidator.php on line 77.
 1 VENDORPATH\myth\auth\src\Authentication\Passwords\NothingPersonalValidator.php(77): CodeIgniter\Debug\Exceptions->errorHandler(2, 'Undefined array key 1', 'VENDORPATH\\myth\\auth\\src\\Authentication\\Passwords\\NothingPersonalValidator.php', 77)
 2 VENDORPATH\myth\auth\src\Authentication\Passwords\NothingPersonalValidator.php(26): Myth\Auth\Authentication\Passwords\NothingPersonalValidator->isNotPersonal('awk00700', Object(Myth\Auth\Entities\User))
 3 VENDORPATH\myth\auth\src\Authentication\Passwords\PasswordValidator.php(46): Myth\Auth\Authentication\Passwords\NothingPersonalValidator->check('awk00700', Object(Myth\Auth\Entities\User))
 4 VENDORPATH\myth\auth\src\Authentication\Passwords\ValidationRules.php(42): Myth\Auth\Authentication\Passwords\PasswordValidator->check('awk00700', Object(Myth\Auth\Entities\User))
 5 SYSTEMPATH\Validation\Validation.php(305): Myth\Auth\Authentication\Passwords\ValidationRules->strong_password('awk00700', null)
 6 SYSTEMPATH\Validation\Validation.php(173): CodeIgniter\Validation\Validation->processRules('password', 'password', 'awk00700', [...], [...])
 7 SYSTEMPATH\Controller.php(140): CodeIgniter\Validation\Validation->run()
 8 VENDORPATH\myth\auth\src\Controllers\AuthController.php(164): CodeIgniter\Controller->validate([...])
 9 SYSTEMPATH\CodeIgniter.php(898): Myth\Auth\Controllers\AuthController->attemptRegister()
10 SYSTEMPATH\CodeIgniter.php(468): CodeIgniter\CodeIgniter->runController(Object(Myth\Auth\Controllers\AuthController))
11 SYSTEMPATH\CodeIgniter.php(351): CodeIgniter\CodeIgniter->handleRequest(null, Object(Config\Cache), false)
12 FCPATH\index.php(55): CodeIgniter\CodeIgniter->run()
13 SYSTEMPATH\Commands\Server\rewrite.php(43): require_once('FCPATH\\index.php')
CRITICAL - 2023-04-08 16:09:16 --> Class name must be a valid object or a string
in VENDORPATH\myth\auth\src\Config\Services.php on line 81.
 1 SYSTEMPATH\Config\BaseService.php(251): Myth\Auth\Config\Services::activator(Object(Myth\Auth\Config\Auth), false)
 2 SYSTEMPATH\Config\BaseService.php(192): CodeIgniter\Config\BaseService::__callStatic('activator', [...])
 3 VENDORPATH\myth\auth\src\Config\Services.php(74): CodeIgniter\Config\BaseService::getSharedInstance('activator', null)
 4 SYSTEMPATH\Config\BaseService.php(251): Myth\Auth\Config\Services::activator()
 5 SYSTEMPATH\Common.php(960): CodeIgniter\Config\BaseService::__callStatic('activator', [])
 6 VENDORPATH\myth\auth\src\Controllers\AuthController.php(184): service('activator')
 7 SYSTEMPATH\CodeIgniter.php(898): Myth\Auth\Controllers\AuthController->attemptRegister()
 8 SYSTEMPATH\CodeIgniter.php(468): CodeIgniter\CodeIgniter->runController(Object(Myth\Auth\Controllers\AuthController))
 9 SYSTEMPATH\CodeIgniter.php(351): CodeIgniter\CodeIgniter->handleRequest(null, Object(Config\Cache), false)
10 FCPATH\index.php(55): CodeIgniter\CodeIgniter->run()
11 SYSTEMPATH\Commands\Server\rewrite.php(43): require_once('FCPATH\\index.php')
CRITICAL - 2023-04-08 16:14:05 --> strong_password is not a valid rule.
in SYSTEMPATH\Validation\Validation.php on line 314.
 1 SYSTEMPATH\Validation\Validation.php(314): CodeIgniter\Validation\Exceptions\ValidationException::forRuleNotFound('strong_password')
 2 SYSTEMPATH\Validation\Validation.php(173): CodeIgniter\Validation\Validation->processRules('password', 'password', 'awk00700', [...], [...])
 3 SYSTEMPATH\Controller.php(140): CodeIgniter\Validation\Validation->run()
 4 VENDORPATH\myth\auth\src\Controllers\AuthController.php(164): CodeIgniter\Controller->validate([...])
 5 SYSTEMPATH\CodeIgniter.php(898): Myth\Auth\Controllers\AuthController->attemptRegister()
 6 SYSTEMPATH\CodeIgniter.php(468): CodeIgniter\CodeIgniter->runController(Object(Myth\Auth\Controllers\AuthController))
 7 SYSTEMPATH\CodeIgniter.php(351): CodeIgniter\CodeIgniter->handleRequest(null, Object(Config\Cache), false)
 8 FCPATH\index.php(55): CodeIgniter\CodeIgniter->run()
 9 SYSTEMPATH\Commands\Server\rewrite.php(43): require_once('FCPATH\\index.php')
CRITICAL - 2023-04-08 16:14:20 --> Class name must be a valid object or a string
in VENDORPATH\myth\auth\src\Config\Services.php on line 81.
 1 SYSTEMPATH\Config\BaseService.php(251): Myth\Auth\Config\Services::activator(Object(Myth\Auth\Config\Auth), false)
 2 SYSTEMPATH\Config\BaseService.php(192): CodeIgniter\Config\BaseService::__callStatic('activator', [...])
 3 VENDORPATH\myth\auth\src\Config\Services.php(74): CodeIgniter\Config\BaseService::getSharedInstance('activator', null)
 4 SYSTEMPATH\Config\BaseService.php(251): Myth\Auth\Config\Services::activator()
 5 SYSTEMPATH\Common.php(960): CodeIgniter\Config\BaseService::__callStatic('activator', [])
 6 VENDORPATH\myth\auth\src\Controllers\AuthController.php(184): service('activator')
 7 SYSTEMPATH\CodeIgniter.php(898): Myth\Auth\Controllers\AuthController->attemptRegister()
 8 SYSTEMPATH\CodeIgniter.php(468): CodeIgniter\CodeIgniter->runController(Object(Myth\Auth\Controllers\AuthController))
 9 SYSTEMPATH\CodeIgniter.php(351): CodeIgniter\CodeIgniter->handleRequest(null, Object(Config\Cache), false)
10 FCPATH\index.php(55): CodeIgniter\CodeIgniter->run()
11 SYSTEMPATH\Commands\Server\rewrite.php(43): require_once('FCPATH\\index.php')
CRITICAL - 2023-04-08 16:16:50 --> Class name must be a valid object or a string
in VENDORPATH\myth\auth\src\Config\Services.php on line 81.
 1 SYSTEMPATH\Config\BaseService.php(251): Myth\Auth\Config\Services::activator(Object(Myth\Auth\Config\Auth), false)
 2 SYSTEMPATH\Config\BaseService.php(192): CodeIgniter\Config\BaseService::__callStatic('activator', [...])
 3 VENDORPATH\myth\auth\src\Config\Services.php(74): CodeIgniter\Config\BaseService::getSharedInstance('activator', null)
 4 SYSTEMPATH\Config\BaseService.php(251): Myth\Auth\Config\Services::activator()
 5 SYSTEMPATH\Common.php(960): CodeIgniter\Config\BaseService::__callStatic('activator', [])
 6 VENDORPATH\myth\auth\src\Controllers\AuthController.php(184): service('activator')
 7 SYSTEMPATH\CodeIgniter.php(898): Myth\Auth\Controllers\AuthController->attemptRegister()
 8 SYSTEMPATH\CodeIgniter.php(468): CodeIgniter\CodeIgniter->runController(Object(Myth\Auth\Controllers\AuthController))
 9 SYSTEMPATH\CodeIgniter.php(351): CodeIgniter\CodeIgniter->handleRequest(null, Object(Config\Cache), false)
10 FCPATH\index.php(55): CodeIgniter\CodeIgniter->run()
11 SYSTEMPATH\Commands\Server\rewrite.php(43): require_once('FCPATH\\index.php')
CRITICAL - 2023-04-08 16:31:49 --> Class name must be a valid object or a string
in VENDORPATH\myth\auth\src\Config\Services.php on line 81.
 1 SYSTEMPATH\Config\BaseService.php(251): Myth\Auth\Config\Services::activator(Object(Myth\Auth\Config\Auth), false)
 2 SYSTEMPATH\Config\BaseService.php(192): CodeIgniter\Config\BaseService::__callStatic('activator', [...])
 3 VENDORPATH\myth\auth\src\Config\Services.php(74): CodeIgniter\Config\BaseService::getSharedInstance('activator', null)
 4 SYSTEMPATH\Config\BaseService.php(251): Myth\Auth\Config\Services::activator()
 5 SYSTEMPATH\Common.php(960): CodeIgniter\Config\BaseService::__callStatic('activator', [])
 6 VENDORPATH\myth\auth\src\Controllers\AuthController.php(184): service('activator')
 7 SYSTEMPATH\CodeIgniter.php(898): Myth\Auth\Controllers\AuthController->attemptRegister()
 8 SYSTEMPATH\CodeIgniter.php(468): CodeIgniter\CodeIgniter->runController(Object(Myth\Auth\Controllers\AuthController))
 9 SYSTEMPATH\CodeIgniter.php(351): CodeIgniter\CodeIgniter->handleRequest(null, Object(Config\Cache), false)
10 FCPATH\index.php(55): CodeIgniter\CodeIgniter->run()
11 SYSTEMPATH\Commands\Server\rewrite.php(43): require_once('FCPATH\\index.php')
CRITICAL - 2023-04-08 16:46:33 --> Class name must be a valid object or a string
in VENDORPATH\myth\auth\src\Config\Services.php on line 81.
 1 SYSTEMPATH\Config\BaseService.php(251): Myth\Auth\Config\Services::activator(Object(Myth\Auth\Config\Auth), false)
 2 SYSTEMPATH\Config\BaseService.php(192): CodeIgniter\Config\BaseService::__callStatic('activator', [...])
 3 VENDORPATH\myth\auth\src\Config\Services.php(74): CodeIgniter\Config\BaseService::getSharedInstance('activator', null)
 4 SYSTEMPATH\Config\BaseService.php(251): Myth\Auth\Config\Services::activator()
 5 SYSTEMPATH\Common.php(960): CodeIgniter\Config\BaseService::__callStatic('activator', [])
 6 VENDORPATH\myth\auth\src\Controllers\AuthController.php(184): service('activator')
 7 SYSTEMPATH\CodeIgniter.php(898): Myth\Auth\Controllers\AuthController->attemptRegister()
 8 SYSTEMPATH\CodeIgniter.php(468): CodeIgniter\CodeIgniter->runController(Object(Myth\Auth\Controllers\AuthController))
 9 SYSTEMPATH\CodeIgniter.php(351): CodeIgniter\CodeIgniter->handleRequest(null, Object(Config\Cache), false)
10 FCPATH\index.php(55): CodeIgniter\CodeIgniter->run()
11 SYSTEMPATH\Commands\Server\rewrite.php(43): require_once('FCPATH\\index.php')
