ERROR - 2023-04-01 22:03:05 --> Unknown column 'bulan' in 'field list'
CRITICAL - 2023-04-01 22:03:05 --> Unknown column 'bulan' in 'field list'
in SYSTEMPATH\Database\MySQLi\Connection.php on line 292.
 1 SYSTEMPATH\Database\MySQLi\Connection.php(292): mysqli->query('INSERT INTO `tunggakan` (`id_siswa`, `nis`, `nm_siswa`, `id_kelas`, `id_spp`, `jumlah`, `bulan`) VALUES (1, \'1\', \'kusuma wijaya\', \'2\', \'7\', \'125000\', 0)', 0)
 2 SYSTEMPATH\Database\BaseConnection.php(678): CodeIgniter\Database\MySQLi\Connection->execute('INSERT INTO `tunggakan` (`id_siswa`, `nis`, `nm_siswa`, `id_kelas`, `id_spp`, `jumlah`, `bulan`) VALUES (1, \'1\', \'kusuma wijaya\', \'2\', \'7\', \'125000\', 0)')
 3 SYSTEMPATH\Database\BaseConnection.php(606): CodeIgniter\Database\BaseConnection->simpleQuery('INSERT INTO `tunggakan` (`id_siswa`, `nis`, `nm_siswa`, `id_kelas`, `id_spp`, `jumlah`, `bulan`) VALUES (1, \'1\', \'kusuma wijaya\', \'2\', \'7\', \'125000\', 0)')
 4 SYSTEMPATH\Database\BaseBuilder.php(1904): CodeIgniter\Database\BaseConnection->query('INSERT INTO `tunggakan` (`id_siswa`, `nis`, `nm_siswa`, `id_kelas`, `id_spp`, `jumlah`, `bulan`) VALUES (:id_siswa:, :nis:, :nm_siswa:, :id_kelas:, :id_spp:, :jumlah:, :bulan:)', [...], false)
 5 SYSTEMPATH\Model.php(278): CodeIgniter\Database\BaseBuilder->insert()
 6 SYSTEMPATH\BaseModel.php(738): CodeIgniter\Model->doInsert([...])
 7 SYSTEMPATH\Model.php(666): CodeIgniter\BaseModel->insert([...], false)
 8 SYSTEMPATH\BaseModel.php(658): CodeIgniter\Model->insert([...], false)
 9 APPPATH\Controllers\siswa.php(77): CodeIgniter\BaseModel->save([...])
10 SYSTEMPATH\CodeIgniter.php(898): App\Controllers\siswa->save()
11 SYSTEMPATH\CodeIgniter.php(468): CodeIgniter\CodeIgniter->runController(Object(App\Controllers\siswa))
12 SYSTEMPATH\CodeIgniter.php(351): CodeIgniter\CodeIgniter->handleRequest(null, Object(Config\Cache), false)
13 FCPATH\index.php(55): CodeIgniter\CodeIgniter->run()
14 SYSTEMPATH\Commands\Server\rewrite.php(43): require_once('FCPATH\\index.php')
ERROR - 2023-04-01 22:03:58 --> Cannot add or update a child row: a foreign key constraint fails (`sispp`.`tunggakan`, CONSTRAINT `tunggakan_ibfk_5` FOREIGN KEY (`id_bulan`) REFERENCES `bulan` (`id_bulan`) ON DELETE CASCADE ON UPDATE CASCADE)
CRITICAL - 2023-04-01 22:03:58 --> Cannot add or update a child row: a foreign key constraint fails (`sispp`.`tunggakan`, CONSTRAINT `tunggakan_ibfk_5` FOREIGN KEY (`id_bulan`) REFERENCES `bulan` (`id_bulan`) ON DELETE CASCADE ON UPDATE CASCADE)
in SYSTEMPATH\Database\MySQLi\Connection.php on line 292.
 1 SYSTEMPATH\Database\MySQLi\Connection.php(292): mysqli->query('INSERT INTO `tunggakan` (`id_siswa`, `nis`, `nm_siswa`, `id_kelas`, `id_spp`, `jumlah`, `id_bulan`) VALUES (2, \'2\', \'kusuma wijaya\', \'2\', \'7\', \'125000\', 0)', 0)
 2 SYSTEMPATH\Database\BaseConnection.php(678): CodeIgniter\Database\MySQLi\Connection->execute('INSERT INTO `tunggakan` (`id_siswa`, `nis`, `nm_siswa`, `id_kelas`, `id_spp`, `jumlah`, `id_bulan`) VALUES (2, \'2\', \'kusuma wijaya\', \'2\', \'7\', \'125000\', 0)')
 3 SYSTEMPATH\Database\BaseConnection.php(606): CodeIgniter\Database\BaseConnection->simpleQuery('INSERT INTO `tunggakan` (`id_siswa`, `nis`, `nm_siswa`, `id_kelas`, `id_spp`, `jumlah`, `id_bulan`) VALUES (2, \'2\', \'kusuma wijaya\', \'2\', \'7\', \'125000\', 0)')
 4 SYSTEMPATH\Database\BaseBuilder.php(1904): CodeIgniter\Database\BaseConnection->query('INSERT INTO `tunggakan` (`id_siswa`, `nis`, `nm_siswa`, `id_kelas`, `id_spp`, `jumlah`, `id_bulan`) VALUES (:id_siswa:, :nis:, :nm_siswa:, :id_kelas:, :id_spp:, :jumlah:, :id_bulan:)', [...], false)
 5 SYSTEMPATH\Model.php(278): CodeIgniter\Database\BaseBuilder->insert()
 6 SYSTEMPATH\BaseModel.php(738): CodeIgniter\Model->doInsert([...])
 7 SYSTEMPATH\Model.php(666): CodeIgniter\BaseModel->insert([...], false)
 8 SYSTEMPATH\BaseModel.php(658): CodeIgniter\Model->insert([...], false)
 9 APPPATH\Controllers\siswa.php(77): CodeIgniter\BaseModel->save([...])
10 SYSTEMPATH\CodeIgniter.php(898): App\Controllers\siswa->save()
11 SYSTEMPATH\CodeIgniter.php(468): CodeIgniter\CodeIgniter->runController(Object(App\Controllers\siswa))
12 SYSTEMPATH\CodeIgniter.php(351): CodeIgniter\CodeIgniter->handleRequest(null, Object(Config\Cache), false)
13 FCPATH\index.php(55): CodeIgniter\CodeIgniter->run()
14 SYSTEMPATH\Commands\Server\rewrite.php(43): require_once('FCPATH\\index.php')
CRITICAL - 2023-04-01 22:04:39 --> Unclosed '[' on line 70 does not match ')'
in APPPATH\Controllers\siswa.php on line 77.
 1 SYSTEMPATH\Router\Router.php(499): CodeIgniter\Router\AutoRouter->getRoute('siswa/asset/demo/chart-bar-demo.js')
 2 SYSTEMPATH\Router\Router.php(205): CodeIgniter\Router\Router->autoRoute('siswa/asset/demo/chart-bar-demo.js')
 3 SYSTEMPATH\CodeIgniter.php(773): CodeIgniter\Router\Router->handle('siswa/asset/demo/chart-bar-demo.js')
 4 SYSTEMPATH\CodeIgniter.php(417): CodeIgniter\CodeIgniter->tryToRouteIt(Object(CodeIgniter\Router\RouteCollection))
 5 SYSTEMPATH\CodeIgniter.php(351): CodeIgniter\CodeIgniter->handleRequest(null, Object(Config\Cache), false)
 6 FCPATH\index.php(55): CodeIgniter\CodeIgniter->run()
 7 SYSTEMPATH\Commands\Server\rewrite.php(43): require_once('FCPATH\\index.php')
ERROR - 2023-04-01 22:04:57 --> Cannot add or update a child row: a foreign key constraint fails (`sispp`.`tunggakan`, CONSTRAINT `tunggakan_ibfk_5` FOREIGN KEY (`id_bulan`) REFERENCES `bulan` (`id_bulan`) ON DELETE CASCADE ON UPDATE CASCADE)
CRITICAL - 2023-04-01 22:04:57 --> Cannot add or update a child row: a foreign key constraint fails (`sispp`.`tunggakan`, CONSTRAINT `tunggakan_ibfk_5` FOREIGN KEY (`id_bulan`) REFERENCES `bulan` (`id_bulan`) ON DELETE CASCADE ON UPDATE CASCADE)
in SYSTEMPATH\Database\MySQLi\Connection.php on line 292.
 1 SYSTEMPATH\Database\MySQLi\Connection.php(292): mysqli->query('INSERT INTO `tunggakan` (`id_siswa`, `nis`, `nm_siswa`, `id_kelas`, `id_spp`, `jumlah`, `id_bulan`) VALUES (3, \'3\', \'kusuma wijaya\', \'2\', \'7\', \'125000\', 0)', 0)
 2 SYSTEMPATH\Database\BaseConnection.php(678): CodeIgniter\Database\MySQLi\Connection->execute('INSERT INTO `tunggakan` (`id_siswa`, `nis`, `nm_siswa`, `id_kelas`, `id_spp`, `jumlah`, `id_bulan`) VALUES (3, \'3\', \'kusuma wijaya\', \'2\', \'7\', \'125000\', 0)')
 3 SYSTEMPATH\Database\BaseConnection.php(606): CodeIgniter\Database\BaseConnection->simpleQuery('INSERT INTO `tunggakan` (`id_siswa`, `nis`, `nm_siswa`, `id_kelas`, `id_spp`, `jumlah`, `id_bulan`) VALUES (3, \'3\', \'kusuma wijaya\', \'2\', \'7\', \'125000\', 0)')
 4 SYSTEMPATH\Database\BaseBuilder.php(1904): CodeIgniter\Database\BaseConnection->query('INSERT INTO `tunggakan` (`id_siswa`, `nis`, `nm_siswa`, `id_kelas`, `id_spp`, `jumlah`, `id_bulan`) VALUES (:id_siswa:, :nis:, :nm_siswa:, :id_kelas:, :id_spp:, :jumlah:, :id_bulan:)', [...], false)
 5 SYSTEMPATH\Model.php(278): CodeIgniter\Database\BaseBuilder->insert()
 6 SYSTEMPATH\BaseModel.php(738): CodeIgniter\Model->doInsert([...])
 7 SYSTEMPATH\Model.php(666): CodeIgniter\BaseModel->insert([...], false)
 8 SYSTEMPATH\BaseModel.php(658): CodeIgniter\Model->insert([...], false)
 9 APPPATH\Controllers\siswa.php(77): CodeIgniter\BaseModel->save([...])
10 SYSTEMPATH\CodeIgniter.php(898): App\Controllers\siswa->save()
11 SYSTEMPATH\CodeIgniter.php(468): CodeIgniter\CodeIgniter->runController(Object(App\Controllers\siswa))
12 SYSTEMPATH\CodeIgniter.php(351): CodeIgniter\CodeIgniter->handleRequest(null, Object(Config\Cache), false)
13 FCPATH\index.php(55): CodeIgniter\CodeIgniter->run()
14 SYSTEMPATH\Commands\Server\rewrite.php(43): require_once('FCPATH\\index.php')
CRITICAL - 2023-04-01 22:13:33 --> Undefined property: App\Controllers\siswa::$input_siswa
in APPPATH\Controllers\siswa.php on line 71.
 1 APPPATH\Controllers\siswa.php(71): CodeIgniter\Debug\Exceptions->errorHandler(2, 'Undefined property: App\\Controllers\\siswa::$input_siswa', 'APPPATH\\Controllers\\siswa.php', 71)
 2 SYSTEMPATH\CodeIgniter.php(898): App\Controllers\siswa->save()
 3 SYSTEMPATH\CodeIgniter.php(468): CodeIgniter\CodeIgniter->runController(Object(App\Controllers\siswa))
 4 SYSTEMPATH\CodeIgniter.php(351): CodeIgniter\CodeIgniter->handleRequest(null, Object(Config\Cache), false)
 5 FCPATH\index.php(55): CodeIgniter\CodeIgniter->run()
 6 SYSTEMPATH\Commands\Server\rewrite.php(43): require_once('FCPATH\\index.php')
CRITICAL - 2023-04-01 22:15:29 --> Undefined array key ""
in APPPATH\Views\content\kuitansi.php on line 96.
 1 APPPATH\Views\content\kuitansi.php(96): CodeIgniter\Debug\Exceptions->errorHandler(2, 'Undefined array key ""', 'APPPATH\\Views\\content\\kuitansi.php', 96)
 2 APPPATH\Views\content\kuitansi.php(36): Terbilang(null)
 3 SYSTEMPATH\View\View.php(213): include('APPPATH\\Views\\content\\kuitansi.php')
 4 SYSTEMPATH\View\View.php(216): CodeIgniter\View\View->CodeIgniter\View\{closure}()
 5 SYSTEMPATH\Common.php(1135): CodeIgniter\View\View->render('/content/kuitansi', [], true)
 6 APPPATH\Controllers\bebas_bayar.php(60): view('/content/kuitansi', [...])
 7 SYSTEMPATH\CodeIgniter.php(898): App\Controllers\bebas_bayar->cetak_kuitansi('1')
 8 SYSTEMPATH\CodeIgniter.php(468): CodeIgniter\CodeIgniter->runController(Object(App\Controllers\bebas_bayar))
 9 SYSTEMPATH\CodeIgniter.php(351): CodeIgniter\CodeIgniter->handleRequest(null, Object(Config\Cache), false)
10 FCPATH\index.php(55): CodeIgniter\CodeIgniter->run()
11 SYSTEMPATH\Commands\Server\rewrite.php(43): require_once('FCPATH\\index.php')
CRITICAL - 2023-04-01 22:26:21 --> Undefined array key 2
in APPPATH\Views\content\bayar_bebas.php on line 116.
 1 APPPATH\Views\content\bayar_bebas.php(116): CodeIgniter\Debug\Exceptions->errorHandler(2, 'Undefined array key 2', 'APPPATH\\Views\\content\\bayar_bebas.php', 116)
 2 APPPATH\Views\content\bayar_bebas.php(55): tanggal_indonesia(null)
 3 SYSTEMPATH\View\View.php(213): include('APPPATH\\Views\\content\\bayar_bebas.php')
 4 SYSTEMPATH\View\View.php(216): CodeIgniter\View\View->CodeIgniter\View\{closure}()
 5 SYSTEMPATH\Common.php(1135): CodeIgniter\View\View->render('/content/bayar_bebas', [], true)
 6 APPPATH\Controllers\bebas_bayar.php(24): view('/content/bayar_bebas', [...])
 7 SYSTEMPATH\CodeIgniter.php(898): App\Controllers\bebas_bayar->index()
 8 SYSTEMPATH\CodeIgniter.php(468): CodeIgniter\CodeIgniter->runController(Object(App\Controllers\bebas_bayar))
 9 SYSTEMPATH\CodeIgniter.php(351): CodeIgniter\CodeIgniter->handleRequest(null, Object(Config\Cache), false)
10 FCPATH\index.php(55): CodeIgniter\CodeIgniter->run()
11 SYSTEMPATH\Commands\Server\rewrite.php(43): require_once('FCPATH\\index.php')
CRITICAL - 2023-04-01 22:27:25 --> date(): Argument #2 ($timestamp) must be of type ?int, string given
in APPPATH\Views\content\bayar_bebas.php on line 55.
 1 APPPATH\Views\content\bayar_bebas.php(55): date('d-m-y', '2023-04-01')
 2 SYSTEMPATH\View\View.php(213): include('APPPATH\\Views\\content\\bayar_bebas.php')
 3 SYSTEMPATH\View\View.php(216): CodeIgniter\View\View->CodeIgniter\View\{closure}()
 4 SYSTEMPATH\Common.php(1135): CodeIgniter\View\View->render('/content/bayar_bebas', [], true)
 5 APPPATH\Controllers\bebas_bayar.php(24): view('/content/bayar_bebas', [...])
 6 SYSTEMPATH\CodeIgniter.php(898): App\Controllers\bebas_bayar->index()
 7 SYSTEMPATH\CodeIgniter.php(468): CodeIgniter\CodeIgniter->runController(Object(App\Controllers\bebas_bayar))
 8 SYSTEMPATH\CodeIgniter.php(351): CodeIgniter\CodeIgniter->handleRequest(null, Object(Config\Cache), false)
 9 FCPATH\index.php(55): CodeIgniter\CodeIgniter->run()
10 SYSTEMPATH\Commands\Server\rewrite.php(43): require_once('FCPATH\\index.php')
CRITICAL - 2023-04-01 22:28:01 --> Undefined array key "3010Saturday_bpm23pmSat, 01 Apr 2023 22:28:01 -0500"
in APPPATH\Views\content\bayar_bebas.php on line 55.
 1 APPPATH\Views\content\bayar_bebas.php(55): CodeIgniter\Debug\Exceptions->errorHandler(2, 'Undefined array key "3010Saturday_bpm23pmSat, 01 Apr 2023 22:28:01 -0500"', 'APPPATH\\Views\\content\\bayar_bebas.php', 55)
 2 SYSTEMPATH\View\View.php(213): include('APPPATH\\Views\\content\\bayar_bebas.php')
 3 SYSTEMPATH\View\View.php(216): CodeIgniter\View\View->CodeIgniter\View\{closure}()
 4 SYSTEMPATH\Common.php(1135): CodeIgniter\View\View->render('/content/bayar_bebas', [], true)
 5 APPPATH\Controllers\bebas_bayar.php(24): view('/content/bayar_bebas', [...])
 6 SYSTEMPATH\CodeIgniter.php(898): App\Controllers\bebas_bayar->index()
 7 SYSTEMPATH\CodeIgniter.php(468): CodeIgniter\CodeIgniter->runController(Object(App\Controllers\bebas_bayar))
 8 SYSTEMPATH\CodeIgniter.php(351): CodeIgniter\CodeIgniter->handleRequest(null, Object(Config\Cache), false)
 9 FCPATH\index.php(55): CodeIgniter\CodeIgniter->run()
10 SYSTEMPATH\Commands\Server\rewrite.php(43): require_once('FCPATH\\index.php')
CRITICAL - 2023-04-01 22:28:26 --> date(): Argument #2 ($timestamp) must be of type ?int, string given
in APPPATH\Views\content\bayar_bebas.php on line 55.
 1 APPPATH\Views\content\bayar_bebas.php(55): date('d-m-y', 'tgl_bayar')
 2 SYSTEMPATH\View\View.php(213): include('APPPATH\\Views\\content\\bayar_bebas.php')
 3 SYSTEMPATH\View\View.php(216): CodeIgniter\View\View->CodeIgniter\View\{closure}()
 4 SYSTEMPATH\Common.php(1135): CodeIgniter\View\View->render('/content/bayar_bebas', [], true)
 5 APPPATH\Controllers\bebas_bayar.php(24): view('/content/bayar_bebas', [...])
 6 SYSTEMPATH\CodeIgniter.php(898): App\Controllers\bebas_bayar->index()
 7 SYSTEMPATH\CodeIgniter.php(468): CodeIgniter\CodeIgniter->runController(Object(App\Controllers\bebas_bayar))
 8 SYSTEMPATH\CodeIgniter.php(351): CodeIgniter\CodeIgniter->handleRequest(null, Object(Config\Cache), false)
 9 FCPATH\index.php(55): CodeIgniter\CodeIgniter->run()
10 SYSTEMPATH\Commands\Server\rewrite.php(43): require_once('FCPATH\\index.php')
CRITICAL - 2023-04-01 22:28:51 --> Undefined array key "31-12-69"
in APPPATH\Views\content\bayar_bebas.php on line 55.
 1 APPPATH\Views\content\bayar_bebas.php(55): CodeIgniter\Debug\Exceptions->errorHandler(2, 'Undefined array key "31-12-69"', 'APPPATH\\Views\\content\\bayar_bebas.php', 55)
 2 SYSTEMPATH\View\View.php(213): include('APPPATH\\Views\\content\\bayar_bebas.php')
 3 SYSTEMPATH\View\View.php(216): CodeIgniter\View\View->CodeIgniter\View\{closure}()
 4 SYSTEMPATH\Common.php(1135): CodeIgniter\View\View->render('/content/bayar_bebas', [], true)
 5 APPPATH\Controllers\bebas_bayar.php(24): view('/content/bayar_bebas', [...])
 6 SYSTEMPATH\CodeIgniter.php(898): App\Controllers\bebas_bayar->index()
 7 SYSTEMPATH\CodeIgniter.php(468): CodeIgniter\CodeIgniter->runController(Object(App\Controllers\bebas_bayar))
 8 SYSTEMPATH\CodeIgniter.php(351): CodeIgniter\CodeIgniter->handleRequest(null, Object(Config\Cache), false)
 9 FCPATH\index.php(55): CodeIgniter\CodeIgniter->run()
10 SYSTEMPATH\Commands\Server\rewrite.php(43): require_once('FCPATH\\index.php')
CRITICAL - 2023-04-01 22:34:04 --> Undefined property: App\Controllers\laporan::$BebasBayar_Model
in APPPATH\Controllers\laporan.php on line 17.
 1 APPPATH\Controllers\laporan.php(17): CodeIgniter\Debug\Exceptions->errorHandler(2, 'Undefined property: App\\Controllers\\laporan::$BebasBayar_Model', 'APPPATH\\Controllers\\laporan.php', 17)
 2 SYSTEMPATH\CodeIgniter.php(898): App\Controllers\laporan->spp()
 3 SYSTEMPATH\CodeIgniter.php(468): CodeIgniter\CodeIgniter->runController(Object(App\Controllers\laporan))
 4 SYSTEMPATH\CodeIgniter.php(351): CodeIgniter\CodeIgniter->handleRequest(null, Object(Config\Cache), false)
 5 FCPATH\index.php(55): CodeIgniter\CodeIgniter->run()
 6 SYSTEMPATH\Commands\Server\rewrite.php(43): require_once('FCPATH\\index.php')
CRITICAL - 2023-04-01 22:34:24 --> Class "App\Models\BayarBebas_Model" not found
in APPPATH\Controllers\laporan.php on line 12.
 1 SYSTEMPATH\CodeIgniter.php(860): App\Controllers\laporan->__construct()
 2 SYSTEMPATH\CodeIgniter.php(459): CodeIgniter\CodeIgniter->createController()
 3 SYSTEMPATH\CodeIgniter.php(351): CodeIgniter\CodeIgniter->handleRequest(null, Object(Config\Cache), false)
 4 FCPATH\index.php(55): CodeIgniter\CodeIgniter->run()
 5 SYSTEMPATH\Commands\Server\rewrite.php(43): require_once('FCPATH\\index.php')
CRITICAL - 2023-04-01 22:34:27 --> Class "App\Models\BayarBebas_Model" not found
in APPPATH\Controllers\laporan.php on line 12.
 1 SYSTEMPATH\CodeIgniter.php(860): App\Controllers\laporan->__construct()
 2 SYSTEMPATH\CodeIgniter.php(459): CodeIgniter\CodeIgniter->createController()
 3 SYSTEMPATH\CodeIgniter.php(351): CodeIgniter\CodeIgniter->handleRequest(null, Object(Config\Cache), false)
 4 FCPATH\index.php(55): CodeIgniter\CodeIgniter->run()
 5 SYSTEMPATH\Commands\Server\rewrite.php(43): require_once('FCPATH\\index.php')
CRITICAL - 2023-04-01 22:35:03 --> Undefined array key "nisn"
in APPPATH\Views\content\laporan_spp.php on line 50.
 1 APPPATH\Views\content\laporan_spp.php(50): CodeIgniter\Debug\Exceptions->errorHandler(2, 'Undefined array key "nisn"', 'APPPATH\\Views\\content\\laporan_spp.php', 50)
 2 SYSTEMPATH\View\View.php(213): include('APPPATH\\Views\\content\\laporan_spp.php')
 3 SYSTEMPATH\View\View.php(216): CodeIgniter\View\View->CodeIgniter\View\{closure}()
 4 SYSTEMPATH\Common.php(1135): CodeIgniter\View\View->render('content/laporan_spp', [], true)
 5 APPPATH\Controllers\laporan.php(18): view('content/laporan_spp', [...])
 6 SYSTEMPATH\CodeIgniter.php(898): App\Controllers\laporan->spp()
 7 SYSTEMPATH\CodeIgniter.php(468): CodeIgniter\CodeIgniter->runController(Object(App\Controllers\laporan))
 8 SYSTEMPATH\CodeIgniter.php(351): CodeIgniter\CodeIgniter->handleRequest(null, Object(Config\Cache), false)
 9 FCPATH\index.php(55): CodeIgniter\CodeIgniter->run()
10 SYSTEMPATH\Commands\Server\rewrite.php(43): require_once('FCPATH\\index.php')
CRITICAL - 2023-04-01 22:35:27 --> Undefined array key "jumlah"
in APPPATH\Views\content\laporan_spp.php on line 55.
 1 APPPATH\Views\content\laporan_spp.php(55): CodeIgniter\Debug\Exceptions->errorHandler(2, 'Undefined array key "jumlah"', 'APPPATH\\Views\\content\\laporan_spp.php', 55)
 2 SYSTEMPATH\View\View.php(213): include('APPPATH\\Views\\content\\laporan_spp.php')
 3 SYSTEMPATH\View\View.php(216): CodeIgniter\View\View->CodeIgniter\View\{closure}()
 4 SYSTEMPATH\Common.php(1135): CodeIgniter\View\View->render('content/laporan_spp', [], true)
 5 APPPATH\Controllers\laporan.php(18): view('content/laporan_spp', [...])
 6 SYSTEMPATH\CodeIgniter.php(898): App\Controllers\laporan->spp()
 7 SYSTEMPATH\CodeIgniter.php(468): CodeIgniter\CodeIgniter->runController(Object(App\Controllers\laporan))
 8 SYSTEMPATH\CodeIgniter.php(351): CodeIgniter\CodeIgniter->handleRequest(null, Object(Config\Cache), false)
 9 FCPATH\index.php(55): CodeIgniter\CodeIgniter->run()
10 SYSTEMPATH\Commands\Server\rewrite.php(43): require_once('FCPATH\\index.php')
CRITICAL - 2023-04-01 22:35:43 --> Undefined array key "jumlah"
in APPPATH\Views\content\laporan_spp.php on line 56.
 1 APPPATH\Views\content\laporan_spp.php(56): CodeIgniter\Debug\Exceptions->errorHandler(2, 'Undefined array key "jumlah"', 'APPPATH\\Views\\content\\laporan_spp.php', 56)
 2 SYSTEMPATH\View\View.php(213): include('APPPATH\\Views\\content\\laporan_spp.php')
 3 SYSTEMPATH\View\View.php(216): CodeIgniter\View\View->CodeIgniter\View\{closure}()
 4 SYSTEMPATH\Common.php(1135): CodeIgniter\View\View->render('content/laporan_spp', [], true)
 5 APPPATH\Controllers\laporan.php(18): view('content/laporan_spp', [...])
 6 SYSTEMPATH\CodeIgniter.php(898): App\Controllers\laporan->spp()
 7 SYSTEMPATH\CodeIgniter.php(468): CodeIgniter\CodeIgniter->runController(Object(App\Controllers\laporan))
 8 SYSTEMPATH\CodeIgniter.php(351): CodeIgniter\CodeIgniter->handleRequest(null, Object(Config\Cache), false)
 9 FCPATH\index.php(55): CodeIgniter\CodeIgniter->run()
10 SYSTEMPATH\Commands\Server\rewrite.php(43): require_once('FCPATH\\index.php')
CRITICAL - 2023-04-01 22:39:18 --> Undefined variable $kekurangan
in APPPATH\Views\content\laporan_spp.php on line 58.
 1 APPPATH\Views\content\laporan_spp.php(58): CodeIgniter\Debug\Exceptions->errorHandler(2, 'Undefined variable $kekurangan', 'APPPATH\\Views\\content\\laporan_spp.php', 58)
 2 SYSTEMPATH\View\View.php(213): include('APPPATH\\Views\\content\\laporan_spp.php')
 3 SYSTEMPATH\View\View.php(216): CodeIgniter\View\View->CodeIgniter\View\{closure}()
 4 SYSTEMPATH\Common.php(1135): CodeIgniter\View\View->render('content/laporan_spp', [], true)
 5 APPPATH\Controllers\laporan.php(18): view('content/laporan_spp', [...])
 6 SYSTEMPATH\CodeIgniter.php(898): App\Controllers\laporan->spp()
 7 SYSTEMPATH\CodeIgniter.php(468): CodeIgniter\CodeIgniter->runController(Object(App\Controllers\laporan))
 8 SYSTEMPATH\CodeIgniter.php(351): CodeIgniter\CodeIgniter->handleRequest(null, Object(Config\Cache), false)
 9 FCPATH\index.php(55): CodeIgniter\CodeIgniter->run()
10 SYSTEMPATH\Commands\Server\rewrite.php(43): require_once('FCPATH\\index.php')
CRITICAL - 2023-04-01 22:39:36 --> Undefined variable $kekurangan
in APPPATH\Views\content\laporan_spp.php on line 60.
 1 APPPATH\Views\content\laporan_spp.php(60): CodeIgniter\Debug\Exceptions->errorHandler(2, 'Undefined variable $kekurangan', 'APPPATH\\Views\\content\\laporan_spp.php', 60)
 2 SYSTEMPATH\View\View.php(213): include('APPPATH\\Views\\content\\laporan_spp.php')
 3 SYSTEMPATH\View\View.php(216): CodeIgniter\View\View->CodeIgniter\View\{closure}()
 4 SYSTEMPATH\Common.php(1135): CodeIgniter\View\View->render('content/laporan_spp', [], true)
 5 APPPATH\Controllers\laporan.php(18): view('content/laporan_spp', [...])
 6 SYSTEMPATH\CodeIgniter.php(898): App\Controllers\laporan->spp()
 7 SYSTEMPATH\CodeIgniter.php(468): CodeIgniter\CodeIgniter->runController(Object(App\Controllers\laporan))
 8 SYSTEMPATH\CodeIgniter.php(351): CodeIgniter\CodeIgniter->handleRequest(null, Object(Config\Cache), false)
 9 FCPATH\index.php(55): CodeIgniter\CodeIgniter->run()
10 SYSTEMPATH\Commands\Server\rewrite.php(43): require_once('FCPATH\\index.php')
CRITICAL - 2023-04-01 22:39:41 --> Undefined variable $kekurangan
in APPPATH\Views\content\laporan_spp.php on line 60.
 1 APPPATH\Views\content\laporan_spp.php(60): CodeIgniter\Debug\Exceptions->errorHandler(2, 'Undefined variable $kekurangan', 'APPPATH\\Views\\content\\laporan_spp.php', 60)
 2 SYSTEMPATH\View\View.php(213): include('APPPATH\\Views\\content\\laporan_spp.php')
 3 SYSTEMPATH\View\View.php(216): CodeIgniter\View\View->CodeIgniter\View\{closure}()
 4 SYSTEMPATH\Common.php(1135): CodeIgniter\View\View->render('content/laporan_spp', [], true)
 5 APPPATH\Controllers\laporan.php(18): view('content/laporan_spp', [...])
 6 SYSTEMPATH\CodeIgniter.php(898): App\Controllers\laporan->spp()
 7 SYSTEMPATH\CodeIgniter.php(468): CodeIgniter\CodeIgniter->runController(Object(App\Controllers\laporan))
 8 SYSTEMPATH\CodeIgniter.php(351): CodeIgniter\CodeIgniter->handleRequest(null, Object(Config\Cache), false)
 9 FCPATH\index.php(55): CodeIgniter\CodeIgniter->run()
10 SYSTEMPATH\Commands\Server\rewrite.php(43): require_once('FCPATH\\index.php')
CRITICAL - 2023-04-01 22:39:48 --> Undefined variable $kekurangan
in APPPATH\Views\content\laporan_spp.php on line 60.
 1 APPPATH\Views\content\laporan_spp.php(60): CodeIgniter\Debug\Exceptions->errorHandler(2, 'Undefined variable $kekurangan', 'APPPATH\\Views\\content\\laporan_spp.php', 60)
 2 SYSTEMPATH\View\View.php(213): include('APPPATH\\Views\\content\\laporan_spp.php')
 3 SYSTEMPATH\View\View.php(216): CodeIgniter\View\View->CodeIgniter\View\{closure}()
 4 SYSTEMPATH\Common.php(1135): CodeIgniter\View\View->render('content/laporan_spp', [], true)
 5 APPPATH\Controllers\laporan.php(18): view('content/laporan_spp', [...])
 6 SYSTEMPATH\CodeIgniter.php(898): App\Controllers\laporan->spp()
 7 SYSTEMPATH\CodeIgniter.php(468): CodeIgniter\CodeIgniter->runController(Object(App\Controllers\laporan))
 8 SYSTEMPATH\CodeIgniter.php(351): CodeIgniter\CodeIgniter->handleRequest(null, Object(Config\Cache), false)
 9 FCPATH\index.php(55): CodeIgniter\CodeIgniter->run()
10 SYSTEMPATH\Commands\Server\rewrite.php(43): require_once('FCPATH\\index.php')
CRITICAL - 2023-04-01 22:40:25 --> Undefined variable $kekurangan
in APPPATH\Views\content\laporan_spp.php on line 56.
 1 APPPATH\Views\content\laporan_spp.php(56): CodeIgniter\Debug\Exceptions->errorHandler(2, 'Undefined variable $kekurangan', 'APPPATH\\Views\\content\\laporan_spp.php', 56)
 2 SYSTEMPATH\View\View.php(213): include('APPPATH\\Views\\content\\laporan_spp.php')
 3 SYSTEMPATH\View\View.php(216): CodeIgniter\View\View->CodeIgniter\View\{closure}()
 4 SYSTEMPATH\Common.php(1135): CodeIgniter\View\View->render('content/laporan_spp', [], true)
 5 APPPATH\Controllers\laporan.php(18): view('content/laporan_spp', [...])
 6 SYSTEMPATH\CodeIgniter.php(898): App\Controllers\laporan->spp()
 7 SYSTEMPATH\CodeIgniter.php(468): CodeIgniter\CodeIgniter->runController(Object(App\Controllers\laporan))
 8 SYSTEMPATH\CodeIgniter.php(351): CodeIgniter\CodeIgniter->handleRequest(null, Object(Config\Cache), false)
 9 FCPATH\index.php(55): CodeIgniter\CodeIgniter->run()
10 SYSTEMPATH\Commands\Server\rewrite.php(43): require_once('FCPATH\\index.php')
CRITICAL - 2023-04-01 22:40:42 --> Trying to access array offset on value of type int
in APPPATH\Views\content\laporan_spp.php on line 56.
 1 APPPATH\Views\content\laporan_spp.php(56): CodeIgniter\Debug\Exceptions->errorHandler(2, 'Trying to access array offset on value of type int', 'APPPATH\\Views\\content\\laporan_spp.php', 56)
 2 SYSTEMPATH\View\View.php(213): include('APPPATH\\Views\\content\\laporan_spp.php')
 3 SYSTEMPATH\View\View.php(216): CodeIgniter\View\View->CodeIgniter\View\{closure}()
 4 SYSTEMPATH\Common.php(1135): CodeIgniter\View\View->render('content/laporan_spp', [], true)
 5 APPPATH\Controllers\laporan.php(18): view('content/laporan_spp', [...])
 6 SYSTEMPATH\CodeIgniter.php(898): App\Controllers\laporan->spp()
 7 SYSTEMPATH\CodeIgniter.php(468): CodeIgniter\CodeIgniter->runController(Object(App\Controllers\laporan))
 8 SYSTEMPATH\CodeIgniter.php(351): CodeIgniter\CodeIgniter->handleRequest(null, Object(Config\Cache), false)
 9 FCPATH\index.php(55): CodeIgniter\CodeIgniter->run()
10 SYSTEMPATH\Commands\Server\rewrite.php(43): require_once('FCPATH\\index.php')
ERROR - 2023-04-01 23:03:12 --> Column 'nis' in where clause is ambiguous
CRITICAL - 2023-04-01 23:03:12 --> Column 'nis' in where clause is ambiguous
in SYSTEMPATH\Database\MySQLi\Connection.php on line 292.
 1 SYSTEMPATH\Database\MySQLi\Connection.php(292): mysqli->query('SELECT `tunggakan`.*, `b`.*, `c`.*
FROM `tunggakan`
JOIN `siswa` `b` USING (`id_siswa`)
JOIN `spp` `c` USING (`id_spp`)
WHERE `nis` IS NULL', 0)
 2 SYSTEMPATH\Database\BaseConnection.php(678): CodeIgniter\Database\MySQLi\Connection->execute('SELECT `tunggakan`.*, `b`.*, `c`.*
FROM `tunggakan`
JOIN `siswa` `b` USING (`id_siswa`)
JOIN `spp` `c` USING (`id_spp`)
WHERE `nis` IS NULL')
 3 SYSTEMPATH\Database\BaseConnection.php(606): CodeIgniter\Database\BaseConnection->simpleQuery('SELECT `tunggakan`.*, `b`.*, `c`.*
FROM `tunggakan`
JOIN `siswa` `b` USING (`id_siswa`)
JOIN `spp` `c` USING (`id_spp`)
WHERE `nis` IS NULL')
 4 SYSTEMPATH\Database\BaseBuilder.php(1585): CodeIgniter\Database\BaseConnection->query('SELECT `tunggakan`.*, `b`.*, `c`.*
FROM `tunggakan`
JOIN `siswa` `b` USING (`id_siswa`)
JOIN `spp` `c` USING (`id_spp`)
WHERE `nis` IS NULL', [], false)
 5 SYSTEMPATH\Model.php(222): CodeIgniter\Database\BaseBuilder->get()
 6 SYSTEMPATH\BaseModel.php(584): CodeIgniter\Model->doFindAll(0, 0)
 7 APPPATH\Models\Tunggakan_Model.php(30): CodeIgniter\BaseModel->findAll()
 8 APPPATH\Controllers\tunggakan.php(40): App\Models\Tunggakan_Model->getsiswa(null)
 9 SYSTEMPATH\CodeIgniter.php(898): App\Controllers\tunggakan->bayar_spp()
10 SYSTEMPATH\CodeIgniter.php(468): CodeIgniter\CodeIgniter->runController(Object(App\Controllers\tunggakan))
11 SYSTEMPATH\CodeIgniter.php(351): CodeIgniter\CodeIgniter->handleRequest(null, Object(Config\Cache), false)
12 FCPATH\index.php(55): CodeIgniter\CodeIgniter->run()
13 SYSTEMPATH\Commands\Server\rewrite.php(43): require_once('FCPATH\\index.php')
CRITICAL - 2023-04-01 23:04:07 --> Undefined array key "nis"
in APPPATH\Views\form\bayar_spp.php on line 27.
 1 APPPATH\Views\form\bayar_spp.php(27): CodeIgniter\Debug\Exceptions->errorHandler(2, 'Undefined array key "nis"', 'APPPATH\\Views\\form\\bayar_spp.php', 27)
 2 SYSTEMPATH\View\View.php(213): include('APPPATH\\Views\\form\\bayar_spp.php')
 3 SYSTEMPATH\View\View.php(216): CodeIgniter\View\View->CodeIgniter\View\{closure}()
 4 SYSTEMPATH\Common.php(1135): CodeIgniter\View\View->render('/form/bayar_spp', [], true)
 5 APPPATH\Controllers\tunggakan.php(42): view('/form/bayar_spp', [...])
 6 SYSTEMPATH\CodeIgniter.php(898): App\Controllers\tunggakan->bayar_spp()
 7 SYSTEMPATH\CodeIgniter.php(468): CodeIgniter\CodeIgniter->runController(Object(App\Controllers\tunggakan))
 8 SYSTEMPATH\CodeIgniter.php(351): CodeIgniter\CodeIgniter->handleRequest(null, Object(Config\Cache), false)
 9 FCPATH\index.php(55): CodeIgniter\CodeIgniter->run()
10 SYSTEMPATH\Commands\Server\rewrite.php(43): require_once('FCPATH\\index.php')
