CRITICAL - 2023-02-22 01:56:44 --> Undefined variable $siswa
in APPPATH\Views\form\input_kelas.php on line 6.
 1 APPPATH\Views\form\input_kelas.php(6): CodeIgniter\Debug\Exceptions->errorHandler(2, 'Undefined variable $siswa', 'APPPATH\\Views\\form\\input_kelas.php', 6)
 2 SYSTEMPATH\View\View.php(213): include('APPPATH\\Views\\form\\input_kelas.php')
 3 SYSTEMPATH\View\View.php(216): CodeIgniter\View\View->CodeIgniter\View\{closure}()
 4 SYSTEMPATH\Common.php(1135): CodeIgniter\View\View->render('form/input_kelas', [], true)
 5 APPPATH\Controllers\kelas.php(21): view('form/input_kelas', [...])
 6 SYSTEMPATH\CodeIgniter.php(898): App\Controllers\kelas->input_kelas()
 7 SYSTEMPATH\CodeIgniter.php(468): CodeIgniter\CodeIgniter->runController(Object(App\Controllers\kelas))
 8 SYSTEMPATH\CodeIgniter.php(351): CodeIgniter\CodeIgniter->handleRequest(null, Object(Config\Cache), false)
 9 FCPATH\index.php(55): CodeIgniter\CodeIgniter->run()
10 SYSTEMPATH\Commands\Server\rewrite.php(43): require_once('FCPATH\\index.php')
CRITICAL - 2023-02-22 02:19:12 --> Call to undefined method App\Models\Kelas_Model::getAll
in SYSTEMPATH\Model.php on line 773.
 1 APPPATH\Controllers\kelas.php(18): CodeIgniter\Model->__call('getAll', [])
 2 SYSTEMPATH\CodeIgniter.php(898): App\Controllers\kelas->index()
 3 SYSTEMPATH\CodeIgniter.php(468): CodeIgniter\CodeIgniter->runController(Object(App\Controllers\kelas))
 4 SYSTEMPATH\CodeIgniter.php(351): CodeIgniter\CodeIgniter->handleRequest(null, Object(Config\Cache), false)
 5 FCPATH\index.php(55): CodeIgniter\CodeIgniter->run()
 6 SYSTEMPATH\Commands\Server\rewrite.php(43): require_once('FCPATH\\index.php')
CRITICAL - 2023-02-22 02:20:16 --> Call to undefined method App\Models\Kelas_Model::getAll
in SYSTEMPATH\Model.php on line 773.
 1 APPPATH\Controllers\kelas.php(18): CodeIgniter\Model->__call('getAll', [])
 2 SYSTEMPATH\CodeIgniter.php(898): App\Controllers\kelas->index()
 3 SYSTEMPATH\CodeIgniter.php(468): CodeIgniter\CodeIgniter->runController(Object(App\Controllers\kelas))
 4 SYSTEMPATH\CodeIgniter.php(351): CodeIgniter\CodeIgniter->handleRequest(null, Object(Config\Cache), false)
 5 FCPATH\index.php(55): CodeIgniter\CodeIgniter->run()
 6 SYSTEMPATH\Commands\Server\rewrite.php(43): require_once('FCPATH\\index.php')
CRITICAL - 2023-02-22 02:21:26 --> Call to undefined method App\Models\Kelas_Model::getall
in SYSTEMPATH\Model.php on line 773.
 1 APPPATH\Controllers\kelas.php(18): CodeIgniter\Model->__call('getall', [])
 2 SYSTEMPATH\CodeIgniter.php(898): App\Controllers\kelas->index()
 3 SYSTEMPATH\CodeIgniter.php(468): CodeIgniter\CodeIgniter->runController(Object(App\Controllers\kelas))
 4 SYSTEMPATH\CodeIgniter.php(351): CodeIgniter\CodeIgniter->handleRequest(null, Object(Config\Cache), false)
 5 FCPATH\index.php(55): CodeIgniter\CodeIgniter->run()
 6 SYSTEMPATH\Commands\Server\rewrite.php(43): require_once('FCPATH\\index.php')
CRITICAL - 2023-02-22 02:26:01 --> Call to undefined method App\Models\Kelas_Model::getAll
in SYSTEMPATH\Model.php on line 773.
 1 APPPATH\Controllers\kelas.php(18): CodeIgniter\Model->__call('getAll', [])
 2 SYSTEMPATH\CodeIgniter.php(898): App\Controllers\kelas->index()
 3 SYSTEMPATH\CodeIgniter.php(468): CodeIgniter\CodeIgniter->runController(Object(App\Controllers\kelas))
 4 SYSTEMPATH\CodeIgniter.php(351): CodeIgniter\CodeIgniter->handleRequest(null, Object(Config\Cache), false)
 5 FCPATH\index.php(55): CodeIgniter\CodeIgniter->run()
 6 SYSTEMPATH\Commands\Server\rewrite.php(43): require_once('FCPATH\\index.php')
CRITICAL - 2023-02-22 02:28:02 --> Call to undefined method App\Models\Kelas_Model::getAll
in SYSTEMPATH\Model.php on line 773.
 1 APPPATH\Controllers\kelas.php(18): CodeIgniter\Model->__call('getAll', [])
 2 SYSTEMPATH\CodeIgniter.php(898): App\Controllers\kelas->index()
 3 SYSTEMPATH\CodeIgniter.php(468): CodeIgniter\CodeIgniter->runController(Object(App\Controllers\kelas))
 4 SYSTEMPATH\CodeIgniter.php(351): CodeIgniter\CodeIgniter->handleRequest(null, Object(Config\Cache), false)
 5 FCPATH\index.php(55): CodeIgniter\CodeIgniter->run()
 6 SYSTEMPATH\Commands\Server\rewrite.php(43): require_once('FCPATH\\index.php')
CRITICAL - 2023-02-22 02:28:20 --> Call to undefined method App\Models\Kelas_Model::getAll
in SYSTEMPATH\Model.php on line 773.
 1 APPPATH\Controllers\kelas.php(18): CodeIgniter\Model->__call('getAll', [])
 2 SYSTEMPATH\CodeIgniter.php(898): App\Controllers\kelas->index()
 3 SYSTEMPATH\CodeIgniter.php(468): CodeIgniter\CodeIgniter->runController(Object(App\Controllers\kelas))
 4 SYSTEMPATH\CodeIgniter.php(351): CodeIgniter\CodeIgniter->handleRequest(null, Object(Config\Cache), false)
 5 FCPATH\index.php(55): CodeIgniter\CodeIgniter->run()
 6 SYSTEMPATH\Commands\Server\rewrite.php(43): require_once('FCPATH\\index.php')
CRITICAL - 2023-02-22 02:31:13 --> Call to undefined method App\Models\Kelas_Model::getAll
in SYSTEMPATH\Model.php on line 773.
 1 APPPATH\Controllers\kelas.php(19): CodeIgniter\Model->__call('getAll', [])
 2 SYSTEMPATH\CodeIgniter.php(898): App\Controllers\kelas->index()
 3 SYSTEMPATH\CodeIgniter.php(468): CodeIgniter\CodeIgniter->runController(Object(App\Controllers\kelas))
 4 SYSTEMPATH\CodeIgniter.php(351): CodeIgniter\CodeIgniter->handleRequest(null, Object(Config\Cache), false)
 5 FCPATH\index.php(55): CodeIgniter\CodeIgniter->run()
 6 SYSTEMPATH\Commands\Server\rewrite.php(43): require_once('FCPATH\\index.php')
CRITICAL - 2023-02-22 02:32:01 --> Call to undefined method App\Models\Kelas_Model::getAll
in SYSTEMPATH\Model.php on line 773.
 1 APPPATH\Controllers\kelas.php(19): CodeIgniter\Model->__call('getAll', [])
 2 SYSTEMPATH\CodeIgniter.php(898): App\Controllers\kelas->index()
 3 SYSTEMPATH\CodeIgniter.php(468): CodeIgniter\CodeIgniter->runController(Object(App\Controllers\kelas))
 4 SYSTEMPATH\CodeIgniter.php(351): CodeIgniter\CodeIgniter->handleRequest(null, Object(Config\Cache), false)
 5 FCPATH\index.php(55): CodeIgniter\CodeIgniter->run()
 6 SYSTEMPATH\Commands\Server\rewrite.php(43): require_once('FCPATH\\index.php')
CRITICAL - 2023-02-22 02:32:04 --> Call to undefined method App\Models\Kelas_Model::getAll
in SYSTEMPATH\Model.php on line 773.
 1 APPPATH\Controllers\kelas.php(19): CodeIgniter\Model->__call('getAll', [])
 2 SYSTEMPATH\CodeIgniter.php(898): App\Controllers\kelas->index()
 3 SYSTEMPATH\CodeIgniter.php(468): CodeIgniter\CodeIgniter->runController(Object(App\Controllers\kelas))
 4 SYSTEMPATH\CodeIgniter.php(351): CodeIgniter\CodeIgniter->handleRequest(null, Object(Config\Cache), false)
 5 FCPATH\index.php(55): CodeIgniter\CodeIgniter->run()
 6 SYSTEMPATH\Commands\Server\rewrite.php(43): require_once('FCPATH\\index.php')
CRITICAL - 2023-02-22 02:32:10 --> Call to undefined method App\Models\Kelas_Model::getAll
in SYSTEMPATH\Model.php on line 773.
 1 APPPATH\Controllers\kelas.php(19): CodeIgniter\Model->__call('getAll', [])
 2 SYSTEMPATH\CodeIgniter.php(898): App\Controllers\kelas->index()
 3 SYSTEMPATH\CodeIgniter.php(468): CodeIgniter\CodeIgniter->runController(Object(App\Controllers\kelas))
 4 SYSTEMPATH\CodeIgniter.php(351): CodeIgniter\CodeIgniter->handleRequest(null, Object(Config\Cache), false)
 5 FCPATH\index.php(55): CodeIgniter\CodeIgniter->run()
 6 SYSTEMPATH\Commands\Server\rewrite.php(43): require_once('FCPATH\\index.php')
CRITICAL - 2023-02-22 04:17:20 --> Undefined property: App\Controllers\siswa::$siswamodel
in APPPATH\Controllers\siswa.php on line 17.
 1 APPPATH\Controllers\siswa.php(17): CodeIgniter\Debug\Exceptions->errorHandler(2, 'Undefined property: App\\Controllers\\siswa::$siswamodel', 'APPPATH\\Controllers\\siswa.php', 17)
 2 SYSTEMPATH\CodeIgniter.php(898): App\Controllers\siswa->index()
 3 SYSTEMPATH\CodeIgniter.php(468): CodeIgniter\CodeIgniter->runController(Object(App\Controllers\siswa))
 4 SYSTEMPATH\CodeIgniter.php(351): CodeIgniter\CodeIgniter->handleRequest(null, Object(Config\Cache), false)
 5 FCPATH\index.php(55): CodeIgniter\CodeIgniter->run()
 6 SYSTEMPATH\Commands\Server\rewrite.php(43): require_once('FCPATH\\index.php')
CRITICAL - 2023-02-22 04:19:07 --> Object of class CodeIgniter\Pager\Pager could not be converted to string
in APPPATH\Views\content\siswa.php on line 51.
 1 SYSTEMPATH\View\View.php(213): include()
 2 SYSTEMPATH\View\View.php(216): CodeIgniter\View\View->CodeIgniter\View\{closure}()
 3 SYSTEMPATH\Common.php(1135): CodeIgniter\View\View->render('content/siswa', [], true)
 4 APPPATH\Controllers\siswa.php(18): view('content/siswa', [...])
 5 SYSTEMPATH\CodeIgniter.php(898): App\Controllers\siswa->index()
 6 SYSTEMPATH\CodeIgniter.php(468): CodeIgniter\CodeIgniter->runController(Object(App\Controllers\siswa))
 7 SYSTEMPATH\CodeIgniter.php(351): CodeIgniter\CodeIgniter->handleRequest(null, Object(Config\Cache), false)
 8 FCPATH\index.php(55): CodeIgniter\CodeIgniter->run()
 9 SYSTEMPATH\Commands\Server\rewrite.php(43): require_once('FCPATH\\index.php')
CRITICAL - 2023-02-22 04:20:49 --> pagination is not a valid Pager template.
in SYSTEMPATH\Pager\Pager.php on line 120.
 1 SYSTEMPATH\Pager\Pager.php(120): CodeIgniter\Pager\Exceptions\PagerException::forInvalidTemplate('pagination')
 2 SYSTEMPATH\Pager\Pager.php(83): CodeIgniter\Pager\Pager->displayLinks('default', 'pagination')
 3 APPPATH\Views\content\siswa.php(53): CodeIgniter\Pager\Pager->links('default', 'pagination')
 4 SYSTEMPATH\View\View.php(213): include('APPPATH\\Views\\content\\siswa.php')
 5 SYSTEMPATH\View\View.php(216): CodeIgniter\View\View->CodeIgniter\View\{closure}()
 6 SYSTEMPATH\Common.php(1135): CodeIgniter\View\View->render('content/siswa', [], true)
 7 APPPATH\Controllers\siswa.php(18): view('content/siswa', [...])
 8 SYSTEMPATH\CodeIgniter.php(898): App\Controllers\siswa->index()
 9 SYSTEMPATH\CodeIgniter.php(468): CodeIgniter\CodeIgniter->runController(Object(App\Controllers\siswa))
10 SYSTEMPATH\CodeIgniter.php(351): CodeIgniter\CodeIgniter->handleRequest(null, Object(Config\Cache), false)
11 FCPATH\index.php(55): CodeIgniter\CodeIgniter->run()
12 SYSTEMPATH\Commands\Server\rewrite.php(43): require_once('FCPATH\\index.php')
CRITICAL - 2023-02-22 04:21:48 --> pagination is not a valid Pager template.
in SYSTEMPATH\Pager\Pager.php on line 120.
 1 SYSTEMPATH\Pager\Pager.php(120): CodeIgniter\Pager\Exceptions\PagerException::forInvalidTemplate('pagination')
 2 SYSTEMPATH\Pager\Pager.php(83): CodeIgniter\Pager\Pager->displayLinks('default', 'pagination')
 3 APPPATH\Views\content\siswa.php(53): CodeIgniter\Pager\Pager->links('default', 'pagination')
 4 SYSTEMPATH\View\View.php(213): include('APPPATH\\Views\\content\\siswa.php')
 5 SYSTEMPATH\View\View.php(216): CodeIgniter\View\View->CodeIgniter\View\{closure}()
 6 SYSTEMPATH\Common.php(1135): CodeIgniter\View\View->render('content/siswa', [], true)
 7 APPPATH\Controllers\siswa.php(18): view('content/siswa', [...])
 8 SYSTEMPATH\CodeIgniter.php(898): App\Controllers\siswa->index()
 9 SYSTEMPATH\CodeIgniter.php(468): CodeIgniter\CodeIgniter->runController(Object(App\Controllers\siswa))
10 SYSTEMPATH\CodeIgniter.php(351): CodeIgniter\CodeIgniter->handleRequest(null, Object(Config\Cache), false)
11 FCPATH\index.php(55): CodeIgniter\CodeIgniter->run()
12 SYSTEMPATH\Commands\Server\rewrite.php(43): require_once('FCPATH\\index.php')
CRITICAL - 2023-02-22 04:21:51 --> pagination is not a valid Pager template.
in SYSTEMPATH\Pager\Pager.php on line 120.
 1 SYSTEMPATH\Pager\Pager.php(120): CodeIgniter\Pager\Exceptions\PagerException::forInvalidTemplate('pagination')
 2 SYSTEMPATH\Pager\Pager.php(83): CodeIgniter\Pager\Pager->displayLinks('default', 'pagination')
 3 APPPATH\Views\content\siswa.php(53): CodeIgniter\Pager\Pager->links('default', 'pagination')
 4 SYSTEMPATH\View\View.php(213): include('APPPATH\\Views\\content\\siswa.php')
 5 SYSTEMPATH\View\View.php(216): CodeIgniter\View\View->CodeIgniter\View\{closure}()
 6 SYSTEMPATH\Common.php(1135): CodeIgniter\View\View->render('content/siswa', [], true)
 7 APPPATH\Controllers\siswa.php(18): view('content/siswa', [...])
 8 SYSTEMPATH\CodeIgniter.php(898): App\Controllers\siswa->index()
 9 SYSTEMPATH\CodeIgniter.php(468): CodeIgniter\CodeIgniter->runController(Object(App\Controllers\siswa))
10 SYSTEMPATH\CodeIgniter.php(351): CodeIgniter\CodeIgniter->handleRequest(null, Object(Config\Cache), false)
11 FCPATH\index.php(55): CodeIgniter\CodeIgniter->run()
12 SYSTEMPATH\Commands\Server\rewrite.php(43): require_once('FCPATH\\index.php')
CRITICAL - 2023-02-22 04:23:24 --> pagination is not a valid Pager template.
in SYSTEMPATH\Pager\Pager.php on line 120.
 1 SYSTEMPATH\Pager\Pager.php(120): CodeIgniter\Pager\Exceptions\PagerException::forInvalidTemplate('pagination')
 2 SYSTEMPATH\Pager\Pager.php(83): CodeIgniter\Pager\Pager->displayLinks('default', 'pagination')
 3 APPPATH\Views\content\siswa.php(53): CodeIgniter\Pager\Pager->links('default', 'pagination')
 4 SYSTEMPATH\View\View.php(213): include('APPPATH\\Views\\content\\siswa.php')
 5 SYSTEMPATH\View\View.php(216): CodeIgniter\View\View->CodeIgniter\View\{closure}()
 6 SYSTEMPATH\Common.php(1135): CodeIgniter\View\View->render('content/siswa', [], true)
 7 APPPATH\Controllers\siswa.php(18): view('content/siswa', [...])
 8 SYSTEMPATH\CodeIgniter.php(898): App\Controllers\siswa->index()
 9 SYSTEMPATH\CodeIgniter.php(468): CodeIgniter\CodeIgniter->runController(Object(App\Controllers\siswa))
10 SYSTEMPATH\CodeIgniter.php(351): CodeIgniter\CodeIgniter->handleRequest(null, Object(Config\Cache), false)
11 FCPATH\index.php(55): CodeIgniter\CodeIgniter->run()
12 SYSTEMPATH\Commands\Server\rewrite.php(43): require_once('FCPATH\\index.php')
CRITICAL - 2023-02-22 04:23:28 --> pagination is not a valid Pager template.
in SYSTEMPATH\Pager\Pager.php on line 120.
 1 SYSTEMPATH\Pager\Pager.php(120): CodeIgniter\Pager\Exceptions\PagerException::forInvalidTemplate('pagination')
 2 SYSTEMPATH\Pager\Pager.php(83): CodeIgniter\Pager\Pager->displayLinks('default', 'pagination')
 3 APPPATH\Views\content\siswa.php(53): CodeIgniter\Pager\Pager->links('default', 'pagination')
 4 SYSTEMPATH\View\View.php(213): include('APPPATH\\Views\\content\\siswa.php')
 5 SYSTEMPATH\View\View.php(216): CodeIgniter\View\View->CodeIgniter\View\{closure}()
 6 SYSTEMPATH\Common.php(1135): CodeIgniter\View\View->render('content/siswa', [], true)
 7 APPPATH\Controllers\siswa.php(18): view('content/siswa', [...])
 8 SYSTEMPATH\CodeIgniter.php(898): App\Controllers\siswa->index()
 9 SYSTEMPATH\CodeIgniter.php(468): CodeIgniter\CodeIgniter->runController(Object(App\Controllers\siswa))
10 SYSTEMPATH\CodeIgniter.php(351): CodeIgniter\CodeIgniter->handleRequest(null, Object(Config\Cache), false)
11 FCPATH\index.php(55): CodeIgniter\CodeIgniter->run()
12 SYSTEMPATH\Commands\Server\rewrite.php(43): require_once('FCPATH\\index.php')
CRITICAL - 2023-02-22 04:24:32 --> pagination is not a valid Pager template.
in SYSTEMPATH\Pager\Pager.php on line 120.
 1 SYSTEMPATH\Pager\Pager.php(120): CodeIgniter\Pager\Exceptions\PagerException::forInvalidTemplate('pagination')
 2 SYSTEMPATH\Pager\Pager.php(83): CodeIgniter\Pager\Pager->displayLinks('default', 'pagination')
 3 APPPATH\Views\content\siswa.php(53): CodeIgniter\Pager\Pager->links('default', 'pagination')
 4 SYSTEMPATH\View\View.php(213): include('APPPATH\\Views\\content\\siswa.php')
 5 SYSTEMPATH\View\View.php(216): CodeIgniter\View\View->CodeIgniter\View\{closure}()
 6 SYSTEMPATH\Common.php(1135): CodeIgniter\View\View->render('content/siswa', [], true)
 7 APPPATH\Controllers\siswa.php(18): view('content/siswa', [...])
 8 SYSTEMPATH\CodeIgniter.php(898): App\Controllers\siswa->index()
 9 SYSTEMPATH\CodeIgniter.php(468): CodeIgniter\CodeIgniter->runController(Object(App\Controllers\siswa))
10 SYSTEMPATH\CodeIgniter.php(351): CodeIgniter\CodeIgniter->handleRequest(null, Object(Config\Cache), false)
11 FCPATH\index.php(55): CodeIgniter\CodeIgniter->run()
12 SYSTEMPATH\Commands\Server\rewrite.php(43): require_once('FCPATH\\index.php')
CRITICAL - 2023-02-22 04:24:38 --> pagination is not a valid Pager template.
in SYSTEMPATH\Pager\Pager.php on line 120.
 1 SYSTEMPATH\Pager\Pager.php(120): CodeIgniter\Pager\Exceptions\PagerException::forInvalidTemplate('pagination')
 2 SYSTEMPATH\Pager\Pager.php(83): CodeIgniter\Pager\Pager->displayLinks('default', 'pagination')
 3 APPPATH\Views\content\siswa.php(53): CodeIgniter\Pager\Pager->links('default', 'pagination')
 4 SYSTEMPATH\View\View.php(213): include('APPPATH\\Views\\content\\siswa.php')
 5 SYSTEMPATH\View\View.php(216): CodeIgniter\View\View->CodeIgniter\View\{closure}()
 6 SYSTEMPATH\Common.php(1135): CodeIgniter\View\View->render('content/siswa', [], true)
 7 APPPATH\Controllers\siswa.php(18): view('content/siswa', [...])
 8 SYSTEMPATH\CodeIgniter.php(898): App\Controllers\siswa->index()
 9 SYSTEMPATH\CodeIgniter.php(468): CodeIgniter\CodeIgniter->runController(Object(App\Controllers\siswa))
10 SYSTEMPATH\CodeIgniter.php(351): CodeIgniter\CodeIgniter->handleRequest(null, Object(Config\Cache), false)
11 FCPATH\index.php(55): CodeIgniter\CodeIgniter->run()
12 SYSTEMPATH\Commands\Server\rewrite.php(43): require_once('FCPATH\\index.php')
CRITICAL - 2023-02-22 06:02:43 --> pagination  is not a valid Pager template.
in SYSTEMPATH\Pager\Pager.php on line 120.
 1 SYSTEMPATH\Pager\Pager.php(120): CodeIgniter\Pager\Exceptions\PagerException::forInvalidTemplate('pagination ')
 2 SYSTEMPATH\Pager\Pager.php(83): CodeIgniter\Pager\Pager->displayLinks('default', 'pagination ')
 3 APPPATH\Views\content\siswa.php(53): CodeIgniter\Pager\Pager->links('default', 'pagination ')
 4 SYSTEMPATH\View\View.php(213): include('APPPATH\\Views\\content\\siswa.php')
 5 SYSTEMPATH\View\View.php(216): CodeIgniter\View\View->CodeIgniter\View\{closure}()
 6 SYSTEMPATH\Common.php(1135): CodeIgniter\View\View->render('content/siswa', [], true)
 7 APPPATH\Controllers\siswa.php(18): view('content/siswa', [...])
 8 SYSTEMPATH\CodeIgniter.php(898): App\Controllers\siswa->index()
 9 SYSTEMPATH\CodeIgniter.php(468): CodeIgniter\CodeIgniter->runController(Object(App\Controllers\siswa))
10 SYSTEMPATH\CodeIgniter.php(351): CodeIgniter\CodeIgniter->handleRequest(null, Object(Config\Cache), false)
11 FCPATH\index.php(55): CodeIgniter\CodeIgniter->run()
12 SYSTEMPATH\Commands\Server\rewrite.php(43): require_once('FCPATH\\index.php')
CRITICAL - 2023-02-22 06:03:17 --> pagination  is not a valid Pager template.
in SYSTEMPATH\Pager\Pager.php on line 120.
 1 SYSTEMPATH\Pager\Pager.php(120): CodeIgniter\Pager\Exceptions\PagerException::forInvalidTemplate('pagination ')
 2 SYSTEMPATH\Pager\Pager.php(83): CodeIgniter\Pager\Pager->displayLinks('pagination', 'pagination ')
 3 APPPATH\Views\content\siswa.php(53): CodeIgniter\Pager\Pager->links('pagination', 'pagination ')
 4 SYSTEMPATH\View\View.php(213): include('APPPATH\\Views\\content\\siswa.php')
 5 SYSTEMPATH\View\View.php(216): CodeIgniter\View\View->CodeIgniter\View\{closure}()
 6 SYSTEMPATH\Common.php(1135): CodeIgniter\View\View->render('content/siswa', [], true)
 7 APPPATH\Controllers\siswa.php(18): view('content/siswa', [...])
 8 SYSTEMPATH\CodeIgniter.php(898): App\Controllers\siswa->index()
 9 SYSTEMPATH\CodeIgniter.php(468): CodeIgniter\CodeIgniter->runController(Object(App\Controllers\siswa))
10 SYSTEMPATH\CodeIgniter.php(351): CodeIgniter\CodeIgniter->handleRequest(null, Object(Config\Cache), false)
11 FCPATH\index.php(55): CodeIgniter\CodeIgniter->run()
12 SYSTEMPATH\Commands\Server\rewrite.php(43): require_once('FCPATH\\index.php')
CRITICAL - 2023-02-22 06:03:19 --> pagination  is not a valid Pager template.
in SYSTEMPATH\Pager\Pager.php on line 120.
 1 SYSTEMPATH\Pager\Pager.php(120): CodeIgniter\Pager\Exceptions\PagerException::forInvalidTemplate('pagination ')
 2 SYSTEMPATH\Pager\Pager.php(83): CodeIgniter\Pager\Pager->displayLinks('pagination', 'pagination ')
 3 APPPATH\Views\content\siswa.php(53): CodeIgniter\Pager\Pager->links('pagination', 'pagination ')
 4 SYSTEMPATH\View\View.php(213): include('APPPATH\\Views\\content\\siswa.php')
 5 SYSTEMPATH\View\View.php(216): CodeIgniter\View\View->CodeIgniter\View\{closure}()
 6 SYSTEMPATH\Common.php(1135): CodeIgniter\View\View->render('content/siswa', [], true)
 7 APPPATH\Controllers\siswa.php(18): view('content/siswa', [...])
 8 SYSTEMPATH\CodeIgniter.php(898): App\Controllers\siswa->index()
 9 SYSTEMPATH\CodeIgniter.php(468): CodeIgniter\CodeIgniter->runController(Object(App\Controllers\siswa))
10 SYSTEMPATH\CodeIgniter.php(351): CodeIgniter\CodeIgniter->handleRequest(null, Object(Config\Cache), false)
11 FCPATH\index.php(55): CodeIgniter\CodeIgniter->run()
12 SYSTEMPATH\Commands\Server\rewrite.php(43): require_once('FCPATH\\index.php')
CRITICAL - 2023-02-22 06:04:06 --> pagination  is not a valid Pager template.
in SYSTEMPATH\Pager\Pager.php on line 120.
 1 SYSTEMPATH\Pager\Pager.php(120): CodeIgniter\Pager\Exceptions\PagerException::forInvalidTemplate('pagination ')
 2 SYSTEMPATH\Pager\Pager.php(83): CodeIgniter\Pager\Pager->displayLinks('siswa', 'pagination ')
 3 APPPATH\Views\content\siswa.php(53): CodeIgniter\Pager\Pager->links('siswa', 'pagination ')
 4 SYSTEMPATH\View\View.php(213): include('APPPATH\\Views\\content\\siswa.php')
 5 SYSTEMPATH\View\View.php(216): CodeIgniter\View\View->CodeIgniter\View\{closure}()
 6 SYSTEMPATH\Common.php(1135): CodeIgniter\View\View->render('content/siswa', [], true)
 7 APPPATH\Controllers\siswa.php(18): view('content/siswa', [...])
 8 SYSTEMPATH\CodeIgniter.php(898): App\Controllers\siswa->index()
 9 SYSTEMPATH\CodeIgniter.php(468): CodeIgniter\CodeIgniter->runController(Object(App\Controllers\siswa))
10 SYSTEMPATH\CodeIgniter.php(351): CodeIgniter\CodeIgniter->handleRequest(null, Object(Config\Cache), false)
11 FCPATH\index.php(55): CodeIgniter\CodeIgniter->run()
12 SYSTEMPATH\Commands\Server\rewrite.php(43): require_once('FCPATH\\index.php')
CRITICAL - 2023-02-22 06:04:10 --> pagination  is not a valid Pager template.
in SYSTEMPATH\Pager\Pager.php on line 120.
 1 SYSTEMPATH\Pager\Pager.php(120): CodeIgniter\Pager\Exceptions\PagerException::forInvalidTemplate('pagination ')
 2 SYSTEMPATH\Pager\Pager.php(83): CodeIgniter\Pager\Pager->displayLinks('siswa', 'pagination ')
 3 APPPATH\Views\content\siswa.php(53): CodeIgniter\Pager\Pager->links('siswa', 'pagination ')
 4 SYSTEMPATH\View\View.php(213): include('APPPATH\\Views\\content\\siswa.php')
 5 SYSTEMPATH\View\View.php(216): CodeIgniter\View\View->CodeIgniter\View\{closure}()
 6 SYSTEMPATH\Common.php(1135): CodeIgniter\View\View->render('content/siswa', [], true)
 7 APPPATH\Controllers\siswa.php(18): view('content/siswa', [...])
 8 SYSTEMPATH\CodeIgniter.php(898): App\Controllers\siswa->index()
 9 SYSTEMPATH\CodeIgniter.php(468): CodeIgniter\CodeIgniter->runController(Object(App\Controllers\siswa))
10 SYSTEMPATH\CodeIgniter.php(351): CodeIgniter\CodeIgniter->handleRequest(null, Object(Config\Cache), false)
11 FCPATH\index.php(55): CodeIgniter\CodeIgniter->run()
12 SYSTEMPATH\Commands\Server\rewrite.php(43): require_once('FCPATH\\index.php')
CRITICAL - 2023-02-22 06:04:19 --> pagination  is not a valid Pager template.
in SYSTEMPATH\Pager\Pager.php on line 120.
 1 SYSTEMPATH\Pager\Pager.php(120): CodeIgniter\Pager\Exceptions\PagerException::forInvalidTemplate('pagination ')
 2 SYSTEMPATH\Pager\Pager.php(83): CodeIgniter\Pager\Pager->displayLinks('siswa', 'pagination ')
 3 APPPATH\Views\content\siswa.php(53): CodeIgniter\Pager\Pager->links('siswa', 'pagination ')
 4 SYSTEMPATH\View\View.php(213): include('APPPATH\\Views\\content\\siswa.php')
 5 SYSTEMPATH\View\View.php(216): CodeIgniter\View\View->CodeIgniter\View\{closure}()
 6 SYSTEMPATH\Common.php(1135): CodeIgniter\View\View->render('content/siswa', [], true)
 7 APPPATH\Controllers\siswa.php(18): view('content/siswa', [...])
 8 SYSTEMPATH\CodeIgniter.php(898): App\Controllers\siswa->index()
 9 SYSTEMPATH\CodeIgniter.php(468): CodeIgniter\CodeIgniter->runController(Object(App\Controllers\siswa))
10 SYSTEMPATH\CodeIgniter.php(351): CodeIgniter\CodeIgniter->handleRequest(null, Object(Config\Cache), false)
11 FCPATH\index.php(55): CodeIgniter\CodeIgniter->run()
12 SYSTEMPATH\Commands\Server\rewrite.php(43): require_once('FCPATH\\index.php')
CRITICAL - 2023-02-22 06:05:29 --> pagination  is not a valid Pager template.
in SYSTEMPATH\Pager\Pager.php on line 120.
 1 SYSTEMPATH\Pager\Pager.php(120): CodeIgniter\Pager\Exceptions\PagerException::forInvalidTemplate('pagination ')
 2 SYSTEMPATH\Pager\Pager.php(83): CodeIgniter\Pager\Pager->displayLinks('siswa', 'pagination ')
 3 APPPATH\Views\content\siswa.php(53): CodeIgniter\Pager\Pager->links('siswa', 'pagination ')
 4 SYSTEMPATH\View\View.php(213): include('APPPATH\\Views\\content\\siswa.php')
 5 SYSTEMPATH\View\View.php(216): CodeIgniter\View\View->CodeIgniter\View\{closure}()
 6 SYSTEMPATH\Common.php(1135): CodeIgniter\View\View->render('content/siswa', [], true)
 7 APPPATH\Controllers\siswa.php(18): view('content/siswa', [...])
 8 SYSTEMPATH\CodeIgniter.php(898): App\Controllers\siswa->index()
 9 SYSTEMPATH\CodeIgniter.php(468): CodeIgniter\CodeIgniter->runController(Object(App\Controllers\siswa))
10 SYSTEMPATH\CodeIgniter.php(351): CodeIgniter\CodeIgniter->handleRequest(null, Object(Config\Cache), false)
11 FCPATH\index.php(55): CodeIgniter\CodeIgniter->run()
12 SYSTEMPATH\Commands\Server\rewrite.php(43): require_once('FCPATH\\index.php')
CRITICAL - 2023-02-22 06:06:39 --> pagination  is not a valid Pager template.
in SYSTEMPATH\Pager\Pager.php on line 120.
 1 SYSTEMPATH\Pager\Pager.php(120): CodeIgniter\Pager\Exceptions\PagerException::forInvalidTemplate('pagination ')
 2 SYSTEMPATH\Pager\Pager.php(83): CodeIgniter\Pager\Pager->displayLinks('siswa', 'pagination ')
 3 APPPATH\Views\content\siswa.php(53): CodeIgniter\Pager\Pager->links('siswa', 'pagination ')
 4 SYSTEMPATH\View\View.php(213): include('APPPATH\\Views\\content\\siswa.php')
 5 SYSTEMPATH\View\View.php(216): CodeIgniter\View\View->CodeIgniter\View\{closure}()
 6 SYSTEMPATH\Common.php(1135): CodeIgniter\View\View->render('content/siswa', [], true)
 7 APPPATH\Controllers\siswa.php(17): view('content/siswa', [...])
 8 SYSTEMPATH\CodeIgniter.php(898): App\Controllers\siswa->index()
 9 SYSTEMPATH\CodeIgniter.php(468): CodeIgniter\CodeIgniter->runController(Object(App\Controllers\siswa))
10 SYSTEMPATH\CodeIgniter.php(351): CodeIgniter\CodeIgniter->handleRequest(null, Object(Config\Cache), false)
11 FCPATH\index.php(55): CodeIgniter\CodeIgniter->run()
12 SYSTEMPATH\Commands\Server\rewrite.php(43): require_once('FCPATH\\index.php')
CRITICAL - 2023-02-22 06:07:11 --> Call to a member function links() on int
in APPPATH\Views\content\siswa.php on line 53.
 1 SYSTEMPATH\View\View.php(213): include()
 2 SYSTEMPATH\View\View.php(216): CodeIgniter\View\View->CodeIgniter\View\{closure}()
 3 SYSTEMPATH\Common.php(1135): CodeIgniter\View\View->render('content/siswa', [], true)
 4 APPPATH\Controllers\siswa.php(17): view('content/siswa', [...])
 5 SYSTEMPATH\CodeIgniter.php(898): App\Controllers\siswa->index()
 6 SYSTEMPATH\CodeIgniter.php(468): CodeIgniter\CodeIgniter->runController(Object(App\Controllers\siswa))
 7 SYSTEMPATH\CodeIgniter.php(351): CodeIgniter\CodeIgniter->handleRequest(null, Object(Config\Cache), false)
 8 FCPATH\index.php(55): CodeIgniter\CodeIgniter->run()
 9 SYSTEMPATH\Commands\Server\rewrite.php(43): require_once('FCPATH\\index.php')
CRITICAL - 2023-02-22 06:07:24 --> pagination  is not a valid Pager template.
in SYSTEMPATH\Pager\Pager.php on line 120.
 1 SYSTEMPATH\Pager\Pager.php(120): CodeIgniter\Pager\Exceptions\PagerException::forInvalidTemplate('pagination ')
 2 SYSTEMPATH\Pager\Pager.php(83): CodeIgniter\Pager\Pager->displayLinks('siswa', 'pagination ')
 3 APPPATH\Views\content\siswa.php(53): CodeIgniter\Pager\Pager->links('siswa', 'pagination ')
 4 SYSTEMPATH\View\View.php(213): include('APPPATH\\Views\\content\\siswa.php')
 5 SYSTEMPATH\View\View.php(216): CodeIgniter\View\View->CodeIgniter\View\{closure}()
 6 SYSTEMPATH\Common.php(1135): CodeIgniter\View\View->render('content/siswa', [], true)
 7 APPPATH\Controllers\siswa.php(17): view('content/siswa', [...])
 8 SYSTEMPATH\CodeIgniter.php(898): App\Controllers\siswa->index()
 9 SYSTEMPATH\CodeIgniter.php(468): CodeIgniter\CodeIgniter->runController(Object(App\Controllers\siswa))
10 SYSTEMPATH\CodeIgniter.php(351): CodeIgniter\CodeIgniter->handleRequest(null, Object(Config\Cache), false)
11 FCPATH\index.php(55): CodeIgniter\CodeIgniter->run()
12 SYSTEMPATH\Commands\Server\rewrite.php(43): require_once('FCPATH\\index.php')
CRITICAL - 2023-02-22 06:08:24 --> pagination  is not a valid Pager template.
in SYSTEMPATH\Pager\Pager.php on line 120.
 1 SYSTEMPATH\Pager\Pager.php(120): CodeIgniter\Pager\Exceptions\PagerException::forInvalidTemplate('pagination ')
 2 SYSTEMPATH\Pager\Pager.php(83): CodeIgniter\Pager\Pager->displayLinks('pagination', 'pagination ')
 3 APPPATH\Views\content\siswa.php(53): CodeIgniter\Pager\Pager->links('pagination', 'pagination ')
 4 SYSTEMPATH\View\View.php(213): include('APPPATH\\Views\\content\\siswa.php')
 5 SYSTEMPATH\View\View.php(216): CodeIgniter\View\View->CodeIgniter\View\{closure}()
 6 SYSTEMPATH\Common.php(1135): CodeIgniter\View\View->render('content/siswa', [], true)
 7 APPPATH\Controllers\siswa.php(17): view('content/siswa', [...])
 8 SYSTEMPATH\CodeIgniter.php(898): App\Controllers\siswa->index()
 9 SYSTEMPATH\CodeIgniter.php(468): CodeIgniter\CodeIgniter->runController(Object(App\Controllers\siswa))
10 SYSTEMPATH\CodeIgniter.php(351): CodeIgniter\CodeIgniter->handleRequest(null, Object(Config\Cache), false)
11 FCPATH\index.php(55): CodeIgniter\CodeIgniter->run()
12 SYSTEMPATH\Commands\Server\rewrite.php(43): require_once('FCPATH\\index.php')
CRITICAL - 2023-02-22 06:08:54 -->  siswa is not a valid Pager template.
in SYSTEMPATH\Pager\Pager.php on line 120.
 1 SYSTEMPATH\Pager\Pager.php(120): CodeIgniter\Pager\Exceptions\PagerException::forInvalidTemplate(' siswa')
 2 SYSTEMPATH\Pager\Pager.php(83): CodeIgniter\Pager\Pager->displayLinks('pagination', ' siswa')
 3 APPPATH\Views\content\siswa.php(53): CodeIgniter\Pager\Pager->links('pagination', ' siswa')
 4 SYSTEMPATH\View\View.php(213): include('APPPATH\\Views\\content\\siswa.php')
 5 SYSTEMPATH\View\View.php(216): CodeIgniter\View\View->CodeIgniter\View\{closure}()
 6 SYSTEMPATH\Common.php(1135): CodeIgniter\View\View->render('content/siswa', [], true)
 7 APPPATH\Controllers\siswa.php(17): view('content/siswa', [...])
 8 SYSTEMPATH\CodeIgniter.php(898): App\Controllers\siswa->index()
 9 SYSTEMPATH\CodeIgniter.php(468): CodeIgniter\CodeIgniter->runController(Object(App\Controllers\siswa))
10 SYSTEMPATH\CodeIgniter.php(351): CodeIgniter\CodeIgniter->handleRequest(null, Object(Config\Cache), false)
11 FCPATH\index.php(55): CodeIgniter\CodeIgniter->run()
12 SYSTEMPATH\Commands\Server\rewrite.php(43): require_once('FCPATH\\index.php')
CRITICAL - 2023-02-22 06:10:07 --> Invalid file: CodeIgniter\App\Views\pagination.php
in SYSTEMPATH\Exceptions\FrameworkException.php on line 33.
 1 SYSTEMPATH\View\View.php(201): CodeIgniter\Exceptions\FrameworkException::forInvalidFile('CodeIgniter\\App\\Views\\pagination.php')
 2 SYSTEMPATH\Pager\Pager.php(125): CodeIgniter\View\View->render('CodeIgniter\\App\\Views\\pagination')
 3 SYSTEMPATH\Pager\Pager.php(83): CodeIgniter\Pager\Pager->displayLinks('siswa', 'pagination')
 4 APPPATH\Views\content\siswa.php(53): CodeIgniter\Pager\Pager->links('siswa', 'pagination')
 5 SYSTEMPATH\View\View.php(213): include('APPPATH\\Views\\content\\siswa.php')
 6 SYSTEMPATH\View\View.php(216): CodeIgniter\View\View->CodeIgniter\View\{closure}()
 7 SYSTEMPATH\Common.php(1135): CodeIgniter\View\View->render('content/siswa', [], true)
 8 APPPATH\Controllers\siswa.php(17): view('content/siswa', [...])
 9 SYSTEMPATH\CodeIgniter.php(898): App\Controllers\siswa->index()
10 SYSTEMPATH\CodeIgniter.php(468): CodeIgniter\CodeIgniter->runController(Object(App\Controllers\siswa))
11 SYSTEMPATH\CodeIgniter.php(351): CodeIgniter\CodeIgniter->handleRequest(null, Object(Config\Cache), false)
12 FCPATH\index.php(55): CodeIgniter\CodeIgniter->run()
13 SYSTEMPATH\Commands\Server\rewrite.php(43): require_once('FCPATH\\index.php')
CRITICAL - 2023-02-22 06:10:47 --> Invalid file: CodeIgniter\app\Views\pagination.php
in SYSTEMPATH\Exceptions\FrameworkException.php on line 33.
 1 SYSTEMPATH\View\View.php(201): CodeIgniter\Exceptions\FrameworkException::forInvalidFile('CodeIgniter\\app\\Views\\pagination.php')
 2 SYSTEMPATH\Pager\Pager.php(125): CodeIgniter\View\View->render('CodeIgniter\\app\\Views\\pagination')
 3 SYSTEMPATH\Pager\Pager.php(83): CodeIgniter\Pager\Pager->displayLinks('siswa', 'pagination')
 4 APPPATH\Views\content\siswa.php(53): CodeIgniter\Pager\Pager->links('siswa', 'pagination')
 5 SYSTEMPATH\View\View.php(213): include('APPPATH\\Views\\content\\siswa.php')
 6 SYSTEMPATH\View\View.php(216): CodeIgniter\View\View->CodeIgniter\View\{closure}()
 7 SYSTEMPATH\Common.php(1135): CodeIgniter\View\View->render('content/siswa', [], true)
 8 APPPATH\Controllers\siswa.php(17): view('content/siswa', [...])
 9 SYSTEMPATH\CodeIgniter.php(898): App\Controllers\siswa->index()
10 SYSTEMPATH\CodeIgniter.php(468): CodeIgniter\CodeIgniter->runController(Object(App\Controllers\siswa))
11 SYSTEMPATH\CodeIgniter.php(351): CodeIgniter\CodeIgniter->handleRequest(null, Object(Config\Cache), false)
12 FCPATH\index.php(55): CodeIgniter\CodeIgniter->run()
13 SYSTEMPATH\Commands\Server\rewrite.php(43): require_once('FCPATH\\index.php')
CRITICAL - 2023-02-22 06:10:50 --> Invalid file: CodeIgniter\app\Views\pagination.php
in SYSTEMPATH\Exceptions\FrameworkException.php on line 33.
 1 SYSTEMPATH\View\View.php(201): CodeIgniter\Exceptions\FrameworkException::forInvalidFile('CodeIgniter\\app\\Views\\pagination.php')
 2 SYSTEMPATH\Pager\Pager.php(125): CodeIgniter\View\View->render('CodeIgniter\\app\\Views\\pagination')
 3 SYSTEMPATH\Pager\Pager.php(83): CodeIgniter\Pager\Pager->displayLinks('siswa', 'pagination')
 4 APPPATH\Views\content\siswa.php(53): CodeIgniter\Pager\Pager->links('siswa', 'pagination')
 5 SYSTEMPATH\View\View.php(213): include('APPPATH\\Views\\content\\siswa.php')
 6 SYSTEMPATH\View\View.php(216): CodeIgniter\View\View->CodeIgniter\View\{closure}()
 7 SYSTEMPATH\Common.php(1135): CodeIgniter\View\View->render('content/siswa', [], true)
 8 APPPATH\Controllers\siswa.php(17): view('content/siswa', [...])
 9 SYSTEMPATH\CodeIgniter.php(898): App\Controllers\siswa->index()
10 SYSTEMPATH\CodeIgniter.php(468): CodeIgniter\CodeIgniter->runController(Object(App\Controllers\siswa))
11 SYSTEMPATH\CodeIgniter.php(351): CodeIgniter\CodeIgniter->handleRequest(null, Object(Config\Cache), false)
12 FCPATH\index.php(55): CodeIgniter\CodeIgniter->run()
13 SYSTEMPATH\Commands\Server\rewrite.php(43): require_once('FCPATH\\index.php')
CRITICAL - 2023-02-22 06:11:50 --> Invalid file: CodeIgniter\app\Views\pagination.php
in SYSTEMPATH\Exceptions\FrameworkException.php on line 33.
 1 SYSTEMPATH\View\View.php(201): CodeIgniter\Exceptions\FrameworkException::forInvalidFile('CodeIgniter\\app\\Views\\pagination.php')
 2 SYSTEMPATH\Pager\Pager.php(125): CodeIgniter\View\View->render('CodeIgniter\\app\\Views\\pagination')
 3 SYSTEMPATH\Pager\Pager.php(83): CodeIgniter\Pager\Pager->displayLinks('siswa', 'pagination')
 4 APPPATH\Views\content\siswa.php(53): CodeIgniter\Pager\Pager->links('siswa', 'pagination')
 5 SYSTEMPATH\View\View.php(213): include('APPPATH\\Views\\content\\siswa.php')
 6 SYSTEMPATH\View\View.php(216): CodeIgniter\View\View->CodeIgniter\View\{closure}()
 7 SYSTEMPATH\Common.php(1135): CodeIgniter\View\View->render('content/siswa', [], true)
 8 APPPATH\Controllers\siswa.php(17): view('content/siswa', [...])
 9 SYSTEMPATH\CodeIgniter.php(898): App\Controllers\siswa->index()
10 SYSTEMPATH\CodeIgniter.php(468): CodeIgniter\CodeIgniter->runController(Object(App\Controllers\siswa))
11 SYSTEMPATH\CodeIgniter.php(351): CodeIgniter\CodeIgniter->handleRequest(null, Object(Config\Cache), false)
12 FCPATH\index.php(55): CodeIgniter\CodeIgniter->run()
13 SYSTEMPATH\Commands\Server\rewrite.php(43): require_once('FCPATH\\index.php')
CRITICAL - 2023-02-22 06:13:28 --> Invalid file: CodeIgniter\app\Views\pagination.php
in SYSTEMPATH\Exceptions\FrameworkException.php on line 33.
 1 SYSTEMPATH\View\View.php(201): CodeIgniter\Exceptions\FrameworkException::forInvalidFile('CodeIgniter\\app\\Views\\pagination.php')
 2 SYSTEMPATH\Pager\Pager.php(125): CodeIgniter\View\View->render('CodeIgniter\\app\\Views\\pagination')
 3 SYSTEMPATH\Pager\Pager.php(83): CodeIgniter\Pager\Pager->displayLinks('siswa', 'pagination')
 4 APPPATH\Views\content\siswa.php(53): CodeIgniter\Pager\Pager->links('siswa', 'pagination')
 5 SYSTEMPATH\View\View.php(213): include('APPPATH\\Views\\content\\siswa.php')
 6 SYSTEMPATH\View\View.php(216): CodeIgniter\View\View->CodeIgniter\View\{closure}()
 7 SYSTEMPATH\Common.php(1135): CodeIgniter\View\View->render('content/siswa', [], true)
 8 APPPATH\Controllers\siswa.php(17): view('content/siswa', [...])
 9 SYSTEMPATH\CodeIgniter.php(898): App\Controllers\siswa->index()
10 SYSTEMPATH\CodeIgniter.php(468): CodeIgniter\CodeIgniter->runController(Object(App\Controllers\siswa))
11 SYSTEMPATH\CodeIgniter.php(351): CodeIgniter\CodeIgniter->handleRequest(null, Object(Config\Cache), false)
12 FCPATH\index.php(55): CodeIgniter\CodeIgniter->run()
13 SYSTEMPATH\Commands\Server\rewrite.php(43): require_once('FCPATH\\index.php')
CRITICAL - 2023-02-22 06:14:51 --> Invalid file: CodeIgniter\app\Views\layout\pagination.php
in SYSTEMPATH\Exceptions\FrameworkException.php on line 33.
 1 SYSTEMPATH\View\View.php(201): CodeIgniter\Exceptions\FrameworkException::forInvalidFile('CodeIgniter\\app\\Views\\layout\\pagination.php')
 2 SYSTEMPATH\Pager\Pager.php(125): CodeIgniter\View\View->render('CodeIgniter\\app\\Views\\layout\\pagination')
 3 SYSTEMPATH\Pager\Pager.php(83): CodeIgniter\Pager\Pager->displayLinks('siswa', 'pagination')
 4 APPPATH\Views\content\siswa.php(53): CodeIgniter\Pager\Pager->links('siswa', 'pagination')
 5 SYSTEMPATH\View\View.php(213): include('APPPATH\\Views\\content\\siswa.php')
 6 SYSTEMPATH\View\View.php(216): CodeIgniter\View\View->CodeIgniter\View\{closure}()
 7 SYSTEMPATH\Common.php(1135): CodeIgniter\View\View->render('content/siswa', [], true)
 8 APPPATH\Controllers\siswa.php(17): view('content/siswa', [...])
 9 SYSTEMPATH\CodeIgniter.php(898): App\Controllers\siswa->index()
10 SYSTEMPATH\CodeIgniter.php(468): CodeIgniter\CodeIgniter->runController(Object(App\Controllers\siswa))
11 SYSTEMPATH\CodeIgniter.php(351): CodeIgniter\CodeIgniter->handleRequest(null, Object(Config\Cache), false)
12 FCPATH\index.php(55): CodeIgniter\CodeIgniter->run()
13 SYSTEMPATH\Commands\Server\rewrite.php(43): require_once('FCPATH\\index.php')
CRITICAL - 2023-02-22 06:15:23 --> Invalid file: CodeIgniter\App\Views\layout\pagination.php
in SYSTEMPATH\Exceptions\FrameworkException.php on line 33.
 1 SYSTEMPATH\View\View.php(201): CodeIgniter\Exceptions\FrameworkException::forInvalidFile('CodeIgniter\\App\\Views\\layout\\pagination.php')
 2 SYSTEMPATH\Pager\Pager.php(125): CodeIgniter\View\View->render('CodeIgniter\\App\\Views\\layout\\pagination')
 3 SYSTEMPATH\Pager\Pager.php(83): CodeIgniter\Pager\Pager->displayLinks('siswa', 'pagination')
 4 APPPATH\Views\content\siswa.php(53): CodeIgniter\Pager\Pager->links('siswa', 'pagination')
 5 SYSTEMPATH\View\View.php(213): include('APPPATH\\Views\\content\\siswa.php')
 6 SYSTEMPATH\View\View.php(216): CodeIgniter\View\View->CodeIgniter\View\{closure}()
 7 SYSTEMPATH\Common.php(1135): CodeIgniter\View\View->render('content/siswa', [], true)
 8 APPPATH\Controllers\siswa.php(17): view('content/siswa', [...])
 9 SYSTEMPATH\CodeIgniter.php(898): App\Controllers\siswa->index()
10 SYSTEMPATH\CodeIgniter.php(468): CodeIgniter\CodeIgniter->runController(Object(App\Controllers\siswa))
11 SYSTEMPATH\CodeIgniter.php(351): CodeIgniter\CodeIgniter->handleRequest(null, Object(Config\Cache), false)
12 FCPATH\index.php(55): CodeIgniter\CodeIgniter->run()
13 SYSTEMPATH\Commands\Server\rewrite.php(43): require_once('FCPATH\\index.php')
CRITICAL - 2023-02-22 06:15:32 --> Invalid file: CodeIgniter\App\Views\layout\pagination.php
in SYSTEMPATH\Exceptions\FrameworkException.php on line 33.
 1 SYSTEMPATH\View\View.php(201): CodeIgniter\Exceptions\FrameworkException::forInvalidFile('CodeIgniter\\App\\Views\\layout\\pagination.php')
 2 SYSTEMPATH\Pager\Pager.php(125): CodeIgniter\View\View->render('CodeIgniter\\App\\Views\\layout\\pagination')
 3 SYSTEMPATH\Pager\Pager.php(83): CodeIgniter\Pager\Pager->displayLinks('siswa', 'pagination')
 4 APPPATH\Views\content\siswa.php(53): CodeIgniter\Pager\Pager->links('siswa', 'pagination')
 5 SYSTEMPATH\View\View.php(213): include('APPPATH\\Views\\content\\siswa.php')
 6 SYSTEMPATH\View\View.php(216): CodeIgniter\View\View->CodeIgniter\View\{closure}()
 7 SYSTEMPATH\Common.php(1135): CodeIgniter\View\View->render('content/siswa', [], true)
 8 APPPATH\Controllers\siswa.php(17): view('content/siswa', [...])
 9 SYSTEMPATH\CodeIgniter.php(898): App\Controllers\siswa->index()
10 SYSTEMPATH\CodeIgniter.php(468): CodeIgniter\CodeIgniter->runController(Object(App\Controllers\siswa))
11 SYSTEMPATH\CodeIgniter.php(351): CodeIgniter\CodeIgniter->handleRequest(null, Object(Config\Cache), false)
12 FCPATH\index.php(55): CodeIgniter\CodeIgniter->run()
13 SYSTEMPATH\Commands\Server\rewrite.php(43): require_once('FCPATH\\index.php')
CRITICAL - 2023-02-22 06:24:26 --> Call to undefined method App\Models\Siswa_Model::pager
in SYSTEMPATH\Model.php on line 773.
 1 APPPATH\Controllers\siswa.php(18): CodeIgniter\Model->__call('pager', [])
 2 SYSTEMPATH\CodeIgniter.php(898): App\Controllers\siswa->index()
 3 SYSTEMPATH\CodeIgniter.php(468): CodeIgniter\CodeIgniter->runController(Object(App\Controllers\siswa))
 4 SYSTEMPATH\CodeIgniter.php(351): CodeIgniter\CodeIgniter->handleRequest(null, Object(Config\Cache), false)
 5 FCPATH\index.php(55): CodeIgniter\CodeIgniter->run()
 6 SYSTEMPATH\Commands\Server\rewrite.php(43): require_once('FCPATH\\index.php')
CRITICAL - 2023-02-22 06:24:52 --> Undefined array key "kelas"
in APPPATH\Views\content\siswa.php on line 43.
 1 APPPATH\Views\content\siswa.php(43): CodeIgniter\Debug\Exceptions->errorHandler(2, 'Undefined array key "kelas"', 'APPPATH\\Views\\content\\siswa.php', 43)
 2 SYSTEMPATH\View\View.php(213): include('APPPATH\\Views\\content\\siswa.php')
 3 SYSTEMPATH\View\View.php(216): CodeIgniter\View\View->CodeIgniter\View\{closure}()
 4 SYSTEMPATH\Common.php(1135): CodeIgniter\View\View->render('content/siswa', [], true)
 5 APPPATH\Controllers\siswa.php(20): view('content/siswa', [...])
 6 SYSTEMPATH\CodeIgniter.php(898): App\Controllers\siswa->index()
 7 SYSTEMPATH\CodeIgniter.php(468): CodeIgniter\CodeIgniter->runController(Object(App\Controllers\siswa))
 8 SYSTEMPATH\CodeIgniter.php(351): CodeIgniter\CodeIgniter->handleRequest(null, Object(Config\Cache), false)
 9 FCPATH\index.php(55): CodeIgniter\CodeIgniter->run()
10 SYSTEMPATH\Commands\Server\rewrite.php(43): require_once('FCPATH\\index.php')
CRITICAL - 2023-02-22 06:25:12 --> Undefined array key "nis"
in APPPATH\Views\content\siswa.php on line 41.
 1 APPPATH\Views\content\siswa.php(41): CodeIgniter\Debug\Exceptions->errorHandler(2, 'Undefined array key "nis"', 'APPPATH\\Views\\content\\siswa.php', 41)
 2 SYSTEMPATH\View\View.php(213): include('APPPATH\\Views\\content\\siswa.php')
 3 SYSTEMPATH\View\View.php(216): CodeIgniter\View\View->CodeIgniter\View\{closure}()
 4 SYSTEMPATH\Common.php(1135): CodeIgniter\View\View->render('content/siswa', [], true)
 5 APPPATH\Controllers\siswa.php(20): view('content/siswa', [...])
 6 SYSTEMPATH\CodeIgniter.php(898): App\Controllers\siswa->index()
 7 SYSTEMPATH\CodeIgniter.php(468): CodeIgniter\CodeIgniter->runController(Object(App\Controllers\siswa))
 8 SYSTEMPATH\CodeIgniter.php(351): CodeIgniter\CodeIgniter->handleRequest(null, Object(Config\Cache), false)
 9 FCPATH\index.php(55): CodeIgniter\CodeIgniter->run()
10 SYSTEMPATH\Commands\Server\rewrite.php(43): require_once('FCPATH\\index.php')
CRITICAL - 2023-02-22 06:26:07 --> Undefined array key "nis"
in APPPATH\Views\content\siswa.php on line 41.
 1 APPPATH\Views\content\siswa.php(41): CodeIgniter\Debug\Exceptions->errorHandler(2, 'Undefined array key "nis"', 'APPPATH\\Views\\content\\siswa.php', 41)
 2 SYSTEMPATH\View\View.php(213): include('APPPATH\\Views\\content\\siswa.php')
 3 SYSTEMPATH\View\View.php(216): CodeIgniter\View\View->CodeIgniter\View\{closure}()
 4 SYSTEMPATH\Common.php(1135): CodeIgniter\View\View->render('content/siswa', [], true)
 5 APPPATH\Controllers\siswa.php(20): view('content/siswa', [...])
 6 SYSTEMPATH\CodeIgniter.php(898): App\Controllers\siswa->index()
 7 SYSTEMPATH\CodeIgniter.php(468): CodeIgniter\CodeIgniter->runController(Object(App\Controllers\siswa))
 8 SYSTEMPATH\CodeIgniter.php(351): CodeIgniter\CodeIgniter->handleRequest(null, Object(Config\Cache), false)
 9 FCPATH\index.php(55): CodeIgniter\CodeIgniter->run()
10 SYSTEMPATH\Commands\Server\rewrite.php(43): require_once('FCPATH\\index.php')
CRITICAL - 2023-02-22 06:27:41 --> Undefined variable $siswa
in APPPATH\Views\content\siswa.php on line 38.
 1 APPPATH\Views\content\siswa.php(38): CodeIgniter\Debug\Exceptions->errorHandler(2, 'Undefined variable $siswa', 'APPPATH\\Views\\content\\siswa.php', 38)
 2 SYSTEMPATH\View\View.php(213): include('APPPATH\\Views\\content\\siswa.php')
 3 SYSTEMPATH\View\View.php(216): CodeIgniter\View\View->CodeIgniter\View\{closure}()
 4 SYSTEMPATH\Common.php(1135): CodeIgniter\View\View->render('content/siswa', [], true)
 5 APPPATH\Controllers\siswa.php(17): view('content/siswa', [...])
 6 SYSTEMPATH\CodeIgniter.php(898): App\Controllers\siswa->index()
 7 SYSTEMPATH\CodeIgniter.php(468): CodeIgniter\CodeIgniter->runController(Object(App\Controllers\siswa))
 8 SYSTEMPATH\CodeIgniter.php(351): CodeIgniter\CodeIgniter->handleRequest(null, Object(Config\Cache), false)
 9 FCPATH\index.php(55): CodeIgniter\CodeIgniter->run()
10 SYSTEMPATH\Commands\Server\rewrite.php(43): require_once('FCPATH\\index.php')
CRITICAL - 2023-02-22 06:29:12 --> syntax error, unexpected token "return"
in APPPATH\Controllers\siswa.php on line 18.
 1 SYSTEMPATH\Router\Router.php(499): CodeIgniter\Router\AutoRouter->getRoute('siswa/input_siswa')
 2 SYSTEMPATH\Router\Router.php(205): CodeIgniter\Router\Router->autoRoute('siswa/input_siswa')
 3 SYSTEMPATH\CodeIgniter.php(773): CodeIgniter\Router\Router->handle('siswa/input_siswa')
 4 SYSTEMPATH\CodeIgniter.php(417): CodeIgniter\CodeIgniter->tryToRouteIt(Object(CodeIgniter\Router\RouteCollection))
 5 SYSTEMPATH\CodeIgniter.php(351): CodeIgniter\CodeIgniter->handleRequest(null, Object(Config\Cache), false)
 6 FCPATH\index.php(55): CodeIgniter\CodeIgniter->run()
 7 SYSTEMPATH\Commands\Server\rewrite.php(43): require_once('FCPATH\\index.php')
